[0.017s] Invoking command in '/home/farao/ros2_ws/build/lab1': CMAKE_PREFIX_PATH=${CMAKE_PREFIX_PATH}:/opt/ros/humble /usr/bin/cmake --build /home/farao/ros2_ws/build/lab1 -- -j20 -l20
[0.037s] -- Found ament_cmake: 1.3.9 (/opt/ros/humble/share/ament_cmake/cmake)
[0.175s] -- Found rclcpp: 16.0.9 (/opt/ros/humble/share/rclcpp/cmake)
[0.203s] -- Found rosidl_generator_c: 3.1.5 (/opt/ros/humble/share/rosidl_generator_c/cmake)
[0.206s] -- Found rosidl_adapter: 3.1.5 (/opt/ros/humble/share/rosidl_adapter/cmake)
[0.211s] -- Found rosidl_generator_cpp: 3.1.5 (/opt/ros/humble/share/rosidl_generator_cpp/cmake)
[0.222s] -- Using all available rosidl_typesupport_c: rosidl_typesupport_fastrtps_c;rosidl_typesupport_introspection_c
[0.236s] -- Using all available rosidl_typesupport_cpp: rosidl_typesupport_fastrtps_cpp;rosidl_typesupport_introspection_cpp
[0.284s] -- Found rmw_implementation_cmake: 6.1.2 (/opt/ros/humble/share/rmw_implementation_cmake/cmake)
[0.286s] -- Found rmw_fastrtps_cpp: 6.2.6 (/opt/ros/humble/share/rmw_fastrtps_cpp/cmake)
[0.370s] -- Using RMW implementation 'rmw_fastrtps_cpp' as default
[0.478s] -- Found rclpy: 3.3.13 (/opt/ros/humble/share/rclpy/cmake)
[0.560s] -- Configuring done
[0.566s] -- Generating done
[0.567s] -- Build files have been written to: /home/farao/ros2_ws/build/lab1
[0.585s] [35m[1mConsolidate compiler generated dependencies of target cpp_node_test[0m
[0.593s] [100%] Built target cpp_node_test
[0.598s] [100%] Built target ament_cmake_python_copy_lab1
[0.722s] running egg_info
[0.722s] writing lab1.egg-info/PKG-INFO
[0.723s] writing dependency_links to lab1.egg-info/dependency_links.txt
[0.723s] writing top-level names to lab1.egg-info/top_level.txt
[0.724s] reading manifest file 'lab1.egg-info/SOURCES.txt'
[0.724s] writing manifest file 'lab1.egg-info/SOURCES.txt'
[0.740s] [100%] Built target ament_cmake_python_build_lab1_egg
[0.747s] Invoked command in '/home/farao/ros2_ws/build/lab1' returned '0': CMAKE_PREFIX_PATH=${CMAKE_PREFIX_PATH}:/opt/ros/humble /usr/bin/cmake --build /home/farao/ros2_ws/build/lab1 -- -j20 -l20
[0.769s] Invoking command in '/home/farao/ros2_ws/build/lab1': CMAKE_PREFIX_PATH=${CMAKE_PREFIX_PATH}:/opt/ros/humble /usr/bin/cmake --install /home/farao/ros2_ws/build/lab1
[0.774s] -- Install configuration: ""
[0.774s] -- Up-to-date: /home/farao/ros2_ws/install/lab1/share/lab1/environment/pythonpath.sh
[0.774s] -- Installing: /home/farao/ros2_ws/install/lab1/share/lab1/environment/pythonpath.dsv
[0.774s] -- Up-to-date: /home/farao/ros2_ws/install/lab1/local/lib/python3.10/dist-packages/lab1-0.0.0-py3.10.egg-info
[0.774s] -- Installing: /home/farao/ros2_ws/install/lab1/local/lib/python3.10/dist-packages/lab1-0.0.0-py3.10.egg-info/dependency_links.txt
[0.774s] -- Installing: /home/farao/ros2_ws/install/lab1/local/lib/python3.10/dist-packages/lab1-0.0.0-py3.10.egg-info/PKG-INFO
[0.774s] -- Installing: /home/farao/ros2_ws/install/lab1/local/lib/python3.10/dist-packages/lab1-0.0.0-py3.10.egg-info/top_level.txt
[0.774s] -- Installing: /home/farao/ros2_ws/install/lab1/local/lib/python3.10/dist-packages/lab1-0.0.0-py3.10.egg-info/SOURCES.txt
[0.774s] -- Up-to-date: /home/farao/ros2_ws/install/lab1/local/lib/python3.10/dist-packages/lab1
[0.774s] -- Up-to-date: /home/farao/ros2_ws/install/lab1/local/lib/python3.10/dist-packages/lab1/__init__.py
[0.774s] -- Up-to-date: /home/farao/ros2_ws/install/lab1/local/lib/python3.10/dist-packages/lab1/dummy_module.py
[0.794s] Listing '/home/farao/ros2_ws/install/lab1/local/lib/python3.10/dist-packages/lab1'...
[0.796s] -- Up-to-date: /home/farao/ros2_ws/install/lab1/lib/lab1/dummy_script.py
[0.797s] -- Up-to-date: /home/farao/ros2_ws/install/lab1/lib/lab1/noise_generator.py
[0.797s] -- Installing: /home/farao/ros2_ws/install/lab1/lib/lab1/velocity_mux.py
[0.797s] -- Up-to-date: /home/farao/ros2_ws/install/lab1/lib/lab1/cpp_node_test
[0.797s] -- Up-to-date: /home/farao/ros2_ws/install/lab1/share/lab1
[0.797s] -- Up-to-date: /home/farao/ros2_ws/install/lab1/share/ament_index/resource_index/package_run_dependencies/lab1
[0.797s] -- Installing: /home/farao/ros2_ws/install/lab1/share/ament_index/resource_index/parent_prefix_path/lab1
[0.797s] -- Up-to-date: /home/farao/ros2_ws/install/lab1/share/lab1/environment/ament_prefix_path.sh
[0.797s] -- Installing: /home/farao/ros2_ws/install/lab1/share/lab1/environment/ament_prefix_path.dsv
[0.797s] -- Up-to-date: /home/farao/ros2_ws/install/lab1/share/lab1/environment/path.sh
[0.797s] -- Installing: /home/farao/ros2_ws/install/lab1/share/lab1/environment/path.dsv
[0.797s] -- Up-to-date: /home/farao/ros2_ws/install/lab1/share/lab1/local_setup.bash
[0.797s] -- Up-to-date: /home/farao/ros2_ws/install/lab1/share/lab1/local_setup.sh
[0.797s] -- Up-to-date: /home/farao/ros2_ws/install/lab1/share/lab1/local_setup.zsh
[0.797s] -- Installing: /home/farao/ros2_ws/install/lab1/share/lab1/local_setup.dsv
[0.797s] -- Installing: /home/farao/ros2_ws/install/lab1/share/lab1/package.dsv
[0.797s] -- Up-to-date: /home/farao/ros2_ws/install/lab1/share/ament_index/resource_index/packages/lab1
[0.797s] -- Up-to-date: /home/farao/ros2_ws/install/lab1/share/lab1/cmake/lab1Config.cmake
[0.797s] -- Up-to-date: /home/farao/ros2_ws/install/lab1/share/lab1/cmake/lab1Config-version.cmake
[0.797s] -- Up-to-date: /home/farao/ros2_ws/install/lab1/share/lab1/package.xml
[0.798s] Invoked command in '/home/farao/ros2_ws/build/lab1' returned '0': CMAKE_PREFIX_PATH=${CMAKE_PREFIX_PATH}:/opt/ros/humble /usr/bin/cmake --install /home/farao/ros2_ws/build/lab1
