[0.020s] Invoking command in '/home/farao/ros2_ws/build/controller_interfaces': CMAKE_PREFIX_PATH=${CMAKE_PREFIX_PATH}:/opt/ros/humble /usr/bin/cmake --build /home/farao/ros2_ws/build/controller_interfaces -- -j20 -l20
[0.054s] [  2%] Built target controller_interfaces__cpp
[0.055s] [ 12%] Built target controller_interfaces__rosidl_generator_c
[0.065s] [ 12%] Built target ament_cmake_python_copy_controller_interfaces
[0.076s] [ 23%] Built target controller_interfaces__rosidl_typesupport_cpp
[0.076s] [ 33%] Built target controller_interfaces__rosidl_typesupport_fastrtps_cpp
[0.077s] [ 43%] Built target controller_interfaces__rosidl_typesupport_fastrtps_c
[0.077s] [ 58%] Built target controller_interfaces__rosidl_typesupport_introspection_cpp
[0.077s] [ 64%] Built target controller_interfaces__rosidl_typesupport_c
[0.077s] [ 74%] Built target controller_interfaces__rosidl_typesupport_introspection_c
[0.096s] [ 74%] Built target controller_interfaces
[0.111s] [ 76%] Built target controller_interfaces__py
[0.126s] [ 84%] Built target controller_interfaces__rosidl_generator_py
[0.147s] [ 92%] Built target controller_interfaces__rosidl_typesupport_introspection_c__pyext
[0.147s] [ 94%] Built target controller_interfaces__rosidl_typesupport_fastrtps_c__pyext
[0.147s] [100%] Built target controller_interfaces__rosidl_typesupport_c__pyext
[0.229s] running egg_info
[0.229s] writing controller_interfaces.egg-info/PKG-INFO
[0.229s] writing dependency_links to controller_interfaces.egg-info/dependency_links.txt
[0.229s] writing top-level names to controller_interfaces.egg-info/top_level.txt
[0.231s] reading manifest file 'controller_interfaces.egg-info/SOURCES.txt'
[0.231s] writing manifest file 'controller_interfaces.egg-info/SOURCES.txt'
[0.250s] [100%] Built target ament_cmake_python_build_controller_interfaces_egg
[0.257s] Invoked command in '/home/farao/ros2_ws/build/controller_interfaces' returned '0': CMAKE_PREFIX_PATH=${CMAKE_PREFIX_PATH}:/opt/ros/humble /usr/bin/cmake --build /home/farao/ros2_ws/build/controller_interfaces -- -j20 -l20
[0.331s] Invoking command in '/home/farao/ros2_ws/build/controller_interfaces': CMAKE_PREFIX_PATH=${CMAKE_PREFIX_PATH}:/opt/ros/humble /usr/bin/cmake --install /home/farao/ros2_ws/build/controller_interfaces
[0.338s] -- Install configuration: ""
[0.338s] -- Up-to-date: /home/farao/ros2_ws/install/controller_interfaces/share/ament_index/resource_index/rosidl_interfaces/controller_interfaces
[0.338s] -- Up-to-date: /home/farao/ros2_ws/install/controller_interfaces/include/controller_interfaces/controller_interfaces
[0.338s] -- Up-to-date: /home/farao/ros2_ws/install/controller_interfaces/include/controller_interfaces/controller_interfaces/srv
[0.338s] -- Up-to-date: /home/farao/ros2_ws/install/controller_interfaces/include/controller_interfaces/controller_interfaces/srv/detail
[0.338s] -- Up-to-date: /home/farao/ros2_ws/install/controller_interfaces/include/controller_interfaces/controller_interfaces/srv/detail/set_target__functions.h
[0.338s] -- Up-to-date: /home/farao/ros2_ws/install/controller_interfaces/include/controller_interfaces/controller_interfaces/srv/detail/set_param__type_support.h
[0.338s] -- Up-to-date: /home/farao/ros2_ws/install/controller_interfaces/include/controller_interfaces/controller_interfaces/srv/detail/set_param__functions.c
[0.338s] -- Up-to-date: /home/farao/ros2_ws/install/controller_interfaces/include/controller_interfaces/controller_interfaces/srv/detail/set_target__functions.c
[0.338s] -- Up-to-date: /home/farao/ros2_ws/install/controller_interfaces/include/controller_interfaces/controller_interfaces/srv/detail/set_target__struct.h
[0.339s] -- Up-to-date: /home/farao/ros2_ws/install/controller_interfaces/include/controller_interfaces/controller_interfaces/srv/detail/set_param__functions.h
[0.339s] -- Up-to-date: /home/farao/ros2_ws/install/controller_interfaces/include/controller_interfaces/controller_interfaces/srv/detail/set_target__type_support.h
[0.339s] -- Up-to-date: /home/farao/ros2_ws/install/controller_interfaces/include/controller_interfaces/controller_interfaces/srv/detail/set_param__struct.h
[0.339s] -- Up-to-date: /home/farao/ros2_ws/install/controller_interfaces/include/controller_interfaces/controller_interfaces/srv/set_param.h
[0.339s] -- Up-to-date: /home/farao/ros2_ws/install/controller_interfaces/include/controller_interfaces/controller_interfaces/srv/set_target.h
[0.339s] -- Up-to-date: /home/farao/ros2_ws/install/controller_interfaces/include/controller_interfaces/controller_interfaces/msg
[0.339s] -- Up-to-date: /home/farao/ros2_ws/install/controller_interfaces/include/controller_interfaces/controller_interfaces/msg/rosidl_generator_c__visibility_control.h
[0.339s] -- Up-to-date: /home/farao/ros2_ws/install/controller_interfaces/share/controller_interfaces/environment/library_path.sh
[0.339s] -- Up-to-date: /home/farao/ros2_ws/install/controller_interfaces/share/controller_interfaces/environment/library_path.dsv
[0.339s] -- Up-to-date: /home/farao/ros2_ws/install/controller_interfaces/lib/libcontroller_interfaces__rosidl_generator_c.so
[0.339s] -- Up-to-date: /home/farao/ros2_ws/install/controller_interfaces/include/controller_interfaces/controller_interfaces
[0.340s] -- Up-to-date: /home/farao/ros2_ws/install/controller_interfaces/include/controller_interfaces/controller_interfaces/srv
[0.340s] -- Up-to-date: /home/farao/ros2_ws/install/controller_interfaces/include/controller_interfaces/controller_interfaces/srv/detail
[0.340s] -- Up-to-date: /home/farao/ros2_ws/install/controller_interfaces/include/controller_interfaces/controller_interfaces/srv/detail/set_target__rosidl_typesupport_fastrtps_c.h
[0.340s] -- Up-to-date: /home/farao/ros2_ws/install/controller_interfaces/include/controller_interfaces/controller_interfaces/srv/detail/set_param__rosidl_typesupport_fastrtps_c.h
[0.340s] -- Up-to-date: /home/farao/ros2_ws/install/controller_interfaces/include/controller_interfaces/controller_interfaces/msg
[0.340s] -- Up-to-date: /home/farao/ros2_ws/install/controller_interfaces/include/controller_interfaces/controller_interfaces/msg/rosidl_typesupport_fastrtps_c__visibility_control.h
[0.340s] -- Up-to-date: /home/farao/ros2_ws/install/controller_interfaces/lib/libcontroller_interfaces__rosidl_typesupport_fastrtps_c.so
[0.340s] -- Up-to-date: /home/farao/ros2_ws/install/controller_interfaces/include/controller_interfaces/controller_interfaces
[0.340s] -- Up-to-date: /home/farao/ros2_ws/install/controller_interfaces/include/controller_interfaces/controller_interfaces/srv
[0.340s] -- Up-to-date: /home/farao/ros2_ws/install/controller_interfaces/include/controller_interfaces/controller_interfaces/srv/detail
[0.340s] -- Up-to-date: /home/farao/ros2_ws/install/controller_interfaces/include/controller_interfaces/controller_interfaces/srv/detail/set_target__builder.hpp
[0.340s] -- Up-to-date: /home/farao/ros2_ws/install/controller_interfaces/include/controller_interfaces/controller_interfaces/srv/detail/set_target__traits.hpp
[0.340s] -- Up-to-date: /home/farao/ros2_ws/install/controller_interfaces/include/controller_interfaces/controller_interfaces/srv/detail/set_param__traits.hpp
[0.340s] -- Up-to-date: /home/farao/ros2_ws/install/controller_interfaces/include/controller_interfaces/controller_interfaces/srv/detail/set_target__struct.hpp
[0.340s] -- Up-to-date: /home/farao/ros2_ws/install/controller_interfaces/include/controller_interfaces/controller_interfaces/srv/detail/set_param__builder.hpp
[0.340s] -- Up-to-date: /home/farao/ros2_ws/install/controller_interfaces/include/controller_interfaces/controller_interfaces/srv/detail/set_param__struct.hpp
[0.341s] -- Up-to-date: /home/farao/ros2_ws/install/controller_interfaces/include/controller_interfaces/controller_interfaces/srv/set_target.hpp
[0.341s] -- Up-to-date: /home/farao/ros2_ws/install/controller_interfaces/include/controller_interfaces/controller_interfaces/srv/set_param.hpp
[0.341s] -- Up-to-date: /home/farao/ros2_ws/install/controller_interfaces/include/controller_interfaces/controller_interfaces
[0.341s] -- Up-to-date: /home/farao/ros2_ws/install/controller_interfaces/include/controller_interfaces/controller_interfaces/srv
[0.341s] -- Up-to-date: /home/farao/ros2_ws/install/controller_interfaces/include/controller_interfaces/controller_interfaces/srv/detail
[0.341s] -- Up-to-date: /home/farao/ros2_ws/install/controller_interfaces/include/controller_interfaces/controller_interfaces/srv/detail/set_target__rosidl_typesupport_fastrtps_cpp.hpp
[0.341s] -- Up-to-date: /home/farao/ros2_ws/install/controller_interfaces/include/controller_interfaces/controller_interfaces/srv/detail/set_param__rosidl_typesupport_fastrtps_cpp.hpp
[0.341s] -- Up-to-date: /home/farao/ros2_ws/install/controller_interfaces/include/controller_interfaces/controller_interfaces/srv/detail/dds_fastrtps
[0.341s] -- Up-to-date: /home/farao/ros2_ws/install/controller_interfaces/include/controller_interfaces/controller_interfaces/msg
[0.341s] -- Up-to-date: /home/farao/ros2_ws/install/controller_interfaces/include/controller_interfaces/controller_interfaces/msg/rosidl_typesupport_fastrtps_cpp__visibility_control.h
[0.341s] -- Up-to-date: /home/farao/ros2_ws/install/controller_interfaces/lib/libcontroller_interfaces__rosidl_typesupport_fastrtps_cpp.so
[0.342s] -- Up-to-date: /home/farao/ros2_ws/install/controller_interfaces/include/controller_interfaces/controller_interfaces
[0.342s] -- Up-to-date: /home/farao/ros2_ws/install/controller_interfaces/include/controller_interfaces/controller_interfaces/srv
[0.342s] -- Up-to-date: /home/farao/ros2_ws/install/controller_interfaces/include/controller_interfaces/controller_interfaces/srv/detail
[0.342s] -- Up-to-date: /home/farao/ros2_ws/install/controller_interfaces/include/controller_interfaces/controller_interfaces/srv/detail/set_target__type_support.c
[0.342s] -- Up-to-date: /home/farao/ros2_ws/install/controller_interfaces/include/controller_interfaces/controller_interfaces/srv/detail/set_param__rosidl_typesupport_introspection_c.h
[0.342s] -- Up-to-date: /home/farao/ros2_ws/install/controller_interfaces/include/controller_interfaces/controller_interfaces/srv/detail/set_target__rosidl_typesupport_introspection_c.h
[0.342s] -- Up-to-date: /home/farao/ros2_ws/install/controller_interfaces/include/controller_interfaces/controller_interfaces/srv/detail/set_param__type_support.c
[0.342s] -- Up-to-date: /home/farao/ros2_ws/install/controller_interfaces/include/controller_interfaces/controller_interfaces/msg
[0.342s] -- Up-to-date: /home/farao/ros2_ws/install/controller_interfaces/include/controller_interfaces/controller_interfaces/msg/rosidl_typesupport_introspection_c__visibility_control.h
[0.342s] -- Up-to-date: /home/farao/ros2_ws/install/controller_interfaces/lib/libcontroller_interfaces__rosidl_typesupport_introspection_c.so
[0.342s] -- Up-to-date: /home/farao/ros2_ws/install/controller_interfaces/lib/libcontroller_interfaces__rosidl_typesupport_c.so
[0.342s] -- Up-to-date: /home/farao/ros2_ws/install/controller_interfaces/include/controller_interfaces/controller_interfaces
[0.342s] -- Up-to-date: /home/farao/ros2_ws/install/controller_interfaces/include/controller_interfaces/controller_interfaces/srv
[0.343s] -- Up-to-date: /home/farao/ros2_ws/install/controller_interfaces/include/controller_interfaces/controller_interfaces/srv/detail
[0.343s] -- Up-to-date: /home/farao/ros2_ws/install/controller_interfaces/include/controller_interfaces/controller_interfaces/srv/detail/set_param__rosidl_typesupport_introspection_cpp.hpp
[0.343s] -- Up-to-date: /home/farao/ros2_ws/install/controller_interfaces/include/controller_interfaces/controller_interfaces/srv/detail/set_target__rosidl_typesupport_introspection_cpp.hpp
[0.343s] -- Up-to-date: /home/farao/ros2_ws/install/controller_interfaces/include/controller_interfaces/controller_interfaces/srv/detail/set_param__type_support.cpp
[0.343s] -- Up-to-date: /home/farao/ros2_ws/install/controller_interfaces/include/controller_interfaces/controller_interfaces/srv/detail/set_target__type_support.cpp
[0.343s] -- Up-to-date: /home/farao/ros2_ws/install/controller_interfaces/lib/libcontroller_interfaces__rosidl_typesupport_introspection_cpp.so
[0.343s] -- Up-to-date: /home/farao/ros2_ws/install/controller_interfaces/lib/libcontroller_interfaces__rosidl_typesupport_cpp.so
[0.343s] -- Up-to-date: /home/farao/ros2_ws/install/controller_interfaces/share/controller_interfaces/environment/pythonpath.sh
[0.343s] -- Up-to-date: /home/farao/ros2_ws/install/controller_interfaces/share/controller_interfaces/environment/pythonpath.dsv
[0.343s] -- Up-to-date: /home/farao/ros2_ws/install/controller_interfaces/local/lib/python3.10/dist-packages/controller_interfaces-0.0.0-py3.10.egg-info
[0.343s] -- Installing: /home/farao/ros2_ws/install/controller_interfaces/local/lib/python3.10/dist-packages/controller_interfaces-0.0.0-py3.10.egg-info/dependency_links.txt
[0.343s] -- Installing: /home/farao/ros2_ws/install/controller_interfaces/local/lib/python3.10/dist-packages/controller_interfaces-0.0.0-py3.10.egg-info/PKG-INFO
[0.343s] -- Installing: /home/farao/ros2_ws/install/controller_interfaces/local/lib/python3.10/dist-packages/controller_interfaces-0.0.0-py3.10.egg-info/top_level.txt
[0.344s] -- Installing: /home/farao/ros2_ws/install/controller_interfaces/local/lib/python3.10/dist-packages/controller_interfaces-0.0.0-py3.10.egg-info/SOURCES.txt
[0.344s] -- Up-to-date: /home/farao/ros2_ws/install/controller_interfaces/local/lib/python3.10/dist-packages/controller_interfaces
[0.344s] -- Up-to-date: /home/farao/ros2_ws/install/controller_interfaces/local/lib/python3.10/dist-packages/controller_interfaces/controller_interfaces_s__rosidl_typesupport_introspection_c.cpython-310-x86_64-linux-gnu.so
[0.344s] -- Up-to-date: /home/farao/ros2_ws/install/controller_interfaces/local/lib/python3.10/dist-packages/controller_interfaces/__init__.py
[0.344s] -- Up-to-date: /home/farao/ros2_ws/install/controller_interfaces/local/lib/python3.10/dist-packages/controller_interfaces/_controller_interfaces_s.ep.rosidl_typesupport_c.c
[0.344s] -- Up-to-date: /home/farao/ros2_ws/install/controller_interfaces/local/lib/python3.10/dist-packages/controller_interfaces/srv
[0.344s] -- Up-to-date: /home/farao/ros2_ws/install/controller_interfaces/local/lib/python3.10/dist-packages/controller_interfaces/srv/__init__.py
[0.344s] -- Up-to-date: /home/farao/ros2_ws/install/controller_interfaces/local/lib/python3.10/dist-packages/controller_interfaces/srv/_set_target.py
[0.344s] -- Up-to-date: /home/farao/ros2_ws/install/controller_interfaces/local/lib/python3.10/dist-packages/controller_interfaces/srv/_set_param.py
[0.344s] -- Up-to-date: /home/farao/ros2_ws/install/controller_interfaces/local/lib/python3.10/dist-packages/controller_interfaces/srv/_set_target_s.c
[0.344s] -- Up-to-date: /home/farao/ros2_ws/install/controller_interfaces/local/lib/python3.10/dist-packages/controller_interfaces/srv/_set_param_s.c
[0.345s] -- Up-to-date: /home/farao/ros2_ws/install/controller_interfaces/local/lib/python3.10/dist-packages/controller_interfaces/_controller_interfaces_s.ep.rosidl_typesupport_fastrtps_c.c
[0.345s] -- Up-to-date: /home/farao/ros2_ws/install/controller_interfaces/local/lib/python3.10/dist-packages/controller_interfaces/libcontroller_interfaces__rosidl_generator_py.so
[0.345s] -- Up-to-date: /home/farao/ros2_ws/install/controller_interfaces/local/lib/python3.10/dist-packages/controller_interfaces/controller_interfaces_s__rosidl_typesupport_fastrtps_c.cpython-310-x86_64-linux-gnu.so
[0.345s] -- Up-to-date: /home/farao/ros2_ws/install/controller_interfaces/local/lib/python3.10/dist-packages/controller_interfaces/controller_interfaces_s__rosidl_typesupport_c.cpython-310-x86_64-linux-gnu.so
[0.345s] -- Up-to-date: /home/farao/ros2_ws/install/controller_interfaces/local/lib/python3.10/dist-packages/controller_interfaces/_controller_interfaces_s.ep.rosidl_typesupport_introspection_c.c
[0.379s] Listing '/home/farao/ros2_ws/install/controller_interfaces/local/lib/python3.10/dist-packages/controller_interfaces'...
[0.379s] Listing '/home/farao/ros2_ws/install/controller_interfaces/local/lib/python3.10/dist-packages/controller_interfaces/srv'...
[0.383s] -- Up-to-date: /home/farao/ros2_ws/install/controller_interfaces/local/lib/python3.10/dist-packages/controller_interfaces/controller_interfaces_s__rosidl_typesupport_fastrtps_c.cpython-310-x86_64-linux-gnu.so
[0.383s] -- Up-to-date: /home/farao/ros2_ws/install/controller_interfaces/local/lib/python3.10/dist-packages/controller_interfaces/controller_interfaces_s__rosidl_typesupport_introspection_c.cpython-310-x86_64-linux-gnu.so
[0.384s] -- Up-to-date: /home/farao/ros2_ws/install/controller_interfaces/local/lib/python3.10/dist-packages/controller_interfaces/controller_interfaces_s__rosidl_typesupport_c.cpython-310-x86_64-linux-gnu.so
[0.384s] -- Up-to-date: /home/farao/ros2_ws/install/controller_interfaces/lib/libcontroller_interfaces__rosidl_generator_py.so
[0.384s] -- Up-to-date: /home/farao/ros2_ws/install/controller_interfaces/share/controller_interfaces/srv/SetParam.idl
[0.384s] -- Up-to-date: /home/farao/ros2_ws/install/controller_interfaces/share/controller_interfaces/srv/SetTarget.idl
[0.384s] -- Up-to-date: /home/farao/ros2_ws/install/controller_interfaces/share/controller_interfaces/srv/SetParam.srv
[0.384s] -- Up-to-date: /home/farao/ros2_ws/install/controller_interfaces/share/controller_interfaces/srv/SetParam_Request.msg
[0.384s] -- Up-to-date: /home/farao/ros2_ws/install/controller_interfaces/share/controller_interfaces/srv/SetParam_Response.msg
[0.384s] -- Up-to-date: /home/farao/ros2_ws/install/controller_interfaces/share/controller_interfaces/srv/SetTarget.srv
[0.384s] -- Up-to-date: /home/farao/ros2_ws/install/controller_interfaces/share/controller_interfaces/srv/SetTarget_Request.msg
[0.384s] -- Up-to-date: /home/farao/ros2_ws/install/controller_interfaces/share/controller_interfaces/srv/SetTarget_Response.msg
[0.384s] -- Up-to-date: /home/farao/ros2_ws/install/controller_interfaces/share/ament_index/resource_index/package_run_dependencies/controller_interfaces
[0.384s] -- Up-to-date: /home/farao/ros2_ws/install/controller_interfaces/share/ament_index/resource_index/parent_prefix_path/controller_interfaces
[0.384s] -- Up-to-date: /home/farao/ros2_ws/install/controller_interfaces/share/controller_interfaces/environment/ament_prefix_path.sh
[0.384s] -- Up-to-date: /home/farao/ros2_ws/install/controller_interfaces/share/controller_interfaces/environment/ament_prefix_path.dsv
[0.384s] -- Up-to-date: /home/farao/ros2_ws/install/controller_interfaces/share/controller_interfaces/environment/path.sh
[0.384s] -- Up-to-date: /home/farao/ros2_ws/install/controller_interfaces/share/controller_interfaces/environment/path.dsv
[0.384s] -- Up-to-date: /home/farao/ros2_ws/install/controller_interfaces/share/controller_interfaces/local_setup.bash
[0.384s] -- Up-to-date: /home/farao/ros2_ws/install/controller_interfaces/share/controller_interfaces/local_setup.sh
[0.385s] -- Up-to-date: /home/farao/ros2_ws/install/controller_interfaces/share/controller_interfaces/local_setup.zsh
[0.385s] -- Up-to-date: /home/farao/ros2_ws/install/controller_interfaces/share/controller_interfaces/local_setup.dsv
[0.385s] -- Installing: /home/farao/ros2_ws/install/controller_interfaces/share/controller_interfaces/package.dsv
[0.385s] -- Up-to-date: /home/farao/ros2_ws/install/controller_interfaces/share/ament_index/resource_index/packages/controller_interfaces
[0.385s] -- Up-to-date: /home/farao/ros2_ws/install/controller_interfaces/share/controller_interfaces/cmake/export_controller_interfaces__rosidl_generator_cExport.cmake
[0.385s] -- Up-to-date: /home/farao/ros2_ws/install/controller_interfaces/share/controller_interfaces/cmake/export_controller_interfaces__rosidl_generator_cExport-noconfig.cmake
[0.385s] -- Up-to-date: /home/farao/ros2_ws/install/controller_interfaces/share/controller_interfaces/cmake/export_controller_interfaces__rosidl_typesupport_fastrtps_cExport.cmake
[0.385s] -- Up-to-date: /home/farao/ros2_ws/install/controller_interfaces/share/controller_interfaces/cmake/export_controller_interfaces__rosidl_typesupport_fastrtps_cExport-noconfig.cmake
[0.385s] -- Up-to-date: /home/farao/ros2_ws/install/controller_interfaces/share/controller_interfaces/cmake/export_controller_interfaces__rosidl_generator_cppExport.cmake
[0.385s] -- Up-to-date: /home/farao/ros2_ws/install/controller_interfaces/share/controller_interfaces/cmake/export_controller_interfaces__rosidl_typesupport_fastrtps_cppExport.cmake
[0.385s] -- Up-to-date: /home/farao/ros2_ws/install/controller_interfaces/share/controller_interfaces/cmake/export_controller_interfaces__rosidl_typesupport_fastrtps_cppExport-noconfig.cmake
[0.385s] -- Up-to-date: /home/farao/ros2_ws/install/controller_interfaces/share/controller_interfaces/cmake/controller_interfaces__rosidl_typesupport_introspection_cExport.cmake
[0.385s] -- Up-to-date: /home/farao/ros2_ws/install/controller_interfaces/share/controller_interfaces/cmake/controller_interfaces__rosidl_typesupport_introspection_cExport-noconfig.cmake
[0.385s] -- Up-to-date: /home/farao/ros2_ws/install/controller_interfaces/share/controller_interfaces/cmake/controller_interfaces__rosidl_typesupport_cExport.cmake
[0.385s] -- Up-to-date: /home/farao/ros2_ws/install/controller_interfaces/share/controller_interfaces/cmake/controller_interfaces__rosidl_typesupport_cExport-noconfig.cmake
[0.386s] -- Up-to-date: /home/farao/ros2_ws/install/controller_interfaces/share/controller_interfaces/cmake/controller_interfaces__rosidl_typesupport_introspection_cppExport.cmake
[0.386s] -- Up-to-date: /home/farao/ros2_ws/install/controller_interfaces/share/controller_interfaces/cmake/controller_interfaces__rosidl_typesupport_introspection_cppExport-noconfig.cmake
[0.386s] -- Up-to-date: /home/farao/ros2_ws/install/controller_interfaces/share/controller_interfaces/cmake/controller_interfaces__rosidl_typesupport_cppExport.cmake
[0.386s] -- Up-to-date: /home/farao/ros2_ws/install/controller_interfaces/share/controller_interfaces/cmake/controller_interfaces__rosidl_typesupport_cppExport-noconfig.cmake
[0.386s] -- Up-to-date: /home/farao/ros2_ws/install/controller_interfaces/share/controller_interfaces/cmake/export_controller_interfaces__rosidl_generator_pyExport.cmake
[0.386s] -- Up-to-date: /home/farao/ros2_ws/install/controller_interfaces/share/controller_interfaces/cmake/export_controller_interfaces__rosidl_generator_pyExport-noconfig.cmake
[0.386s] -- Up-to-date: /home/farao/ros2_ws/install/controller_interfaces/share/controller_interfaces/cmake/rosidl_cmake-extras.cmake
[0.386s] -- Up-to-date: /home/farao/ros2_ws/install/controller_interfaces/share/controller_interfaces/cmake/ament_cmake_export_dependencies-extras.cmake
[0.386s] -- Up-to-date: /home/farao/ros2_ws/install/controller_interfaces/share/controller_interfaces/cmake/ament_cmake_export_include_directories-extras.cmake
[0.386s] -- Up-to-date: /home/farao/ros2_ws/install/controller_interfaces/share/controller_interfaces/cmake/ament_cmake_export_libraries-extras.cmake
[0.386s] -- Up-to-date: /home/farao/ros2_ws/install/controller_interfaces/share/controller_interfaces/cmake/ament_cmake_export_targets-extras.cmake
[0.386s] -- Up-to-date: /home/farao/ros2_ws/install/controller_interfaces/share/controller_interfaces/cmake/rosidl_cmake_export_typesupport_targets-extras.cmake
[0.386s] -- Up-to-date: /home/farao/ros2_ws/install/controller_interfaces/share/controller_interfaces/cmake/rosidl_cmake_export_typesupport_libraries-extras.cmake
[0.386s] -- Up-to-date: /home/farao/ros2_ws/install/controller_interfaces/share/controller_interfaces/cmake/controller_interfacesConfig.cmake
[0.386s] -- Up-to-date: /home/farao/ros2_ws/install/controller_interfaces/share/controller_interfaces/cmake/controller_interfacesConfig-version.cmake
[0.386s] -- Up-to-date: /home/farao/ros2_ws/install/controller_interfaces/share/controller_interfaces/package.xml
[0.388s] Invoked command in '/home/farao/ros2_ws/build/controller_interfaces' returned '0': CMAKE_PREFIX_PATH=${CMAKE_PREFIX_PATH}:/opt/ros/humble /usr/bin/cmake --install /home/farao/ros2_ws/build/controller_interfaces
