[0.010s] Invoking command in '/home/farao/ros2_ws/build/lecture2': CMAKE_PREFIX_PATH=${CMAKE_PREFIX_PATH}:/home/farao/ros2_ws/install/launch_testing_examples:/home/farao/ros2_ws/install/examples_rclpy_pointcloud_publisher:/home/farao/ros2_ws/install/examples_rclpy_minimal_subscriber:/home/farao/ros2_ws/install/examples_rclpy_minimal_service:/home/farao/ros2_ws/install/examples_rclpy_minimal_publisher:/home/farao/ros2_ws/install/examples_rclpy_minimal_client:/home/farao/ros2_ws/install/examples_rclpy_minimal_action_server:/home/farao/ros2_ws/install/examples_rclpy_minimal_action_client:/home/farao/ros2_ws/install/examples_rclpy_guard_conditions:/home/farao/ros2_ws/install/examples_rclpy_executors:/opt/ros/humble /usr/bin/cmake /home/farao/ros2_ws/src/lecture2 -DCMAKE_INSTALL_PREFIX=/home/farao/ros2_ws/install/lecture2
[0.046s] -- The C compiler identification is GNU 11.4.0
[0.084s] -- The CXX compiler identification is GNU 11.4.0
[0.088s] -- Detecting C compiler ABI info
[0.135s] -- Detecting C compiler ABI info - done
[0.141s] -- Check for working C compiler: /usr/bin/cc - skipped
[0.141s] -- Detecting C compile features
[0.141s] -- Detecting C compile features - done
[0.143s] -- Detecting CXX compiler ABI info
[0.199s] -- Detecting CXX compiler ABI info - done
[0.203s] -- Check for working CXX compiler: /usr/bin/c++ - skipped
[0.203s] -- Detecting CXX compile features
[0.203s] -- Detecting CXX compile features - done
[0.204s] -- Found ament_cmake: 1.3.9 (/opt/ros/humble/share/ament_cmake/cmake)
[0.312s] -- Found Python3: /usr/bin/python3 (found version "3.10.12") found components: Interpreter 
[0.363s] -- Found rclcpp: 16.0.9 (/opt/ros/humble/share/rclcpp/cmake)
[0.385s] -- Found rosidl_generator_c: 3.1.5 (/opt/ros/humble/share/rosidl_generator_c/cmake)
[0.387s] -- Found rosidl_adapter: 3.1.5 (/opt/ros/humble/share/rosidl_adapter/cmake)
[0.391s] -- Found rosidl_generator_cpp: 3.1.5 (/opt/ros/humble/share/rosidl_generator_cpp/cmake)
[0.399s] -- Using all available rosidl_typesupport_c: rosidl_typesupport_fastrtps_c;rosidl_typesupport_introspection_c
[0.409s] -- Using all available rosidl_typesupport_cpp: rosidl_typesupport_fastrtps_cpp;rosidl_typesupport_introspection_cpp
[0.449s] -- Found rmw_implementation_cmake: 6.1.2 (/opt/ros/humble/share/rmw_implementation_cmake/cmake)
[0.450s] -- Found rmw_fastrtps_cpp: 6.2.6 (/opt/ros/humble/share/rmw_fastrtps_cpp/cmake)
[0.514s] -- Found OpenSSL: /usr/lib/x86_64-linux-gnu/libcrypto.so (found version "3.0.2")  
[0.532s] -- Found FastRTPS: /opt/ros/humble/include  
[0.561s] -- Using RMW implementation 'rmw_fastrtps_cpp' as default
[0.568s] -- Looking for pthread.h
[0.616s] -- Looking for pthread.h - found
[0.616s] -- Performing Test CMAKE_HAVE_LIBC_PTHREAD
[0.664s] -- Performing Test CMAKE_HAVE_LIBC_PTHREAD - Success
[0.665s] -- Found Threads: TRUE  
[0.757s] -- Found rclpy: 3.3.13 (/opt/ros/humble/share/rclpy/cmake)
[0.846s] -- Configuring done
[0.850s] -- Generating done
[0.851s] -- Build files have been written to: /home/farao/ros2_ws/build/lecture2
[0.857s] Invoked command in '/home/farao/ros2_ws/build/lecture2' returned '0': CMAKE_PREFIX_PATH=${CMAKE_PREFIX_PATH}:/home/farao/ros2_ws/install/launch_testing_examples:/home/farao/ros2_ws/install/examples_rclpy_pointcloud_publisher:/home/farao/ros2_ws/install/examples_rclpy_minimal_subscriber:/home/farao/ros2_ws/install/examples_rclpy_minimal_service:/home/farao/ros2_ws/install/examples_rclpy_minimal_publisher:/home/farao/ros2_ws/install/examples_rclpy_minimal_client:/home/farao/ros2_ws/install/examples_rclpy_minimal_action_server:/home/farao/ros2_ws/install/examples_rclpy_minimal_action_client:/home/farao/ros2_ws/install/examples_rclpy_guard_conditions:/home/farao/ros2_ws/install/examples_rclpy_executors:/opt/ros/humble /usr/bin/cmake /home/farao/ros2_ws/src/lecture2 -DCMAKE_INSTALL_PREFIX=/home/farao/ros2_ws/install/lecture2
[0.859s] Invoking command in '/home/farao/ros2_ws/build/lecture2': CMAKE_PREFIX_PATH=${CMAKE_PREFIX_PATH}:/home/farao/ros2_ws/install/launch_testing_examples:/home/farao/ros2_ws/install/examples_rclpy_pointcloud_publisher:/home/farao/ros2_ws/install/examples_rclpy_minimal_subscriber:/home/farao/ros2_ws/install/examples_rclpy_minimal_service:/home/farao/ros2_ws/install/examples_rclpy_minimal_publisher:/home/farao/ros2_ws/install/examples_rclpy_minimal_client:/home/farao/ros2_ws/install/examples_rclpy_minimal_action_server:/home/farao/ros2_ws/install/examples_rclpy_minimal_action_client:/home/farao/ros2_ws/install/examples_rclpy_guard_conditions:/home/farao/ros2_ws/install/examples_rclpy_executors:/opt/ros/humble /usr/bin/cmake --build /home/farao/ros2_ws/build/lecture2 -- -j20 -l20
[0.892s] [ 50%] [32mBuilding CXX object CMakeFiles/cpp_node_test.dir/src/cpp_node.cpp.o[0m
[0.893s] [ 50%] Built target ament_cmake_python_copy_lecture2
[1.024s] running egg_info
[1.025s] creating lecture2.egg-info
[1.025s] writing lecture2.egg-info/PKG-INFO
[1.025s] writing dependency_links to lecture2.egg-info/dependency_links.txt
[1.025s] writing top-level names to lecture2.egg-info/top_level.txt
[1.025s] writing manifest file 'lecture2.egg-info/SOURCES.txt'
[1.026s] reading manifest file 'lecture2.egg-info/SOURCES.txt'
[1.026s] writing manifest file 'lecture2.egg-info/SOURCES.txt'
[1.041s] [100%] [32m[1mLinking CXX executable cpp_node_test[0m
[1.046s] [100%] Built target ament_cmake_python_build_lecture2_egg
[1.100s] [100%] Built target cpp_node_test
[1.107s] Invoked command in '/home/farao/ros2_ws/build/lecture2' returned '0': CMAKE_PREFIX_PATH=${CMAKE_PREFIX_PATH}:/home/farao/ros2_ws/install/launch_testing_examples:/home/farao/ros2_ws/install/examples_rclpy_pointcloud_publisher:/home/farao/ros2_ws/install/examples_rclpy_minimal_subscriber:/home/farao/ros2_ws/install/examples_rclpy_minimal_service:/home/farao/ros2_ws/install/examples_rclpy_minimal_publisher:/home/farao/ros2_ws/install/examples_rclpy_minimal_client:/home/farao/ros2_ws/install/examples_rclpy_minimal_action_server:/home/farao/ros2_ws/install/examples_rclpy_minimal_action_client:/home/farao/ros2_ws/install/examples_rclpy_guard_conditions:/home/farao/ros2_ws/install/examples_rclpy_executors:/opt/ros/humble /usr/bin/cmake --build /home/farao/ros2_ws/build/lecture2 -- -j20 -l20
[1.125s] Invoking command in '/home/farao/ros2_ws/build/lecture2': CMAKE_PREFIX_PATH=${CMAKE_PREFIX_PATH}:/home/farao/ros2_ws/install/launch_testing_examples:/home/farao/ros2_ws/install/examples_rclpy_pointcloud_publisher:/home/farao/ros2_ws/install/examples_rclpy_minimal_subscriber:/home/farao/ros2_ws/install/examples_rclpy_minimal_service:/home/farao/ros2_ws/install/examples_rclpy_minimal_publisher:/home/farao/ros2_ws/install/examples_rclpy_minimal_client:/home/farao/ros2_ws/install/examples_rclpy_minimal_action_server:/home/farao/ros2_ws/install/examples_rclpy_minimal_action_client:/home/farao/ros2_ws/install/examples_rclpy_guard_conditions:/home/farao/ros2_ws/install/examples_rclpy_executors:/opt/ros/humble /usr/bin/cmake --install /home/farao/ros2_ws/build/lecture2
[1.131s] -- Install configuration: ""
[1.131s] -- Installing: /home/farao/ros2_ws/install/lecture2/share/lecture2/environment/pythonpath.sh
[1.131s] -- Installing: /home/farao/ros2_ws/install/lecture2/share/lecture2/environment/pythonpath.dsv
[1.131s] -- Installing: /home/farao/ros2_ws/install/lecture2/local/lib/python3.10/dist-packages/lecture2-0.0.0-py3.10.egg-info
[1.131s] -- Installing: /home/farao/ros2_ws/install/lecture2/local/lib/python3.10/dist-packages/lecture2-0.0.0-py3.10.egg-info/dependency_links.txt
[1.131s] -- Installing: /home/farao/ros2_ws/install/lecture2/local/lib/python3.10/dist-packages/lecture2-0.0.0-py3.10.egg-info/PKG-INFO
[1.131s] -- Installing: /home/farao/ros2_ws/install/lecture2/local/lib/python3.10/dist-packages/lecture2-0.0.0-py3.10.egg-info/top_level.txt
[1.131s] -- Installing: /home/farao/ros2_ws/install/lecture2/local/lib/python3.10/dist-packages/lecture2-0.0.0-py3.10.egg-info/SOURCES.txt
[1.131s] -- Installing: /home/farao/ros2_ws/install/lecture2/local/lib/python3.10/dist-packages/lecture2
[1.131s] -- Installing: /home/farao/ros2_ws/install/lecture2/local/lib/python3.10/dist-packages/lecture2/__init__.py
[1.131s] -- Installing: /home/farao/ros2_ws/install/lecture2/local/lib/python3.10/dist-packages/lecture2/dummy_module.py
[1.150s] Listing '/home/farao/ros2_ws/install/lecture2/local/lib/python3.10/dist-packages/lecture2'...
[1.150s] Compiling '/home/farao/ros2_ws/install/lecture2/local/lib/python3.10/dist-packages/lecture2/__init__.py'...
[1.150s] Compiling '/home/farao/ros2_ws/install/lecture2/local/lib/python3.10/dist-packages/lecture2/dummy_module.py'...
[1.154s] -- Installing: /home/farao/ros2_ws/install/lecture2/lib/lecture2/dummie.py
[1.154s] -- Installing: /home/farao/ros2_ws/install/lecture2/lib/lecture2/dummy_script.py
[1.154s] -- Installing: /home/farao/ros2_ws/install/lecture2/lib/lecture2/cpp_node_test
[1.154s] -- Set runtime path of "/home/farao/ros2_ws/install/lecture2/lib/lecture2/cpp_node_test" to ""
[1.154s] -- Up-to-date: /home/farao/ros2_ws/install/lecture2/share/lecture2
[1.154s] -- Installing: /home/farao/ros2_ws/install/lecture2/share/ament_index/resource_index/package_run_dependencies/lecture2
[1.154s] -- Installing: /home/farao/ros2_ws/install/lecture2/share/ament_index/resource_index/parent_prefix_path/lecture2
[1.154s] -- Installing: /home/farao/ros2_ws/install/lecture2/share/lecture2/environment/ament_prefix_path.sh
[1.154s] -- Installing: /home/farao/ros2_ws/install/lecture2/share/lecture2/environment/ament_prefix_path.dsv
[1.154s] -- Installing: /home/farao/ros2_ws/install/lecture2/share/lecture2/environment/path.sh
[1.154s] -- Installing: /home/farao/ros2_ws/install/lecture2/share/lecture2/environment/path.dsv
[1.154s] -- Installing: /home/farao/ros2_ws/install/lecture2/share/lecture2/local_setup.bash
[1.154s] -- Installing: /home/farao/ros2_ws/install/lecture2/share/lecture2/local_setup.sh
[1.154s] -- Installing: /home/farao/ros2_ws/install/lecture2/share/lecture2/local_setup.zsh
[1.154s] -- Installing: /home/farao/ros2_ws/install/lecture2/share/lecture2/local_setup.dsv
[1.154s] -- Installing: /home/farao/ros2_ws/install/lecture2/share/lecture2/package.dsv
[1.154s] -- Installing: /home/farao/ros2_ws/install/lecture2/share/ament_index/resource_index/packages/lecture2
[1.154s] -- Installing: /home/farao/ros2_ws/install/lecture2/share/lecture2/cmake/lecture2Config.cmake
[1.154s] -- Installing: /home/farao/ros2_ws/install/lecture2/share/lecture2/cmake/lecture2Config-version.cmake
[1.154s] -- Installing: /home/farao/ros2_ws/install/lecture2/share/lecture2/package.xml
[1.161s] Invoked command in '/home/farao/ros2_ws/build/lecture2' returned '0': CMAKE_PREFIX_PATH=${CMAKE_PREFIX_PATH}:/home/farao/ros2_ws/install/launch_testing_examples:/home/farao/ros2_ws/install/examples_rclpy_pointcloud_publisher:/home/farao/ros2_ws/install/examples_rclpy_minimal_subscriber:/home/farao/ros2_ws/install/examples_rclpy_minimal_service:/home/farao/ros2_ws/install/examples_rclpy_minimal_publisher:/home/farao/ros2_ws/install/examples_rclpy_minimal_client:/home/farao/ros2_ws/install/examples_rclpy_minimal_action_server:/home/farao/ros2_ws/install/examples_rclpy_minimal_action_client:/home/farao/ros2_ws/install/examples_rclpy_guard_conditions:/home/farao/ros2_ws/install/examples_rclpy_executors:/opt/ros/humble /usr/bin/cmake --install /home/farao/ros2_ws/build/lecture2
