[0.018s] Invoking command in '/home/farao/ros2_ws/build/lab1': CMAKE_PREFIX_PATH=${CMAKE_PREFIX_PATH}:/opt/ros/humble /usr/bin/cmake --build /home/farao/ros2_ws/build/lab1 -- -j20 -l20
[0.060s] [100%] Built target cpp_node_test
[0.066s] [100%] Built target ament_cmake_python_copy_lab1
[0.212s] running egg_info
[0.212s] writing lab1.egg-info/PKG-INFO
[0.213s] writing dependency_links to lab1.egg-info/dependency_links.txt
[0.213s] writing top-level names to lab1.egg-info/top_level.txt
[0.213s] reading manifest file 'lab1.egg-info/SOURCES.txt'
[0.214s] writing manifest file 'lab1.egg-info/SOURCES.txt'
[0.237s] [100%] Built target ament_cmake_python_build_lab1_egg
[0.246s] Invoked command in '/home/farao/ros2_ws/build/lab1' returned '0': CMAKE_PREFIX_PATH=${CMAKE_PREFIX_PATH}:/opt/ros/humble /usr/bin/cmake --build /home/farao/ros2_ws/build/lab1 -- -j20 -l20
[0.268s] Invoking command in '/home/farao/ros2_ws/build/lab1': CMAKE_PREFIX_PATH=${CMAKE_PREFIX_PATH}:/opt/ros/humble /usr/bin/cmake --install /home/farao/ros2_ws/build/lab1
[0.275s] -- Install configuration: ""
[0.275s] -- Up-to-date: /home/farao/ros2_ws/install/lab1/share/lab1/environment/pythonpath.sh
[0.275s] -- Up-to-date: /home/farao/ros2_ws/install/lab1/share/lab1/environment/pythonpath.dsv
[0.275s] -- Up-to-date: /home/farao/ros2_ws/install/lab1/local/lib/python3.10/dist-packages/lab1-0.0.0-py3.10.egg-info
[0.275s] -- Installing: /home/farao/ros2_ws/install/lab1/local/lib/python3.10/dist-packages/lab1-0.0.0-py3.10.egg-info/dependency_links.txt
[0.276s] -- Installing: /home/farao/ros2_ws/install/lab1/local/lib/python3.10/dist-packages/lab1-0.0.0-py3.10.egg-info/PKG-INFO
[0.276s] -- Installing: /home/farao/ros2_ws/install/lab1/local/lib/python3.10/dist-packages/lab1-0.0.0-py3.10.egg-info/top_level.txt
[0.276s] -- Installing: /home/farao/ros2_ws/install/lab1/local/lib/python3.10/dist-packages/lab1-0.0.0-py3.10.egg-info/SOURCES.txt
[0.276s] -- Up-to-date: /home/farao/ros2_ws/install/lab1/local/lib/python3.10/dist-packages/lab1
[0.276s] -- Up-to-date: /home/farao/ros2_ws/install/lab1/local/lib/python3.10/dist-packages/lab1/__init__.py
[0.276s] -- Up-to-date: /home/farao/ros2_ws/install/lab1/local/lib/python3.10/dist-packages/lab1/dummy_module.py
[0.307s] Listing '/home/farao/ros2_ws/install/lab1/local/lib/python3.10/dist-packages/lab1'...
[0.312s] -- Up-to-date: /home/farao/ros2_ws/install/lab1/lib/lab1/dummy_script.py
[0.312s] -- Installing: /home/farao/ros2_ws/install/lab1/lib/lab1/noise_generator.py
[0.312s] -- Installing: /home/farao/ros2_ws/install/lab1/lib/lab1/velocity_mux.py
[0.312s] -- Up-to-date: /home/farao/ros2_ws/install/lab1/lib/lab1/cpp_node_test
[0.312s] -- Up-to-date: /home/farao/ros2_ws/install/lab1/share/lab1
[0.312s] -- Up-to-date: /home/farao/ros2_ws/install/lab1/share/ament_index/resource_index/package_run_dependencies/lab1
[0.312s] -- Up-to-date: /home/farao/ros2_ws/install/lab1/share/ament_index/resource_index/parent_prefix_path/lab1
[0.312s] -- Up-to-date: /home/farao/ros2_ws/install/lab1/share/lab1/environment/ament_prefix_path.sh
[0.312s] -- Up-to-date: /home/farao/ros2_ws/install/lab1/share/lab1/environment/ament_prefix_path.dsv
[0.312s] -- Up-to-date: /home/farao/ros2_ws/install/lab1/share/lab1/environment/path.sh
[0.312s] -- Up-to-date: /home/farao/ros2_ws/install/lab1/share/lab1/environment/path.dsv
[0.312s] -- Up-to-date: /home/farao/ros2_ws/install/lab1/share/lab1/local_setup.bash
[0.312s] -- Up-to-date: /home/farao/ros2_ws/install/lab1/share/lab1/local_setup.sh
[0.312s] -- Up-to-date: /home/farao/ros2_ws/install/lab1/share/lab1/local_setup.zsh
[0.312s] -- Up-to-date: /home/farao/ros2_ws/install/lab1/share/lab1/local_setup.dsv
[0.312s] -- Up-to-date: /home/farao/ros2_ws/install/lab1/share/lab1/package.dsv
[0.312s] -- Up-to-date: /home/farao/ros2_ws/install/lab1/share/ament_index/resource_index/packages/lab1
[0.312s] -- Up-to-date: /home/farao/ros2_ws/install/lab1/share/lab1/cmake/lab1Config.cmake
[0.312s] -- Up-to-date: /home/farao/ros2_ws/install/lab1/share/lab1/cmake/lab1Config-version.cmake
[0.312s] -- Up-to-date: /home/farao/ros2_ws/install/lab1/share/lab1/package.xml
[0.315s] Invoked command in '/home/farao/ros2_ws/build/lab1' returned '0': CMAKE_PREFIX_PATH=${CMAKE_PREFIX_PATH}:/opt/ros/humble /usr/bin/cmake --install /home/farao/ros2_ws/build/lab1
