-- Found ament_cmake: 1.3.10 (/opt/ros/humble/share/ament_cmake/cmake)
-- Found rclcpp: 16.0.10 (/opt/ros/humble/share/rclcpp/cmake)
-- Found rosidl_generator_c: 3.1.5 (/opt/ros/humble/share/rosidl_generator_c/cmake)
-- Found rosidl_adapter: 3.1.5 (/opt/ros/humble/share/rosidl_adapter/cmake)
-- Found rosidl_generator_cpp: 3.1.5 (/opt/ros/humble/share/rosidl_generator_cpp/cmake)
-- Using all available rosidl_typesupport_c: rosidl_typesupport_fastrtps_c;rosidl_typesupport_introspection_c
-- Using all available rosidl_typesupport_cpp: rosidl_typesupport_fastrtps_cpp;rosidl_typesupport_introspection_cpp
-- Found rmw_implementation_cmake: 6.1.2 (/opt/ros/humble/share/rmw_implementation_cmake/cmake)
-- Found rmw_fastrtps_cpp: 6.2.7 (/opt/ros/humble/share/rmw_fastrtps_cpp/cmake)
-- Using RMW implementation 'rmw_fastrtps_cpp' as default
-- Found rclpy: 3.3.14 (/opt/ros/humble/share/rclpy/cmake)
-- Configuring done
-- Generating done
-- Build files have been written to: /home/farao/ros2_ws/build/turtlesim_plus
Built target ament_cmake_python_copy_turtlesim_plus
running egg_info
writing turtlesim_plus.egg-info/PKG-INFO
writing dependency_links to turtlesim_plus.egg-info/dependency_links.txt
writing top-level names to turtlesim_plus.egg-info/top_level.txt
reading manifest file 'turtlesim_plus.egg-info/SOURCES.txt'
writing manifest file 'turtlesim_plus.egg-info/SOURCES.txt'
Built target ament_cmake_python_build_turtlesim_plus_egg
-- Install configuration: ""
-- Up-to-date: /home/farao/ros2_ws/install/turtlesim_plus/share/turtlesim_plus/environment/pythonpath.sh
-- Installing: /home/farao/ros2_ws/install/turtlesim_plus/share/turtlesim_plus/environment/pythonpath.dsv
-- Up-to-date: /home/farao/ros2_ws/install/turtlesim_plus/local/lib/python3.10/dist-packages/turtlesim_plus-1.0.0-py3.10.egg-info
-- Installing: /home/farao/ros2_ws/install/turtlesim_plus/local/lib/python3.10/dist-packages/turtlesim_plus-1.0.0-py3.10.egg-info/dependency_links.txt
-- Installing: /home/farao/ros2_ws/install/turtlesim_plus/local/lib/python3.10/dist-packages/turtlesim_plus-1.0.0-py3.10.egg-info/PKG-INFO
-- Installing: /home/farao/ros2_ws/install/turtlesim_plus/local/lib/python3.10/dist-packages/turtlesim_plus-1.0.0-py3.10.egg-info/top_level.txt
-- Installing: /home/farao/ros2_ws/install/turtlesim_plus/local/lib/python3.10/dist-packages/turtlesim_plus-1.0.0-py3.10.egg-info/SOURCES.txt
-- Up-to-date: /home/farao/ros2_ws/install/turtlesim_plus/local/lib/python3.10/dist-packages/turtlesim_plus
-- Up-to-date: /home/farao/ros2_ws/install/turtlesim_plus/local/lib/python3.10/dist-packages/turtlesim_plus/image
-- Up-to-date: /home/farao/ros2_ws/install/turtlesim_plus/local/lib/python3.10/dist-packages/turtlesim_plus/image/turtle
-- Up-to-date: /home/farao/ros2_ws/install/turtlesim_plus/local/lib/python3.10/dist-packages/turtlesim_plus/image/turtle/foxy.png
-- Up-to-date: /home/farao/ros2_ws/install/turtlesim_plus/local/lib/python3.10/dist-packages/turtlesim_plus/image/turtle/galactic.png
-- Up-to-date: /home/farao/ros2_ws/install/turtlesim_plus/local/lib/python3.10/dist-packages/turtlesim_plus/image/turtle/humble.png
-- Up-to-date: /home/farao/ros2_ws/install/turtlesim_plus/local/lib/python3.10/dist-packages/turtlesim_plus/image/turtle/bouncy.png
-- Up-to-date: /home/farao/ros2_ws/install/turtlesim_plus/local/lib/python3.10/dist-packages/turtlesim_plus/image/turtle/eloquent.png
-- Up-to-date: /home/farao/ros2_ws/install/turtlesim_plus/local/lib/python3.10/dist-packages/turtlesim_plus/image/turtle/otto.png
-- Up-to-date: /home/farao/ros2_ws/install/turtlesim_plus/local/lib/python3.10/dist-packages/turtlesim_plus/image/turtle/ardent.png
-- Up-to-date: /home/farao/ros2_ws/install/turtlesim_plus/local/lib/python3.10/dist-packages/turtlesim_plus/image/turtle/crystal.png
-- Up-to-date: /home/farao/ros2_ws/install/turtlesim_plus/local/lib/python3.10/dist-packages/turtlesim_plus/image/turtle/dashing.png
-- Up-to-date: /home/farao/ros2_ws/install/turtlesim_plus/local/lib/python3.10/dist-packages/turtlesim_plus/image/turtle/rolling.png
-- Up-to-date: /home/farao/ros2_ws/install/turtlesim_plus/local/lib/python3.10/dist-packages/turtlesim_plus/image/map
-- Up-to-date: /home/farao/ros2_ws/install/turtlesim_plus/local/lib/python3.10/dist-packages/turtlesim_plus/image/map/map.png
-- Up-to-date: /home/farao/ros2_ws/install/turtlesim_plus/local/lib/python3.10/dist-packages/turtlesim_plus/image/object
-- Up-to-date: /home/farao/ros2_ws/install/turtlesim_plus/local/lib/python3.10/dist-packages/turtlesim_plus/image/object/pizza.png
-- Up-to-date: /home/farao/ros2_ws/install/turtlesim_plus/local/lib/python3.10/dist-packages/turtlesim_plus/image/object/parcel.png
-- Up-to-date: /home/farao/ros2_ws/install/turtlesim_plus/local/lib/python3.10/dist-packages/turtlesim_plus/__init__.py
-- Up-to-date: /home/farao/ros2_ws/install/turtlesim_plus/local/lib/python3.10/dist-packages/turtlesim_plus/ros2_plugins.py
-- Up-to-date: /home/farao/ros2_ws/install/turtlesim_plus/local/lib/python3.10/dist-packages/turtlesim_plus/entity.py
Listing '/home/farao/ros2_ws/install/turtlesim_plus/local/lib/python3.10/dist-packages/turtlesim_plus'...
Listing '/home/farao/ros2_ws/install/turtlesim_plus/local/lib/python3.10/dist-packages/turtlesim_plus/image'...
Listing '/home/farao/ros2_ws/install/turtlesim_plus/local/lib/python3.10/dist-packages/turtlesim_plus/image/map'...
Listing '/home/farao/ros2_ws/install/turtlesim_plus/local/lib/python3.10/dist-packages/turtlesim_plus/image/object'...
Listing '/home/farao/ros2_ws/install/turtlesim_plus/local/lib/python3.10/dist-packages/turtlesim_plus/image/turtle'...
-- Up-to-date: /home/farao/ros2_ws/install/turtlesim_plus/lib/turtlesim_plus/turtlesim_plus_node.py
-- Up-to-date: /home/farao/ros2_ws/install/turtlesim_plus/lib/turtlesim_plus/pizza_on_click.py
-- Up-to-date: /home/farao/ros2_ws/install/turtlesim_plus/share/turtlesim_plus
-- Up-to-date: /home/farao/ros2_ws/install/turtlesim_plus/share/ament_index/resource_index/package_run_dependencies/turtlesim_plus
-- Installing: /home/farao/ros2_ws/install/turtlesim_plus/share/ament_index/resource_index/parent_prefix_path/turtlesim_plus
-- Installing: /home/farao/ros2_ws/install/turtlesim_plus/share/turtlesim_plus/environment/ament_prefix_path.sh
-- Installing: /home/farao/ros2_ws/install/turtlesim_plus/share/turtlesim_plus/environment/ament_prefix_path.dsv
-- Installing: /home/farao/ros2_ws/install/turtlesim_plus/share/turtlesim_plus/environment/path.sh
-- Installing: /home/farao/ros2_ws/install/turtlesim_plus/share/turtlesim_plus/environment/path.dsv
-- Up-to-date: /home/farao/ros2_ws/install/turtlesim_plus/share/turtlesim_plus/local_setup.bash
-- Up-to-date: /home/farao/ros2_ws/install/turtlesim_plus/share/turtlesim_plus/local_setup.sh
-- Up-to-date: /home/farao/ros2_ws/install/turtlesim_plus/share/turtlesim_plus/local_setup.zsh
-- Installing: /home/farao/ros2_ws/install/turtlesim_plus/share/turtlesim_plus/local_setup.dsv
-- Installing: /home/farao/ros2_ws/install/turtlesim_plus/share/turtlesim_plus/package.dsv
-- Up-to-date: /home/farao/ros2_ws/install/turtlesim_plus/share/ament_index/resource_index/packages/turtlesim_plus
-- Up-to-date: /home/farao/ros2_ws/install/turtlesim_plus/share/turtlesim_plus/cmake/turtlesim_plusConfig.cmake
-- Up-to-date: /home/farao/ros2_ws/install/turtlesim_plus/share/turtlesim_plus/cmake/turtlesim_plusConfig-version.cmake
-- Up-to-date: /home/farao/ros2_ws/install/turtlesim_plus/share/turtlesim_plus/package.xml
