[0.025s] Invoking command in '/home/farao/ros2_ws/build/turtlesim_plus': CMAKE_PREFIX_PATH=${CMAKE_PREFIX_PATH}:/opt/ros/humble /usr/bin/cmake --build /home/farao/ros2_ws/build/turtlesim_plus -- -j20 -l20
[0.045s] -- Found ament_cmake: 1.3.10 (/opt/ros/humble/share/ament_cmake/cmake)
[0.155s] -- Found rclcpp: 16.0.10 (/opt/ros/humble/share/rclcpp/cmake)
[0.182s] -- Found rosidl_generator_c: 3.1.5 (/opt/ros/humble/share/rosidl_generator_c/cmake)
[0.185s] -- Found rosidl_adapter: 3.1.5 (/opt/ros/humble/share/rosidl_adapter/cmake)
[0.191s] -- Found rosidl_generator_cpp: 3.1.5 (/opt/ros/humble/share/rosidl_generator_cpp/cmake)
[0.201s] -- Using all available rosidl_typesupport_c: rosidl_typesupport_fastrtps_c;rosidl_typesupport_introspection_c
[0.214s] -- Using all available rosidl_typesupport_cpp: rosidl_typesupport_fastrtps_cpp;rosidl_typesupport_introspection_cpp
[0.246s] -- Found rmw_implementation_cmake: 6.1.2 (/opt/ros/humble/share/rmw_implementation_cmake/cmake)
[0.249s] -- Found rmw_fastrtps_cpp: 6.2.7 (/opt/ros/humble/share/rmw_fastrtps_cpp/cmake)
[0.331s] -- Using RMW implementation 'rmw_fastrtps_cpp' as default
[0.373s] -- Found rclpy: 3.3.14 (/opt/ros/humble/share/rclpy/cmake)
[0.469s] -- Configuring done
[0.476s] -- Generating done
[0.478s] -- Build files have been written to: /home/farao/ros2_ws/build/turtlesim_plus
[0.511s] Built target ament_cmake_python_copy_turtlesim_plus
[0.666s] running egg_info
[0.667s] writing turtlesim_plus.egg-info/PKG-INFO
[0.667s] writing dependency_links to turtlesim_plus.egg-info/dependency_links.txt
[0.667s] writing top-level names to turtlesim_plus.egg-info/top_level.txt
[0.670s] reading manifest file 'turtlesim_plus.egg-info/SOURCES.txt'
[0.671s] writing manifest file 'turtlesim_plus.egg-info/SOURCES.txt'
[0.696s] Built target ament_cmake_python_build_turtlesim_plus_egg
[0.706s] Invoked command in '/home/farao/ros2_ws/build/turtlesim_plus' returned '0': CMAKE_PREFIX_PATH=${CMAKE_PREFIX_PATH}:/opt/ros/humble /usr/bin/cmake --build /home/farao/ros2_ws/build/turtlesim_plus -- -j20 -l20
[0.732s] Invoking command in '/home/farao/ros2_ws/build/turtlesim_plus': CMAKE_PREFIX_PATH=${CMAKE_PREFIX_PATH}:/opt/ros/humble /usr/bin/cmake --install /home/farao/ros2_ws/build/turtlesim_plus
[0.736s] -- Install configuration: ""
[0.736s] -- Up-to-date: /home/farao/ros2_ws/install/turtlesim_plus/share/turtlesim_plus/environment/pythonpath.sh
[0.736s] -- Installing: /home/farao/ros2_ws/install/turtlesim_plus/share/turtlesim_plus/environment/pythonpath.dsv
[0.736s] -- Up-to-date: /home/farao/ros2_ws/install/turtlesim_plus/local/lib/python3.10/dist-packages/turtlesim_plus-1.0.0-py3.10.egg-info
[0.736s] -- Installing: /home/farao/ros2_ws/install/turtlesim_plus/local/lib/python3.10/dist-packages/turtlesim_plus-1.0.0-py3.10.egg-info/dependency_links.txt
[0.736s] -- Installing: /home/farao/ros2_ws/install/turtlesim_plus/local/lib/python3.10/dist-packages/turtlesim_plus-1.0.0-py3.10.egg-info/PKG-INFO
[0.737s] -- Installing: /home/farao/ros2_ws/install/turtlesim_plus/local/lib/python3.10/dist-packages/turtlesim_plus-1.0.0-py3.10.egg-info/top_level.txt
[0.737s] -- Installing: /home/farao/ros2_ws/install/turtlesim_plus/local/lib/python3.10/dist-packages/turtlesim_plus-1.0.0-py3.10.egg-info/SOURCES.txt
[0.737s] -- Up-to-date: /home/farao/ros2_ws/install/turtlesim_plus/local/lib/python3.10/dist-packages/turtlesim_plus
[0.737s] -- Up-to-date: /home/farao/ros2_ws/install/turtlesim_plus/local/lib/python3.10/dist-packages/turtlesim_plus/image
[0.737s] -- Up-to-date: /home/farao/ros2_ws/install/turtlesim_plus/local/lib/python3.10/dist-packages/turtlesim_plus/image/turtle
[0.737s] -- Up-to-date: /home/farao/ros2_ws/install/turtlesim_plus/local/lib/python3.10/dist-packages/turtlesim_plus/image/turtle/foxy.png
[0.737s] -- Up-to-date: /home/farao/ros2_ws/install/turtlesim_plus/local/lib/python3.10/dist-packages/turtlesim_plus/image/turtle/galactic.png
[0.737s] -- Up-to-date: /home/farao/ros2_ws/install/turtlesim_plus/local/lib/python3.10/dist-packages/turtlesim_plus/image/turtle/humble.png
[0.737s] -- Up-to-date: /home/farao/ros2_ws/install/turtlesim_plus/local/lib/python3.10/dist-packages/turtlesim_plus/image/turtle/bouncy.png
[0.737s] -- Up-to-date: /home/farao/ros2_ws/install/turtlesim_plus/local/lib/python3.10/dist-packages/turtlesim_plus/image/turtle/eloquent.png
[0.737s] -- Up-to-date: /home/farao/ros2_ws/install/turtlesim_plus/local/lib/python3.10/dist-packages/turtlesim_plus/image/turtle/otto.png
[0.737s] -- Up-to-date: /home/farao/ros2_ws/install/turtlesim_plus/local/lib/python3.10/dist-packages/turtlesim_plus/image/turtle/ardent.png
[0.737s] -- Up-to-date: /home/farao/ros2_ws/install/turtlesim_plus/local/lib/python3.10/dist-packages/turtlesim_plus/image/turtle/crystal.png
[0.737s] -- Up-to-date: /home/farao/ros2_ws/install/turtlesim_plus/local/lib/python3.10/dist-packages/turtlesim_plus/image/turtle/dashing.png
[0.737s] -- Up-to-date: /home/farao/ros2_ws/install/turtlesim_plus/local/lib/python3.10/dist-packages/turtlesim_plus/image/turtle/rolling.png
[0.738s] -- Up-to-date: /home/farao/ros2_ws/install/turtlesim_plus/local/lib/python3.10/dist-packages/turtlesim_plus/image/map
[0.738s] -- Up-to-date: /home/farao/ros2_ws/install/turtlesim_plus/local/lib/python3.10/dist-packages/turtlesim_plus/image/map/map.png
[0.738s] -- Up-to-date: /home/farao/ros2_ws/install/turtlesim_plus/local/lib/python3.10/dist-packages/turtlesim_plus/image/object
[0.738s] -- Up-to-date: /home/farao/ros2_ws/install/turtlesim_plus/local/lib/python3.10/dist-packages/turtlesim_plus/image/object/pizza.png
[0.738s] -- Up-to-date: /home/farao/ros2_ws/install/turtlesim_plus/local/lib/python3.10/dist-packages/turtlesim_plus/image/object/parcel.png
[0.738s] -- Up-to-date: /home/farao/ros2_ws/install/turtlesim_plus/local/lib/python3.10/dist-packages/turtlesim_plus/__init__.py
[0.738s] -- Up-to-date: /home/farao/ros2_ws/install/turtlesim_plus/local/lib/python3.10/dist-packages/turtlesim_plus/ros2_plugins.py
[0.738s] -- Up-to-date: /home/farao/ros2_ws/install/turtlesim_plus/local/lib/python3.10/dist-packages/turtlesim_plus/entity.py
[0.765s] Listing '/home/farao/ros2_ws/install/turtlesim_plus/local/lib/python3.10/dist-packages/turtlesim_plus'...
[0.765s] Listing '/home/farao/ros2_ws/install/turtlesim_plus/local/lib/python3.10/dist-packages/turtlesim_plus/image'...
[0.765s] Listing '/home/farao/ros2_ws/install/turtlesim_plus/local/lib/python3.10/dist-packages/turtlesim_plus/image/map'...
[0.765s] Listing '/home/farao/ros2_ws/install/turtlesim_plus/local/lib/python3.10/dist-packages/turtlesim_plus/image/object'...
[0.765s] Listing '/home/farao/ros2_ws/install/turtlesim_plus/local/lib/python3.10/dist-packages/turtlesim_plus/image/turtle'...
[0.769s] -- Up-to-date: /home/farao/ros2_ws/install/turtlesim_plus/lib/turtlesim_plus/turtlesim_plus_node.py
[0.769s] -- Up-to-date: /home/farao/ros2_ws/install/turtlesim_plus/lib/turtlesim_plus/pizza_on_click.py
[0.769s] -- Up-to-date: /home/farao/ros2_ws/install/turtlesim_plus/share/turtlesim_plus
[0.770s] -- Up-to-date: /home/farao/ros2_ws/install/turtlesim_plus/share/ament_index/resource_index/package_run_dependencies/turtlesim_plus
[0.770s] -- Installing: /home/farao/ros2_ws/install/turtlesim_plus/share/ament_index/resource_index/parent_prefix_path/turtlesim_plus
[0.770s] -- Installing: /home/farao/ros2_ws/install/turtlesim_plus/share/turtlesim_plus/environment/ament_prefix_path.sh
[0.770s] -- Installing: /home/farao/ros2_ws/install/turtlesim_plus/share/turtlesim_plus/environment/ament_prefix_path.dsv
[0.770s] -- Installing: /home/farao/ros2_ws/install/turtlesim_plus/share/turtlesim_plus/environment/path.sh
[0.770s] -- Installing: /home/farao/ros2_ws/install/turtlesim_plus/share/turtlesim_plus/environment/path.dsv
[0.770s] -- Up-to-date: /home/farao/ros2_ws/install/turtlesim_plus/share/turtlesim_plus/local_setup.bash
[0.770s] -- Up-to-date: /home/farao/ros2_ws/install/turtlesim_plus/share/turtlesim_plus/local_setup.sh
[0.770s] -- Up-to-date: /home/farao/ros2_ws/install/turtlesim_plus/share/turtlesim_plus/local_setup.zsh
[0.770s] -- Installing: /home/farao/ros2_ws/install/turtlesim_plus/share/turtlesim_plus/local_setup.dsv
[0.770s] -- Installing: /home/farao/ros2_ws/install/turtlesim_plus/share/turtlesim_plus/package.dsv
[0.770s] -- Up-to-date: /home/farao/ros2_ws/install/turtlesim_plus/share/ament_index/resource_index/packages/turtlesim_plus
[0.770s] -- Up-to-date: /home/farao/ros2_ws/install/turtlesim_plus/share/turtlesim_plus/cmake/turtlesim_plusConfig.cmake
[0.770s] -- Up-to-date: /home/farao/ros2_ws/install/turtlesim_plus/share/turtlesim_plus/cmake/turtlesim_plusConfig-version.cmake
[0.770s] -- Up-to-date: /home/farao/ros2_ws/install/turtlesim_plus/share/turtlesim_plus/package.xml
[0.788s] Invoked command in '/home/farao/ros2_ws/build/turtlesim_plus' returned '0': CMAKE_PREFIX_PATH=${CMAKE_PREFIX_PATH}:/opt/ros/humble /usr/bin/cmake --install /home/farao/ros2_ws/build/turtlesim_plus
