[0.016s] Invoking command in '/home/farao/ros2_ws/build/turtle_bringup': CMAKE_PREFIX_PATH=${CMAKE_PREFIX_PATH}:/opt/ros/humble /usr/bin/cmake --build /home/farao/ros2_ws/build/turtle_bringup -- -j20 -l20
[0.034s] -- Found ament_cmake: 1.3.9 (/opt/ros/humble/share/ament_cmake/cmake)
[0.165s] -- Found rclcpp: 16.0.9 (/opt/ros/humble/share/rclcpp/cmake)
[0.191s] -- Found rosidl_generator_c: 3.1.5 (/opt/ros/humble/share/rosidl_generator_c/cmake)
[0.193s] -- Found rosidl_adapter: 3.1.5 (/opt/ros/humble/share/rosidl_adapter/cmake)
[0.198s] -- Found rosidl_generator_cpp: 3.1.5 (/opt/ros/humble/share/rosidl_generator_cpp/cmake)
[0.209s] -- Using all available rosidl_typesupport_c: rosidl_typesupport_fastrtps_c;rosidl_typesupport_introspection_c
[0.225s] -- Using all available rosidl_typesupport_cpp: rosidl_typesupport_fastrtps_cpp;rosidl_typesupport_introspection_cpp
[0.263s] -- Found rmw_implementation_cmake: 6.1.2 (/opt/ros/humble/share/rmw_implementation_cmake/cmake)
[0.263s] -- Found rmw_fastrtps_cpp: 6.2.6 (/opt/ros/humble/share/rmw_fastrtps_cpp/cmake)
[0.336s] -- Using RMW implementation 'rmw_fastrtps_cpp' as default
[0.429s] -- Found rclpy: 3.3.13 (/opt/ros/humble/share/rclpy/cmake)
[0.511s] -- Configuring done
[0.518s] -- Generating done
[0.519s] -- Build files have been written to: /home/farao/ros2_ws/build/turtle_bringup
[0.536s] [35m[1mConsolidate compiler generated dependencies of target cpp_node_test[0m
[0.544s] [100%] Built target cpp_node_test
[0.550s] [100%] Built target ament_cmake_python_copy_turtle_bringup
[0.678s] running egg_info
[0.678s] writing turtle_bringup.egg-info/PKG-INFO
[0.678s] writing dependency_links to turtle_bringup.egg-info/dependency_links.txt
[0.678s] writing top-level names to turtle_bringup.egg-info/top_level.txt
[0.679s] reading manifest file 'turtle_bringup.egg-info/SOURCES.txt'
[0.679s] writing manifest file 'turtle_bringup.egg-info/SOURCES.txt'
[0.697s] [100%] Built target ament_cmake_python_build_turtle_bringup_egg
[0.704s] Invoked command in '/home/farao/ros2_ws/build/turtle_bringup' returned '0': CMAKE_PREFIX_PATH=${CMAKE_PREFIX_PATH}:/opt/ros/humble /usr/bin/cmake --build /home/farao/ros2_ws/build/turtle_bringup -- -j20 -l20
[0.725s] Invoking command in '/home/farao/ros2_ws/build/turtle_bringup': CMAKE_PREFIX_PATH=${CMAKE_PREFIX_PATH}:/opt/ros/humble /usr/bin/cmake --install /home/farao/ros2_ws/build/turtle_bringup
[0.729s] -- Install configuration: ""
[0.729s] -- Up-to-date: /home/farao/ros2_ws/install/turtle_bringup/share/turtle_bringup/environment/pythonpath.sh
[0.729s] -- Installing: /home/farao/ros2_ws/install/turtle_bringup/share/turtle_bringup/environment/pythonpath.dsv
[0.729s] -- Up-to-date: /home/farao/ros2_ws/install/turtle_bringup/local/lib/python3.10/dist-packages/turtle_bringup-0.0.0-py3.10.egg-info
[0.729s] -- Installing: /home/farao/ros2_ws/install/turtle_bringup/local/lib/python3.10/dist-packages/turtle_bringup-0.0.0-py3.10.egg-info/dependency_links.txt
[0.729s] -- Installing: /home/farao/ros2_ws/install/turtle_bringup/local/lib/python3.10/dist-packages/turtle_bringup-0.0.0-py3.10.egg-info/PKG-INFO
[0.729s] -- Installing: /home/farao/ros2_ws/install/turtle_bringup/local/lib/python3.10/dist-packages/turtle_bringup-0.0.0-py3.10.egg-info/top_level.txt
[0.729s] -- Installing: /home/farao/ros2_ws/install/turtle_bringup/local/lib/python3.10/dist-packages/turtle_bringup-0.0.0-py3.10.egg-info/SOURCES.txt
[0.729s] -- Up-to-date: /home/farao/ros2_ws/install/turtle_bringup/local/lib/python3.10/dist-packages/turtle_bringup
[0.729s] -- Up-to-date: /home/farao/ros2_ws/install/turtle_bringup/local/lib/python3.10/dist-packages/turtle_bringup/__init__.py
[0.729s] -- Up-to-date: /home/farao/ros2_ws/install/turtle_bringup/local/lib/python3.10/dist-packages/turtle_bringup/dummy_module.py
[0.748s] Listing '/home/farao/ros2_ws/install/turtle_bringup/local/lib/python3.10/dist-packages/turtle_bringup'...
[0.751s] -- Up-to-date: /home/farao/ros2_ws/install/turtle_bringup/lib/turtle_bringup/controller.py
[0.751s] -- Up-to-date: /home/farao/ros2_ws/install/turtle_bringup/lib/turtle_bringup/crazy_turtle.py
[0.751s] -- Up-to-date: /home/farao/ros2_ws/install/turtle_bringup/lib/turtle_bringup/crazy_pizza.py
[0.751s] -- Up-to-date: /home/farao/ros2_ws/install/turtle_bringup/lib/turtle_bringup/odom_publisher.py
[0.751s] -- Up-to-date: /home/farao/ros2_ws/install/turtle_bringup/lib/turtle_bringup/cpp_node_test
[0.751s] -- Installing: /home/farao/ros2_ws/install/turtle_bringup/share/turtle_bringup/launch
[0.751s] -- Installing: /home/farao/ros2_ws/install/turtle_bringup/share/turtle_bringup/launch/turtle_bringup.launch.py
[0.752s] -- Installing: /home/farao/ros2_ws/install/turtle_bringup/share/turtle_bringup/launch/__pycache__
[0.752s] -- Installing: /home/farao/ros2_ws/install/turtle_bringup/share/turtle_bringup/launch/__pycache__/turtle_bringup.launch.cpython-310.pyc
[0.752s] -- Up-to-date: /home/farao/ros2_ws/install/turtle_bringup/share/ament_index/resource_index/package_run_dependencies/turtle_bringup
[0.752s] -- Installing: /home/farao/ros2_ws/install/turtle_bringup/share/ament_index/resource_index/parent_prefix_path/turtle_bringup
[0.752s] -- Up-to-date: /home/farao/ros2_ws/install/turtle_bringup/share/turtle_bringup/environment/ament_prefix_path.sh
[0.752s] -- Installing: /home/farao/ros2_ws/install/turtle_bringup/share/turtle_bringup/environment/ament_prefix_path.dsv
[0.752s] -- Up-to-date: /home/farao/ros2_ws/install/turtle_bringup/share/turtle_bringup/environment/path.sh
[0.752s] -- Installing: /home/farao/ros2_ws/install/turtle_bringup/share/turtle_bringup/environment/path.dsv
[0.752s] -- Up-to-date: /home/farao/ros2_ws/install/turtle_bringup/share/turtle_bringup/local_setup.bash
[0.752s] -- Up-to-date: /home/farao/ros2_ws/install/turtle_bringup/share/turtle_bringup/local_setup.sh
[0.752s] -- Up-to-date: /home/farao/ros2_ws/install/turtle_bringup/share/turtle_bringup/local_setup.zsh
[0.752s] -- Installing: /home/farao/ros2_ws/install/turtle_bringup/share/turtle_bringup/local_setup.dsv
[0.752s] -- Installing: /home/farao/ros2_ws/install/turtle_bringup/share/turtle_bringup/package.dsv
[0.753s] -- Up-to-date: /home/farao/ros2_ws/install/turtle_bringup/share/ament_index/resource_index/packages/turtle_bringup
[0.753s] -- Up-to-date: /home/farao/ros2_ws/install/turtle_bringup/share/turtle_bringup/cmake/turtle_bringupConfig.cmake
[0.754s] -- Up-to-date: /home/farao/ros2_ws/install/turtle_bringup/share/turtle_bringup/cmake/turtle_bringupConfig-version.cmake
[0.754s] -- Up-to-date: /home/farao/ros2_ws/install/turtle_bringup/share/turtle_bringup/package.xml
[0.754s] Invoked command in '/home/farao/ros2_ws/build/turtle_bringup' returned '0': CMAKE_PREFIX_PATH=${CMAKE_PREFIX_PATH}:/opt/ros/humble /usr/bin/cmake --install /home/farao/ros2_ws/build/turtle_bringup
