[0.016s] Invoking command in '/home/farao/ros2_ws/build/lab1_interface': CMAKE_PREFIX_PATH=${CMAKE_PREFIX_PATH}:/opt/ros/humble /usr/bin/cmake --build /home/farao/ros2_ws/build/lab1_interface -- -j20 -l20
[0.048s] [  9%] Built target lab1_interface__rosidl_generator_c
[0.048s] [ 12%] Built target lab1_interface__cpp
[0.056s] [ 12%] Built target ament_cmake_python_copy_lab1_interface
[0.064s] [ 22%] Built target lab1_interface__rosidl_typesupport_c
[0.065s] [ 32%] Built target lab1_interface__rosidl_typesupport_introspection_c
[0.066s] [ 41%] Built target lab1_interface__rosidl_typesupport_fastrtps_c
[0.067s] [ 51%] Built target lab1_interface__rosidl_typesupport_introspection_cpp
[0.071s] [ 61%] Built target lab1_interface__rosidl_typesupport_cpp
[0.075s] [ 70%] Built target lab1_interface__rosidl_typesupport_fastrtps_cpp
[0.088s] [ 70%] Built target lab1_interface
[0.100s] [ 74%] Built target lab1_interface__py
[0.118s] [ 80%] Built target lab1_interface__rosidl_generator_py
[0.134s] [ 87%] Built target lab1_interface__rosidl_typesupport_c__pyext
[0.134s] [ 93%] Built target lab1_interface__rosidl_typesupport_fastrtps_c__pyext
[0.136s] [100%] Built target lab1_interface__rosidl_typesupport_introspection_c__pyext
[0.202s] running egg_info
[0.203s] writing lab1_interface.egg-info/PKG-INFO
[0.203s] writing dependency_links to lab1_interface.egg-info/dependency_links.txt
[0.203s] writing top-level names to lab1_interface.egg-info/top_level.txt
[0.204s] reading manifest file 'lab1_interface.egg-info/SOURCES.txt'
[0.204s] writing manifest file 'lab1_interface.egg-info/SOURCES.txt'
[0.224s] [100%] Built target ament_cmake_python_build_lab1_interface_egg
[0.232s] Invoked command in '/home/farao/ros2_ws/build/lab1_interface' returned '0': CMAKE_PREFIX_PATH=${CMAKE_PREFIX_PATH}:/opt/ros/humble /usr/bin/cmake --build /home/farao/ros2_ws/build/lab1_interface -- -j20 -l20
[0.281s] Invoking command in '/home/farao/ros2_ws/build/lab1_interface': CMAKE_PREFIX_PATH=${CMAKE_PREFIX_PATH}:/opt/ros/humble /usr/bin/cmake --install /home/farao/ros2_ws/build/lab1_interface
[0.288s] -- Install configuration: ""
[0.289s] -- Up-to-date: /home/farao/ros2_ws/install/lab1_interface/share/ament_index/resource_index/rosidl_interfaces/lab1_interface
[0.289s] -- Up-to-date: /home/farao/ros2_ws/install/lab1_interface/include/lab1_interface/lab1_interface
[0.289s] -- Up-to-date: /home/farao/ros2_ws/install/lab1_interface/include/lab1_interface/lab1_interface/srv
[0.289s] -- Up-to-date: /home/farao/ros2_ws/install/lab1_interface/include/lab1_interface/lab1_interface/srv/set_noise.h
[0.289s] -- Up-to-date: /home/farao/ros2_ws/install/lab1_interface/include/lab1_interface/lab1_interface/srv/detail
[0.290s] -- Up-to-date: /home/farao/ros2_ws/install/lab1_interface/include/lab1_interface/lab1_interface/srv/detail/set_noise__type_support.h
[0.290s] -- Up-to-date: /home/farao/ros2_ws/install/lab1_interface/include/lab1_interface/lab1_interface/srv/detail/set_noise__functions.h
[0.290s] -- Up-to-date: /home/farao/ros2_ws/install/lab1_interface/include/lab1_interface/lab1_interface/srv/detail/set_noise__functions.c
[0.290s] -- Up-to-date: /home/farao/ros2_ws/install/lab1_interface/include/lab1_interface/lab1_interface/srv/detail/set_noise__struct.h
[0.290s] -- Up-to-date: /home/farao/ros2_ws/install/lab1_interface/include/lab1_interface/lab1_interface/msg
[0.290s] -- Up-to-date: /home/farao/ros2_ws/install/lab1_interface/include/lab1_interface/lab1_interface/msg/rosidl_generator_c__visibility_control.h
[0.290s] -- Up-to-date: /home/farao/ros2_ws/install/lab1_interface/share/lab1_interface/environment/library_path.sh
[0.291s] -- Up-to-date: /home/farao/ros2_ws/install/lab1_interface/share/lab1_interface/environment/library_path.dsv
[0.291s] -- Up-to-date: /home/farao/ros2_ws/install/lab1_interface/lib/liblab1_interface__rosidl_generator_c.so
[0.291s] -- Up-to-date: /home/farao/ros2_ws/install/lab1_interface/include/lab1_interface/lab1_interface
[0.291s] -- Up-to-date: /home/farao/ros2_ws/install/lab1_interface/include/lab1_interface/lab1_interface/srv
[0.291s] -- Up-to-date: /home/farao/ros2_ws/install/lab1_interface/include/lab1_interface/lab1_interface/srv/detail
[0.291s] -- Up-to-date: /home/farao/ros2_ws/install/lab1_interface/include/lab1_interface/lab1_interface/srv/detail/set_noise__rosidl_typesupport_fastrtps_c.h
[0.291s] -- Up-to-date: /home/farao/ros2_ws/install/lab1_interface/include/lab1_interface/lab1_interface/msg
[0.291s] -- Up-to-date: /home/farao/ros2_ws/install/lab1_interface/include/lab1_interface/lab1_interface/msg/rosidl_typesupport_fastrtps_c__visibility_control.h
[0.292s] -- Up-to-date: /home/farao/ros2_ws/install/lab1_interface/lib/liblab1_interface__rosidl_typesupport_fastrtps_c.so
[0.293s] -- Up-to-date: /home/farao/ros2_ws/install/lab1_interface/include/lab1_interface/lab1_interface
[0.293s] -- Up-to-date: /home/farao/ros2_ws/install/lab1_interface/include/lab1_interface/lab1_interface/srv
[0.293s] -- Up-to-date: /home/farao/ros2_ws/install/lab1_interface/include/lab1_interface/lab1_interface/srv/set_noise.hpp
[0.293s] -- Up-to-date: /home/farao/ros2_ws/install/lab1_interface/include/lab1_interface/lab1_interface/srv/detail
[0.293s] -- Up-to-date: /home/farao/ros2_ws/install/lab1_interface/include/lab1_interface/lab1_interface/srv/detail/set_noise__traits.hpp
[0.293s] -- Up-to-date: /home/farao/ros2_ws/install/lab1_interface/include/lab1_interface/lab1_interface/srv/detail/set_noise__struct.hpp
[0.293s] -- Up-to-date: /home/farao/ros2_ws/install/lab1_interface/include/lab1_interface/lab1_interface/srv/detail/set_noise__builder.hpp
[0.293s] -- Up-to-date: /home/farao/ros2_ws/install/lab1_interface/include/lab1_interface/lab1_interface
[0.293s] -- Up-to-date: /home/farao/ros2_ws/install/lab1_interface/include/lab1_interface/lab1_interface/srv
[0.293s] -- Up-to-date: /home/farao/ros2_ws/install/lab1_interface/include/lab1_interface/lab1_interface/srv/detail
[0.293s] -- Up-to-date: /home/farao/ros2_ws/install/lab1_interface/include/lab1_interface/lab1_interface/srv/detail/dds_fastrtps
[0.293s] -- Up-to-date: /home/farao/ros2_ws/install/lab1_interface/include/lab1_interface/lab1_interface/srv/detail/set_noise__rosidl_typesupport_fastrtps_cpp.hpp
[0.293s] -- Up-to-date: /home/farao/ros2_ws/install/lab1_interface/include/lab1_interface/lab1_interface/msg
[0.293s] -- Up-to-date: /home/farao/ros2_ws/install/lab1_interface/include/lab1_interface/lab1_interface/msg/rosidl_typesupport_fastrtps_cpp__visibility_control.h
[0.293s] -- Up-to-date: /home/farao/ros2_ws/install/lab1_interface/lib/liblab1_interface__rosidl_typesupport_fastrtps_cpp.so
[0.293s] -- Up-to-date: /home/farao/ros2_ws/install/lab1_interface/include/lab1_interface/lab1_interface
[0.293s] -- Up-to-date: /home/farao/ros2_ws/install/lab1_interface/include/lab1_interface/lab1_interface/srv
[0.293s] -- Up-to-date: /home/farao/ros2_ws/install/lab1_interface/include/lab1_interface/lab1_interface/srv/detail
[0.293s] -- Up-to-date: /home/farao/ros2_ws/install/lab1_interface/include/lab1_interface/lab1_interface/srv/detail/set_noise__rosidl_typesupport_introspection_c.h
[0.293s] -- Up-to-date: /home/farao/ros2_ws/install/lab1_interface/include/lab1_interface/lab1_interface/srv/detail/set_noise__type_support.c
[0.293s] -- Up-to-date: /home/farao/ros2_ws/install/lab1_interface/include/lab1_interface/lab1_interface/msg
[0.294s] -- Up-to-date: /home/farao/ros2_ws/install/lab1_interface/include/lab1_interface/lab1_interface/msg/rosidl_typesupport_introspection_c__visibility_control.h
[0.294s] -- Up-to-date: /home/farao/ros2_ws/install/lab1_interface/lib/liblab1_interface__rosidl_typesupport_introspection_c.so
[0.294s] -- Up-to-date: /home/farao/ros2_ws/install/lab1_interface/lib/liblab1_interface__rosidl_typesupport_c.so
[0.294s] -- Up-to-date: /home/farao/ros2_ws/install/lab1_interface/include/lab1_interface/lab1_interface
[0.294s] -- Up-to-date: /home/farao/ros2_ws/install/lab1_interface/include/lab1_interface/lab1_interface/srv
[0.294s] -- Up-to-date: /home/farao/ros2_ws/install/lab1_interface/include/lab1_interface/lab1_interface/srv/detail
[0.294s] -- Up-to-date: /home/farao/ros2_ws/install/lab1_interface/include/lab1_interface/lab1_interface/srv/detail/set_noise__type_support.cpp
[0.294s] -- Up-to-date: /home/farao/ros2_ws/install/lab1_interface/include/lab1_interface/lab1_interface/srv/detail/set_noise__rosidl_typesupport_introspection_cpp.hpp
[0.294s] -- Up-to-date: /home/farao/ros2_ws/install/lab1_interface/lib/liblab1_interface__rosidl_typesupport_introspection_cpp.so
[0.294s] -- Up-to-date: /home/farao/ros2_ws/install/lab1_interface/lib/liblab1_interface__rosidl_typesupport_cpp.so
[0.294s] -- Up-to-date: /home/farao/ros2_ws/install/lab1_interface/share/lab1_interface/environment/pythonpath.sh
[0.294s] -- Up-to-date: /home/farao/ros2_ws/install/lab1_interface/share/lab1_interface/environment/pythonpath.dsv
[0.294s] -- Up-to-date: /home/farao/ros2_ws/install/lab1_interface/local/lib/python3.10/dist-packages/lab1_interface-0.0.0-py3.10.egg-info
[0.294s] -- Installing: /home/farao/ros2_ws/install/lab1_interface/local/lib/python3.10/dist-packages/lab1_interface-0.0.0-py3.10.egg-info/dependency_links.txt
[0.294s] -- Installing: /home/farao/ros2_ws/install/lab1_interface/local/lib/python3.10/dist-packages/lab1_interface-0.0.0-py3.10.egg-info/PKG-INFO
[0.294s] -- Installing: /home/farao/ros2_ws/install/lab1_interface/local/lib/python3.10/dist-packages/lab1_interface-0.0.0-py3.10.egg-info/top_level.txt
[0.294s] -- Installing: /home/farao/ros2_ws/install/lab1_interface/local/lib/python3.10/dist-packages/lab1_interface-0.0.0-py3.10.egg-info/SOURCES.txt
[0.295s] -- Up-to-date: /home/farao/ros2_ws/install/lab1_interface/local/lib/python3.10/dist-packages/lab1_interface
[0.295s] -- Up-to-date: /home/farao/ros2_ws/install/lab1_interface/local/lib/python3.10/dist-packages/lab1_interface/_lab1_interface_s.ep.rosidl_typesupport_introspection_c.c
[0.295s] -- Up-to-date: /home/farao/ros2_ws/install/lab1_interface/local/lib/python3.10/dist-packages/lab1_interface/lab1_interface_s__rosidl_typesupport_fastrtps_c.cpython-310-x86_64-linux-gnu.so
[0.295s] -- Up-to-date: /home/farao/ros2_ws/install/lab1_interface/local/lib/python3.10/dist-packages/lab1_interface/lab1_interface_s__rosidl_typesupport_c.cpython-310-x86_64-linux-gnu.so
[0.295s] -- Up-to-date: /home/farao/ros2_ws/install/lab1_interface/local/lib/python3.10/dist-packages/lab1_interface/_lab1_interface_s.ep.rosidl_typesupport_c.c
[0.295s] -- Up-to-date: /home/farao/ros2_ws/install/lab1_interface/local/lib/python3.10/dist-packages/lab1_interface/__init__.py
[0.295s] -- Up-to-date: /home/farao/ros2_ws/install/lab1_interface/local/lib/python3.10/dist-packages/lab1_interface/srv
[0.295s] -- Up-to-date: /home/farao/ros2_ws/install/lab1_interface/local/lib/python3.10/dist-packages/lab1_interface/srv/__init__.py
[0.295s] -- Up-to-date: /home/farao/ros2_ws/install/lab1_interface/local/lib/python3.10/dist-packages/lab1_interface/srv/_set_noise_s.c
[0.295s] -- Up-to-date: /home/farao/ros2_ws/install/lab1_interface/local/lib/python3.10/dist-packages/lab1_interface/srv/_set_noise.py
[0.295s] -- Up-to-date: /home/farao/ros2_ws/install/lab1_interface/local/lib/python3.10/dist-packages/lab1_interface/_lab1_interface_s.ep.rosidl_typesupport_fastrtps_c.c
[0.295s] -- Up-to-date: /home/farao/ros2_ws/install/lab1_interface/local/lib/python3.10/dist-packages/lab1_interface/liblab1_interface__rosidl_generator_py.so
[0.295s] -- Up-to-date: /home/farao/ros2_ws/install/lab1_interface/local/lib/python3.10/dist-packages/lab1_interface/lab1_interface_s__rosidl_typesupport_introspection_c.cpython-310-x86_64-linux-gnu.so
[0.313s] Listing '/home/farao/ros2_ws/install/lab1_interface/local/lib/python3.10/dist-packages/lab1_interface'...
[0.313s] Listing '/home/farao/ros2_ws/install/lab1_interface/local/lib/python3.10/dist-packages/lab1_interface/srv'...
[0.317s] -- Up-to-date: /home/farao/ros2_ws/install/lab1_interface/local/lib/python3.10/dist-packages/lab1_interface/lab1_interface_s__rosidl_typesupport_fastrtps_c.cpython-310-x86_64-linux-gnu.so
[0.317s] -- Up-to-date: /home/farao/ros2_ws/install/lab1_interface/local/lib/python3.10/dist-packages/lab1_interface/lab1_interface_s__rosidl_typesupport_introspection_c.cpython-310-x86_64-linux-gnu.so
[0.318s] -- Up-to-date: /home/farao/ros2_ws/install/lab1_interface/local/lib/python3.10/dist-packages/lab1_interface/lab1_interface_s__rosidl_typesupport_c.cpython-310-x86_64-linux-gnu.so
[0.318s] -- Up-to-date: /home/farao/ros2_ws/install/lab1_interface/lib/liblab1_interface__rosidl_generator_py.so
[0.318s] -- Up-to-date: /home/farao/ros2_ws/install/lab1_interface/share/lab1_interface/srv/SetNoise.idl
[0.318s] -- Up-to-date: /home/farao/ros2_ws/install/lab1_interface/share/lab1_interface/srv/SetNoise.srv
[0.318s] -- Up-to-date: /home/farao/ros2_ws/install/lab1_interface/share/lab1_interface/srv/SetNoise_Request.msg
[0.318s] -- Up-to-date: /home/farao/ros2_ws/install/lab1_interface/share/lab1_interface/srv/SetNoise_Response.msg
[0.318s] -- Up-to-date: /home/farao/ros2_ws/install/lab1_interface/share/ament_index/resource_index/package_run_dependencies/lab1_interface
[0.318s] -- Up-to-date: /home/farao/ros2_ws/install/lab1_interface/share/ament_index/resource_index/parent_prefix_path/lab1_interface
[0.318s] -- Up-to-date: /home/farao/ros2_ws/install/lab1_interface/share/lab1_interface/environment/ament_prefix_path.sh
[0.318s] -- Up-to-date: /home/farao/ros2_ws/install/lab1_interface/share/lab1_interface/environment/ament_prefix_path.dsv
[0.318s] -- Up-to-date: /home/farao/ros2_ws/install/lab1_interface/share/lab1_interface/environment/path.sh
[0.318s] -- Up-to-date: /home/farao/ros2_ws/install/lab1_interface/share/lab1_interface/environment/path.dsv
[0.319s] -- Up-to-date: /home/farao/ros2_ws/install/lab1_interface/share/lab1_interface/local_setup.bash
[0.319s] -- Up-to-date: /home/farao/ros2_ws/install/lab1_interface/share/lab1_interface/local_setup.sh
[0.319s] -- Up-to-date: /home/farao/ros2_ws/install/lab1_interface/share/lab1_interface/local_setup.zsh
[0.319s] -- Up-to-date: /home/farao/ros2_ws/install/lab1_interface/share/lab1_interface/local_setup.dsv
[0.319s] -- Installing: /home/farao/ros2_ws/install/lab1_interface/share/lab1_interface/package.dsv
[0.319s] -- Up-to-date: /home/farao/ros2_ws/install/lab1_interface/share/ament_index/resource_index/packages/lab1_interface
[0.319s] -- Up-to-date: /home/farao/ros2_ws/install/lab1_interface/share/lab1_interface/cmake/export_lab1_interface__rosidl_generator_cExport.cmake
[0.319s] -- Up-to-date: /home/farao/ros2_ws/install/lab1_interface/share/lab1_interface/cmake/export_lab1_interface__rosidl_generator_cExport-noconfig.cmake
[0.319s] -- Up-to-date: /home/farao/ros2_ws/install/lab1_interface/share/lab1_interface/cmake/export_lab1_interface__rosidl_typesupport_fastrtps_cExport.cmake
[0.319s] -- Up-to-date: /home/farao/ros2_ws/install/lab1_interface/share/lab1_interface/cmake/export_lab1_interface__rosidl_typesupport_fastrtps_cExport-noconfig.cmake
[0.320s] -- Up-to-date: /home/farao/ros2_ws/install/lab1_interface/share/lab1_interface/cmake/export_lab1_interface__rosidl_generator_cppExport.cmake
[0.320s] -- Up-to-date: /home/farao/ros2_ws/install/lab1_interface/share/lab1_interface/cmake/export_lab1_interface__rosidl_typesupport_fastrtps_cppExport.cmake
[0.320s] -- Up-to-date: /home/farao/ros2_ws/install/lab1_interface/share/lab1_interface/cmake/export_lab1_interface__rosidl_typesupport_fastrtps_cppExport-noconfig.cmake
[0.320s] -- Up-to-date: /home/farao/ros2_ws/install/lab1_interface/share/lab1_interface/cmake/lab1_interface__rosidl_typesupport_introspection_cExport.cmake
[0.320s] -- Up-to-date: /home/farao/ros2_ws/install/lab1_interface/share/lab1_interface/cmake/lab1_interface__rosidl_typesupport_introspection_cExport-noconfig.cmake
[0.320s] -- Up-to-date: /home/farao/ros2_ws/install/lab1_interface/share/lab1_interface/cmake/lab1_interface__rosidl_typesupport_cExport.cmake
[0.320s] -- Up-to-date: /home/farao/ros2_ws/install/lab1_interface/share/lab1_interface/cmake/lab1_interface__rosidl_typesupport_cExport-noconfig.cmake
[0.320s] -- Up-to-date: /home/farao/ros2_ws/install/lab1_interface/share/lab1_interface/cmake/lab1_interface__rosidl_typesupport_introspection_cppExport.cmake
[0.320s] -- Up-to-date: /home/farao/ros2_ws/install/lab1_interface/share/lab1_interface/cmake/lab1_interface__rosidl_typesupport_introspection_cppExport-noconfig.cmake
[0.320s] -- Up-to-date: /home/farao/ros2_ws/install/lab1_interface/share/lab1_interface/cmake/lab1_interface__rosidl_typesupport_cppExport.cmake
[0.320s] -- Up-to-date: /home/farao/ros2_ws/install/lab1_interface/share/lab1_interface/cmake/lab1_interface__rosidl_typesupport_cppExport-noconfig.cmake
[0.320s] -- Up-to-date: /home/farao/ros2_ws/install/lab1_interface/share/lab1_interface/cmake/export_lab1_interface__rosidl_generator_pyExport.cmake
[0.320s] -- Up-to-date: /home/farao/ros2_ws/install/lab1_interface/share/lab1_interface/cmake/export_lab1_interface__rosidl_generator_pyExport-noconfig.cmake
[0.320s] -- Up-to-date: /home/farao/ros2_ws/install/lab1_interface/share/lab1_interface/cmake/rosidl_cmake-extras.cmake
[0.320s] -- Up-to-date: /home/farao/ros2_ws/install/lab1_interface/share/lab1_interface/cmake/ament_cmake_export_dependencies-extras.cmake
[0.321s] -- Up-to-date: /home/farao/ros2_ws/install/lab1_interface/share/lab1_interface/cmake/ament_cmake_export_include_directories-extras.cmake
[0.321s] -- Up-to-date: /home/farao/ros2_ws/install/lab1_interface/share/lab1_interface/cmake/ament_cmake_export_libraries-extras.cmake
[0.321s] -- Up-to-date: /home/farao/ros2_ws/install/lab1_interface/share/lab1_interface/cmake/ament_cmake_export_targets-extras.cmake
[0.321s] -- Up-to-date: /home/farao/ros2_ws/install/lab1_interface/share/lab1_interface/cmake/rosidl_cmake_export_typesupport_targets-extras.cmake
[0.321s] -- Up-to-date: /home/farao/ros2_ws/install/lab1_interface/share/lab1_interface/cmake/rosidl_cmake_export_typesupport_libraries-extras.cmake
[0.321s] -- Up-to-date: /home/farao/ros2_ws/install/lab1_interface/share/lab1_interface/cmake/lab1_interfaceConfig.cmake
[0.321s] -- Up-to-date: /home/farao/ros2_ws/install/lab1_interface/share/lab1_interface/cmake/lab1_interfaceConfig-version.cmake
[0.321s] -- Up-to-date: /home/farao/ros2_ws/install/lab1_interface/share/lab1_interface/package.xml
[0.335s] Invoked command in '/home/farao/ros2_ws/build/lab1_interface' returned '0': CMAKE_PREFIX_PATH=${CMAKE_PREFIX_PATH}:/opt/ros/humble /usr/bin/cmake --install /home/farao/ros2_ws/build/lab1_interface
