[0.009s] Invoking command in '/home/farao/ros2_ws/src/build/turtle_bringup': CMAKE_PREFIX_PATH=${CMAKE_PREFIX_PATH}:/opt/ros/humble /usr/bin/cmake /home/farao/ros2_ws/src/turtle_bringup -DCMAKE_INSTALL_PREFIX=/home/farao/ros2_ws/src/install/turtle_bringup
[0.058s] -- The C compiler identification is GNU 11.4.0
[0.092s] -- The CXX compiler identification is GNU 11.4.0
[0.097s] -- Detecting C compiler ABI info
[0.140s] -- Detecting C compiler ABI info - done
[0.145s] -- Check for working C compiler: /usr/bin/cc - skipped
[0.145s] -- Detecting C compile features
[0.146s] -- Detecting C compile features - done
[0.148s] -- Detecting CXX compiler ABI info
[0.198s] -- Detecting CXX compiler ABI info - done
[0.203s] -- Check for working CXX compiler: /usr/bin/c++ - skipped
[0.203s] -- Detecting CXX compile features
[0.203s] -- Detecting CXX compile features - done
[0.204s] -- Found ament_cmake: 1.3.9 (/opt/ros/humble/share/ament_cmake/cmake)
[0.303s] -- Found Python3: /usr/bin/python3 (found version "3.10.12") found components: Interpreter 
[0.363s] -- Found rclcpp: 16.0.9 (/opt/ros/humble/share/rclcpp/cmake)
[0.389s] -- Found rosidl_generator_c: 3.1.5 (/opt/ros/humble/share/rosidl_generator_c/cmake)
[0.392s] -- Found rosidl_adapter: 3.1.5 (/opt/ros/humble/share/rosidl_adapter/cmake)
[0.396s] -- Found rosidl_generator_cpp: 3.1.5 (/opt/ros/humble/share/rosidl_generator_cpp/cmake)
[0.404s] -- Using all available rosidl_typesupport_c: rosidl_typesupport_fastrtps_c;rosidl_typesupport_introspection_c
[0.416s] -- Using all available rosidl_typesupport_cpp: rosidl_typesupport_fastrtps_cpp;rosidl_typesupport_introspection_cpp
[0.457s] -- Found rmw_implementation_cmake: 6.1.2 (/opt/ros/humble/share/rmw_implementation_cmake/cmake)
[0.459s] -- Found rmw_fastrtps_cpp: 6.2.6 (/opt/ros/humble/share/rmw_fastrtps_cpp/cmake)
[0.520s] -- Found OpenSSL: /usr/lib/x86_64-linux-gnu/libcrypto.so (found version "3.0.2")  
[0.538s] -- Found FastRTPS: /opt/ros/humble/include  
[0.567s] -- Using RMW implementation 'rmw_fastrtps_cpp' as default
[0.574s] -- Looking for pthread.h
[0.625s] -- Looking for pthread.h - found
[0.625s] -- Performing Test CMAKE_HAVE_LIBC_PTHREAD
[0.677s] -- Performing Test CMAKE_HAVE_LIBC_PTHREAD - Success
[0.678s] -- Found Threads: TRUE  
[0.775s] -- Found rclpy: 3.3.13 (/opt/ros/humble/share/rclpy/cmake)
[0.873s] -- Configuring done
[0.878s] -- Generating done
[0.879s] -- Build files have been written to: /home/farao/ros2_ws/src/build/turtle_bringup
[0.890s] Invoked command in '/home/farao/ros2_ws/src/build/turtle_bringup' returned '0': CMAKE_PREFIX_PATH=${CMAKE_PREFIX_PATH}:/opt/ros/humble /usr/bin/cmake /home/farao/ros2_ws/src/turtle_bringup -DCMAKE_INSTALL_PREFIX=/home/farao/ros2_ws/src/install/turtle_bringup
[0.890s] Invoking command in '/home/farao/ros2_ws/src/build/turtle_bringup': CMAKE_PREFIX_PATH=${CMAKE_PREFIX_PATH}:/opt/ros/humble /usr/bin/cmake --build /home/farao/ros2_ws/src/build/turtle_bringup -- -j20 -l20
[0.917s] [ 50%] [32mBuilding CXX object CMakeFiles/cpp_node_test.dir/src/cpp_node.cpp.o[0m
[0.922s] [ 50%] Built target ament_cmake_python_copy_turtle_bringup
[1.061s] running egg_info
[1.062s] creating turtle_bringup.egg-info
[1.062s] writing turtle_bringup.egg-info/PKG-INFO
[1.062s] writing dependency_links to turtle_bringup.egg-info/dependency_links.txt
[1.062s] writing top-level names to turtle_bringup.egg-info/top_level.txt
[1.062s] writing manifest file 'turtle_bringup.egg-info/SOURCES.txt'
[1.063s] reading manifest file 'turtle_bringup.egg-info/SOURCES.txt'
[1.063s] writing manifest file 'turtle_bringup.egg-info/SOURCES.txt'
[1.074s] [100%] [32m[1mLinking CXX executable cpp_node_test[0m
[1.084s] [100%] Built target ament_cmake_python_build_turtle_bringup_egg
[1.142s] [100%] Built target cpp_node_test
[1.156s] Invoked command in '/home/farao/ros2_ws/src/build/turtle_bringup' returned '0': CMAKE_PREFIX_PATH=${CMAKE_PREFIX_PATH}:/opt/ros/humble /usr/bin/cmake --build /home/farao/ros2_ws/src/build/turtle_bringup -- -j20 -l20
[1.180s] Invoking command in '/home/farao/ros2_ws/src/build/turtle_bringup': CMAKE_PREFIX_PATH=${CMAKE_PREFIX_PATH}:/opt/ros/humble /usr/bin/cmake --install /home/farao/ros2_ws/src/build/turtle_bringup
[1.184s] -- Install configuration: ""
[1.185s] -- Installing: /home/farao/ros2_ws/src/install/turtle_bringup/share/turtle_bringup/environment/pythonpath.sh
[1.185s] -- Installing: /home/farao/ros2_ws/src/install/turtle_bringup/share/turtle_bringup/environment/pythonpath.dsv
[1.185s] -- Installing: /home/farao/ros2_ws/src/install/turtle_bringup/local/lib/python3.10/dist-packages/turtle_bringup-0.0.0-py3.10.egg-info
[1.185s] -- Installing: /home/farao/ros2_ws/src/install/turtle_bringup/local/lib/python3.10/dist-packages/turtle_bringup-0.0.0-py3.10.egg-info/dependency_links.txt
[1.185s] -- Installing: /home/farao/ros2_ws/src/install/turtle_bringup/local/lib/python3.10/dist-packages/turtle_bringup-0.0.0-py3.10.egg-info/PKG-INFO
[1.185s] -- Installing: /home/farao/ros2_ws/src/install/turtle_bringup/local/lib/python3.10/dist-packages/turtle_bringup-0.0.0-py3.10.egg-info/top_level.txt
[1.185s] -- Installing: /home/farao/ros2_ws/src/install/turtle_bringup/local/lib/python3.10/dist-packages/turtle_bringup-0.0.0-py3.10.egg-info/SOURCES.txt
[1.185s] -- Installing: /home/farao/ros2_ws/src/install/turtle_bringup/local/lib/python3.10/dist-packages/turtle_bringup
[1.185s] -- Installing: /home/farao/ros2_ws/src/install/turtle_bringup/local/lib/python3.10/dist-packages/turtle_bringup/__init__.py
[1.185s] -- Installing: /home/farao/ros2_ws/src/install/turtle_bringup/local/lib/python3.10/dist-packages/turtle_bringup/dummy_module.py
[1.207s] Listing '/home/farao/ros2_ws/src/install/turtle_bringup/local/lib/python3.10/dist-packages/turtle_bringup'...
[1.207s] Compiling '/home/farao/ros2_ws/src/install/turtle_bringup/local/lib/python3.10/dist-packages/turtle_bringup/__init__.py'...
[1.207s] Compiling '/home/farao/ros2_ws/src/install/turtle_bringup/local/lib/python3.10/dist-packages/turtle_bringup/dummy_module.py'...
[1.210s] -- Installing: /home/farao/ros2_ws/src/install/turtle_bringup/lib/turtle_bringup/controller.py
[1.210s] -- Installing: /home/farao/ros2_ws/src/install/turtle_bringup/lib/turtle_bringup/cpp_node_test
[1.210s] -- Set runtime path of "/home/farao/ros2_ws/src/install/turtle_bringup/lib/turtle_bringup/cpp_node_test" to ""
[1.210s] -- Up-to-date: /home/farao/ros2_ws/src/install/turtle_bringup/share/turtle_bringup
[1.210s] -- Installing: /home/farao/ros2_ws/src/install/turtle_bringup/share/ament_index/resource_index/package_run_dependencies/turtle_bringup
[1.210s] -- Installing: /home/farao/ros2_ws/src/install/turtle_bringup/share/ament_index/resource_index/parent_prefix_path/turtle_bringup
[1.210s] -- Installing: /home/farao/ros2_ws/src/install/turtle_bringup/share/turtle_bringup/environment/ament_prefix_path.sh
[1.210s] -- Installing: /home/farao/ros2_ws/src/install/turtle_bringup/share/turtle_bringup/environment/ament_prefix_path.dsv
[1.210s] -- Installing: /home/farao/ros2_ws/src/install/turtle_bringup/share/turtle_bringup/environment/path.sh
[1.210s] -- Installing: /home/farao/ros2_ws/src/install/turtle_bringup/share/turtle_bringup/environment/path.dsv
[1.211s] -- Installing: /home/farao/ros2_ws/src/install/turtle_bringup/share/turtle_bringup/local_setup.bash
[1.211s] -- Installing: /home/farao/ros2_ws/src/install/turtle_bringup/share/turtle_bringup/local_setup.sh
[1.211s] -- Installing: /home/farao/ros2_ws/src/install/turtle_bringup/share/turtle_bringup/local_setup.zsh
[1.211s] -- Installing: /home/farao/ros2_ws/src/install/turtle_bringup/share/turtle_bringup/local_setup.dsv
[1.211s] -- Installing: /home/farao/ros2_ws/src/install/turtle_bringup/share/turtle_bringup/package.dsv
[1.211s] -- Installing: /home/farao/ros2_ws/src/install/turtle_bringup/share/ament_index/resource_index/packages/turtle_bringup
[1.211s] -- Installing: /home/farao/ros2_ws/src/install/turtle_bringup/share/turtle_bringup/cmake/turtle_bringupConfig.cmake
[1.211s] -- Installing: /home/farao/ros2_ws/src/install/turtle_bringup/share/turtle_bringup/cmake/turtle_bringupConfig-version.cmake
[1.211s] -- Installing: /home/farao/ros2_ws/src/install/turtle_bringup/share/turtle_bringup/package.xml
[1.213s] Invoked command in '/home/farao/ros2_ws/src/build/turtle_bringup' returned '0': CMAKE_PREFIX_PATH=${CMAKE_PREFIX_PATH}:/opt/ros/humble /usr/bin/cmake --install /home/farao/ros2_ws/src/build/turtle_bringup
