[0.006s] Invoking command in '/home/farao/ros2_ws/build/lab1_interface': CMAKE_PREFIX_PATH=${CMAKE_PREFIX_PATH}:/opt/ros/humble /usr/bin/cmake /home/farao/ros2_ws/src/lab1_interface -DCMAKE_INSTALL_PREFIX=/home/farao/ros2_ws/install/lab1_interface
[0.015s] -- Found ament_cmake: 1.3.9 (/opt/ros/humble/share/ament_cmake/cmake)
[0.095s] -- Found std_msgs: 4.2.4 (/opt/ros/humble/share/std_msgs/cmake)
[0.108s] -- Found rosidl_generator_c: 3.1.5 (/opt/ros/humble/share/rosidl_generator_c/cmake)
[0.109s] -- Found rosidl_adapter: 3.1.5 (/opt/ros/humble/share/rosidl_adapter/cmake)
[0.112s] -- Found rosidl_generator_cpp: 3.1.5 (/opt/ros/humble/share/rosidl_generator_cpp/cmake)
[0.118s] -- Using all available rosidl_typesupport_c: rosidl_typesupport_fastrtps_c;rosidl_typesupport_introspection_c
[0.127s] -- Using all available rosidl_typesupport_cpp: rosidl_typesupport_fastrtps_cpp;rosidl_typesupport_introspection_cpp
[0.154s] -- Found rosidl_default_generators: 1.2.0 (/opt/ros/humble/share/rosidl_default_generators/cmake)
[0.158s] -- Found ament_lint_auto: 0.12.11 (/opt/ros/humble/share/ament_lint_auto/cmake)
[0.324s] -- Found ament_cmake_ros: 0.10.0 (/opt/ros/humble/share/ament_cmake_ros/cmake)
[0.586s] -- Using all available rosidl_typesupport_c: rosidl_typesupport_fastrtps_c;rosidl_typesupport_introspection_c
[0.673s] -- Using all available rosidl_typesupport_cpp: rosidl_typesupport_fastrtps_cpp;rosidl_typesupport_introspection_cpp
[0.696s] -- Found PythonInterp: /usr/bin/python3 (found suitable version "3.10.12", minimum required is "3.6") 
[0.697s] -- Found python_cmake_module: 0.10.0 (/opt/ros/humble/share/python_cmake_module/cmake)
[0.719s] -- Found PythonLibs: /usr/lib/x86_64-linux-gnu/libpython3.10.so (found suitable version "3.10.12", minimum required is "3.5") 
[0.719s] -- Using PYTHON_EXECUTABLE: /usr/bin/python3
[0.719s] -- Using PYTHON_INCLUDE_DIRS: /usr/include/python3.10
[0.719s] -- Using PYTHON_LIBRARIES: /usr/lib/x86_64-linux-gnu/libpython3.10.so
[0.737s] -- Found PythonExtra: .so  
[0.770s] -- Added test 'lint_cmake' to check CMake code style
[0.770s] -- Added test 'xmllint' to check XML markup files
[0.774s] -- Configuring done
[0.788s] -- Generating done
[0.789s] -- Build files have been written to: /home/farao/ros2_ws/build/lab1_interface
[0.793s] Invoked command in '/home/farao/ros2_ws/build/lab1_interface' returned '0': CMAKE_PREFIX_PATH=${CMAKE_PREFIX_PATH}:/opt/ros/humble /usr/bin/cmake /home/farao/ros2_ws/src/lab1_interface -DCMAKE_INSTALL_PREFIX=/home/farao/ros2_ws/install/lab1_interface
[0.795s] Invoking command in '/home/farao/ros2_ws/build/lab1_interface': CMAKE_PREFIX_PATH=${CMAKE_PREFIX_PATH}:/opt/ros/humble /usr/bin/cmake --build /home/farao/ros2_ws/build/lab1_interface -- -j20 -l20
[0.824s] [  3%] [34m[1mGenerating C code for ROS interfaces[0m
[0.832s] [  6%] [34m[1mGenerating C++ code for ROS interfaces[0m
[0.837s] [  6%] Built target ament_cmake_python_copy_lab1_interface
[0.968s] running egg_info
[0.968s] creating lab1_interface.egg-info
[0.968s] writing lab1_interface.egg-info/PKG-INFO
[0.968s] writing dependency_links to lab1_interface.egg-info/dependency_links.txt
[0.968s] writing top-level names to lab1_interface.egg-info/top_level.txt
[0.968s] writing manifest file 'lab1_interface.egg-info/SOURCES.txt'
[0.970s] reading manifest file 'lab1_interface.egg-info/SOURCES.txt'
[0.970s] writing manifest file 'lab1_interface.egg-info/SOURCES.txt'
[0.982s] [  6%] Built target lab1_interface__cpp
[0.988s] [  6%] Built target ament_cmake_python_build_lab1_interface_egg
[0.988s] [  9%] [32mBuilding C object CMakeFiles/lab1_interface__rosidl_generator_c.dir/rosidl_generator_c/lab1_interface/srv/detail/set_noise__functions.c.o[0m
[0.989s] [ 12%] [34m[1mGenerating C++ introspection for ROS interfaces[0m
[0.989s] [ 16%] [34m[1mGenerating C++ type support dispatch for ROS interfaces[0m
[0.990s] [ 19%] [34m[1mGenerating C++ type support for eProsima Fast-RTPS[0m
[1.039s] [ 22%] [32m[1mLinking C shared library liblab1_interface__rosidl_generator_c.so[0m
[1.067s] [ 22%] Built target lab1_interface__rosidl_generator_c
[1.075s] [ 32%] [34m[1mGenerating C type support dispatch for ROS interfaces[0m
[1.075s] [ 32%] [34m[1mGenerating C introspection for ROS interfaces[0m
[1.075s] [ 32%] [34m[1mGenerating C type support for eProsima Fast-RTPS[0m
[1.127s] [ 35%] [32mBuilding CXX object CMakeFiles/lab1_interface__rosidl_typesupport_cpp.dir/rosidl_typesupport_cpp/lab1_interface/srv/set_noise__type_support.cpp.o[0m
[1.136s] [ 38%] [32mBuilding CXX object CMakeFiles/lab1_interface__rosidl_typesupport_introspection_cpp.dir/rosidl_typesupport_introspection_cpp/lab1_interface/srv/detail/set_noise__type_support.cpp.o[0m
[1.147s] [ 41%] [32mBuilding CXX object CMakeFiles/lab1_interface__rosidl_typesupport_fastrtps_cpp.dir/rosidl_typesupport_fastrtps_cpp/lab1_interface/srv/detail/dds_fastrtps/set_noise__type_support.cpp.o[0m
[1.222s] [ 45%] [32mBuilding CXX object CMakeFiles/lab1_interface__rosidl_typesupport_c.dir/rosidl_typesupport_c/lab1_interface/srv/set_noise__type_support.cpp.o[0m
[1.248s] [ 48%] [32mBuilding CXX object CMakeFiles/lab1_interface__rosidl_typesupport_fastrtps_c.dir/rosidl_typesupport_fastrtps_c/lab1_interface/srv/detail/set_noise__type_support_c.cpp.o[0m
[1.249s] [ 51%] [32m[1mLinking CXX shared library liblab1_interface__rosidl_typesupport_c.so[0m
[1.254s] [ 54%] [32mBuilding C object CMakeFiles/lab1_interface__rosidl_typesupport_introspection_c.dir/rosidl_typesupport_introspection_c/lab1_interface/srv/detail/set_noise__type_support.c.o[0m
[1.283s] [ 54%] Built target lab1_interface__rosidl_typesupport_c
[1.287s] [ 58%] [32m[1mLinking C shared library liblab1_interface__rosidl_typesupport_introspection_c.so[0m
[1.313s] [ 58%] Built target lab1_interface__rosidl_typesupport_introspection_c
[1.314s] [ 61%] [32m[1mLinking CXX shared library liblab1_interface__rosidl_typesupport_cpp.so[0m
[1.349s] [ 61%] Built target lab1_interface__rosidl_typesupport_cpp
[1.391s] [ 64%] [32m[1mLinking CXX shared library liblab1_interface__rosidl_typesupport_introspection_cpp.so[0m
[1.411s] [ 67%] [32m[1mLinking CXX shared library liblab1_interface__rosidl_typesupport_fastrtps_cpp.so[0m
[1.444s] [ 67%] Built target lab1_interface__rosidl_typesupport_introspection_cpp
[1.450s] [ 70%] [32m[1mLinking CXX shared library liblab1_interface__rosidl_typesupport_fastrtps_c.so[0m
[1.466s] [ 70%] Built target lab1_interface__rosidl_typesupport_fastrtps_cpp
[1.504s] [ 70%] Built target lab1_interface__rosidl_typesupport_fastrtps_c
[1.520s] [ 70%] Built target lab1_interface
[1.535s] [ 74%] [34m[1mGenerating Python code for ROS interfaces[0m
[1.734s] [ 74%] Built target lab1_interface__py
[1.749s] [ 77%] [32mBuilding C object CMakeFiles/lab1_interface__rosidl_generator_py.dir/rosidl_generator_py/lab1_interface/srv/_set_noise_s.c.o[0m
[1.847s] [ 80%] [32m[1mLinking C shared library rosidl_generator_py/lab1_interface/liblab1_interface__rosidl_generator_py.so[0m
[1.878s] [ 80%] Built target lab1_interface__rosidl_generator_py
[1.892s] [ 83%] [32mBuilding C object CMakeFiles/lab1_interface__rosidl_typesupport_introspection_c__pyext.dir/rosidl_generator_py/lab1_interface/_lab1_interface_s.ep.rosidl_typesupport_introspection_c.c.o[0m
[1.892s] [ 87%] [32mBuilding C object CMakeFiles/lab1_interface__rosidl_typesupport_fastrtps_c__pyext.dir/rosidl_generator_py/lab1_interface/_lab1_interface_s.ep.rosidl_typesupport_fastrtps_c.c.o[0m
[1.893s] [ 90%] [32mBuilding C object CMakeFiles/lab1_interface__rosidl_typesupport_c__pyext.dir/rosidl_generator_py/lab1_interface/_lab1_interface_s.ep.rosidl_typesupport_c.c.o[0m
[1.950s] [ 93%] [32m[1mLinking C shared library rosidl_generator_py/lab1_interface/lab1_interface_s__rosidl_typesupport_introspection_c.cpython-310-x86_64-linux-gnu.so[0m
[1.951s] [100%] [32m[1mLinking C shared library rosidl_generator_py/lab1_interface/lab1_interface_s__rosidl_typesupport_c.cpython-310-x86_64-linux-gnu.so[0m
[1.951s] [100%] [32m[1mLinking C shared library rosidl_generator_py/lab1_interface/lab1_interface_s__rosidl_typesupport_fastrtps_c.cpython-310-x86_64-linux-gnu.so[0m
[1.980s] [100%] Built target lab1_interface__rosidl_typesupport_introspection_c__pyext
[1.980s] [100%] Built target lab1_interface__rosidl_typesupport_fastrtps_c__pyext
[1.981s] [100%] Built target lab1_interface__rosidl_typesupport_c__pyext
[1.990s] Invoked command in '/home/farao/ros2_ws/build/lab1_interface' returned '0': CMAKE_PREFIX_PATH=${CMAKE_PREFIX_PATH}:/opt/ros/humble /usr/bin/cmake --build /home/farao/ros2_ws/build/lab1_interface -- -j20 -l20
[2.048s] Invoking command in '/home/farao/ros2_ws/build/lab1_interface': CMAKE_PREFIX_PATH=${CMAKE_PREFIX_PATH}:/opt/ros/humble /usr/bin/cmake --install /home/farao/ros2_ws/build/lab1_interface
[2.053s] -- Install configuration: ""
[2.053s] -- Installing: /home/farao/ros2_ws/install/lab1_interface/share/ament_index/resource_index/rosidl_interfaces/lab1_interface
[2.053s] -- Installing: /home/farao/ros2_ws/install/lab1_interface/include/lab1_interface/lab1_interface
[2.053s] -- Installing: /home/farao/ros2_ws/install/lab1_interface/include/lab1_interface/lab1_interface/srv
[2.053s] -- Installing: /home/farao/ros2_ws/install/lab1_interface/include/lab1_interface/lab1_interface/srv/set_noise.h
[2.053s] -- Installing: /home/farao/ros2_ws/install/lab1_interface/include/lab1_interface/lab1_interface/srv/detail
[2.054s] -- Installing: /home/farao/ros2_ws/install/lab1_interface/include/lab1_interface/lab1_interface/srv/detail/set_noise__type_support.h
[2.054s] -- Installing: /home/farao/ros2_ws/install/lab1_interface/include/lab1_interface/lab1_interface/srv/detail/set_noise__functions.h
[2.054s] -- Installing: /home/farao/ros2_ws/install/lab1_interface/include/lab1_interface/lab1_interface/srv/detail/set_noise__functions.c
[2.054s] -- Installing: /home/farao/ros2_ws/install/lab1_interface/include/lab1_interface/lab1_interface/srv/detail/set_noise__struct.h
[2.054s] -- Installing: /home/farao/ros2_ws/install/lab1_interface/include/lab1_interface/lab1_interface/msg
[2.054s] -- Installing: /home/farao/ros2_ws/install/lab1_interface/include/lab1_interface/lab1_interface/msg/rosidl_generator_c__visibility_control.h
[2.054s] -- Installing: /home/farao/ros2_ws/install/lab1_interface/share/lab1_interface/environment/library_path.sh
[2.054s] -- Installing: /home/farao/ros2_ws/install/lab1_interface/share/lab1_interface/environment/library_path.dsv
[2.054s] -- Installing: /home/farao/ros2_ws/install/lab1_interface/lib/liblab1_interface__rosidl_generator_c.so
[2.054s] -- Set runtime path of "/home/farao/ros2_ws/install/lab1_interface/lib/liblab1_interface__rosidl_generator_c.so" to ""
[2.054s] -- Up-to-date: /home/farao/ros2_ws/install/lab1_interface/include/lab1_interface/lab1_interface
[2.054s] -- Up-to-date: /home/farao/ros2_ws/install/lab1_interface/include/lab1_interface/lab1_interface/srv
[2.054s] -- Up-to-date: /home/farao/ros2_ws/install/lab1_interface/include/lab1_interface/lab1_interface/srv/detail
[2.054s] -- Installing: /home/farao/ros2_ws/install/lab1_interface/include/lab1_interface/lab1_interface/srv/detail/set_noise__rosidl_typesupport_fastrtps_c.h
[2.054s] -- Up-to-date: /home/farao/ros2_ws/install/lab1_interface/include/lab1_interface/lab1_interface/msg
[2.054s] -- Installing: /home/farao/ros2_ws/install/lab1_interface/include/lab1_interface/lab1_interface/msg/rosidl_typesupport_fastrtps_c__visibility_control.h
[2.054s] -- Installing: /home/farao/ros2_ws/install/lab1_interface/lib/liblab1_interface__rosidl_typesupport_fastrtps_c.so
[2.054s] -- Set runtime path of "/home/farao/ros2_ws/install/lab1_interface/lib/liblab1_interface__rosidl_typesupport_fastrtps_c.so" to ""
[2.054s] -- Up-to-date: /home/farao/ros2_ws/install/lab1_interface/include/lab1_interface/lab1_interface
[2.054s] -- Up-to-date: /home/farao/ros2_ws/install/lab1_interface/include/lab1_interface/lab1_interface/srv
[2.054s] -- Installing: /home/farao/ros2_ws/install/lab1_interface/include/lab1_interface/lab1_interface/srv/set_noise.hpp
[2.054s] -- Up-to-date: /home/farao/ros2_ws/install/lab1_interface/include/lab1_interface/lab1_interface/srv/detail
[2.054s] -- Installing: /home/farao/ros2_ws/install/lab1_interface/include/lab1_interface/lab1_interface/srv/detail/set_noise__traits.hpp
[2.054s] -- Installing: /home/farao/ros2_ws/install/lab1_interface/include/lab1_interface/lab1_interface/srv/detail/set_noise__struct.hpp
[2.054s] -- Installing: /home/farao/ros2_ws/install/lab1_interface/include/lab1_interface/lab1_interface/srv/detail/set_noise__builder.hpp
[2.054s] -- Up-to-date: /home/farao/ros2_ws/install/lab1_interface/include/lab1_interface/lab1_interface
[2.054s] -- Up-to-date: /home/farao/ros2_ws/install/lab1_interface/include/lab1_interface/lab1_interface/srv
[2.054s] -- Up-to-date: /home/farao/ros2_ws/install/lab1_interface/include/lab1_interface/lab1_interface/srv/detail
[2.054s] -- Installing: /home/farao/ros2_ws/install/lab1_interface/include/lab1_interface/lab1_interface/srv/detail/dds_fastrtps
[2.055s] -- Installing: /home/farao/ros2_ws/install/lab1_interface/include/lab1_interface/lab1_interface/srv/detail/set_noise__rosidl_typesupport_fastrtps_cpp.hpp
[2.055s] -- Up-to-date: /home/farao/ros2_ws/install/lab1_interface/include/lab1_interface/lab1_interface/msg
[2.055s] -- Installing: /home/farao/ros2_ws/install/lab1_interface/include/lab1_interface/lab1_interface/msg/rosidl_typesupport_fastrtps_cpp__visibility_control.h
[2.055s] -- Installing: /home/farao/ros2_ws/install/lab1_interface/lib/liblab1_interface__rosidl_typesupport_fastrtps_cpp.so
[2.055s] -- Set runtime path of "/home/farao/ros2_ws/install/lab1_interface/lib/liblab1_interface__rosidl_typesupport_fastrtps_cpp.so" to ""
[2.055s] -- Up-to-date: /home/farao/ros2_ws/install/lab1_interface/include/lab1_interface/lab1_interface
[2.055s] -- Up-to-date: /home/farao/ros2_ws/install/lab1_interface/include/lab1_interface/lab1_interface/srv
[2.055s] -- Up-to-date: /home/farao/ros2_ws/install/lab1_interface/include/lab1_interface/lab1_interface/srv/detail
[2.055s] -- Installing: /home/farao/ros2_ws/install/lab1_interface/include/lab1_interface/lab1_interface/srv/detail/set_noise__rosidl_typesupport_introspection_c.h
[2.055s] -- Installing: /home/farao/ros2_ws/install/lab1_interface/include/lab1_interface/lab1_interface/srv/detail/set_noise__type_support.c
[2.055s] -- Up-to-date: /home/farao/ros2_ws/install/lab1_interface/include/lab1_interface/lab1_interface/msg
[2.055s] -- Installing: /home/farao/ros2_ws/install/lab1_interface/include/lab1_interface/lab1_interface/msg/rosidl_typesupport_introspection_c__visibility_control.h
[2.055s] -- Installing: /home/farao/ros2_ws/install/lab1_interface/lib/liblab1_interface__rosidl_typesupport_introspection_c.so
[2.055s] -- Set runtime path of "/home/farao/ros2_ws/install/lab1_interface/lib/liblab1_interface__rosidl_typesupport_introspection_c.so" to ""
[2.055s] -- Installing: /home/farao/ros2_ws/install/lab1_interface/lib/liblab1_interface__rosidl_typesupport_c.so
[2.055s] -- Set runtime path of "/home/farao/ros2_ws/install/lab1_interface/lib/liblab1_interface__rosidl_typesupport_c.so" to ""
[2.055s] -- Up-to-date: /home/farao/ros2_ws/install/lab1_interface/include/lab1_interface/lab1_interface
[2.055s] -- Up-to-date: /home/farao/ros2_ws/install/lab1_interface/include/lab1_interface/lab1_interface/srv
[2.055s] -- Up-to-date: /home/farao/ros2_ws/install/lab1_interface/include/lab1_interface/lab1_interface/srv/detail
[2.055s] -- Installing: /home/farao/ros2_ws/install/lab1_interface/include/lab1_interface/lab1_interface/srv/detail/set_noise__type_support.cpp
[2.055s] -- Installing: /home/farao/ros2_ws/install/lab1_interface/include/lab1_interface/lab1_interface/srv/detail/set_noise__rosidl_typesupport_introspection_cpp.hpp
[2.055s] -- Installing: /home/farao/ros2_ws/install/lab1_interface/lib/liblab1_interface__rosidl_typesupport_introspection_cpp.so
[2.056s] -- Set runtime path of "/home/farao/ros2_ws/install/lab1_interface/lib/liblab1_interface__rosidl_typesupport_introspection_cpp.so" to ""
[2.056s] -- Installing: /home/farao/ros2_ws/install/lab1_interface/lib/liblab1_interface__rosidl_typesupport_cpp.so
[2.056s] -- Set runtime path of "/home/farao/ros2_ws/install/lab1_interface/lib/liblab1_interface__rosidl_typesupport_cpp.so" to ""
[2.056s] -- Installing: /home/farao/ros2_ws/install/lab1_interface/share/lab1_interface/environment/pythonpath.sh
[2.056s] -- Installing: /home/farao/ros2_ws/install/lab1_interface/share/lab1_interface/environment/pythonpath.dsv
[2.056s] -- Installing: /home/farao/ros2_ws/install/lab1_interface/local/lib/python3.10/dist-packages/lab1_interface-0.0.0-py3.10.egg-info
[2.056s] -- Installing: /home/farao/ros2_ws/install/lab1_interface/local/lib/python3.10/dist-packages/lab1_interface-0.0.0-py3.10.egg-info/dependency_links.txt
[2.056s] -- Installing: /home/farao/ros2_ws/install/lab1_interface/local/lib/python3.10/dist-packages/lab1_interface-0.0.0-py3.10.egg-info/PKG-INFO
[2.056s] -- Installing: /home/farao/ros2_ws/install/lab1_interface/local/lib/python3.10/dist-packages/lab1_interface-0.0.0-py3.10.egg-info/top_level.txt
[2.056s] -- Installing: /home/farao/ros2_ws/install/lab1_interface/local/lib/python3.10/dist-packages/lab1_interface-0.0.0-py3.10.egg-info/SOURCES.txt
[2.056s] -- Installing: /home/farao/ros2_ws/install/lab1_interface/local/lib/python3.10/dist-packages/lab1_interface
[2.056s] -- Installing: /home/farao/ros2_ws/install/lab1_interface/local/lib/python3.10/dist-packages/lab1_interface/_lab1_interface_s.ep.rosidl_typesupport_introspection_c.c
[2.056s] -- Installing: /home/farao/ros2_ws/install/lab1_interface/local/lib/python3.10/dist-packages/lab1_interface/lab1_interface_s__rosidl_typesupport_fastrtps_c.cpython-310-x86_64-linux-gnu.so
[2.056s] -- Installing: /home/farao/ros2_ws/install/lab1_interface/local/lib/python3.10/dist-packages/lab1_interface/lab1_interface_s__rosidl_typesupport_c.cpython-310-x86_64-linux-gnu.so
[2.056s] -- Installing: /home/farao/ros2_ws/install/lab1_interface/local/lib/python3.10/dist-packages/lab1_interface/_lab1_interface_s.ep.rosidl_typesupport_c.c
[2.056s] -- Installing: /home/farao/ros2_ws/install/lab1_interface/local/lib/python3.10/dist-packages/lab1_interface/__init__.py
[2.056s] -- Installing: /home/farao/ros2_ws/install/lab1_interface/local/lib/python3.10/dist-packages/lab1_interface/srv
[2.056s] -- Installing: /home/farao/ros2_ws/install/lab1_interface/local/lib/python3.10/dist-packages/lab1_interface/srv/__init__.py
[2.056s] -- Installing: /home/farao/ros2_ws/install/lab1_interface/local/lib/python3.10/dist-packages/lab1_interface/srv/_set_noise_s.c
[2.057s] -- Installing: /home/farao/ros2_ws/install/lab1_interface/local/lib/python3.10/dist-packages/lab1_interface/srv/_set_noise.py
[2.057s] -- Installing: /home/farao/ros2_ws/install/lab1_interface/local/lib/python3.10/dist-packages/lab1_interface/_lab1_interface_s.ep.rosidl_typesupport_fastrtps_c.c
[2.057s] -- Installing: /home/farao/ros2_ws/install/lab1_interface/local/lib/python3.10/dist-packages/lab1_interface/liblab1_interface__rosidl_generator_py.so
[2.057s] -- Installing: /home/farao/ros2_ws/install/lab1_interface/local/lib/python3.10/dist-packages/lab1_interface/lab1_interface_s__rosidl_typesupport_introspection_c.cpython-310-x86_64-linux-gnu.so
[2.082s] Listing '/home/farao/ros2_ws/install/lab1_interface/local/lib/python3.10/dist-packages/lab1_interface'...
[2.082s] Compiling '/home/farao/ros2_ws/install/lab1_interface/local/lib/python3.10/dist-packages/lab1_interface/__init__.py'...
[2.082s] Listing '/home/farao/ros2_ws/install/lab1_interface/local/lib/python3.10/dist-packages/lab1_interface/srv'...
[2.082s] Compiling '/home/farao/ros2_ws/install/lab1_interface/local/lib/python3.10/dist-packages/lab1_interface/srv/__init__.py'...
[2.082s] Compiling '/home/farao/ros2_ws/install/lab1_interface/local/lib/python3.10/dist-packages/lab1_interface/srv/_set_noise.py'...
[2.085s] -- Installing: /home/farao/ros2_ws/install/lab1_interface/local/lib/python3.10/dist-packages/lab1_interface/lab1_interface_s__rosidl_typesupport_fastrtps_c.cpython-310-x86_64-linux-gnu.so
[2.085s] -- Set runtime path of "/home/farao/ros2_ws/install/lab1_interface/local/lib/python3.10/dist-packages/lab1_interface/lab1_interface_s__rosidl_typesupport_fastrtps_c.cpython-310-x86_64-linux-gnu.so" to ""
[2.085s] -- Installing: /home/farao/ros2_ws/install/lab1_interface/local/lib/python3.10/dist-packages/lab1_interface/lab1_interface_s__rosidl_typesupport_introspection_c.cpython-310-x86_64-linux-gnu.so
[2.085s] -- Set runtime path of "/home/farao/ros2_ws/install/lab1_interface/local/lib/python3.10/dist-packages/lab1_interface/lab1_interface_s__rosidl_typesupport_introspection_c.cpython-310-x86_64-linux-gnu.so" to ""
[2.085s] -- Installing: /home/farao/ros2_ws/install/lab1_interface/local/lib/python3.10/dist-packages/lab1_interface/lab1_interface_s__rosidl_typesupport_c.cpython-310-x86_64-linux-gnu.so
[2.085s] -- Set runtime path of "/home/farao/ros2_ws/install/lab1_interface/local/lib/python3.10/dist-packages/lab1_interface/lab1_interface_s__rosidl_typesupport_c.cpython-310-x86_64-linux-gnu.so" to ""
[2.085s] -- Installing: /home/farao/ros2_ws/install/lab1_interface/lib/liblab1_interface__rosidl_generator_py.so
[2.085s] -- Set runtime path of "/home/farao/ros2_ws/install/lab1_interface/lib/liblab1_interface__rosidl_generator_py.so" to ""
[2.085s] -- Installing: /home/farao/ros2_ws/install/lab1_interface/share/lab1_interface/srv/SetNoise.idl
[2.085s] -- Installing: /home/farao/ros2_ws/install/lab1_interface/share/lab1_interface/srv/SetNoise.srv
[2.085s] -- Installing: /home/farao/ros2_ws/install/lab1_interface/share/lab1_interface/srv/SetNoise_Request.msg
[2.085s] -- Installing: /home/farao/ros2_ws/install/lab1_interface/share/lab1_interface/srv/SetNoise_Response.msg
[2.085s] -- Installing: /home/farao/ros2_ws/install/lab1_interface/share/ament_index/resource_index/package_run_dependencies/lab1_interface
[2.085s] -- Installing: /home/farao/ros2_ws/install/lab1_interface/share/ament_index/resource_index/parent_prefix_path/lab1_interface
[2.085s] -- Installing: /home/farao/ros2_ws/install/lab1_interface/share/lab1_interface/environment/ament_prefix_path.sh
[2.085s] -- Installing: /home/farao/ros2_ws/install/lab1_interface/share/lab1_interface/environment/ament_prefix_path.dsv
[2.085s] -- Installing: /home/farao/ros2_ws/install/lab1_interface/share/lab1_interface/environment/path.sh
[2.085s] -- Installing: /home/farao/ros2_ws/install/lab1_interface/share/lab1_interface/environment/path.dsv
[2.085s] -- Installing: /home/farao/ros2_ws/install/lab1_interface/share/lab1_interface/local_setup.bash
[2.086s] -- Installing: /home/farao/ros2_ws/install/lab1_interface/share/lab1_interface/local_setup.sh
[2.086s] -- Installing: /home/farao/ros2_ws/install/lab1_interface/share/lab1_interface/local_setup.zsh
[2.086s] -- Installing: /home/farao/ros2_ws/install/lab1_interface/share/lab1_interface/local_setup.dsv
[2.086s] -- Installing: /home/farao/ros2_ws/install/lab1_interface/share/lab1_interface/package.dsv
[2.086s] -- Installing: /home/farao/ros2_ws/install/lab1_interface/share/ament_index/resource_index/packages/lab1_interface
[2.086s] -- Installing: /home/farao/ros2_ws/install/lab1_interface/share/lab1_interface/cmake/export_lab1_interface__rosidl_generator_cExport.cmake
[2.086s] -- Installing: /home/farao/ros2_ws/install/lab1_interface/share/lab1_interface/cmake/export_lab1_interface__rosidl_generator_cExport-noconfig.cmake
[2.086s] -- Installing: /home/farao/ros2_ws/install/lab1_interface/share/lab1_interface/cmake/export_lab1_interface__rosidl_typesupport_fastrtps_cExport.cmake
[2.086s] -- Installing: /home/farao/ros2_ws/install/lab1_interface/share/lab1_interface/cmake/export_lab1_interface__rosidl_typesupport_fastrtps_cExport-noconfig.cmake
[2.086s] -- Installing: /home/farao/ros2_ws/install/lab1_interface/share/lab1_interface/cmake/export_lab1_interface__rosidl_generator_cppExport.cmake
[2.086s] -- Installing: /home/farao/ros2_ws/install/lab1_interface/share/lab1_interface/cmake/export_lab1_interface__rosidl_typesupport_fastrtps_cppExport.cmake
[2.086s] -- Installing: /home/farao/ros2_ws/install/lab1_interface/share/lab1_interface/cmake/export_lab1_interface__rosidl_typesupport_fastrtps_cppExport-noconfig.cmake
[2.086s] -- Installing: /home/farao/ros2_ws/install/lab1_interface/share/lab1_interface/cmake/lab1_interface__rosidl_typesupport_introspection_cExport.cmake
[2.086s] -- Installing: /home/farao/ros2_ws/install/lab1_interface/share/lab1_interface/cmake/lab1_interface__rosidl_typesupport_introspection_cExport-noconfig.cmake
[2.086s] -- Installing: /home/farao/ros2_ws/install/lab1_interface/share/lab1_interface/cmake/lab1_interface__rosidl_typesupport_cExport.cmake
[2.086s] -- Installing: /home/farao/ros2_ws/install/lab1_interface/share/lab1_interface/cmake/lab1_interface__rosidl_typesupport_cExport-noconfig.cmake
[2.086s] -- Installing: /home/farao/ros2_ws/install/lab1_interface/share/lab1_interface/cmake/lab1_interface__rosidl_typesupport_introspection_cppExport.cmake
[2.086s] -- Installing: /home/farao/ros2_ws/install/lab1_interface/share/lab1_interface/cmake/lab1_interface__rosidl_typesupport_introspection_cppExport-noconfig.cmake
[2.086s] -- Installing: /home/farao/ros2_ws/install/lab1_interface/share/lab1_interface/cmake/lab1_interface__rosidl_typesupport_cppExport.cmake
[2.086s] -- Installing: /home/farao/ros2_ws/install/lab1_interface/share/lab1_interface/cmake/lab1_interface__rosidl_typesupport_cppExport-noconfig.cmake
[2.086s] -- Installing: /home/farao/ros2_ws/install/lab1_interface/share/lab1_interface/cmake/export_lab1_interface__rosidl_generator_pyExport.cmake
[2.086s] -- Installing: /home/farao/ros2_ws/install/lab1_interface/share/lab1_interface/cmake/export_lab1_interface__rosidl_generator_pyExport-noconfig.cmake
[2.087s] -- Installing: /home/farao/ros2_ws/install/lab1_interface/share/lab1_interface/cmake/rosidl_cmake-extras.cmake
[2.087s] -- Installing: /home/farao/ros2_ws/install/lab1_interface/share/lab1_interface/cmake/ament_cmake_export_dependencies-extras.cmake
[2.087s] -- Installing: /home/farao/ros2_ws/install/lab1_interface/share/lab1_interface/cmake/ament_cmake_export_include_directories-extras.cmake
[2.087s] -- Installing: /home/farao/ros2_ws/install/lab1_interface/share/lab1_interface/cmake/ament_cmake_export_libraries-extras.cmake
[2.087s] -- Installing: /home/farao/ros2_ws/install/lab1_interface/share/lab1_interface/cmake/ament_cmake_export_targets-extras.cmake
[2.087s] -- Installing: /home/farao/ros2_ws/install/lab1_interface/share/lab1_interface/cmake/rosidl_cmake_export_typesupport_targets-extras.cmake
[2.087s] -- Installing: /home/farao/ros2_ws/install/lab1_interface/share/lab1_interface/cmake/rosidl_cmake_export_typesupport_libraries-extras.cmake
[2.087s] -- Installing: /home/farao/ros2_ws/install/lab1_interface/share/lab1_interface/cmake/lab1_interfaceConfig.cmake
[2.087s] -- Installing: /home/farao/ros2_ws/install/lab1_interface/share/lab1_interface/cmake/lab1_interfaceConfig-version.cmake
[2.087s] -- Installing: /home/farao/ros2_ws/install/lab1_interface/share/lab1_interface/package.xml
[2.089s] Invoked command in '/home/farao/ros2_ws/build/lab1_interface' returned '0': CMAKE_PREFIX_PATH=${CMAKE_PREFIX_PATH}:/opt/ros/humble /usr/bin/cmake --install /home/farao/ros2_ws/build/lab1_interface
