[0.025s] Invoking command in '/home/farao/ros2_ws/build/lab1': CMAKE_PREFIX_PATH=${CMAKE_PREFIX_PATH}:/opt/ros/humble /usr/bin/cmake --build /home/farao/ros2_ws/build/lab1 -- -j20 -l20
[0.057s] -- Found ament_cmake: 1.3.10 (/opt/ros/humble/share/ament_cmake/cmake)
[0.166s] -- Found rclcpp: 16.0.10 (/opt/ros/humble/share/rclcpp/cmake)
[0.194s] -- Found rosidl_generator_c: 3.1.5 (/opt/ros/humble/share/rosidl_generator_c/cmake)
[0.196s] -- Found rosidl_adapter: 3.1.5 (/opt/ros/humble/share/rosidl_adapter/cmake)
[0.203s] -- Found rosidl_generator_cpp: 3.1.5 (/opt/ros/humble/share/rosidl_generator_cpp/cmake)
[0.213s] -- Using all available rosidl_typesupport_c: rosidl_typesupport_fastrtps_c;rosidl_typesupport_introspection_c
[0.225s] -- Using all available rosidl_typesupport_cpp: rosidl_typesupport_fastrtps_cpp;rosidl_typesupport_introspection_cpp
[0.259s] -- Found rmw_implementation_cmake: 6.1.2 (/opt/ros/humble/share/rmw_implementation_cmake/cmake)
[0.261s] -- Found rmw_fastrtps_cpp: 6.2.7 (/opt/ros/humble/share/rmw_fastrtps_cpp/cmake)
[0.347s] -- Using RMW implementation 'rmw_fastrtps_cpp' as default
[0.386s] -- Found rclpy: 3.3.14 (/opt/ros/humble/share/rclpy/cmake)
[0.481s] -- Configuring done
[0.492s] -- Generating done
[0.493s] -- Build files have been written to: /home/farao/ros2_ws/build/lab1
[0.510s] [35m[1mConsolidate compiler generated dependencies of target cpp_node_test[0m
[0.518s] [100%] Built target cpp_node_test
[0.523s] [100%] Built target ament_cmake_python_copy_lab1
[0.683s] running egg_info
[0.683s] writing lab1.egg-info/PKG-INFO
[0.683s] writing dependency_links to lab1.egg-info/dependency_links.txt
[0.683s] writing top-level names to lab1.egg-info/top_level.txt
[0.684s] reading manifest file 'lab1.egg-info/SOURCES.txt'
[0.685s] writing manifest file 'lab1.egg-info/SOURCES.txt'
[0.706s] [100%] Built target ament_cmake_python_build_lab1_egg
[0.716s] Invoked command in '/home/farao/ros2_ws/build/lab1' returned '0': CMAKE_PREFIX_PATH=${CMAKE_PREFIX_PATH}:/opt/ros/humble /usr/bin/cmake --build /home/farao/ros2_ws/build/lab1 -- -j20 -l20
[0.745s] Invoking command in '/home/farao/ros2_ws/build/lab1': CMAKE_PREFIX_PATH=${CMAKE_PREFIX_PATH}:/opt/ros/humble /usr/bin/cmake --install /home/farao/ros2_ws/build/lab1
[0.751s] -- Install configuration: ""
[0.751s] -- Up-to-date: /home/farao/ros2_ws/install/lab1/share/lab1/environment/pythonpath.sh
[0.751s] -- Installing: /home/farao/ros2_ws/install/lab1/share/lab1/environment/pythonpath.dsv
[0.751s] -- Up-to-date: /home/farao/ros2_ws/install/lab1/local/lib/python3.10/dist-packages/lab1-0.0.0-py3.10.egg-info
[0.751s] -- Installing: /home/farao/ros2_ws/install/lab1/local/lib/python3.10/dist-packages/lab1-0.0.0-py3.10.egg-info/dependency_links.txt
[0.751s] -- Installing: /home/farao/ros2_ws/install/lab1/local/lib/python3.10/dist-packages/lab1-0.0.0-py3.10.egg-info/PKG-INFO
[0.751s] -- Installing: /home/farao/ros2_ws/install/lab1/local/lib/python3.10/dist-packages/lab1-0.0.0-py3.10.egg-info/top_level.txt
[0.751s] -- Installing: /home/farao/ros2_ws/install/lab1/local/lib/python3.10/dist-packages/lab1-0.0.0-py3.10.egg-info/SOURCES.txt
[0.751s] -- Up-to-date: /home/farao/ros2_ws/install/lab1/local/lib/python3.10/dist-packages/lab1
[0.752s] -- Up-to-date: /home/farao/ros2_ws/install/lab1/local/lib/python3.10/dist-packages/lab1/__init__.py
[0.752s] -- Up-to-date: /home/farao/ros2_ws/install/lab1/local/lib/python3.10/dist-packages/lab1/dummy_module.py
[0.783s] Listing '/home/farao/ros2_ws/install/lab1/local/lib/python3.10/dist-packages/lab1'...
[0.786s] -- Up-to-date: /home/farao/ros2_ws/install/lab1/lib/lab1/dummy_script.py
[0.786s] -- Installing: /home/farao/ros2_ws/install/lab1/lib/lab1/noise_generator.py
[0.786s] -- Up-to-date: /home/farao/ros2_ws/install/lab1/lib/lab1/velocity_mux.py
[0.787s] -- Up-to-date: /home/farao/ros2_ws/install/lab1/lib/lab1/cpp_node_test
[0.787s] -- Up-to-date: /home/farao/ros2_ws/install/lab1/share/lab1/launch
[0.787s] -- Up-to-date: /home/farao/ros2_ws/install/lab1/share/lab1/launch/lab1_execute.launch.py
[0.787s] -- Up-to-date: /home/farao/ros2_ws/install/lab1/share/lab1/launch/simple.launch.py
[0.787s] -- Installing: /home/farao/ros2_ws/install/lab1/share/lab1/launch/lalalalal.launch.py
[0.787s] -- Up-to-date: /home/farao/ros2_ws/install/lab1/share/lab1/launch/simple_param.launch.py
[0.787s] -- Up-to-date: /home/farao/ros2_ws/install/lab1/share/ament_index/resource_index/package_run_dependencies/lab1
[0.788s] -- Installing: /home/farao/ros2_ws/install/lab1/share/ament_index/resource_index/parent_prefix_path/lab1
[0.788s] -- Installing: /home/farao/ros2_ws/install/lab1/share/lab1/environment/ament_prefix_path.sh
[0.788s] -- Installing: /home/farao/ros2_ws/install/lab1/share/lab1/environment/ament_prefix_path.dsv
[0.788s] -- Installing: /home/farao/ros2_ws/install/lab1/share/lab1/environment/path.sh
[0.788s] -- Installing: /home/farao/ros2_ws/install/lab1/share/lab1/environment/path.dsv
[0.789s] -- Up-to-date: /home/farao/ros2_ws/install/lab1/share/lab1/local_setup.bash
[0.789s] -- Up-to-date: /home/farao/ros2_ws/install/lab1/share/lab1/local_setup.sh
[0.789s] -- Up-to-date: /home/farao/ros2_ws/install/lab1/share/lab1/local_setup.zsh
[0.789s] -- Installing: /home/farao/ros2_ws/install/lab1/share/lab1/local_setup.dsv
[0.789s] -- Installing: /home/farao/ros2_ws/install/lab1/share/lab1/package.dsv
[0.789s] -- Up-to-date: /home/farao/ros2_ws/install/lab1/share/ament_index/resource_index/packages/lab1
[0.789s] -- Up-to-date: /home/farao/ros2_ws/install/lab1/share/lab1/cmake/lab1Config.cmake
[0.789s] -- Up-to-date: /home/farao/ros2_ws/install/lab1/share/lab1/cmake/lab1Config-version.cmake
[0.789s] -- Up-to-date: /home/farao/ros2_ws/install/lab1/share/lab1/package.xml
[0.808s] Invoked command in '/home/farao/ros2_ws/build/lab1' returned '0': CMAKE_PREFIX_PATH=${CMAKE_PREFIX_PATH}:/opt/ros/humble /usr/bin/cmake --install /home/farao/ros2_ws/build/lab1
