[0.008s] Invoking command in '/home/farao/ros2_ws/build/lab1_interface': CMAKE_PREFIX_PATH=${CMAKE_PREFIX_PATH}:/opt/ros/humble /usr/bin/cmake /home/farao/ros2_ws/src/lab1_interface -DCMAKE_INSTALL_PREFIX=/home/farao/ros2_ws/install/lab1_interface
[0.018s] -- Found ament_cmake: 1.3.9 (/opt/ros/humble/share/ament_cmake/cmake)
[0.113s] -- Found ament_lint_auto: 0.12.11 (/opt/ros/humble/share/ament_lint_auto/cmake)
[0.166s] -- Added test 'lint_cmake' to check CMake code style
[0.167s] -- Added test 'xmllint' to check XML markup files
[0.167s] -- Found std_msgs: 4.2.4 (/opt/ros/humble/share/std_msgs/cmake)
[0.186s] -- Found rosidl_generator_c: 3.1.5 (/opt/ros/humble/share/rosidl_generator_c/cmake)
[0.187s] -- Found rosidl_adapter: 3.1.5 (/opt/ros/humble/share/rosidl_adapter/cmake)
[0.191s] -- Found rosidl_generator_cpp: 3.1.5 (/opt/ros/humble/share/rosidl_generator_cpp/cmake)
[0.198s] -- Using all available rosidl_typesupport_c: rosidl_typesupport_fastrtps_c;rosidl_typesupport_introspection_c
[0.207s] -- Using all available rosidl_typesupport_cpp: rosidl_typesupport_fastrtps_cpp;rosidl_typesupport_introspection_cpp
[0.239s] -- Found rosidl_default_generators: 1.2.0 (/opt/ros/humble/share/rosidl_default_generators/cmake)
[0.243s] [31mCMake Error at /opt/ros/humble/share/rosidl_cmake/cmake/rosidl_generate_interfaces.cmake:64 (message):
[0.243s]   rosidl_generate_interfaces() must be called before ament_package()
[0.243s] Call Stack (most recent call first):
[0.243s]   CMakeLists.txt:31 (rosidl_generate_interfaces)
[0.243s] 
[0.243s] [0m
[0.243s] -- Configuring incomplete, errors occurred!
[0.243s] See also "/home/farao/ros2_ws/build/lab1_interface/CMakeFiles/CMakeOutput.log".
[0.247s] Invoked command in '/home/farao/ros2_ws/build/lab1_interface' returned '1': CMAKE_PREFIX_PATH=${CMAKE_PREFIX_PATH}:/opt/ros/humble /usr/bin/cmake /home/farao/ros2_ws/src/lab1_interface -DCMAKE_INSTALL_PREFIX=/home/farao/ros2_ws/install/lab1_interface
