[0.016s] Invoking command in '/home/farao/ros2_ws/build/lecture2': CMAKE_PREFIX_PATH=${CMAKE_PREFIX_PATH}:/opt/ros/humble /usr/bin/cmake --build /home/farao/ros2_ws/build/lecture2 -- -j20 -l20
[0.055s] [100%] Built target cpp_node_test
[0.058s] [100%] Built target ament_cmake_python_copy_lecture2
[0.299s] running egg_info
[0.299s] writing lecture2.egg-info/PKG-INFO
[0.300s] writing dependency_links to lecture2.egg-info/dependency_links.txt
[0.300s] writing top-level names to lecture2.egg-info/top_level.txt
[0.301s] reading manifest file 'lecture2.egg-info/SOURCES.txt'
[0.301s] writing manifest file 'lecture2.egg-info/SOURCES.txt'
[0.319s] [100%] Built target ament_cmake_python_build_lecture2_egg
[0.326s] Invoked command in '/home/farao/ros2_ws/build/lecture2' returned '0': CMAKE_PREFIX_PATH=${CMAKE_PREFIX_PATH}:/opt/ros/humble /usr/bin/cmake --build /home/farao/ros2_ws/build/lecture2 -- -j20 -l20
[0.356s] Invoking command in '/home/farao/ros2_ws/build/lecture2': CMAKE_PREFIX_PATH=${CMAKE_PREFIX_PATH}:/opt/ros/humble /usr/bin/cmake --install /home/farao/ros2_ws/build/lecture2
[0.361s] -- Install configuration: ""
[0.363s] -- Up-to-date: /home/farao/ros2_ws/install/lecture2/share/lecture2/environment/pythonpath.sh
[0.363s] -- Up-to-date: /home/farao/ros2_ws/install/lecture2/share/lecture2/environment/pythonpath.dsv
[0.363s] -- Up-to-date: /home/farao/ros2_ws/install/lecture2/local/lib/python3.10/dist-packages/lecture2-0.0.0-py3.10.egg-info
[0.363s] -- Installing: /home/farao/ros2_ws/install/lecture2/local/lib/python3.10/dist-packages/lecture2-0.0.0-py3.10.egg-info/dependency_links.txt
[0.363s] -- Installing: /home/farao/ros2_ws/install/lecture2/local/lib/python3.10/dist-packages/lecture2-0.0.0-py3.10.egg-info/PKG-INFO
[0.363s] -- Installing: /home/farao/ros2_ws/install/lecture2/local/lib/python3.10/dist-packages/lecture2-0.0.0-py3.10.egg-info/top_level.txt
[0.363s] -- Installing: /home/farao/ros2_ws/install/lecture2/local/lib/python3.10/dist-packages/lecture2-0.0.0-py3.10.egg-info/SOURCES.txt
[0.364s] -- Up-to-date: /home/farao/ros2_ws/install/lecture2/local/lib/python3.10/dist-packages/lecture2
[0.364s] -- Up-to-date: /home/farao/ros2_ws/install/lecture2/local/lib/python3.10/dist-packages/lecture2/__init__.py
[0.364s] -- Up-to-date: /home/farao/ros2_ws/install/lecture2/local/lib/python3.10/dist-packages/lecture2/dummy_module.py
[0.382s] Listing '/home/farao/ros2_ws/install/lecture2/local/lib/python3.10/dist-packages/lecture2'...
[0.385s] -- Up-to-date: /home/farao/ros2_ws/install/lecture2/lib/lecture2/dummy_script.py
[0.385s] -- Up-to-date: /home/farao/ros2_ws/install/lecture2/lib/lecture2/cpp_node_test
[0.385s] -- Up-to-date: /home/farao/ros2_ws/install/lecture2/share/lecture2
[0.386s] -- Up-to-date: /home/farao/ros2_ws/install/lecture2/share/ament_index/resource_index/package_run_dependencies/lecture2
[0.386s] -- Up-to-date: /home/farao/ros2_ws/install/lecture2/share/ament_index/resource_index/parent_prefix_path/lecture2
[0.386s] -- Up-to-date: /home/farao/ros2_ws/install/lecture2/share/lecture2/environment/ament_prefix_path.sh
[0.386s] -- Up-to-date: /home/farao/ros2_ws/install/lecture2/share/lecture2/environment/ament_prefix_path.dsv
[0.387s] -- Up-to-date: /home/farao/ros2_ws/install/lecture2/share/lecture2/environment/path.sh
[0.387s] -- Up-to-date: /home/farao/ros2_ws/install/lecture2/share/lecture2/environment/path.dsv
[0.387s] -- Up-to-date: /home/farao/ros2_ws/install/lecture2/share/lecture2/local_setup.bash
[0.387s] -- Up-to-date: /home/farao/ros2_ws/install/lecture2/share/lecture2/local_setup.sh
[0.388s] -- Up-to-date: /home/farao/ros2_ws/install/lecture2/share/lecture2/local_setup.zsh
[0.388s] -- Up-to-date: /home/farao/ros2_ws/install/lecture2/share/lecture2/local_setup.dsv
[0.388s] -- Installing: /home/farao/ros2_ws/install/lecture2/share/lecture2/package.dsv
[0.389s] -- Up-to-date: /home/farao/ros2_ws/install/lecture2/share/ament_index/resource_index/packages/lecture2
[0.389s] -- Up-to-date: /home/farao/ros2_ws/install/lecture2/share/lecture2/cmake/lecture2Config.cmake
[0.389s] -- Up-to-date: /home/farao/ros2_ws/install/lecture2/share/lecture2/cmake/lecture2Config-version.cmake
[0.389s] -- Up-to-date: /home/farao/ros2_ws/install/lecture2/share/lecture2/package.xml
[0.393s] Invoked command in '/home/farao/ros2_ws/build/lecture2' returned '0': CMAKE_PREFIX_PATH=${CMAKE_PREFIX_PATH}:/opt/ros/humble /usr/bin/cmake --install /home/farao/ros2_ws/build/lecture2
