[0.016s] Invoking command in '/home/farao/ros2_ws/src/build/lab1': CMAKE_PREFIX_PATH=${CMAKE_PREFIX_PATH}:/opt/ros/humble /usr/bin/cmake /home/farao/ros2_ws/src/lab1 -DCMAKE_INSTALL_PREFIX=/home/farao/ros2_ws/src/install/lab1
[0.052s] -- The C compiler identification is GNU 11.4.0
[0.097s] -- The CXX compiler identification is GNU 11.4.0
[0.102s] -- Detecting C compiler ABI info
[0.144s] -- Detecting C compiler ABI info - done
[0.152s] -- Check for working C compiler: /usr/bin/cc - skipped
[0.152s] -- Detecting C compile features
[0.152s] -- Detecting C compile features - done
[0.155s] -- Detecting CXX compiler ABI info
[0.210s] -- Detecting CXX compiler ABI info - done
[0.215s] -- Check for working CXX compiler: /usr/bin/c++ - skipped
[0.215s] -- Detecting CXX compile features
[0.215s] -- Detecting CXX compile features - done
[0.217s] -- Found ament_cmake: 1.3.9 (/opt/ros/humble/share/ament_cmake/cmake)
[0.341s] -- Found Python3: /usr/bin/python3 (found version "3.10.12") found components: Interpreter 
[0.402s] -- Found rclcpp: 16.0.9 (/opt/ros/humble/share/rclcpp/cmake)
[0.429s] -- Found rosidl_generator_c: 3.1.5 (/opt/ros/humble/share/rosidl_generator_c/cmake)
[0.432s] -- Found rosidl_adapter: 3.1.5 (/opt/ros/humble/share/rosidl_adapter/cmake)
[0.437s] -- Found rosidl_generator_cpp: 3.1.5 (/opt/ros/humble/share/rosidl_generator_cpp/cmake)
[0.446s] -- Using all available rosidl_typesupport_c: rosidl_typesupport_fastrtps_c;rosidl_typesupport_introspection_c
[0.458s] -- Using all available rosidl_typesupport_cpp: rosidl_typesupport_fastrtps_cpp;rosidl_typesupport_introspection_cpp
[0.505s] -- Found rmw_implementation_cmake: 6.1.2 (/opt/ros/humble/share/rmw_implementation_cmake/cmake)
[0.506s] -- Found rmw_fastrtps_cpp: 6.2.6 (/opt/ros/humble/share/rmw_fastrtps_cpp/cmake)
[0.577s] -- Found OpenSSL: /usr/lib/x86_64-linux-gnu/libcrypto.so (found version "3.0.2")  
[0.596s] -- Found FastRTPS: /opt/ros/humble/include  
[0.632s] -- Using RMW implementation 'rmw_fastrtps_cpp' as default
[0.638s] -- Looking for pthread.h
[0.693s] -- Looking for pthread.h - found
[0.694s] -- Performing Test CMAKE_HAVE_LIBC_PTHREAD
[0.754s] -- Performing Test CMAKE_HAVE_LIBC_PTHREAD - Success
[0.755s] -- Found Threads: TRUE  
[0.857s] -- Found rclpy: 3.3.13 (/opt/ros/humble/share/rclpy/cmake)
[0.957s] -- Configuring done
[0.962s] -- Generating done
[0.963s] -- Build files have been written to: /home/farao/ros2_ws/src/build/lab1
[0.970s] Invoked command in '/home/farao/ros2_ws/src/build/lab1' returned '0': CMAKE_PREFIX_PATH=${CMAKE_PREFIX_PATH}:/opt/ros/humble /usr/bin/cmake /home/farao/ros2_ws/src/lab1 -DCMAKE_INSTALL_PREFIX=/home/farao/ros2_ws/src/install/lab1
[0.971s] Invoking command in '/home/farao/ros2_ws/src/build/lab1': CMAKE_PREFIX_PATH=${CMAKE_PREFIX_PATH}:/opt/ros/humble /usr/bin/cmake --build /home/farao/ros2_ws/src/build/lab1 -- -j20 -l20
[1.014s] [ 50%] [32mBuilding CXX object CMakeFiles/cpp_node_test.dir/src/cpp_node.cpp.o[0m
[1.018s] [ 50%] Built target ament_cmake_python_copy_lab1
[1.184s] [100%] [32m[1mLinking CXX executable cpp_node_test[0m
[1.254s] [100%] Built target cpp_node_test
[1.282s] running egg_info
[1.283s] creating lab1.egg-info
[1.283s] writing lab1.egg-info/PKG-INFO
[1.283s] writing dependency_links to lab1.egg-info/dependency_links.txt
[1.283s] writing top-level names to lab1.egg-info/top_level.txt
[1.283s] writing manifest file 'lab1.egg-info/SOURCES.txt'
[1.284s] reading manifest file 'lab1.egg-info/SOURCES.txt'
[1.284s] writing manifest file 'lab1.egg-info/SOURCES.txt'
[1.302s] [100%] Built target ament_cmake_python_build_lab1_egg
[1.312s] Invoked command in '/home/farao/ros2_ws/src/build/lab1' returned '0': CMAKE_PREFIX_PATH=${CMAKE_PREFIX_PATH}:/opt/ros/humble /usr/bin/cmake --build /home/farao/ros2_ws/src/build/lab1 -- -j20 -l20
[1.334s] Invoking command in '/home/farao/ros2_ws/src/build/lab1': CMAKE_PREFIX_PATH=${CMAKE_PREFIX_PATH}:/opt/ros/humble /usr/bin/cmake --install /home/farao/ros2_ws/src/build/lab1
[1.339s] -- Install configuration: ""
[1.339s] -- Installing: /home/farao/ros2_ws/src/install/lab1/share/lab1/environment/pythonpath.sh
[1.339s] -- Installing: /home/farao/ros2_ws/src/install/lab1/share/lab1/environment/pythonpath.dsv
[1.339s] -- Installing: /home/farao/ros2_ws/src/install/lab1/local/lib/python3.10/dist-packages/lab1-0.0.0-py3.10.egg-info
[1.339s] -- Installing: /home/farao/ros2_ws/src/install/lab1/local/lib/python3.10/dist-packages/lab1-0.0.0-py3.10.egg-info/dependency_links.txt
[1.339s] -- Installing: /home/farao/ros2_ws/src/install/lab1/local/lib/python3.10/dist-packages/lab1-0.0.0-py3.10.egg-info/PKG-INFO
[1.339s] -- Installing: /home/farao/ros2_ws/src/install/lab1/local/lib/python3.10/dist-packages/lab1-0.0.0-py3.10.egg-info/top_level.txt
[1.339s] -- Installing: /home/farao/ros2_ws/src/install/lab1/local/lib/python3.10/dist-packages/lab1-0.0.0-py3.10.egg-info/SOURCES.txt
[1.339s] -- Installing: /home/farao/ros2_ws/src/install/lab1/local/lib/python3.10/dist-packages/lab1
[1.339s] -- Installing: /home/farao/ros2_ws/src/install/lab1/local/lib/python3.10/dist-packages/lab1/__init__.py
[1.339s] -- Installing: /home/farao/ros2_ws/src/install/lab1/local/lib/python3.10/dist-packages/lab1/dummy_module.py
[1.375s] Listing '/home/farao/ros2_ws/src/install/lab1/local/lib/python3.10/dist-packages/lab1'...
[1.375s] Compiling '/home/farao/ros2_ws/src/install/lab1/local/lib/python3.10/dist-packages/lab1/__init__.py'...
[1.375s] Compiling '/home/farao/ros2_ws/src/install/lab1/local/lib/python3.10/dist-packages/lab1/dummy_module.py'...
[1.379s] -- Installing: /home/farao/ros2_ws/src/install/lab1/lib/lab1/dummy_script.py
[1.379s] -- Installing: /home/farao/ros2_ws/src/install/lab1/lib/lab1/noise_generator.py
[1.379s] -- Installing: /home/farao/ros2_ws/src/install/lab1/lib/lab1/velocity_mux.py
[1.379s] -- Installing: /home/farao/ros2_ws/src/install/lab1/lib/lab1/cpp_node_test
[1.380s] -- Set runtime path of "/home/farao/ros2_ws/src/install/lab1/lib/lab1/cpp_node_test" to ""
[1.380s] -- Installing: /home/farao/ros2_ws/src/install/lab1/share/lab1/launch
[1.380s] -- Installing: /home/farao/ros2_ws/src/install/lab1/share/lab1/launch/lab1_execute.launch.py
[1.380s] -- Installing: /home/farao/ros2_ws/src/install/lab1/share/lab1/launch/simple.launch.py
[1.380s] -- Installing: /home/farao/ros2_ws/src/install/lab1/share/lab1/launch/lalalalal.launch.py
[1.380s] -- Installing: /home/farao/ros2_ws/src/install/lab1/share/lab1/launch/simple_param.launch.py
[1.380s] -- Installing: /home/farao/ros2_ws/src/install/lab1/share/ament_index/resource_index/package_run_dependencies/lab1
[1.380s] -- Installing: /home/farao/ros2_ws/src/install/lab1/share/ament_index/resource_index/parent_prefix_path/lab1
[1.381s] -- Installing: /home/farao/ros2_ws/src/install/lab1/share/lab1/environment/ament_prefix_path.sh
[1.381s] -- Installing: /home/farao/ros2_ws/src/install/lab1/share/lab1/environment/ament_prefix_path.dsv
[1.381s] -- Installing: /home/farao/ros2_ws/src/install/lab1/share/lab1/environment/path.sh
[1.381s] -- Installing: /home/farao/ros2_ws/src/install/lab1/share/lab1/environment/path.dsv
[1.381s] -- Installing: /home/farao/ros2_ws/src/install/lab1/share/lab1/local_setup.bash
[1.381s] -- Installing: /home/farao/ros2_ws/src/install/lab1/share/lab1/local_setup.sh
[1.381s] -- Installing: /home/farao/ros2_ws/src/install/lab1/share/lab1/local_setup.zsh
[1.381s] -- Installing: /home/farao/ros2_ws/src/install/lab1/share/lab1/local_setup.dsv
[1.381s] -- Installing: /home/farao/ros2_ws/src/install/lab1/share/lab1/package.dsv
[1.382s] -- Installing: /home/farao/ros2_ws/src/install/lab1/share/ament_index/resource_index/packages/lab1
[1.382s] -- Installing: /home/farao/ros2_ws/src/install/lab1/share/lab1/cmake/lab1Config.cmake
[1.382s] -- Installing: /home/farao/ros2_ws/src/install/lab1/share/lab1/cmake/lab1Config-version.cmake
[1.382s] -- Installing: /home/farao/ros2_ws/src/install/lab1/share/lab1/package.xml
[1.384s] Invoked command in '/home/farao/ros2_ws/src/build/lab1' returned '0': CMAKE_PREFIX_PATH=${CMAKE_PREFIX_PATH}:/opt/ros/humble /usr/bin/cmake --install /home/farao/ros2_ws/src/build/lab1
