[0.018s] Invoking command in '/home/farao/ros2_ws/src/build/turtle_bringup': CMAKE_PREFIX_PATH=${CMAKE_PREFIX_PATH}:/opt/ros/humble /usr/bin/cmake --build /home/farao/ros2_ws/src/build/turtle_bringup -- -j20 -l20
[0.035s] -- Found ament_cmake: 1.3.9 (/opt/ros/humble/share/ament_cmake/cmake)
[0.145s] -- Found rclcpp: 16.0.9 (/opt/ros/humble/share/rclcpp/cmake)
[0.166s] -- Found rosidl_generator_c: 3.1.5 (/opt/ros/humble/share/rosidl_generator_c/cmake)
[0.167s] -- Found rosidl_adapter: 3.1.5 (/opt/ros/humble/share/rosidl_adapter/cmake)
[0.171s] -- Found rosidl_generator_cpp: 3.1.5 (/opt/ros/humble/share/rosidl_generator_cpp/cmake)
[0.178s] -- Using all available rosidl_typesupport_c: rosidl_typesupport_fastrtps_c;rosidl_typesupport_introspection_c
[0.187s] -- Using all available rosidl_typesupport_cpp: rosidl_typesupport_fastrtps_cpp;rosidl_typesupport_introspection_cpp
[0.223s] -- Found rmw_implementation_cmake: 6.1.2 (/opt/ros/humble/share/rmw_implementation_cmake/cmake)
[0.224s] -- Found rmw_fastrtps_cpp: 6.2.6 (/opt/ros/humble/share/rmw_fastrtps_cpp/cmake)
[0.299s] -- Using RMW implementation 'rmw_fastrtps_cpp' as default
[0.413s] -- Found rclpy: 3.3.13 (/opt/ros/humble/share/rclpy/cmake)
[0.503s] -- Configuring done
[0.508s] -- Generating done
[0.509s] -- Build files have been written to: /home/farao/ros2_ws/src/build/turtle_bringup
[0.529s] [35m[1mConsolidate compiler generated dependencies of target cpp_node_test[0m
[0.537s] [100%] Built target cpp_node_test
[0.545s] [100%] Built target ament_cmake_python_copy_turtle_bringup
[0.674s] running egg_info
[0.675s] writing turtle_bringup.egg-info/PKG-INFO
[0.675s] writing dependency_links to turtle_bringup.egg-info/dependency_links.txt
[0.675s] writing top-level names to turtle_bringup.egg-info/top_level.txt
[0.676s] reading manifest file 'turtle_bringup.egg-info/SOURCES.txt'
[0.676s] writing manifest file 'turtle_bringup.egg-info/SOURCES.txt'
[0.693s] [100%] Built target ament_cmake_python_build_turtle_bringup_egg
[0.700s] Invoked command in '/home/farao/ros2_ws/src/build/turtle_bringup' returned '0': CMAKE_PREFIX_PATH=${CMAKE_PREFIX_PATH}:/opt/ros/humble /usr/bin/cmake --build /home/farao/ros2_ws/src/build/turtle_bringup -- -j20 -l20
[0.725s] Invoking command in '/home/farao/ros2_ws/src/build/turtle_bringup': CMAKE_PREFIX_PATH=${CMAKE_PREFIX_PATH}:/opt/ros/humble /usr/bin/cmake --install /home/farao/ros2_ws/src/build/turtle_bringup
[0.731s] -- Install configuration: ""
[0.731s] -- Up-to-date: /home/farao/ros2_ws/src/install/turtle_bringup/share/turtle_bringup/environment/pythonpath.sh
[0.731s] -- Installing: /home/farao/ros2_ws/src/install/turtle_bringup/share/turtle_bringup/environment/pythonpath.dsv
[0.731s] -- Up-to-date: /home/farao/ros2_ws/src/install/turtle_bringup/local/lib/python3.10/dist-packages/turtle_bringup-0.0.0-py3.10.egg-info
[0.731s] -- Installing: /home/farao/ros2_ws/src/install/turtle_bringup/local/lib/python3.10/dist-packages/turtle_bringup-0.0.0-py3.10.egg-info/dependency_links.txt
[0.731s] -- Installing: /home/farao/ros2_ws/src/install/turtle_bringup/local/lib/python3.10/dist-packages/turtle_bringup-0.0.0-py3.10.egg-info/PKG-INFO
[0.731s] -- Installing: /home/farao/ros2_ws/src/install/turtle_bringup/local/lib/python3.10/dist-packages/turtle_bringup-0.0.0-py3.10.egg-info/top_level.txt
[0.731s] -- Installing: /home/farao/ros2_ws/src/install/turtle_bringup/local/lib/python3.10/dist-packages/turtle_bringup-0.0.0-py3.10.egg-info/SOURCES.txt
[0.731s] -- Up-to-date: /home/farao/ros2_ws/src/install/turtle_bringup/local/lib/python3.10/dist-packages/turtle_bringup
[0.732s] -- Up-to-date: /home/farao/ros2_ws/src/install/turtle_bringup/local/lib/python3.10/dist-packages/turtle_bringup/__init__.py
[0.732s] -- Up-to-date: /home/farao/ros2_ws/src/install/turtle_bringup/local/lib/python3.10/dist-packages/turtle_bringup/dummy_module.py
[0.754s] Listing '/home/farao/ros2_ws/src/install/turtle_bringup/local/lib/python3.10/dist-packages/turtle_bringup'...
[0.756s] -- Up-to-date: /home/farao/ros2_ws/src/install/turtle_bringup/lib/turtle_bringup/controller.py
[0.756s] -- Up-to-date: /home/farao/ros2_ws/src/install/turtle_bringup/lib/turtle_bringup/crazy_turtle.py
[0.756s] -- Up-to-date: /home/farao/ros2_ws/src/install/turtle_bringup/lib/turtle_bringup/crazy_pizza.py
[0.756s] -- Up-to-date: /home/farao/ros2_ws/src/install/turtle_bringup/lib/turtle_bringup/odom_publisher.py
[0.756s] -- Up-to-date: /home/farao/ros2_ws/src/install/turtle_bringup/lib/turtle_bringup/cpp_node_test
[0.756s] -- Installing: /home/farao/ros2_ws/src/install/turtle_bringup/share/turtle_bringup/launch
[0.757s] -- Installing: /home/farao/ros2_ws/src/install/turtle_bringup/share/turtle_bringup/launch/turtle_bringup.launch.py
[0.757s] -- Up-to-date: /home/farao/ros2_ws/src/install/turtle_bringup/share/ament_index/resource_index/package_run_dependencies/turtle_bringup
[0.757s] -- Installing: /home/farao/ros2_ws/src/install/turtle_bringup/share/ament_index/resource_index/parent_prefix_path/turtle_bringup
[0.757s] -- Up-to-date: /home/farao/ros2_ws/src/install/turtle_bringup/share/turtle_bringup/environment/ament_prefix_path.sh
[0.757s] -- Installing: /home/farao/ros2_ws/src/install/turtle_bringup/share/turtle_bringup/environment/ament_prefix_path.dsv
[0.757s] -- Up-to-date: /home/farao/ros2_ws/src/install/turtle_bringup/share/turtle_bringup/environment/path.sh
[0.757s] -- Installing: /home/farao/ros2_ws/src/install/turtle_bringup/share/turtle_bringup/environment/path.dsv
[0.757s] -- Up-to-date: /home/farao/ros2_ws/src/install/turtle_bringup/share/turtle_bringup/local_setup.bash
[0.757s] -- Up-to-date: /home/farao/ros2_ws/src/install/turtle_bringup/share/turtle_bringup/local_setup.sh
[0.757s] -- Up-to-date: /home/farao/ros2_ws/src/install/turtle_bringup/share/turtle_bringup/local_setup.zsh
[0.757s] -- Installing: /home/farao/ros2_ws/src/install/turtle_bringup/share/turtle_bringup/local_setup.dsv
[0.757s] -- Installing: /home/farao/ros2_ws/src/install/turtle_bringup/share/turtle_bringup/package.dsv
[0.757s] -- Up-to-date: /home/farao/ros2_ws/src/install/turtle_bringup/share/ament_index/resource_index/packages/turtle_bringup
[0.757s] -- Up-to-date: /home/farao/ros2_ws/src/install/turtle_bringup/share/turtle_bringup/cmake/turtle_bringupConfig.cmake
[0.757s] -- Up-to-date: /home/farao/ros2_ws/src/install/turtle_bringup/share/turtle_bringup/cmake/turtle_bringupConfig-version.cmake
[0.757s] -- Up-to-date: /home/farao/ros2_ws/src/install/turtle_bringup/share/turtle_bringup/package.xml
[0.759s] Invoked command in '/home/farao/ros2_ws/src/build/turtle_bringup' returned '0': CMAKE_PREFIX_PATH=${CMAKE_PREFIX_PATH}:/opt/ros/humble /usr/bin/cmake --install /home/farao/ros2_ws/src/build/turtle_bringup
