[0.014s] Invoking command in '/home/farao/ros2_ws/build/lecture2': CMAKE_PREFIX_PATH=${CMAKE_PREFIX_PATH}:/opt/ros/humble /usr/bin/cmake --build /home/farao/ros2_ws/build/lecture2 -- -j20 -l20
[0.045s] [100%] Built target cpp_node_test
[0.050s] [100%] Built target ament_cmake_python_copy_lecture2
[0.227s] running egg_info
[0.228s] writing lecture2.egg-info/PKG-INFO
[0.229s] writing dependency_links to lecture2.egg-info/dependency_links.txt
[0.229s] writing top-level names to lecture2.egg-info/top_level.txt
[0.231s] reading manifest file 'lecture2.egg-info/SOURCES.txt'
[0.231s] writing manifest file 'lecture2.egg-info/SOURCES.txt'
[0.256s] [100%] Built target ament_cmake_python_build_lecture2_egg
[0.264s] Invoked command in '/home/farao/ros2_ws/build/lecture2' returned '0': CMAKE_PREFIX_PATH=${CMAKE_PREFIX_PATH}:/opt/ros/humble /usr/bin/cmake --build /home/farao/ros2_ws/build/lecture2 -- -j20 -l20
[0.284s] Invoking command in '/home/farao/ros2_ws/build/lecture2': CMAKE_PREFIX_PATH=${CMAKE_PREFIX_PATH}:/opt/ros/humble /usr/bin/cmake --install /home/farao/ros2_ws/build/lecture2
[0.289s] -- Install configuration: ""
[0.289s] -- Up-to-date: /home/farao/ros2_ws/install/lecture2/share/lecture2/environment/pythonpath.sh
[0.289s] -- Up-to-date: /home/farao/ros2_ws/install/lecture2/share/lecture2/environment/pythonpath.dsv
[0.289s] -- Up-to-date: /home/farao/ros2_ws/install/lecture2/local/lib/python3.10/dist-packages/lecture2-0.0.0-py3.10.egg-info
[0.289s] -- Installing: /home/farao/ros2_ws/install/lecture2/local/lib/python3.10/dist-packages/lecture2-0.0.0-py3.10.egg-info/dependency_links.txt
[0.289s] -- Installing: /home/farao/ros2_ws/install/lecture2/local/lib/python3.10/dist-packages/lecture2-0.0.0-py3.10.egg-info/PKG-INFO
[0.289s] -- Installing: /home/farao/ros2_ws/install/lecture2/local/lib/python3.10/dist-packages/lecture2-0.0.0-py3.10.egg-info/top_level.txt
[0.289s] -- Installing: /home/farao/ros2_ws/install/lecture2/local/lib/python3.10/dist-packages/lecture2-0.0.0-py3.10.egg-info/SOURCES.txt
[0.289s] -- Up-to-date: /home/farao/ros2_ws/install/lecture2/local/lib/python3.10/dist-packages/lecture2
[0.289s] -- Up-to-date: /home/farao/ros2_ws/install/lecture2/local/lib/python3.10/dist-packages/lecture2/__init__.py
[0.290s] -- Up-to-date: /home/farao/ros2_ws/install/lecture2/local/lib/python3.10/dist-packages/lecture2/dummy_module.py
[0.311s] Listing '/home/farao/ros2_ws/install/lecture2/local/lib/python3.10/dist-packages/lecture2'...
[0.316s] -- Up-to-date: /home/farao/ros2_ws/install/lecture2/lib/lecture2/dummy_script.py
[0.316s] -- Up-to-date: /home/farao/ros2_ws/install/lecture2/lib/lecture2/cpp_node_test
[0.316s] -- Up-to-date: /home/farao/ros2_ws/install/lecture2/share/lecture2
[0.316s] -- Up-to-date: /home/farao/ros2_ws/install/lecture2/share/ament_index/resource_index/package_run_dependencies/lecture2
[0.317s] -- Up-to-date: /home/farao/ros2_ws/install/lecture2/share/ament_index/resource_index/parent_prefix_path/lecture2
[0.317s] -- Up-to-date: /home/farao/ros2_ws/install/lecture2/share/lecture2/environment/ament_prefix_path.sh
[0.317s] -- Up-to-date: /home/farao/ros2_ws/install/lecture2/share/lecture2/environment/ament_prefix_path.dsv
[0.317s] -- Up-to-date: /home/farao/ros2_ws/install/lecture2/share/lecture2/environment/path.sh
[0.317s] -- Up-to-date: /home/farao/ros2_ws/install/lecture2/share/lecture2/environment/path.dsv
[0.317s] -- Up-to-date: /home/farao/ros2_ws/install/lecture2/share/lecture2/local_setup.bash
[0.317s] -- Up-to-date: /home/farao/ros2_ws/install/lecture2/share/lecture2/local_setup.sh
[0.317s] -- Up-to-date: /home/farao/ros2_ws/install/lecture2/share/lecture2/local_setup.zsh
[0.317s] -- Up-to-date: /home/farao/ros2_ws/install/lecture2/share/lecture2/local_setup.dsv
[0.317s] -- Installing: /home/farao/ros2_ws/install/lecture2/share/lecture2/package.dsv
[0.317s] -- Up-to-date: /home/farao/ros2_ws/install/lecture2/share/ament_index/resource_index/packages/lecture2
[0.317s] -- Up-to-date: /home/farao/ros2_ws/install/lecture2/share/lecture2/cmake/lecture2Config.cmake
[0.317s] -- Up-to-date: /home/farao/ros2_ws/install/lecture2/share/lecture2/cmake/lecture2Config-version.cmake
[0.317s] -- Up-to-date: /home/farao/ros2_ws/install/lecture2/share/lecture2/package.xml
[0.335s] Invoked command in '/home/farao/ros2_ws/build/lecture2' returned '0': CMAKE_PREFIX_PATH=${CMAKE_PREFIX_PATH}:/opt/ros/humble /usr/bin/cmake --install /home/farao/ros2_ws/build/lecture2
