[0.058s] DEBUG:colcon:Command line arguments: ['/usr/bin/colcon', 'build']
[0.058s] DEBUG:colcon:Parsed command line arguments: Namespace(log_base=None, log_level=None, verb_name='build', build_base='build', install_base='install', merge_install=False, symlink_install=False, test_result_base=None, continue_on_error=False, executor='parallel', parallel_workers=20, event_handlers=None, ignore_user_meta=False, metas=['./colcon.meta'], base_paths=['.'], packages_ignore=None, packages_ignore_regex=None, paths=None, packages_up_to=None, packages_up_to_regex=None, packages_above=None, packages_above_and_dependencies=None, packages_above_depth=None, packages_select_by_dep=None, packages_skip_by_dep=None, packages_skip_up_to=None, packages_select_build_failed=False, packages_skip_build_finished=False, packages_select_test_failures=False, packages_skip_test_passed=False, packages_select=None, packages_skip=None, packages_select_regex=None, packages_skip_regex=None, packages_start=None, packages_end=None, allow_overriding=[], cmake_args=None, cmake_target=None, cmake_target_skip_unavailable=False, cmake_clean_cache=False, cmake_clean_first=False, cmake_force_configure=False, ament_cmake_args=None, catkin_cmake_args=None, catkin_skip_building_tests=False, mixin_files=None, mixin=None, verb_parser=<colcon_mixin.mixin.mixin_argument.MixinArgumentDecorator object at 0x72d0075ee080>, verb_extension=<colcon_core.verb.build.BuildVerb object at 0x72d0075edb10>, main=<bound method BuildVerb.main of <colcon_core.verb.build.BuildVerb object at 0x72d0075edb10>>, mixin_verb=('build',))
[0.142s] Level 1:colcon.colcon_core.package_discovery:discover_packages(colcon_meta) check parameters
[0.142s] Level 1:colcon.colcon_core.package_discovery:discover_packages(recursive) check parameters
[0.142s] Level 1:colcon.colcon_core.package_discovery:discover_packages(ignore) check parameters
[0.142s] Level 1:colcon.colcon_core.package_discovery:discover_packages(path) check parameters
[0.142s] Level 1:colcon.colcon_core.package_discovery:discover_packages(colcon_meta) discover
[0.142s] Level 1:colcon.colcon_core.package_discovery:discover_packages(recursive) discover
[0.142s] INFO:colcon.colcon_core.package_discovery:Crawling recursively for packages in '/home/farao/ros2_ws/src'
[0.142s] Level 1:colcon.colcon_core.package_identification:_identify(.) by extensions ['ignore', 'ignore_ament_install']
[0.142s] Level 1:colcon.colcon_core.package_identification:_identify(.) by extension 'ignore'
[0.142s] Level 1:colcon.colcon_core.package_identification:_identify(.) by extension 'ignore_ament_install'
[0.142s] Level 1:colcon.colcon_core.package_identification:_identify(.) by extensions ['colcon_pkg']
[0.142s] Level 1:colcon.colcon_core.package_identification:_identify(.) by extension 'colcon_pkg'
[0.142s] Level 1:colcon.colcon_core.package_identification:_identify(.) by extensions ['colcon_meta']
[0.142s] Level 1:colcon.colcon_core.package_identification:_identify(.) by extension 'colcon_meta'
[0.142s] Level 1:colcon.colcon_core.package_identification:_identify(.) by extensions ['ros']
[0.142s] Level 1:colcon.colcon_core.package_identification:_identify(.) by extension 'ros'
[0.149s] Level 1:colcon.colcon_core.package_identification:_identify(.) by extensions ['cmake', 'python']
[0.149s] Level 1:colcon.colcon_core.package_identification:_identify(.) by extension 'cmake'
[0.149s] Level 1:colcon.colcon_core.package_identification:_identify(.) by extension 'python'
[0.149s] Level 1:colcon.colcon_core.package_identification:_identify(.) by extensions ['python_setup_py']
[0.149s] Level 1:colcon.colcon_core.package_identification:_identify(.) by extension 'python_setup_py'
[0.149s] Level 1:colcon.colcon_core.package_identification:_identify(build) by extensions ['ignore', 'ignore_ament_install']
[0.149s] Level 1:colcon.colcon_core.package_identification:_identify(build) by extension 'ignore'
[0.149s] Level 1:colcon.colcon_core.package_identification:_identify(build) ignored
[0.149s] Level 1:colcon.colcon_core.package_identification:_identify(install) by extensions ['ignore', 'ignore_ament_install']
[0.149s] Level 1:colcon.colcon_core.package_identification:_identify(install) by extension 'ignore'
[0.149s] Level 1:colcon.colcon_core.package_identification:_identify(install) ignored
[0.149s] Level 1:colcon.colcon_core.package_identification:_identify(lecture2) by extensions ['ignore', 'ignore_ament_install']
[0.149s] Level 1:colcon.colcon_core.package_identification:_identify(lecture2) by extension 'ignore'
[0.149s] Level 1:colcon.colcon_core.package_identification:_identify(lecture2) by extension 'ignore_ament_install'
[0.149s] Level 1:colcon.colcon_core.package_identification:_identify(lecture2) by extensions ['colcon_pkg']
[0.149s] Level 1:colcon.colcon_core.package_identification:_identify(lecture2) by extension 'colcon_pkg'
[0.149s] Level 1:colcon.colcon_core.package_identification:_identify(lecture2) by extensions ['colcon_meta']
[0.149s] Level 1:colcon.colcon_core.package_identification:_identify(lecture2) by extension 'colcon_meta'
[0.149s] Level 1:colcon.colcon_core.package_identification:_identify(lecture2) by extensions ['ros']
[0.149s] Level 1:colcon.colcon_core.package_identification:_identify(lecture2) by extension 'ros'
[0.151s] DEBUG:colcon.colcon_core.package_identification:Package 'lecture2' with type 'ros.ament_cmake' and name 'lecture2'
[0.151s] Level 1:colcon.colcon_core.package_identification:_identify(log) by extensions ['ignore', 'ignore_ament_install']
[0.151s] Level 1:colcon.colcon_core.package_identification:_identify(log) by extension 'ignore'
[0.151s] Level 1:colcon.colcon_core.package_identification:_identify(log) ignored
[0.151s] Level 1:colcon.colcon_core.package_identification:_identify(turtle_bringup) by extensions ['ignore', 'ignore_ament_install']
[0.151s] Level 1:colcon.colcon_core.package_identification:_identify(turtle_bringup) by extension 'ignore'
[0.151s] Level 1:colcon.colcon_core.package_identification:_identify(turtle_bringup) by extension 'ignore_ament_install'
[0.151s] Level 1:colcon.colcon_core.package_identification:_identify(turtle_bringup) by extensions ['colcon_pkg']
[0.151s] Level 1:colcon.colcon_core.package_identification:_identify(turtle_bringup) by extension 'colcon_pkg'
[0.151s] Level 1:colcon.colcon_core.package_identification:_identify(turtle_bringup) by extensions ['colcon_meta']
[0.151s] Level 1:colcon.colcon_core.package_identification:_identify(turtle_bringup) by extension 'colcon_meta'
[0.151s] Level 1:colcon.colcon_core.package_identification:_identify(turtle_bringup) by extensions ['ros']
[0.151s] Level 1:colcon.colcon_core.package_identification:_identify(turtle_bringup) by extension 'ros'
[0.151s] DEBUG:colcon.colcon_core.package_identification:Package 'turtle_bringup' with type 'ros.ament_cmake' and name 'turtle_bringup'
[0.151s] Level 1:colcon.colcon_core.package_identification:_identify(turtlesim_plus) by extensions ['ignore', 'ignore_ament_install']
[0.151s] Level 1:colcon.colcon_core.package_identification:_identify(turtlesim_plus) by extension 'ignore'
[0.151s] Level 1:colcon.colcon_core.package_identification:_identify(turtlesim_plus) by extension 'ignore_ament_install'
[0.151s] Level 1:colcon.colcon_core.package_identification:_identify(turtlesim_plus) by extensions ['colcon_pkg']
[0.151s] Level 1:colcon.colcon_core.package_identification:_identify(turtlesim_plus) by extension 'colcon_pkg'
[0.151s] Level 1:colcon.colcon_core.package_identification:_identify(turtlesim_plus) by extensions ['colcon_meta']
[0.151s] Level 1:colcon.colcon_core.package_identification:_identify(turtlesim_plus) by extension 'colcon_meta'
[0.151s] Level 1:colcon.colcon_core.package_identification:_identify(turtlesim_plus) by extensions ['ros']
[0.151s] Level 1:colcon.colcon_core.package_identification:_identify(turtlesim_plus) by extension 'ros'
[0.151s] Level 1:colcon.colcon_core.package_identification:_identify(turtlesim_plus) by extensions ['cmake', 'python']
[0.151s] Level 1:colcon.colcon_core.package_identification:_identify(turtlesim_plus) by extension 'cmake'
[0.151s] Level 1:colcon.colcon_core.package_identification:_identify(turtlesim_plus) by extension 'python'
[0.152s] Level 1:colcon.colcon_core.package_identification:_identify(turtlesim_plus) by extensions ['python_setup_py']
[0.152s] Level 1:colcon.colcon_core.package_identification:_identify(turtlesim_plus) by extension 'python_setup_py'
[0.152s] Level 1:colcon.colcon_core.package_identification:_identify(turtlesim_plus/turtlesim_plus) by extensions ['ignore', 'ignore_ament_install']
[0.152s] Level 1:colcon.colcon_core.package_identification:_identify(turtlesim_plus/turtlesim_plus) by extension 'ignore'
[0.152s] Level 1:colcon.colcon_core.package_identification:_identify(turtlesim_plus/turtlesim_plus) by extension 'ignore_ament_install'
[0.152s] Level 1:colcon.colcon_core.package_identification:_identify(turtlesim_plus/turtlesim_plus) by extensions ['colcon_pkg']
[0.152s] Level 1:colcon.colcon_core.package_identification:_identify(turtlesim_plus/turtlesim_plus) by extension 'colcon_pkg'
[0.152s] Level 1:colcon.colcon_core.package_identification:_identify(turtlesim_plus/turtlesim_plus) by extensions ['colcon_meta']
[0.152s] Level 1:colcon.colcon_core.package_identification:_identify(turtlesim_plus/turtlesim_plus) by extension 'colcon_meta'
[0.152s] Level 1:colcon.colcon_core.package_identification:_identify(turtlesim_plus/turtlesim_plus) by extensions ['ros']
[0.152s] Level 1:colcon.colcon_core.package_identification:_identify(turtlesim_plus/turtlesim_plus) by extension 'ros'
[0.152s] DEBUG:colcon.colcon_core.package_identification:Package 'turtlesim_plus/turtlesim_plus' with type 'ros.ament_cmake' and name 'turtlesim_plus'
[0.152s] Level 1:colcon.colcon_core.package_identification:_identify(turtlesim_plus/turtlesim_plus_interfaces) by extensions ['ignore', 'ignore_ament_install']
[0.152s] Level 1:colcon.colcon_core.package_identification:_identify(turtlesim_plus/turtlesim_plus_interfaces) by extension 'ignore'
[0.152s] Level 1:colcon.colcon_core.package_identification:_identify(turtlesim_plus/turtlesim_plus_interfaces) by extension 'ignore_ament_install'
[0.152s] Level 1:colcon.colcon_core.package_identification:_identify(turtlesim_plus/turtlesim_plus_interfaces) by extensions ['colcon_pkg']
[0.152s] Level 1:colcon.colcon_core.package_identification:_identify(turtlesim_plus/turtlesim_plus_interfaces) by extension 'colcon_pkg'
[0.152s] Level 1:colcon.colcon_core.package_identification:_identify(turtlesim_plus/turtlesim_plus_interfaces) by extensions ['colcon_meta']
[0.152s] Level 1:colcon.colcon_core.package_identification:_identify(turtlesim_plus/turtlesim_plus_interfaces) by extension 'colcon_meta'
[0.152s] Level 1:colcon.colcon_core.package_identification:_identify(turtlesim_plus/turtlesim_plus_interfaces) by extensions ['ros']
[0.152s] Level 1:colcon.colcon_core.package_identification:_identify(turtlesim_plus/turtlesim_plus_interfaces) by extension 'ros'
[0.153s] DEBUG:colcon.colcon_core.package_identification:Package 'turtlesim_plus/turtlesim_plus_interfaces' with type 'ros.ament_cmake' and name 'turtlesim_plus_interfaces'
[0.153s] Level 1:colcon.colcon_core.package_discovery:discover_packages(recursive) using defaults
[0.153s] Level 1:colcon.colcon_core.package_discovery:discover_packages(ignore) discover
[0.153s] Level 1:colcon.colcon_core.package_discovery:discover_packages(ignore) using defaults
[0.153s] Level 1:colcon.colcon_core.package_discovery:discover_packages(path) discover
[0.153s] Level 1:colcon.colcon_core.package_discovery:discover_packages(path) using defaults
[0.165s] Level 1:colcon.colcon_core.package_discovery:discover_packages(prefix_path) check parameters
[0.165s] Level 1:colcon.colcon_core.package_discovery:discover_packages(prefix_path) discover
[0.166s] DEBUG:colcon.colcon_installed_package_information.package_discovery:Found 4 installed packages in /home/farao/ros2_ws/install
[0.166s] DEBUG:colcon.colcon_installed_package_information.package_discovery:Found 271 installed packages in /opt/ros/humble
[0.172s] Level 1:colcon.colcon_core.package_discovery:discover_packages(prefix_path) using defaults
[0.190s] Level 5:colcon.colcon_core.verb:set package 'lecture2' build argument 'cmake_args' from command line to 'None'
[0.190s] Level 5:colcon.colcon_core.verb:set package 'lecture2' build argument 'cmake_target' from command line to 'None'
[0.190s] Level 5:colcon.colcon_core.verb:set package 'lecture2' build argument 'cmake_target_skip_unavailable' from command line to 'False'
[0.190s] Level 5:colcon.colcon_core.verb:set package 'lecture2' build argument 'cmake_clean_cache' from command line to 'False'
[0.190s] Level 5:colcon.colcon_core.verb:set package 'lecture2' build argument 'cmake_clean_first' from command line to 'False'
[0.190s] Level 5:colcon.colcon_core.verb:set package 'lecture2' build argument 'cmake_force_configure' from command line to 'False'
[0.190s] Level 5:colcon.colcon_core.verb:set package 'lecture2' build argument 'ament_cmake_args' from command line to 'None'
[0.190s] Level 5:colcon.colcon_core.verb:set package 'lecture2' build argument 'catkin_cmake_args' from command line to 'None'
[0.190s] Level 5:colcon.colcon_core.verb:set package 'lecture2' build argument 'catkin_skip_building_tests' from command line to 'False'
[0.191s] DEBUG:colcon.colcon_core.verb:Building package 'lecture2' with the following arguments: {'ament_cmake_args': None, 'build_base': '/home/farao/ros2_ws/src/build/lecture2', 'catkin_cmake_args': None, 'catkin_skip_building_tests': False, 'cmake_args': None, 'cmake_clean_cache': False, 'cmake_clean_first': False, 'cmake_force_configure': False, 'cmake_target': None, 'cmake_target_skip_unavailable': False, 'install_base': '/home/farao/ros2_ws/src/install/lecture2', 'merge_install': False, 'path': '/home/farao/ros2_ws/src/lecture2', 'symlink_install': False, 'test_result_base': None}
[0.191s] Level 5:colcon.colcon_core.verb:set package 'turtle_bringup' build argument 'cmake_args' from command line to 'None'
[0.191s] Level 5:colcon.colcon_core.verb:set package 'turtle_bringup' build argument 'cmake_target' from command line to 'None'
[0.191s] Level 5:colcon.colcon_core.verb:set package 'turtle_bringup' build argument 'cmake_target_skip_unavailable' from command line to 'False'
[0.191s] Level 5:colcon.colcon_core.verb:set package 'turtle_bringup' build argument 'cmake_clean_cache' from command line to 'False'
[0.191s] Level 5:colcon.colcon_core.verb:set package 'turtle_bringup' build argument 'cmake_clean_first' from command line to 'False'
[0.191s] Level 5:colcon.colcon_core.verb:set package 'turtle_bringup' build argument 'cmake_force_configure' from command line to 'False'
[0.191s] Level 5:colcon.colcon_core.verb:set package 'turtle_bringup' build argument 'ament_cmake_args' from command line to 'None'
[0.191s] Level 5:colcon.colcon_core.verb:set package 'turtle_bringup' build argument 'catkin_cmake_args' from command line to 'None'
[0.191s] Level 5:colcon.colcon_core.verb:set package 'turtle_bringup' build argument 'catkin_skip_building_tests' from command line to 'False'
[0.191s] DEBUG:colcon.colcon_core.verb:Building package 'turtle_bringup' with the following arguments: {'ament_cmake_args': None, 'build_base': '/home/farao/ros2_ws/src/build/turtle_bringup', 'catkin_cmake_args': None, 'catkin_skip_building_tests': False, 'cmake_args': None, 'cmake_clean_cache': False, 'cmake_clean_first': False, 'cmake_force_configure': False, 'cmake_target': None, 'cmake_target_skip_unavailable': False, 'install_base': '/home/farao/ros2_ws/src/install/turtle_bringup', 'merge_install': False, 'path': '/home/farao/ros2_ws/src/turtle_bringup', 'symlink_install': False, 'test_result_base': None}
[0.191s] Level 5:colcon.colcon_core.verb:set package 'turtlesim_plus' build argument 'cmake_args' from command line to 'None'
[0.191s] Level 5:colcon.colcon_core.verb:set package 'turtlesim_plus' build argument 'cmake_target' from command line to 'None'
[0.191s] Level 5:colcon.colcon_core.verb:set package 'turtlesim_plus' build argument 'cmake_target_skip_unavailable' from command line to 'False'
[0.191s] Level 5:colcon.colcon_core.verb:set package 'turtlesim_plus' build argument 'cmake_clean_cache' from command line to 'False'
[0.191s] Level 5:colcon.colcon_core.verb:set package 'turtlesim_plus' build argument 'cmake_clean_first' from command line to 'False'
[0.191s] Level 5:colcon.colcon_core.verb:set package 'turtlesim_plus' build argument 'cmake_force_configure' from command line to 'False'
[0.191s] Level 5:colcon.colcon_core.verb:set package 'turtlesim_plus' build argument 'ament_cmake_args' from command line to 'None'
[0.191s] Level 5:colcon.colcon_core.verb:set package 'turtlesim_plus' build argument 'catkin_cmake_args' from command line to 'None'
[0.191s] Level 5:colcon.colcon_core.verb:set package 'turtlesim_plus' build argument 'catkin_skip_building_tests' from command line to 'False'
[0.191s] DEBUG:colcon.colcon_core.verb:Building package 'turtlesim_plus' with the following arguments: {'ament_cmake_args': None, 'build_base': '/home/farao/ros2_ws/src/build/turtlesim_plus', 'catkin_cmake_args': None, 'catkin_skip_building_tests': False, 'cmake_args': None, 'cmake_clean_cache': False, 'cmake_clean_first': False, 'cmake_force_configure': False, 'cmake_target': None, 'cmake_target_skip_unavailable': False, 'install_base': '/home/farao/ros2_ws/src/install/turtlesim_plus', 'merge_install': False, 'path': '/home/farao/ros2_ws/src/turtlesim_plus/turtlesim_plus', 'symlink_install': False, 'test_result_base': None}
[0.191s] Level 5:colcon.colcon_core.verb:set package 'turtlesim_plus_interfaces' build argument 'cmake_args' from command line to 'None'
[0.191s] Level 5:colcon.colcon_core.verb:set package 'turtlesim_plus_interfaces' build argument 'cmake_target' from command line to 'None'
[0.191s] Level 5:colcon.colcon_core.verb:set package 'turtlesim_plus_interfaces' build argument 'cmake_target_skip_unavailable' from command line to 'False'
[0.191s] Level 5:colcon.colcon_core.verb:set package 'turtlesim_plus_interfaces' build argument 'cmake_clean_cache' from command line to 'False'
[0.191s] Level 5:colcon.colcon_core.verb:set package 'turtlesim_plus_interfaces' build argument 'cmake_clean_first' from command line to 'False'
[0.191s] Level 5:colcon.colcon_core.verb:set package 'turtlesim_plus_interfaces' build argument 'cmake_force_configure' from command line to 'False'
[0.191s] Level 5:colcon.colcon_core.verb:set package 'turtlesim_plus_interfaces' build argument 'ament_cmake_args' from command line to 'None'
[0.191s] Level 5:colcon.colcon_core.verb:set package 'turtlesim_plus_interfaces' build argument 'catkin_cmake_args' from command line to 'None'
[0.191s] Level 5:colcon.colcon_core.verb:set package 'turtlesim_plus_interfaces' build argument 'catkin_skip_building_tests' from command line to 'False'
[0.191s] DEBUG:colcon.colcon_core.verb:Building package 'turtlesim_plus_interfaces' with the following arguments: {'ament_cmake_args': None, 'build_base': '/home/farao/ros2_ws/src/build/turtlesim_plus_interfaces', 'catkin_cmake_args': None, 'catkin_skip_building_tests': False, 'cmake_args': None, 'cmake_clean_cache': False, 'cmake_clean_first': False, 'cmake_force_configure': False, 'cmake_target': None, 'cmake_target_skip_unavailable': False, 'install_base': '/home/farao/ros2_ws/src/install/turtlesim_plus_interfaces', 'merge_install': False, 'path': '/home/farao/ros2_ws/src/turtlesim_plus/turtlesim_plus_interfaces', 'symlink_install': False, 'test_result_base': None}
[0.191s] INFO:colcon.colcon_core.executor:Executing jobs using 'parallel' executor
[0.192s] DEBUG:colcon.colcon_parallel_executor.executor.parallel:run_until_complete
[0.192s] INFO:colcon.colcon_ros.task.ament_cmake.build:Building ROS package in '/home/farao/ros2_ws/src/lecture2' with build type 'ament_cmake'
[0.192s] INFO:colcon.colcon_cmake.task.cmake.build:Building CMake package in '/home/farao/ros2_ws/src/lecture2'
[0.193s] INFO:colcon.colcon_core.plugin_system:Skipping extension 'colcon_core.shell.bat': Not used on non-Windows systems
[0.194s] INFO:colcon.colcon_core.shell:Skip shell extension 'powershell' for command environment: Not usable outside of PowerShell
[0.194s] DEBUG:colcon.colcon_core.shell:Skip shell extension 'dsv' for command environment
[0.195s] INFO:colcon.colcon_ros.task.ament_cmake.build:Building ROS package in '/home/farao/ros2_ws/src/turtle_bringup' with build type 'ament_cmake'
[0.195s] INFO:colcon.colcon_cmake.task.cmake.build:Building CMake package in '/home/farao/ros2_ws/src/turtle_bringup'
[0.195s] INFO:colcon.colcon_core.shell:Skip shell extension 'powershell' for command environment: Not usable outside of PowerShell
[0.196s] DEBUG:colcon.colcon_core.shell:Skip shell extension 'dsv' for command environment
[0.197s] INFO:colcon.colcon_ros.task.ament_cmake.build:Building ROS package in '/home/farao/ros2_ws/src/turtlesim_plus/turtlesim_plus' with build type 'ament_cmake'
[0.197s] INFO:colcon.colcon_cmake.task.cmake.build:Building CMake package in '/home/farao/ros2_ws/src/turtlesim_plus/turtlesim_plus'
[0.197s] INFO:colcon.colcon_core.shell:Skip shell extension 'powershell' for command environment: Not usable outside of PowerShell
[0.197s] DEBUG:colcon.colcon_core.shell:Skip shell extension 'dsv' for command environment
[0.199s] INFO:colcon.colcon_ros.task.ament_cmake.build:Building ROS package in '/home/farao/ros2_ws/src/turtlesim_plus/turtlesim_plus_interfaces' with build type 'ament_cmake'
[0.199s] INFO:colcon.colcon_cmake.task.cmake.build:Building CMake package in '/home/farao/ros2_ws/src/turtlesim_plus/turtlesim_plus_interfaces'
[0.199s] INFO:colcon.colcon_core.shell:Skip shell extension 'powershell' for command environment: Not usable outside of PowerShell
[0.199s] DEBUG:colcon.colcon_core.shell:Skip shell extension 'dsv' for command environment
[0.203s] DEBUG:colcon.colcon_core.event_handler.log_command:Invoking command in '/home/farao/ros2_ws/src/build/lecture2': CMAKE_PREFIX_PATH=${CMAKE_PREFIX_PATH}:/opt/ros/humble /usr/bin/cmake /home/farao/ros2_ws/src/lecture2 -DCMAKE_INSTALL_PREFIX=/home/farao/ros2_ws/src/install/lecture2
[0.204s] DEBUG:colcon.colcon_core.event_handler.log_command:Invoking command in '/home/farao/ros2_ws/src/build/turtle_bringup': CMAKE_PREFIX_PATH=${CMAKE_PREFIX_PATH}:/opt/ros/humble /usr/bin/cmake /home/farao/ros2_ws/src/turtle_bringup -DCMAKE_INSTALL_PREFIX=/home/farao/ros2_ws/src/install/turtle_bringup
[0.205s] DEBUG:colcon.colcon_core.event_handler.log_command:Invoking command in '/home/farao/ros2_ws/src/build/turtlesim_plus': CMAKE_PREFIX_PATH=${CMAKE_PREFIX_PATH}:/opt/ros/humble /usr/bin/cmake /home/farao/ros2_ws/src/turtlesim_plus/turtlesim_plus -DCMAKE_INSTALL_PREFIX=/home/farao/ros2_ws/src/install/turtlesim_plus
[0.208s] DEBUG:colcon.colcon_core.event_handler.log_command:Invoking command in '/home/farao/ros2_ws/src/build/turtlesim_plus_interfaces': CMAKE_PREFIX_PATH=${CMAKE_PREFIX_PATH}:/opt/ros/humble /usr/bin/cmake /home/farao/ros2_ws/src/turtlesim_plus/turtlesim_plus_interfaces -DCMAKE_INSTALL_PREFIX=/home/farao/ros2_ws/src/install/turtlesim_plus_interfaces
[1.080s] DEBUG:colcon.colcon_core.event_handler.log_command:Invoked command in '/home/farao/ros2_ws/src/build/turtlesim_plus' returned '0': CMAKE_PREFIX_PATH=${CMAKE_PREFIX_PATH}:/opt/ros/humble /usr/bin/cmake /home/farao/ros2_ws/src/turtlesim_plus/turtlesim_plus -DCMAKE_INSTALL_PREFIX=/home/farao/ros2_ws/src/install/turtlesim_plus
[1.081s] DEBUG:colcon.colcon_core.event_handler.log_command:Invoking command in '/home/farao/ros2_ws/src/build/turtlesim_plus': CMAKE_PREFIX_PATH=${CMAKE_PREFIX_PATH}:/opt/ros/humble /usr/bin/cmake --build /home/farao/ros2_ws/src/build/turtlesim_plus -- -j20 -l20
[1.085s] DEBUG:colcon.colcon_core.event_handler.log_command:Invoked command in '/home/farao/ros2_ws/src/build/lecture2' returned '0': CMAKE_PREFIX_PATH=${CMAKE_PREFIX_PATH}:/opt/ros/humble /usr/bin/cmake /home/farao/ros2_ws/src/lecture2 -DCMAKE_INSTALL_PREFIX=/home/farao/ros2_ws/src/install/lecture2
[1.085s] DEBUG:colcon.colcon_core.event_handler.log_command:Invoking command in '/home/farao/ros2_ws/src/build/lecture2': CMAKE_PREFIX_PATH=${CMAKE_PREFIX_PATH}:/opt/ros/humble /usr/bin/cmake --build /home/farao/ros2_ws/src/build/lecture2 -- -j20 -l20
[1.086s] DEBUG:colcon.colcon_core.event_handler.log_command:Invoked command in '/home/farao/ros2_ws/src/build/turtle_bringup' returned '0': CMAKE_PREFIX_PATH=${CMAKE_PREFIX_PATH}:/opt/ros/humble /usr/bin/cmake /home/farao/ros2_ws/src/turtle_bringup -DCMAKE_INSTALL_PREFIX=/home/farao/ros2_ws/src/install/turtle_bringup
[1.086s] DEBUG:colcon.colcon_core.event_handler.log_command:Invoking command in '/home/farao/ros2_ws/src/build/turtle_bringup': CMAKE_PREFIX_PATH=${CMAKE_PREFIX_PATH}:/opt/ros/humble /usr/bin/cmake --build /home/farao/ros2_ws/src/build/turtle_bringup -- -j20 -l20
[1.266s] DEBUG:colcon.colcon_core.event_handler.log_command:Invoked command in '/home/farao/ros2_ws/src/build/turtlesim_plus_interfaces' returned '0': CMAKE_PREFIX_PATH=${CMAKE_PREFIX_PATH}:/opt/ros/humble /usr/bin/cmake /home/farao/ros2_ws/src/turtlesim_plus/turtlesim_plus_interfaces -DCMAKE_INSTALL_PREFIX=/home/farao/ros2_ws/src/install/turtlesim_plus_interfaces
[1.267s] DEBUG:colcon.colcon_core.event_handler.log_command:Invoking command in '/home/farao/ros2_ws/src/build/turtlesim_plus_interfaces': CMAKE_PREFIX_PATH=${CMAKE_PREFIX_PATH}:/opt/ros/humble /usr/bin/cmake --build /home/farao/ros2_ws/src/build/turtlesim_plus_interfaces -- -j20 -l20
[1.283s] DEBUG:colcon.colcon_core.event_handler.log_command:Invoked command in '/home/farao/ros2_ws/src/build/turtlesim_plus' returned '0': CMAKE_PREFIX_PATH=${CMAKE_PREFIX_PATH}:/opt/ros/humble /usr/bin/cmake --build /home/farao/ros2_ws/src/build/turtlesim_plus -- -j20 -l20
[1.306s] DEBUG:colcon.colcon_core.event_handler.log_command:Invoking command in '/home/farao/ros2_ws/src/build/turtlesim_plus': CMAKE_PREFIX_PATH=${CMAKE_PREFIX_PATH}:/opt/ros/humble /usr/bin/cmake --install /home/farao/ros2_ws/src/build/turtlesim_plus
[1.345s] DEBUG:colcon.colcon_core.event_handler.log_command:Invoked command in '/home/farao/ros2_ws/src/build/lecture2' returned '0': CMAKE_PREFIX_PATH=${CMAKE_PREFIX_PATH}:/opt/ros/humble /usr/bin/cmake --build /home/farao/ros2_ws/src/build/lecture2 -- -j20 -l20
[1.346s] Level 1:colcon.colcon_core.environment:create_environment_scripts_only(turtlesim_plus)
[1.346s] DEBUG:colcon.colcon_core.event_handler.log_command:Invoked command in '/home/farao/ros2_ws/src/build/turtlesim_plus' returned '0': CMAKE_PREFIX_PATH=${CMAKE_PREFIX_PATH}:/opt/ros/humble /usr/bin/cmake --install /home/farao/ros2_ws/src/build/turtlesim_plus
[1.347s] Level 1:colcon.colcon_core.environment:checking '/home/farao/ros2_ws/src/install/turtlesim_plus' for CMake module files
[1.348s] Level 1:colcon.colcon_core.environment:checking '/home/farao/ros2_ws/src/install/turtlesim_plus' for CMake config files
[1.348s] Level 1:colcon.colcon_core.shell:create_environment_hook('turtlesim_plus', 'cmake_prefix_path')
[1.348s] INFO:colcon.colcon_core.shell:Creating environment hook '/home/farao/ros2_ws/src/install/turtlesim_plus/share/turtlesim_plus/hook/cmake_prefix_path.ps1'
[1.348s] INFO:colcon.colcon_core.shell:Creating environment descriptor '/home/farao/ros2_ws/src/install/turtlesim_plus/share/turtlesim_plus/hook/cmake_prefix_path.dsv'
[1.349s] INFO:colcon.colcon_core.shell:Creating environment hook '/home/farao/ros2_ws/src/install/turtlesim_plus/share/turtlesim_plus/hook/cmake_prefix_path.sh'
[1.349s] Level 1:colcon.colcon_core.environment:checking '/home/farao/ros2_ws/src/install/turtlesim_plus/lib'
[1.349s] Level 1:colcon.colcon_core.environment:checking '/home/farao/ros2_ws/src/install/turtlesim_plus/bin'
[1.349s] Level 1:colcon.colcon_core.environment:checking '/home/farao/ros2_ws/src/install/turtlesim_plus/lib/pkgconfig/turtlesim_plus.pc'
[1.349s] Level 1:colcon.colcon_core.environment:checking '/home/farao/ros2_ws/src/install/turtlesim_plus/lib/python3.10/site-packages'
[1.349s] Level 1:colcon.colcon_core.environment:checking '/home/farao/ros2_ws/src/install/turtlesim_plus/bin'
[1.350s] INFO:colcon.colcon_core.shell:Creating package script '/home/farao/ros2_ws/src/install/turtlesim_plus/share/turtlesim_plus/package.ps1'
[1.350s] INFO:colcon.colcon_core.shell:Creating package descriptor '/home/farao/ros2_ws/src/install/turtlesim_plus/share/turtlesim_plus/package.dsv'
[1.350s] INFO:colcon.colcon_core.shell:Creating package script '/home/farao/ros2_ws/src/install/turtlesim_plus/share/turtlesim_plus/package.sh'
[1.351s] INFO:colcon.colcon_core.shell:Creating package script '/home/farao/ros2_ws/src/install/turtlesim_plus/share/turtlesim_plus/package.bash'
[1.351s] INFO:colcon.colcon_core.shell:Creating package script '/home/farao/ros2_ws/src/install/turtlesim_plus/share/turtlesim_plus/package.zsh'
[1.351s] Level 1:colcon.colcon_core.environment:create_file_with_runtime_dependencies(/home/farao/ros2_ws/src/install/turtlesim_plus/share/colcon-core/packages/turtlesim_plus)
[1.352s] DEBUG:colcon.colcon_core.event_handler.log_command:Invoked command in '/home/farao/ros2_ws/src/build/turtle_bringup' returned '0': CMAKE_PREFIX_PATH=${CMAKE_PREFIX_PATH}:/opt/ros/humble /usr/bin/cmake --build /home/farao/ros2_ws/src/build/turtle_bringup -- -j20 -l20
[1.364s] DEBUG:colcon.colcon_core.event_handler.log_command:Invoking command in '/home/farao/ros2_ws/src/build/lecture2': CMAKE_PREFIX_PATH=${CMAKE_PREFIX_PATH}:/opt/ros/humble /usr/bin/cmake --install /home/farao/ros2_ws/src/build/lecture2
[1.369s] Level 1:colcon.colcon_core.environment:create_environment_scripts_only(turtlesim_plus)
[1.369s] Level 1:colcon.colcon_core.environment:checking '/home/farao/ros2_ws/src/install/turtlesim_plus' for CMake module files
[1.371s] Level 1:colcon.colcon_core.environment:checking '/home/farao/ros2_ws/src/install/turtlesim_plus' for CMake config files
[1.371s] Level 1:colcon.colcon_core.shell:create_environment_hook('turtlesim_plus', 'cmake_prefix_path')
[1.371s] INFO:colcon.colcon_core.shell:Creating environment hook '/home/farao/ros2_ws/src/install/turtlesim_plus/share/turtlesim_plus/hook/cmake_prefix_path.ps1'
[1.372s] INFO:colcon.colcon_core.shell:Creating environment descriptor '/home/farao/ros2_ws/src/install/turtlesim_plus/share/turtlesim_plus/hook/cmake_prefix_path.dsv'
[1.372s] INFO:colcon.colcon_core.shell:Creating environment hook '/home/farao/ros2_ws/src/install/turtlesim_plus/share/turtlesim_plus/hook/cmake_prefix_path.sh'
[1.372s] Level 1:colcon.colcon_core.environment:checking '/home/farao/ros2_ws/src/install/turtlesim_plus/lib'
[1.373s] Level 1:colcon.colcon_core.environment:checking '/home/farao/ros2_ws/src/install/turtlesim_plus/bin'
[1.373s] Level 1:colcon.colcon_core.environment:checking '/home/farao/ros2_ws/src/install/turtlesim_plus/lib/pkgconfig/turtlesim_plus.pc'
[1.373s] Level 1:colcon.colcon_core.environment:checking '/home/farao/ros2_ws/src/install/turtlesim_plus/lib/python3.10/site-packages'
[1.373s] Level 1:colcon.colcon_core.environment:checking '/home/farao/ros2_ws/src/install/turtlesim_plus/bin'
[1.373s] INFO:colcon.colcon_core.shell:Creating package script '/home/farao/ros2_ws/src/install/turtlesim_plus/share/turtlesim_plus/package.ps1'
[1.374s] INFO:colcon.colcon_core.shell:Creating package descriptor '/home/farao/ros2_ws/src/install/turtlesim_plus/share/turtlesim_plus/package.dsv'
[1.374s] INFO:colcon.colcon_core.shell:Creating package script '/home/farao/ros2_ws/src/install/turtlesim_plus/share/turtlesim_plus/package.sh'
[1.374s] INFO:colcon.colcon_core.shell:Creating package script '/home/farao/ros2_ws/src/install/turtlesim_plus/share/turtlesim_plus/package.bash'
[1.374s] INFO:colcon.colcon_core.shell:Creating package script '/home/farao/ros2_ws/src/install/turtlesim_plus/share/turtlesim_plus/package.zsh'
[1.374s] Level 1:colcon.colcon_core.environment:create_file_with_runtime_dependencies(/home/farao/ros2_ws/src/install/turtlesim_plus/share/colcon-core/packages/turtlesim_plus)
[1.376s] DEBUG:colcon.colcon_core.event_handler.log_command:Invoking command in '/home/farao/ros2_ws/src/build/turtle_bringup': CMAKE_PREFIX_PATH=${CMAKE_PREFIX_PATH}:/opt/ros/humble /usr/bin/cmake --install /home/farao/ros2_ws/src/build/turtle_bringup
[1.396s] Level 1:colcon.colcon_core.environment:create_environment_scripts_only(lecture2)
[1.397s] Level 1:colcon.colcon_core.environment:checking '/home/farao/ros2_ws/src/install/lecture2' for CMake module files
[1.397s] DEBUG:colcon.colcon_core.event_handler.log_command:Invoked command in '/home/farao/ros2_ws/src/build/lecture2' returned '0': CMAKE_PREFIX_PATH=${CMAKE_PREFIX_PATH}:/opt/ros/humble /usr/bin/cmake --install /home/farao/ros2_ws/src/build/lecture2
[1.397s] Level 1:colcon.colcon_core.environment:checking '/home/farao/ros2_ws/src/install/lecture2' for CMake config files
[1.398s] Level 1:colcon.colcon_core.shell:create_environment_hook('lecture2', 'cmake_prefix_path')
[1.398s] INFO:colcon.colcon_core.shell:Creating environment hook '/home/farao/ros2_ws/src/install/lecture2/share/lecture2/hook/cmake_prefix_path.ps1'
[1.398s] INFO:colcon.colcon_core.shell:Creating environment descriptor '/home/farao/ros2_ws/src/install/lecture2/share/lecture2/hook/cmake_prefix_path.dsv'
[1.398s] INFO:colcon.colcon_core.shell:Creating environment hook '/home/farao/ros2_ws/src/install/lecture2/share/lecture2/hook/cmake_prefix_path.sh'
[1.399s] Level 1:colcon.colcon_core.environment:checking '/home/farao/ros2_ws/src/install/lecture2/lib'
[1.399s] Level 1:colcon.colcon_core.environment:checking '/home/farao/ros2_ws/src/install/lecture2/bin'
[1.399s] Level 1:colcon.colcon_core.environment:checking '/home/farao/ros2_ws/src/install/lecture2/lib/pkgconfig/lecture2.pc'
[1.399s] Level 1:colcon.colcon_core.environment:checking '/home/farao/ros2_ws/src/install/lecture2/lib/python3.10/site-packages'
[1.399s] Level 1:colcon.colcon_core.environment:checking '/home/farao/ros2_ws/src/install/lecture2/bin'
[1.400s] INFO:colcon.colcon_core.shell:Creating package script '/home/farao/ros2_ws/src/install/lecture2/share/lecture2/package.ps1'
[1.400s] INFO:colcon.colcon_core.shell:Creating package descriptor '/home/farao/ros2_ws/src/install/lecture2/share/lecture2/package.dsv'
[1.400s] INFO:colcon.colcon_core.shell:Creating package script '/home/farao/ros2_ws/src/install/lecture2/share/lecture2/package.sh'
[1.400s] INFO:colcon.colcon_core.shell:Creating package script '/home/farao/ros2_ws/src/install/lecture2/share/lecture2/package.bash'
[1.400s] INFO:colcon.colcon_core.shell:Creating package script '/home/farao/ros2_ws/src/install/lecture2/share/lecture2/package.zsh'
[1.401s] Level 1:colcon.colcon_core.environment:create_file_with_runtime_dependencies(/home/farao/ros2_ws/src/install/lecture2/share/colcon-core/packages/lecture2)
[1.408s] Level 1:colcon.colcon_core.environment:create_environment_scripts_only(turtle_bringup)
[1.408s] Level 1:colcon.colcon_core.environment:checking '/home/farao/ros2_ws/src/install/turtle_bringup' for CMake module files
[1.408s] DEBUG:colcon.colcon_core.event_handler.log_command:Invoked command in '/home/farao/ros2_ws/src/build/turtle_bringup' returned '0': CMAKE_PREFIX_PATH=${CMAKE_PREFIX_PATH}:/opt/ros/humble /usr/bin/cmake --install /home/farao/ros2_ws/src/build/turtle_bringup
[1.409s] Level 1:colcon.colcon_core.environment:checking '/home/farao/ros2_ws/src/install/turtle_bringup' for CMake config files
[1.409s] Level 1:colcon.colcon_core.shell:create_environment_hook('turtle_bringup', 'cmake_prefix_path')
[1.409s] INFO:colcon.colcon_core.shell:Creating environment hook '/home/farao/ros2_ws/src/install/turtle_bringup/share/turtle_bringup/hook/cmake_prefix_path.ps1'
[1.409s] INFO:colcon.colcon_core.shell:Creating environment descriptor '/home/farao/ros2_ws/src/install/turtle_bringup/share/turtle_bringup/hook/cmake_prefix_path.dsv'
[1.410s] INFO:colcon.colcon_core.shell:Creating environment hook '/home/farao/ros2_ws/src/install/turtle_bringup/share/turtle_bringup/hook/cmake_prefix_path.sh'
[1.410s] Level 1:colcon.colcon_core.environment:checking '/home/farao/ros2_ws/src/install/turtle_bringup/lib'
[1.410s] Level 1:colcon.colcon_core.environment:checking '/home/farao/ros2_ws/src/install/turtle_bringup/bin'
[1.410s] Level 1:colcon.colcon_core.environment:checking '/home/farao/ros2_ws/src/install/turtle_bringup/lib/pkgconfig/turtle_bringup.pc'
[1.410s] Level 1:colcon.colcon_core.environment:checking '/home/farao/ros2_ws/src/install/turtle_bringup/lib/python3.10/site-packages'
[1.411s] Level 1:colcon.colcon_core.environment:checking '/home/farao/ros2_ws/src/install/turtle_bringup/bin'
[1.411s] INFO:colcon.colcon_core.shell:Creating package script '/home/farao/ros2_ws/src/install/turtle_bringup/share/turtle_bringup/package.ps1'
[1.411s] INFO:colcon.colcon_core.shell:Creating package descriptor '/home/farao/ros2_ws/src/install/turtle_bringup/share/turtle_bringup/package.dsv'
[1.412s] INFO:colcon.colcon_core.shell:Creating package script '/home/farao/ros2_ws/src/install/turtle_bringup/share/turtle_bringup/package.sh'
[1.412s] INFO:colcon.colcon_core.shell:Creating package script '/home/farao/ros2_ws/src/install/turtle_bringup/share/turtle_bringup/package.bash'
[1.412s] INFO:colcon.colcon_core.shell:Creating package script '/home/farao/ros2_ws/src/install/turtle_bringup/share/turtle_bringup/package.zsh'
[1.412s] Level 1:colcon.colcon_core.environment:create_file_with_runtime_dependencies(/home/farao/ros2_ws/src/install/turtle_bringup/share/colcon-core/packages/turtle_bringup)
[1.418s] Level 1:colcon.colcon_core.environment:create_environment_scripts_only(lecture2)
[1.418s] Level 1:colcon.colcon_core.environment:checking '/home/farao/ros2_ws/src/install/lecture2' for CMake module files
[1.419s] Level 1:colcon.colcon_core.environment:checking '/home/farao/ros2_ws/src/install/lecture2' for CMake config files
[1.419s] Level 1:colcon.colcon_core.shell:create_environment_hook('lecture2', 'cmake_prefix_path')
[1.419s] INFO:colcon.colcon_core.shell:Creating environment hook '/home/farao/ros2_ws/src/install/lecture2/share/lecture2/hook/cmake_prefix_path.ps1'
[1.419s] INFO:colcon.colcon_core.shell:Creating environment descriptor '/home/farao/ros2_ws/src/install/lecture2/share/lecture2/hook/cmake_prefix_path.dsv'
[1.419s] INFO:colcon.colcon_core.shell:Creating environment hook '/home/farao/ros2_ws/src/install/lecture2/share/lecture2/hook/cmake_prefix_path.sh'
[1.420s] Level 1:colcon.colcon_core.environment:checking '/home/farao/ros2_ws/src/install/lecture2/lib'
[1.420s] Level 1:colcon.colcon_core.environment:checking '/home/farao/ros2_ws/src/install/lecture2/bin'
[1.420s] Level 1:colcon.colcon_core.environment:checking '/home/farao/ros2_ws/src/install/lecture2/lib/pkgconfig/lecture2.pc'
[1.420s] Level 1:colcon.colcon_core.environment:checking '/home/farao/ros2_ws/src/install/lecture2/lib/python3.10/site-packages'
[1.420s] Level 1:colcon.colcon_core.environment:checking '/home/farao/ros2_ws/src/install/lecture2/bin'
[1.420s] INFO:colcon.colcon_core.shell:Creating package script '/home/farao/ros2_ws/src/install/lecture2/share/lecture2/package.ps1'
[1.420s] INFO:colcon.colcon_core.shell:Creating package descriptor '/home/farao/ros2_ws/src/install/lecture2/share/lecture2/package.dsv'
[1.421s] INFO:colcon.colcon_core.shell:Creating package script '/home/farao/ros2_ws/src/install/lecture2/share/lecture2/package.sh'
[1.421s] INFO:colcon.colcon_core.shell:Creating package script '/home/farao/ros2_ws/src/install/lecture2/share/lecture2/package.bash'
[1.421s] INFO:colcon.colcon_core.shell:Creating package script '/home/farao/ros2_ws/src/install/lecture2/share/lecture2/package.zsh'
[1.421s] Level 1:colcon.colcon_core.environment:create_file_with_runtime_dependencies(/home/farao/ros2_ws/src/install/lecture2/share/colcon-core/packages/lecture2)
[1.431s] Level 1:colcon.colcon_core.environment:create_environment_scripts_only(turtle_bringup)
[1.431s] Level 1:colcon.colcon_core.environment:checking '/home/farao/ros2_ws/src/install/turtle_bringup' for CMake module files
[1.431s] Level 1:colcon.colcon_core.environment:checking '/home/farao/ros2_ws/src/install/turtle_bringup' for CMake config files
[1.431s] Level 1:colcon.colcon_core.shell:create_environment_hook('turtle_bringup', 'cmake_prefix_path')
[1.431s] INFO:colcon.colcon_core.shell:Creating environment hook '/home/farao/ros2_ws/src/install/turtle_bringup/share/turtle_bringup/hook/cmake_prefix_path.ps1'
[1.432s] INFO:colcon.colcon_core.shell:Creating environment descriptor '/home/farao/ros2_ws/src/install/turtle_bringup/share/turtle_bringup/hook/cmake_prefix_path.dsv'
[1.432s] INFO:colcon.colcon_core.shell:Creating environment hook '/home/farao/ros2_ws/src/install/turtle_bringup/share/turtle_bringup/hook/cmake_prefix_path.sh'
[1.432s] Level 1:colcon.colcon_core.environment:checking '/home/farao/ros2_ws/src/install/turtle_bringup/lib'
[1.432s] Level 1:colcon.colcon_core.environment:checking '/home/farao/ros2_ws/src/install/turtle_bringup/bin'
[1.432s] Level 1:colcon.colcon_core.environment:checking '/home/farao/ros2_ws/src/install/turtle_bringup/lib/pkgconfig/turtle_bringup.pc'
[1.432s] Level 1:colcon.colcon_core.environment:checking '/home/farao/ros2_ws/src/install/turtle_bringup/lib/python3.10/site-packages'
[1.432s] Level 1:colcon.colcon_core.environment:checking '/home/farao/ros2_ws/src/install/turtle_bringup/bin'
[1.433s] INFO:colcon.colcon_core.shell:Creating package script '/home/farao/ros2_ws/src/install/turtle_bringup/share/turtle_bringup/package.ps1'
[1.433s] INFO:colcon.colcon_core.shell:Creating package descriptor '/home/farao/ros2_ws/src/install/turtle_bringup/share/turtle_bringup/package.dsv'
[1.433s] INFO:colcon.colcon_core.shell:Creating package script '/home/farao/ros2_ws/src/install/turtle_bringup/share/turtle_bringup/package.sh'
[1.433s] INFO:colcon.colcon_core.shell:Creating package script '/home/farao/ros2_ws/src/install/turtle_bringup/share/turtle_bringup/package.bash'
[1.434s] INFO:colcon.colcon_core.shell:Creating package script '/home/farao/ros2_ws/src/install/turtle_bringup/share/turtle_bringup/package.zsh'
[1.434s] Level 1:colcon.colcon_core.environment:create_file_with_runtime_dependencies(/home/farao/ros2_ws/src/install/turtle_bringup/share/colcon-core/packages/turtle_bringup)
[3.218s] DEBUG:colcon.colcon_core.event_handler.log_command:Invoked command in '/home/farao/ros2_ws/src/build/turtlesim_plus_interfaces' returned '0': CMAKE_PREFIX_PATH=${CMAKE_PREFIX_PATH}:/opt/ros/humble /usr/bin/cmake --build /home/farao/ros2_ws/src/build/turtlesim_plus_interfaces -- -j20 -l20
[3.295s] DEBUG:colcon.colcon_core.event_handler.log_command:Invoking command in '/home/farao/ros2_ws/src/build/turtlesim_plus_interfaces': CMAKE_PREFIX_PATH=${CMAKE_PREFIX_PATH}:/opt/ros/humble /usr/bin/cmake --install /home/farao/ros2_ws/src/build/turtlesim_plus_interfaces
[3.341s] Level 1:colcon.colcon_core.environment:create_environment_scripts_only(turtlesim_plus_interfaces)
[3.342s] Level 1:colcon.colcon_core.environment:checking '/home/farao/ros2_ws/src/install/turtlesim_plus_interfaces' for CMake module files
[3.342s] DEBUG:colcon.colcon_core.event_handler.log_command:Invoked command in '/home/farao/ros2_ws/src/build/turtlesim_plus_interfaces' returned '0': CMAKE_PREFIX_PATH=${CMAKE_PREFIX_PATH}:/opt/ros/humble /usr/bin/cmake --install /home/farao/ros2_ws/src/build/turtlesim_plus_interfaces
[3.342s] Level 1:colcon.colcon_core.environment:checking '/home/farao/ros2_ws/src/install/turtlesim_plus_interfaces' for CMake config files
[3.343s] Level 1:colcon.colcon_core.shell:create_environment_hook('turtlesim_plus_interfaces', 'cmake_prefix_path')
[3.343s] INFO:colcon.colcon_core.shell:Creating environment hook '/home/farao/ros2_ws/src/install/turtlesim_plus_interfaces/share/turtlesim_plus_interfaces/hook/cmake_prefix_path.ps1'
[3.343s] INFO:colcon.colcon_core.shell:Creating environment descriptor '/home/farao/ros2_ws/src/install/turtlesim_plus_interfaces/share/turtlesim_plus_interfaces/hook/cmake_prefix_path.dsv'
[3.343s] INFO:colcon.colcon_core.shell:Creating environment hook '/home/farao/ros2_ws/src/install/turtlesim_plus_interfaces/share/turtlesim_plus_interfaces/hook/cmake_prefix_path.sh'
[3.343s] Level 1:colcon.colcon_core.environment:checking '/home/farao/ros2_ws/src/install/turtlesim_plus_interfaces/lib'
[3.343s] Level 1:colcon.colcon_core.shell:create_environment_hook('turtlesim_plus_interfaces', 'ld_library_path_lib')
[3.343s] INFO:colcon.colcon_core.shell:Creating environment hook '/home/farao/ros2_ws/src/install/turtlesim_plus_interfaces/share/turtlesim_plus_interfaces/hook/ld_library_path_lib.ps1'
[3.344s] INFO:colcon.colcon_core.shell:Creating environment descriptor '/home/farao/ros2_ws/src/install/turtlesim_plus_interfaces/share/turtlesim_plus_interfaces/hook/ld_library_path_lib.dsv'
[3.344s] INFO:colcon.colcon_core.shell:Creating environment hook '/home/farao/ros2_ws/src/install/turtlesim_plus_interfaces/share/turtlesim_plus_interfaces/hook/ld_library_path_lib.sh'
[3.344s] Level 1:colcon.colcon_core.environment:checking '/home/farao/ros2_ws/src/install/turtlesim_plus_interfaces/bin'
[3.344s] Level 1:colcon.colcon_core.environment:checking '/home/farao/ros2_ws/src/install/turtlesim_plus_interfaces/lib/pkgconfig/turtlesim_plus_interfaces.pc'
[3.344s] Level 1:colcon.colcon_core.environment:checking '/home/farao/ros2_ws/src/install/turtlesim_plus_interfaces/lib/python3.10/site-packages'
[3.344s] Level 1:colcon.colcon_core.environment:checking '/home/farao/ros2_ws/src/install/turtlesim_plus_interfaces/bin'
[3.344s] INFO:colcon.colcon_core.shell:Creating package script '/home/farao/ros2_ws/src/install/turtlesim_plus_interfaces/share/turtlesim_plus_interfaces/package.ps1'
[3.345s] INFO:colcon.colcon_core.shell:Creating package descriptor '/home/farao/ros2_ws/src/install/turtlesim_plus_interfaces/share/turtlesim_plus_interfaces/package.dsv'
[3.345s] INFO:colcon.colcon_core.shell:Creating package script '/home/farao/ros2_ws/src/install/turtlesim_plus_interfaces/share/turtlesim_plus_interfaces/package.sh'
[3.345s] INFO:colcon.colcon_core.shell:Creating package script '/home/farao/ros2_ws/src/install/turtlesim_plus_interfaces/share/turtlesim_plus_interfaces/package.bash'
[3.345s] INFO:colcon.colcon_core.shell:Creating package script '/home/farao/ros2_ws/src/install/turtlesim_plus_interfaces/share/turtlesim_plus_interfaces/package.zsh'
[3.345s] Level 1:colcon.colcon_core.environment:create_file_with_runtime_dependencies(/home/farao/ros2_ws/src/install/turtlesim_plus_interfaces/share/colcon-core/packages/turtlesim_plus_interfaces)
[3.424s] Level 1:colcon.colcon_core.environment:create_environment_scripts_only(turtlesim_plus_interfaces)
[3.424s] Level 1:colcon.colcon_core.environment:checking '/home/farao/ros2_ws/src/install/turtlesim_plus_interfaces' for CMake module files
[3.424s] Level 1:colcon.colcon_core.environment:checking '/home/farao/ros2_ws/src/install/turtlesim_plus_interfaces' for CMake config files
[3.425s] Level 1:colcon.colcon_core.shell:create_environment_hook('turtlesim_plus_interfaces', 'cmake_prefix_path')
[3.425s] INFO:colcon.colcon_core.shell:Creating environment hook '/home/farao/ros2_ws/src/install/turtlesim_plus_interfaces/share/turtlesim_plus_interfaces/hook/cmake_prefix_path.ps1'
[3.425s] INFO:colcon.colcon_core.shell:Creating environment descriptor '/home/farao/ros2_ws/src/install/turtlesim_plus_interfaces/share/turtlesim_plus_interfaces/hook/cmake_prefix_path.dsv'
[3.425s] INFO:colcon.colcon_core.shell:Creating environment hook '/home/farao/ros2_ws/src/install/turtlesim_plus_interfaces/share/turtlesim_plus_interfaces/hook/cmake_prefix_path.sh'
[3.426s] Level 1:colcon.colcon_core.environment:checking '/home/farao/ros2_ws/src/install/turtlesim_plus_interfaces/lib'
[3.426s] Level 1:colcon.colcon_core.shell:create_environment_hook('turtlesim_plus_interfaces', 'ld_library_path_lib')
[3.426s] INFO:colcon.colcon_core.shell:Creating environment hook '/home/farao/ros2_ws/src/install/turtlesim_plus_interfaces/share/turtlesim_plus_interfaces/hook/ld_library_path_lib.ps1'
[3.426s] INFO:colcon.colcon_core.shell:Creating environment descriptor '/home/farao/ros2_ws/src/install/turtlesim_plus_interfaces/share/turtlesim_plus_interfaces/hook/ld_library_path_lib.dsv'
[3.426s] INFO:colcon.colcon_core.shell:Creating environment hook '/home/farao/ros2_ws/src/install/turtlesim_plus_interfaces/share/turtlesim_plus_interfaces/hook/ld_library_path_lib.sh'
[3.426s] Level 1:colcon.colcon_core.environment:checking '/home/farao/ros2_ws/src/install/turtlesim_plus_interfaces/bin'
[3.426s] Level 1:colcon.colcon_core.environment:checking '/home/farao/ros2_ws/src/install/turtlesim_plus_interfaces/lib/pkgconfig/turtlesim_plus_interfaces.pc'
[3.427s] Level 1:colcon.colcon_core.environment:checking '/home/farao/ros2_ws/src/install/turtlesim_plus_interfaces/lib/python3.10/site-packages'
[3.427s] Level 1:colcon.colcon_core.environment:checking '/home/farao/ros2_ws/src/install/turtlesim_plus_interfaces/bin'
[3.427s] INFO:colcon.colcon_core.shell:Creating package script '/home/farao/ros2_ws/src/install/turtlesim_plus_interfaces/share/turtlesim_plus_interfaces/package.ps1'
[3.427s] INFO:colcon.colcon_core.shell:Creating package descriptor '/home/farao/ros2_ws/src/install/turtlesim_plus_interfaces/share/turtlesim_plus_interfaces/package.dsv'
[3.427s] INFO:colcon.colcon_core.shell:Creating package script '/home/farao/ros2_ws/src/install/turtlesim_plus_interfaces/share/turtlesim_plus_interfaces/package.sh'
[3.428s] INFO:colcon.colcon_core.shell:Creating package script '/home/farao/ros2_ws/src/install/turtlesim_plus_interfaces/share/turtlesim_plus_interfaces/package.bash'
[3.428s] INFO:colcon.colcon_core.shell:Creating package script '/home/farao/ros2_ws/src/install/turtlesim_plus_interfaces/share/turtlesim_plus_interfaces/package.zsh'
[3.428s] Level 1:colcon.colcon_core.environment:create_file_with_runtime_dependencies(/home/farao/ros2_ws/src/install/turtlesim_plus_interfaces/share/colcon-core/packages/turtlesim_plus_interfaces)
[3.428s] DEBUG:colcon.colcon_parallel_executor.executor.parallel:closing loop
[3.428s] DEBUG:colcon.colcon_parallel_executor.executor.parallel:loop closed
[3.428s] DEBUG:colcon.colcon_parallel_executor.executor.parallel:run_until_complete finished with '0'
[3.428s] DEBUG:colcon.colcon_core.event_reactor:joining thread
[3.432s] INFO:colcon.colcon_core.plugin_system:Skipping extension 'colcon_notification.desktop_notification.terminal_notifier': Not used on non-Darwin systems
[3.432s] INFO:colcon.colcon_core.plugin_system:Skipping extension 'colcon_notification.desktop_notification.win32': Not used on non-Windows systems
[3.432s] INFO:colcon.colcon_notification.desktop_notification:Sending desktop notification using 'notify2'
[3.442s] DEBUG:colcon.colcon_core.event_reactor:joined thread
[3.443s] INFO:colcon.colcon_core.shell:Creating prefix script '/home/farao/ros2_ws/src/install/local_setup.ps1'
[3.443s] INFO:colcon.colcon_core.shell:Creating prefix util module '/home/farao/ros2_ws/src/install/_local_setup_util_ps1.py'
[3.444s] INFO:colcon.colcon_core.shell:Creating prefix chain script '/home/farao/ros2_ws/src/install/setup.ps1'
[3.445s] INFO:colcon.colcon_core.shell:Creating prefix script '/home/farao/ros2_ws/src/install/local_setup.sh'
[3.445s] INFO:colcon.colcon_core.shell:Creating prefix util module '/home/farao/ros2_ws/src/install/_local_setup_util_sh.py'
[3.446s] INFO:colcon.colcon_core.shell:Creating prefix chain script '/home/farao/ros2_ws/src/install/setup.sh'
[3.446s] INFO:colcon.colcon_core.shell:Creating prefix script '/home/farao/ros2_ws/src/install/local_setup.bash'
[3.447s] INFO:colcon.colcon_core.shell:Creating prefix chain script '/home/farao/ros2_ws/src/install/setup.bash'
[3.447s] INFO:colcon.colcon_core.shell:Creating prefix script '/home/farao/ros2_ws/src/install/local_setup.zsh'
[3.448s] INFO:colcon.colcon_core.shell:Creating prefix chain script '/home/farao/ros2_ws/src/install/setup.zsh'
