[0.007s] Invoking command in '/home/farao/ros2_ws/build/lab1_interface': CMAKE_PREFIX_PATH=${CMAKE_PREFIX_PATH}:/opt/ros/humble /usr/bin/cmake --build /home/farao/ros2_ws/build/lab1_interface -- -j20 -l20
[0.025s] -- Found ament_cmake: 1.3.9 (/opt/ros/humble/share/ament_cmake/cmake)
[0.106s] -- Found std_msgs: 4.2.4 (/opt/ros/humble/share/std_msgs/cmake)
[0.119s] -- Found rosidl_generator_c: 3.1.5 (/opt/ros/humble/share/rosidl_generator_c/cmake)
[0.120s] -- Found rosidl_adapter: 3.1.5 (/opt/ros/humble/share/rosidl_adapter/cmake)
[0.123s] -- Found rosidl_generator_cpp: 3.1.5 (/opt/ros/humble/share/rosidl_generator_cpp/cmake)
[0.129s] -- Using all available rosidl_typesupport_c: rosidl_typesupport_fastrtps_c;rosidl_typesupport_introspection_c
[0.138s] -- Using all available rosidl_typesupport_cpp: rosidl_typesupport_fastrtps_cpp;rosidl_typesupport_introspection_cpp
[0.165s] -- Found rosidl_default_generators: 1.2.0 (/opt/ros/humble/share/rosidl_default_generators/cmake)
[0.169s] -- Found ament_lint_auto: 0.12.11 (/opt/ros/humble/share/ament_lint_auto/cmake)
[0.345s] -- Found ament_cmake_ros: 0.10.0 (/opt/ros/humble/share/ament_cmake_ros/cmake)
[0.578s] -- Using all available rosidl_typesupport_c: rosidl_typesupport_fastrtps_c;rosidl_typesupport_introspection_c
[0.659s] -- Using all available rosidl_typesupport_cpp: rosidl_typesupport_fastrtps_cpp;rosidl_typesupport_introspection_cpp
[0.675s] -- Found python_cmake_module: 0.10.0 (/opt/ros/humble/share/python_cmake_module/cmake)
[0.691s] -- Using PYTHON_EXECUTABLE: /usr/bin/python3
[0.691s] -- Using PYTHON_INCLUDE_DIRS: /usr/include/python3.10
[0.691s] -- Using PYTHON_LIBRARIES: /usr/lib/x86_64-linux-gnu/libpython3.10.so
[0.707s] -- Added test 'lint_cmake' to check CMake code style
[0.707s] -- Added test 'xmllint' to check XML markup files
[0.709s] -- Configuring done
[0.723s] -- Generating done
[0.725s] -- Build files have been written to: /home/farao/ros2_ws/build/lab1_interface
[0.744s] [35m[1mConsolidate compiler generated dependencies of target lab1_interface__rosidl_generator_c[0m
[0.750s] [  3%] Built target lab1_interface__cpp
[0.751s] [ 12%] Built target lab1_interface__rosidl_generator_c
[0.755s] [ 12%] Built target ament_cmake_python_copy_lab1_interface
[0.758s] [35m[1mConsolidate compiler generated dependencies of target lab1_interface__rosidl_typesupport_introspection_cpp[0m
[0.758s] [35m[1mConsolidate compiler generated dependencies of target lab1_interface__rosidl_typesupport_introspection_c[0m
[0.758s] [35m[1mConsolidate compiler generated dependencies of target lab1_interface__rosidl_typesupport_c[0m
[0.759s] [35m[1mConsolidate compiler generated dependencies of target lab1_interface__rosidl_typesupport_cpp[0m
[0.759s] [35m[1mConsolidate compiler generated dependencies of target lab1_interface__rosidl_typesupport_fastrtps_cpp[0m
[0.760s] [35m[1mConsolidate compiler generated dependencies of target lab1_interface__rosidl_typesupport_fastrtps_c[0m
[0.770s] [ 22%] Built target lab1_interface__rosidl_typesupport_introspection_c
[0.772s] [ 32%] Built target lab1_interface__rosidl_typesupport_c
[0.772s] [ 41%] Built target lab1_interface__rosidl_typesupport_introspection_cpp
[0.773s] [ 51%] Built target lab1_interface__rosidl_typesupport_cpp
[0.775s] [ 61%] Built target lab1_interface__rosidl_typesupport_fastrtps_cpp
[0.775s] [ 70%] Built target lab1_interface__rosidl_typesupport_fastrtps_c
[0.788s] [ 70%] Built target lab1_interface
[0.801s] [ 74%] Built target lab1_interface__py
[0.808s] [35m[1mConsolidate compiler generated dependencies of target lab1_interface__rosidl_generator_py[0m
[0.815s] [ 80%] Built target lab1_interface__rosidl_generator_py
[0.822s] [35m[1mConsolidate compiler generated dependencies of target lab1_interface__rosidl_typesupport_introspection_c__pyext[0m
[0.822s] [35m[1mConsolidate compiler generated dependencies of target lab1_interface__rosidl_typesupport_c__pyext[0m
[0.822s] [35m[1mConsolidate compiler generated dependencies of target lab1_interface__rosidl_typesupport_fastrtps_c__pyext[0m
[0.830s] [ 87%] Built target lab1_interface__rosidl_typesupport_fastrtps_c__pyext
[0.831s] [ 93%] Built target lab1_interface__rosidl_typesupport_c__pyext
[0.831s] [100%] Built target lab1_interface__rosidl_typesupport_introspection_c__pyext
[0.890s] running egg_info
[0.890s] writing lab1_interface.egg-info/PKG-INFO
[0.890s] writing dependency_links to lab1_interface.egg-info/dependency_links.txt
[0.891s] writing top-level names to lab1_interface.egg-info/top_level.txt
[0.892s] reading manifest file 'lab1_interface.egg-info/SOURCES.txt'
[0.892s] writing manifest file 'lab1_interface.egg-info/SOURCES.txt'
[0.908s] [100%] Built target ament_cmake_python_build_lab1_interface_egg
[0.917s] Invoked command in '/home/farao/ros2_ws/build/lab1_interface' returned '0': CMAKE_PREFIX_PATH=${CMAKE_PREFIX_PATH}:/opt/ros/humble /usr/bin/cmake --build /home/farao/ros2_ws/build/lab1_interface -- -j20 -l20
[0.967s] Invoking command in '/home/farao/ros2_ws/build/lab1_interface': CMAKE_PREFIX_PATH=${CMAKE_PREFIX_PATH}:/opt/ros/humble /usr/bin/cmake --install /home/farao/ros2_ws/build/lab1_interface
[0.973s] -- Install configuration: ""
[0.973s] -- Up-to-date: /home/farao/ros2_ws/install/lab1_interface/share/ament_index/resource_index/rosidl_interfaces/lab1_interface
[0.973s] -- Up-to-date: /home/farao/ros2_ws/install/lab1_interface/include/lab1_interface/lab1_interface
[0.973s] -- Up-to-date: /home/farao/ros2_ws/install/lab1_interface/include/lab1_interface/lab1_interface/srv
[0.973s] -- Up-to-date: /home/farao/ros2_ws/install/lab1_interface/include/lab1_interface/lab1_interface/srv/set_noise.h
[0.973s] -- Up-to-date: /home/farao/ros2_ws/install/lab1_interface/include/lab1_interface/lab1_interface/srv/detail
[0.973s] -- Up-to-date: /home/farao/ros2_ws/install/lab1_interface/include/lab1_interface/lab1_interface/srv/detail/set_noise__type_support.h
[0.973s] -- Up-to-date: /home/farao/ros2_ws/install/lab1_interface/include/lab1_interface/lab1_interface/srv/detail/set_noise__functions.h
[0.973s] -- Up-to-date: /home/farao/ros2_ws/install/lab1_interface/include/lab1_interface/lab1_interface/srv/detail/set_noise__functions.c
[0.973s] -- Up-to-date: /home/farao/ros2_ws/install/lab1_interface/include/lab1_interface/lab1_interface/srv/detail/set_noise__struct.h
[0.973s] -- Up-to-date: /home/farao/ros2_ws/install/lab1_interface/include/lab1_interface/lab1_interface/msg
[0.973s] -- Up-to-date: /home/farao/ros2_ws/install/lab1_interface/include/lab1_interface/lab1_interface/msg/rosidl_generator_c__visibility_control.h
[0.973s] -- Up-to-date: /home/farao/ros2_ws/install/lab1_interface/share/lab1_interface/environment/library_path.sh
[0.973s] -- Installing: /home/farao/ros2_ws/install/lab1_interface/share/lab1_interface/environment/library_path.dsv
[0.973s] -- Up-to-date: /home/farao/ros2_ws/install/lab1_interface/lib/liblab1_interface__rosidl_generator_c.so
[0.973s] -- Up-to-date: /home/farao/ros2_ws/install/lab1_interface/include/lab1_interface/lab1_interface
[0.973s] -- Up-to-date: /home/farao/ros2_ws/install/lab1_interface/include/lab1_interface/lab1_interface/srv
[0.973s] -- Up-to-date: /home/farao/ros2_ws/install/lab1_interface/include/lab1_interface/lab1_interface/srv/detail
[0.973s] -- Up-to-date: /home/farao/ros2_ws/install/lab1_interface/include/lab1_interface/lab1_interface/srv/detail/set_noise__rosidl_typesupport_fastrtps_c.h
[0.973s] -- Up-to-date: /home/farao/ros2_ws/install/lab1_interface/include/lab1_interface/lab1_interface/msg
[0.973s] -- Up-to-date: /home/farao/ros2_ws/install/lab1_interface/include/lab1_interface/lab1_interface/msg/rosidl_typesupport_fastrtps_c__visibility_control.h
[0.973s] -- Up-to-date: /home/farao/ros2_ws/install/lab1_interface/lib/liblab1_interface__rosidl_typesupport_fastrtps_c.so
[0.973s] -- Up-to-date: /home/farao/ros2_ws/install/lab1_interface/include/lab1_interface/lab1_interface
[0.973s] -- Up-to-date: /home/farao/ros2_ws/install/lab1_interface/include/lab1_interface/lab1_interface/srv
[0.973s] -- Up-to-date: /home/farao/ros2_ws/install/lab1_interface/include/lab1_interface/lab1_interface/srv/set_noise.hpp
[0.973s] -- Up-to-date: /home/farao/ros2_ws/install/lab1_interface/include/lab1_interface/lab1_interface/srv/detail
[0.973s] -- Up-to-date: /home/farao/ros2_ws/install/lab1_interface/include/lab1_interface/lab1_interface/srv/detail/set_noise__traits.hpp
[0.973s] -- Up-to-date: /home/farao/ros2_ws/install/lab1_interface/include/lab1_interface/lab1_interface/srv/detail/set_noise__struct.hpp
[0.973s] -- Up-to-date: /home/farao/ros2_ws/install/lab1_interface/include/lab1_interface/lab1_interface/srv/detail/set_noise__builder.hpp
[0.973s] -- Up-to-date: /home/farao/ros2_ws/install/lab1_interface/include/lab1_interface/lab1_interface
[0.973s] -- Up-to-date: /home/farao/ros2_ws/install/lab1_interface/include/lab1_interface/lab1_interface/srv
[0.973s] -- Up-to-date: /home/farao/ros2_ws/install/lab1_interface/include/lab1_interface/lab1_interface/srv/detail
[0.973s] -- Up-to-date: /home/farao/ros2_ws/install/lab1_interface/include/lab1_interface/lab1_interface/srv/detail/dds_fastrtps
[0.973s] -- Up-to-date: /home/farao/ros2_ws/install/lab1_interface/include/lab1_interface/lab1_interface/srv/detail/set_noise__rosidl_typesupport_fastrtps_cpp.hpp
[0.973s] -- Up-to-date: /home/farao/ros2_ws/install/lab1_interface/include/lab1_interface/lab1_interface/msg
[0.973s] -- Up-to-date: /home/farao/ros2_ws/install/lab1_interface/include/lab1_interface/lab1_interface/msg/rosidl_typesupport_fastrtps_cpp__visibility_control.h
[0.974s] -- Up-to-date: /home/farao/ros2_ws/install/lab1_interface/lib/liblab1_interface__rosidl_typesupport_fastrtps_cpp.so
[0.974s] -- Up-to-date: /home/farao/ros2_ws/install/lab1_interface/include/lab1_interface/lab1_interface
[0.974s] -- Up-to-date: /home/farao/ros2_ws/install/lab1_interface/include/lab1_interface/lab1_interface/srv
[0.974s] -- Up-to-date: /home/farao/ros2_ws/install/lab1_interface/include/lab1_interface/lab1_interface/srv/detail
[0.974s] -- Up-to-date: /home/farao/ros2_ws/install/lab1_interface/include/lab1_interface/lab1_interface/srv/detail/set_noise__rosidl_typesupport_introspection_c.h
[0.974s] -- Up-to-date: /home/farao/ros2_ws/install/lab1_interface/include/lab1_interface/lab1_interface/srv/detail/set_noise__type_support.c
[0.974s] -- Up-to-date: /home/farao/ros2_ws/install/lab1_interface/include/lab1_interface/lab1_interface/msg
[0.974s] -- Up-to-date: /home/farao/ros2_ws/install/lab1_interface/include/lab1_interface/lab1_interface/msg/rosidl_typesupport_introspection_c__visibility_control.h
[0.974s] -- Up-to-date: /home/farao/ros2_ws/install/lab1_interface/lib/liblab1_interface__rosidl_typesupport_introspection_c.so
[0.974s] -- Up-to-date: /home/farao/ros2_ws/install/lab1_interface/lib/liblab1_interface__rosidl_typesupport_c.so
[0.974s] -- Up-to-date: /home/farao/ros2_ws/install/lab1_interface/include/lab1_interface/lab1_interface
[0.974s] -- Up-to-date: /home/farao/ros2_ws/install/lab1_interface/include/lab1_interface/lab1_interface/srv
[0.974s] -- Up-to-date: /home/farao/ros2_ws/install/lab1_interface/include/lab1_interface/lab1_interface/srv/detail
[0.974s] -- Up-to-date: /home/farao/ros2_ws/install/lab1_interface/include/lab1_interface/lab1_interface/srv/detail/set_noise__type_support.cpp
[0.974s] -- Up-to-date: /home/farao/ros2_ws/install/lab1_interface/include/lab1_interface/lab1_interface/srv/detail/set_noise__rosidl_typesupport_introspection_cpp.hpp
[0.974s] -- Up-to-date: /home/farao/ros2_ws/install/lab1_interface/lib/liblab1_interface__rosidl_typesupport_introspection_cpp.so
[0.974s] -- Up-to-date: /home/farao/ros2_ws/install/lab1_interface/lib/liblab1_interface__rosidl_typesupport_cpp.so
[0.974s] -- Up-to-date: /home/farao/ros2_ws/install/lab1_interface/share/lab1_interface/environment/pythonpath.sh
[0.974s] -- Installing: /home/farao/ros2_ws/install/lab1_interface/share/lab1_interface/environment/pythonpath.dsv
[0.974s] -- Up-to-date: /home/farao/ros2_ws/install/lab1_interface/local/lib/python3.10/dist-packages/lab1_interface-0.0.0-py3.10.egg-info
[0.974s] -- Installing: /home/farao/ros2_ws/install/lab1_interface/local/lib/python3.10/dist-packages/lab1_interface-0.0.0-py3.10.egg-info/dependency_links.txt
[0.974s] -- Installing: /home/farao/ros2_ws/install/lab1_interface/local/lib/python3.10/dist-packages/lab1_interface-0.0.0-py3.10.egg-info/PKG-INFO
[0.974s] -- Installing: /home/farao/ros2_ws/install/lab1_interface/local/lib/python3.10/dist-packages/lab1_interface-0.0.0-py3.10.egg-info/top_level.txt
[0.974s] -- Installing: /home/farao/ros2_ws/install/lab1_interface/local/lib/python3.10/dist-packages/lab1_interface-0.0.0-py3.10.egg-info/SOURCES.txt
[0.974s] -- Up-to-date: /home/farao/ros2_ws/install/lab1_interface/local/lib/python3.10/dist-packages/lab1_interface
[0.974s] -- Up-to-date: /home/farao/ros2_ws/install/lab1_interface/local/lib/python3.10/dist-packages/lab1_interface/_lab1_interface_s.ep.rosidl_typesupport_introspection_c.c
[0.974s] -- Up-to-date: /home/farao/ros2_ws/install/lab1_interface/local/lib/python3.10/dist-packages/lab1_interface/lab1_interface_s__rosidl_typesupport_fastrtps_c.cpython-310-x86_64-linux-gnu.so
[0.974s] -- Up-to-date: /home/farao/ros2_ws/install/lab1_interface/local/lib/python3.10/dist-packages/lab1_interface/lab1_interface_s__rosidl_typesupport_c.cpython-310-x86_64-linux-gnu.so
[0.974s] -- Up-to-date: /home/farao/ros2_ws/install/lab1_interface/local/lib/python3.10/dist-packages/lab1_interface/_lab1_interface_s.ep.rosidl_typesupport_c.c
[0.974s] -- Installing: /home/farao/ros2_ws/install/lab1_interface/local/lib/python3.10/dist-packages/lab1_interface/__init__.py
[0.974s] -- Up-to-date: /home/farao/ros2_ws/install/lab1_interface/local/lib/python3.10/dist-packages/lab1_interface/srv
[0.974s] -- Up-to-date: /home/farao/ros2_ws/install/lab1_interface/local/lib/python3.10/dist-packages/lab1_interface/srv/__init__.py
[0.974s] -- Up-to-date: /home/farao/ros2_ws/install/lab1_interface/local/lib/python3.10/dist-packages/lab1_interface/srv/_set_noise_s.c
[0.974s] -- Up-to-date: /home/farao/ros2_ws/install/lab1_interface/local/lib/python3.10/dist-packages/lab1_interface/srv/_set_noise.py
[0.974s] -- Up-to-date: /home/farao/ros2_ws/install/lab1_interface/local/lib/python3.10/dist-packages/lab1_interface/_lab1_interface_s.ep.rosidl_typesupport_fastrtps_c.c
[0.974s] -- Up-to-date: /home/farao/ros2_ws/install/lab1_interface/local/lib/python3.10/dist-packages/lab1_interface/liblab1_interface__rosidl_generator_py.so
[0.974s] -- Up-to-date: /home/farao/ros2_ws/install/lab1_interface/local/lib/python3.10/dist-packages/lab1_interface/lab1_interface_s__rosidl_typesupport_introspection_c.cpython-310-x86_64-linux-gnu.so
[0.995s] Listing '/home/farao/ros2_ws/install/lab1_interface/local/lib/python3.10/dist-packages/lab1_interface'...
[0.995s] Compiling '/home/farao/ros2_ws/install/lab1_interface/local/lib/python3.10/dist-packages/lab1_interface/__init__.py'...
[0.995s] Listing '/home/farao/ros2_ws/install/lab1_interface/local/lib/python3.10/dist-packages/lab1_interface/srv'...
[0.997s] -- Up-to-date: /home/farao/ros2_ws/install/lab1_interface/local/lib/python3.10/dist-packages/lab1_interface/lab1_interface_s__rosidl_typesupport_fastrtps_c.cpython-310-x86_64-linux-gnu.so
[0.998s] -- Up-to-date: /home/farao/ros2_ws/install/lab1_interface/local/lib/python3.10/dist-packages/lab1_interface/lab1_interface_s__rosidl_typesupport_introspection_c.cpython-310-x86_64-linux-gnu.so
[0.998s] -- Up-to-date: /home/farao/ros2_ws/install/lab1_interface/local/lib/python3.10/dist-packages/lab1_interface/lab1_interface_s__rosidl_typesupport_c.cpython-310-x86_64-linux-gnu.so
[0.998s] -- Up-to-date: /home/farao/ros2_ws/install/lab1_interface/lib/liblab1_interface__rosidl_generator_py.so
[0.998s] -- Up-to-date: /home/farao/ros2_ws/install/lab1_interface/share/lab1_interface/srv/SetNoise.idl
[0.998s] -- Up-to-date: /home/farao/ros2_ws/install/lab1_interface/share/lab1_interface/srv/SetNoise.srv
[0.998s] -- Up-to-date: /home/farao/ros2_ws/install/lab1_interface/share/lab1_interface/srv/SetNoise_Request.msg
[0.998s] -- Up-to-date: /home/farao/ros2_ws/install/lab1_interface/share/lab1_interface/srv/SetNoise_Response.msg
[0.998s] -- Up-to-date: /home/farao/ros2_ws/install/lab1_interface/share/ament_index/resource_index/package_run_dependencies/lab1_interface
[0.998s] -- Up-to-date: /home/farao/ros2_ws/install/lab1_interface/share/ament_index/resource_index/parent_prefix_path/lab1_interface
[0.998s] -- Up-to-date: /home/farao/ros2_ws/install/lab1_interface/share/lab1_interface/environment/ament_prefix_path.sh
[0.998s] -- Installing: /home/farao/ros2_ws/install/lab1_interface/share/lab1_interface/environment/ament_prefix_path.dsv
[0.998s] -- Up-to-date: /home/farao/ros2_ws/install/lab1_interface/share/lab1_interface/environment/path.sh
[0.998s] -- Installing: /home/farao/ros2_ws/install/lab1_interface/share/lab1_interface/environment/path.dsv
[0.998s] -- Up-to-date: /home/farao/ros2_ws/install/lab1_interface/share/lab1_interface/local_setup.bash
[0.998s] -- Up-to-date: /home/farao/ros2_ws/install/lab1_interface/share/lab1_interface/local_setup.sh
[0.998s] -- Up-to-date: /home/farao/ros2_ws/install/lab1_interface/share/lab1_interface/local_setup.zsh
[0.998s] -- Installing: /home/farao/ros2_ws/install/lab1_interface/share/lab1_interface/local_setup.dsv
[0.998s] -- Installing: /home/farao/ros2_ws/install/lab1_interface/share/lab1_interface/package.dsv
[0.998s] -- Up-to-date: /home/farao/ros2_ws/install/lab1_interface/share/ament_index/resource_index/packages/lab1_interface
[0.998s] -- Up-to-date: /home/farao/ros2_ws/install/lab1_interface/share/lab1_interface/cmake/export_lab1_interface__rosidl_generator_cExport.cmake
[0.998s] -- Up-to-date: /home/farao/ros2_ws/install/lab1_interface/share/lab1_interface/cmake/export_lab1_interface__rosidl_generator_cExport-noconfig.cmake
[0.998s] -- Up-to-date: /home/farao/ros2_ws/install/lab1_interface/share/lab1_interface/cmake/export_lab1_interface__rosidl_typesupport_fastrtps_cExport.cmake
[0.998s] -- Up-to-date: /home/farao/ros2_ws/install/lab1_interface/share/lab1_interface/cmake/export_lab1_interface__rosidl_typesupport_fastrtps_cExport-noconfig.cmake
[0.998s] -- Up-to-date: /home/farao/ros2_ws/install/lab1_interface/share/lab1_interface/cmake/export_lab1_interface__rosidl_generator_cppExport.cmake
[0.998s] -- Up-to-date: /home/farao/ros2_ws/install/lab1_interface/share/lab1_interface/cmake/export_lab1_interface__rosidl_typesupport_fastrtps_cppExport.cmake
[0.998s] -- Up-to-date: /home/farao/ros2_ws/install/lab1_interface/share/lab1_interface/cmake/export_lab1_interface__rosidl_typesupport_fastrtps_cppExport-noconfig.cmake
[0.998s] -- Up-to-date: /home/farao/ros2_ws/install/lab1_interface/share/lab1_interface/cmake/lab1_interface__rosidl_typesupport_introspection_cExport.cmake
[0.998s] -- Up-to-date: /home/farao/ros2_ws/install/lab1_interface/share/lab1_interface/cmake/lab1_interface__rosidl_typesupport_introspection_cExport-noconfig.cmake
[0.998s] -- Up-to-date: /home/farao/ros2_ws/install/lab1_interface/share/lab1_interface/cmake/lab1_interface__rosidl_typesupport_cExport.cmake
[0.998s] -- Up-to-date: /home/farao/ros2_ws/install/lab1_interface/share/lab1_interface/cmake/lab1_interface__rosidl_typesupport_cExport-noconfig.cmake
[0.998s] -- Up-to-date: /home/farao/ros2_ws/install/lab1_interface/share/lab1_interface/cmake/lab1_interface__rosidl_typesupport_introspection_cppExport.cmake
[0.999s] -- Up-to-date: /home/farao/ros2_ws/install/lab1_interface/share/lab1_interface/cmake/lab1_interface__rosidl_typesupport_introspection_cppExport-noconfig.cmake
[0.999s] -- Up-to-date: /home/farao/ros2_ws/install/lab1_interface/share/lab1_interface/cmake/lab1_interface__rosidl_typesupport_cppExport.cmake
[0.999s] -- Up-to-date: /home/farao/ros2_ws/install/lab1_interface/share/lab1_interface/cmake/lab1_interface__rosidl_typesupport_cppExport-noconfig.cmake
[0.999s] -- Up-to-date: /home/farao/ros2_ws/install/lab1_interface/share/lab1_interface/cmake/export_lab1_interface__rosidl_generator_pyExport.cmake
[0.999s] -- Up-to-date: /home/farao/ros2_ws/install/lab1_interface/share/lab1_interface/cmake/export_lab1_interface__rosidl_generator_pyExport-noconfig.cmake
[0.999s] -- Up-to-date: /home/farao/ros2_ws/install/lab1_interface/share/lab1_interface/cmake/rosidl_cmake-extras.cmake
[0.999s] -- Up-to-date: /home/farao/ros2_ws/install/lab1_interface/share/lab1_interface/cmake/ament_cmake_export_dependencies-extras.cmake
[0.999s] -- Up-to-date: /home/farao/ros2_ws/install/lab1_interface/share/lab1_interface/cmake/ament_cmake_export_include_directories-extras.cmake
[0.999s] -- Up-to-date: /home/farao/ros2_ws/install/lab1_interface/share/lab1_interface/cmake/ament_cmake_export_libraries-extras.cmake
[0.999s] -- Up-to-date: /home/farao/ros2_ws/install/lab1_interface/share/lab1_interface/cmake/ament_cmake_export_targets-extras.cmake
[0.999s] -- Up-to-date: /home/farao/ros2_ws/install/lab1_interface/share/lab1_interface/cmake/rosidl_cmake_export_typesupport_targets-extras.cmake
[0.999s] -- Up-to-date: /home/farao/ros2_ws/install/lab1_interface/share/lab1_interface/cmake/rosidl_cmake_export_typesupport_libraries-extras.cmake
[0.999s] -- Up-to-date: /home/farao/ros2_ws/install/lab1_interface/share/lab1_interface/cmake/lab1_interfaceConfig.cmake
[0.999s] -- Up-to-date: /home/farao/ros2_ws/install/lab1_interface/share/lab1_interface/cmake/lab1_interfaceConfig-version.cmake
[0.999s] -- Installing: /home/farao/ros2_ws/install/lab1_interface/share/lab1_interface/package.xml
[1.001s] Invoked command in '/home/farao/ros2_ws/build/lab1_interface' returned '0': CMAKE_PREFIX_PATH=${CMAKE_PREFIX_PATH}:/opt/ros/humble /usr/bin/cmake --install /home/farao/ros2_ws/build/lab1_interface
