[0.056s] DEBUG:colcon:Command line arguments: ['/usr/bin/colcon', 'build']
[0.056s] DEBUG:colcon:Parsed command line arguments: Namespace(log_base=None, log_level=None, verb_name='build', build_base='build', install_base='install', merge_install=False, symlink_install=False, test_result_base=None, continue_on_error=False, executor='parallel', parallel_workers=20, event_handlers=None, ignore_user_meta=False, metas=['./colcon.meta'], base_paths=['.'], packages_ignore=None, packages_ignore_regex=None, paths=None, packages_up_to=None, packages_up_to_regex=None, packages_above=None, packages_above_and_dependencies=None, packages_above_depth=None, packages_select_by_dep=None, packages_skip_by_dep=None, packages_skip_up_to=None, packages_select_build_failed=False, packages_skip_build_finished=False, packages_select_test_failures=False, packages_skip_test_passed=False, packages_select=None, packages_skip=None, packages_select_regex=None, packages_skip_regex=None, packages_start=None, packages_end=None, allow_overriding=[], cmake_args=None, cmake_target=None, cmake_target_skip_unavailable=False, cmake_clean_cache=False, cmake_clean_first=False, cmake_force_configure=False, ament_cmake_args=None, catkin_cmake_args=None, catkin_skip_building_tests=False, mixin_files=None, mixin=None, verb_parser=<colcon_mixin.mixin.mixin_argument.MixinArgumentDecorator object at 0x7a7664b2f190>, verb_extension=<colcon_core.verb.build.BuildVerb object at 0x7a7664b2ec20>, main=<bound method BuildVerb.main of <colcon_core.verb.build.BuildVerb object at 0x7a7664b2ec20>>, mixin_verb=('build',))
[0.133s] Level 1:colcon.colcon_core.package_discovery:discover_packages(colcon_meta) check parameters
[0.133s] Level 1:colcon.colcon_core.package_discovery:discover_packages(recursive) check parameters
[0.133s] Level 1:colcon.colcon_core.package_discovery:discover_packages(ignore) check parameters
[0.133s] Level 1:colcon.colcon_core.package_discovery:discover_packages(path) check parameters
[0.133s] Level 1:colcon.colcon_core.package_discovery:discover_packages(colcon_meta) discover
[0.133s] Level 1:colcon.colcon_core.package_discovery:discover_packages(recursive) discover
[0.133s] INFO:colcon.colcon_core.package_discovery:Crawling recursively for packages in '/home/farao/ros2_ws/src'
[0.133s] Level 1:colcon.colcon_core.package_identification:_identify(.) by extensions ['ignore', 'ignore_ament_install']
[0.133s] Level 1:colcon.colcon_core.package_identification:_identify(.) by extension 'ignore'
[0.133s] Level 1:colcon.colcon_core.package_identification:_identify(.) by extension 'ignore_ament_install'
[0.133s] Level 1:colcon.colcon_core.package_identification:_identify(.) by extensions ['colcon_pkg']
[0.133s] Level 1:colcon.colcon_core.package_identification:_identify(.) by extension 'colcon_pkg'
[0.133s] Level 1:colcon.colcon_core.package_identification:_identify(.) by extensions ['colcon_meta']
[0.133s] Level 1:colcon.colcon_core.package_identification:_identify(.) by extension 'colcon_meta'
[0.133s] Level 1:colcon.colcon_core.package_identification:_identify(.) by extensions ['ros']
[0.133s] Level 1:colcon.colcon_core.package_identification:_identify(.) by extension 'ros'
[0.139s] Level 1:colcon.colcon_core.package_identification:_identify(.) by extensions ['cmake', 'python']
[0.139s] Level 1:colcon.colcon_core.package_identification:_identify(.) by extension 'cmake'
[0.139s] Level 1:colcon.colcon_core.package_identification:_identify(.) by extension 'python'
[0.139s] Level 1:colcon.colcon_core.package_identification:_identify(.) by extensions ['python_setup_py']
[0.139s] Level 1:colcon.colcon_core.package_identification:_identify(.) by extension 'python_setup_py'
[0.139s] Level 1:colcon.colcon_core.package_identification:_identify(build) by extensions ['ignore', 'ignore_ament_install']
[0.140s] Level 1:colcon.colcon_core.package_identification:_identify(build) by extension 'ignore'
[0.140s] Level 1:colcon.colcon_core.package_identification:_identify(build) ignored
[0.140s] Level 1:colcon.colcon_core.package_identification:_identify(controller_interfaces) by extensions ['ignore', 'ignore_ament_install']
[0.140s] Level 1:colcon.colcon_core.package_identification:_identify(controller_interfaces) by extension 'ignore'
[0.140s] Level 1:colcon.colcon_core.package_identification:_identify(controller_interfaces) by extension 'ignore_ament_install'
[0.140s] Level 1:colcon.colcon_core.package_identification:_identify(controller_interfaces) by extensions ['colcon_pkg']
[0.140s] Level 1:colcon.colcon_core.package_identification:_identify(controller_interfaces) by extension 'colcon_pkg'
[0.140s] Level 1:colcon.colcon_core.package_identification:_identify(controller_interfaces) by extensions ['colcon_meta']
[0.140s] Level 1:colcon.colcon_core.package_identification:_identify(controller_interfaces) by extension 'colcon_meta'
[0.140s] Level 1:colcon.colcon_core.package_identification:_identify(controller_interfaces) by extensions ['ros']
[0.140s] Level 1:colcon.colcon_core.package_identification:_identify(controller_interfaces) by extension 'ros'
[0.141s] DEBUG:colcon.colcon_core.package_identification:Package 'controller_interfaces' with type 'ros.ament_cmake' and name 'controller_interfaces'
[0.141s] Level 1:colcon.colcon_core.package_identification:_identify(install) by extensions ['ignore', 'ignore_ament_install']
[0.141s] Level 1:colcon.colcon_core.package_identification:_identify(install) by extension 'ignore'
[0.141s] Level 1:colcon.colcon_core.package_identification:_identify(install) ignored
[0.141s] Level 1:colcon.colcon_core.package_identification:_identify(lab1) by extensions ['ignore', 'ignore_ament_install']
[0.141s] Level 1:colcon.colcon_core.package_identification:_identify(lab1) by extension 'ignore'
[0.141s] Level 1:colcon.colcon_core.package_identification:_identify(lab1) by extension 'ignore_ament_install'
[0.141s] Level 1:colcon.colcon_core.package_identification:_identify(lab1) by extensions ['colcon_pkg']
[0.141s] Level 1:colcon.colcon_core.package_identification:_identify(lab1) by extension 'colcon_pkg'
[0.141s] Level 1:colcon.colcon_core.package_identification:_identify(lab1) by extensions ['colcon_meta']
[0.141s] Level 1:colcon.colcon_core.package_identification:_identify(lab1) by extension 'colcon_meta'
[0.141s] Level 1:colcon.colcon_core.package_identification:_identify(lab1) by extensions ['ros']
[0.141s] Level 1:colcon.colcon_core.package_identification:_identify(lab1) by extension 'ros'
[0.142s] DEBUG:colcon.colcon_core.package_identification:Package 'lab1' with type 'ros.ament_cmake' and name 'lab1'
[0.142s] Level 1:colcon.colcon_core.package_identification:_identify(lab1_interface) by extensions ['ignore', 'ignore_ament_install']
[0.142s] Level 1:colcon.colcon_core.package_identification:_identify(lab1_interface) by extension 'ignore'
[0.142s] Level 1:colcon.colcon_core.package_identification:_identify(lab1_interface) by extension 'ignore_ament_install'
[0.142s] Level 1:colcon.colcon_core.package_identification:_identify(lab1_interface) by extensions ['colcon_pkg']
[0.142s] Level 1:colcon.colcon_core.package_identification:_identify(lab1_interface) by extension 'colcon_pkg'
[0.142s] Level 1:colcon.colcon_core.package_identification:_identify(lab1_interface) by extensions ['colcon_meta']
[0.142s] Level 1:colcon.colcon_core.package_identification:_identify(lab1_interface) by extension 'colcon_meta'
[0.142s] Level 1:colcon.colcon_core.package_identification:_identify(lab1_interface) by extensions ['ros']
[0.142s] Level 1:colcon.colcon_core.package_identification:_identify(lab1_interface) by extension 'ros'
[0.142s] DEBUG:colcon.colcon_core.package_identification:Package 'lab1_interface' with type 'ros.ament_cmake' and name 'lab1_interface'
[0.142s] Level 1:colcon.colcon_core.package_identification:_identify(lecture2) by extensions ['ignore', 'ignore_ament_install']
[0.142s] Level 1:colcon.colcon_core.package_identification:_identify(lecture2) by extension 'ignore'
[0.142s] Level 1:colcon.colcon_core.package_identification:_identify(lecture2) by extension 'ignore_ament_install'
[0.142s] Level 1:colcon.colcon_core.package_identification:_identify(lecture2) by extensions ['colcon_pkg']
[0.142s] Level 1:colcon.colcon_core.package_identification:_identify(lecture2) by extension 'colcon_pkg'
[0.142s] Level 1:colcon.colcon_core.package_identification:_identify(lecture2) by extensions ['colcon_meta']
[0.142s] Level 1:colcon.colcon_core.package_identification:_identify(lecture2) by extension 'colcon_meta'
[0.142s] Level 1:colcon.colcon_core.package_identification:_identify(lecture2) by extensions ['ros']
[0.142s] Level 1:colcon.colcon_core.package_identification:_identify(lecture2) by extension 'ros'
[0.143s] DEBUG:colcon.colcon_core.package_identification:Package 'lecture2' with type 'ros.ament_cmake' and name 'lecture2'
[0.143s] Level 1:colcon.colcon_core.package_identification:_identify(log) by extensions ['ignore', 'ignore_ament_install']
[0.143s] Level 1:colcon.colcon_core.package_identification:_identify(log) by extension 'ignore'
[0.143s] Level 1:colcon.colcon_core.package_identification:_identify(log) ignored
[0.143s] Level 1:colcon.colcon_core.package_identification:_identify(turtle_bringup) by extensions ['ignore', 'ignore_ament_install']
[0.143s] Level 1:colcon.colcon_core.package_identification:_identify(turtle_bringup) by extension 'ignore'
[0.143s] Level 1:colcon.colcon_core.package_identification:_identify(turtle_bringup) by extension 'ignore_ament_install'
[0.143s] Level 1:colcon.colcon_core.package_identification:_identify(turtle_bringup) by extensions ['colcon_pkg']
[0.143s] Level 1:colcon.colcon_core.package_identification:_identify(turtle_bringup) by extension 'colcon_pkg'
[0.143s] Level 1:colcon.colcon_core.package_identification:_identify(turtle_bringup) by extensions ['colcon_meta']
[0.143s] Level 1:colcon.colcon_core.package_identification:_identify(turtle_bringup) by extension 'colcon_meta'
[0.143s] Level 1:colcon.colcon_core.package_identification:_identify(turtle_bringup) by extensions ['ros']
[0.143s] Level 1:colcon.colcon_core.package_identification:_identify(turtle_bringup) by extension 'ros'
[0.143s] DEBUG:colcon.colcon_core.package_identification:Package 'turtle_bringup' with type 'ros.ament_cmake' and name 'turtle_bringup'
[0.143s] Level 1:colcon.colcon_core.package_identification:_identify(turtlesim_plus) by extensions ['ignore', 'ignore_ament_install']
[0.143s] Level 1:colcon.colcon_core.package_identification:_identify(turtlesim_plus) by extension 'ignore'
[0.143s] Level 1:colcon.colcon_core.package_identification:_identify(turtlesim_plus) by extension 'ignore_ament_install'
[0.143s] Level 1:colcon.colcon_core.package_identification:_identify(turtlesim_plus) by extensions ['colcon_pkg']
[0.143s] Level 1:colcon.colcon_core.package_identification:_identify(turtlesim_plus) by extension 'colcon_pkg'
[0.143s] Level 1:colcon.colcon_core.package_identification:_identify(turtlesim_plus) by extensions ['colcon_meta']
[0.143s] Level 1:colcon.colcon_core.package_identification:_identify(turtlesim_plus) by extension 'colcon_meta'
[0.143s] Level 1:colcon.colcon_core.package_identification:_identify(turtlesim_plus) by extensions ['ros']
[0.143s] Level 1:colcon.colcon_core.package_identification:_identify(turtlesim_plus) by extension 'ros'
[0.144s] Level 1:colcon.colcon_core.package_identification:_identify(turtlesim_plus) by extensions ['cmake', 'python']
[0.144s] Level 1:colcon.colcon_core.package_identification:_identify(turtlesim_plus) by extension 'cmake'
[0.144s] Level 1:colcon.colcon_core.package_identification:_identify(turtlesim_plus) by extension 'python'
[0.144s] Level 1:colcon.colcon_core.package_identification:_identify(turtlesim_plus) by extensions ['python_setup_py']
[0.144s] Level 1:colcon.colcon_core.package_identification:_identify(turtlesim_plus) by extension 'python_setup_py'
[0.144s] Level 1:colcon.colcon_core.package_identification:_identify(turtlesim_plus/turtlesim_plus) by extensions ['ignore', 'ignore_ament_install']
[0.144s] Level 1:colcon.colcon_core.package_identification:_identify(turtlesim_plus/turtlesim_plus) by extension 'ignore'
[0.144s] Level 1:colcon.colcon_core.package_identification:_identify(turtlesim_plus/turtlesim_plus) by extension 'ignore_ament_install'
[0.144s] Level 1:colcon.colcon_core.package_identification:_identify(turtlesim_plus/turtlesim_plus) by extensions ['colcon_pkg']
[0.144s] Level 1:colcon.colcon_core.package_identification:_identify(turtlesim_plus/turtlesim_plus) by extension 'colcon_pkg'
[0.144s] Level 1:colcon.colcon_core.package_identification:_identify(turtlesim_plus/turtlesim_plus) by extensions ['colcon_meta']
[0.144s] Level 1:colcon.colcon_core.package_identification:_identify(turtlesim_plus/turtlesim_plus) by extension 'colcon_meta'
[0.144s] Level 1:colcon.colcon_core.package_identification:_identify(turtlesim_plus/turtlesim_plus) by extensions ['ros']
[0.144s] Level 1:colcon.colcon_core.package_identification:_identify(turtlesim_plus/turtlesim_plus) by extension 'ros'
[0.144s] DEBUG:colcon.colcon_core.package_identification:Package 'turtlesim_plus/turtlesim_plus' with type 'ros.ament_cmake' and name 'turtlesim_plus'
[0.144s] Level 1:colcon.colcon_core.package_identification:_identify(turtlesim_plus/turtlesim_plus_interfaces) by extensions ['ignore', 'ignore_ament_install']
[0.144s] Level 1:colcon.colcon_core.package_identification:_identify(turtlesim_plus/turtlesim_plus_interfaces) by extension 'ignore'
[0.144s] Level 1:colcon.colcon_core.package_identification:_identify(turtlesim_plus/turtlesim_plus_interfaces) by extension 'ignore_ament_install'
[0.144s] Level 1:colcon.colcon_core.package_identification:_identify(turtlesim_plus/turtlesim_plus_interfaces) by extensions ['colcon_pkg']
[0.144s] Level 1:colcon.colcon_core.package_identification:_identify(turtlesim_plus/turtlesim_plus_interfaces) by extension 'colcon_pkg'
[0.144s] Level 1:colcon.colcon_core.package_identification:_identify(turtlesim_plus/turtlesim_plus_interfaces) by extensions ['colcon_meta']
[0.144s] Level 1:colcon.colcon_core.package_identification:_identify(turtlesim_plus/turtlesim_plus_interfaces) by extension 'colcon_meta'
[0.145s] Level 1:colcon.colcon_core.package_identification:_identify(turtlesim_plus/turtlesim_plus_interfaces) by extensions ['ros']
[0.145s] Level 1:colcon.colcon_core.package_identification:_identify(turtlesim_plus/turtlesim_plus_interfaces) by extension 'ros'
[0.145s] DEBUG:colcon.colcon_core.package_identification:Package 'turtlesim_plus/turtlesim_plus_interfaces' with type 'ros.ament_cmake' and name 'turtlesim_plus_interfaces'
[0.145s] Level 1:colcon.colcon_core.package_discovery:discover_packages(recursive) using defaults
[0.145s] Level 1:colcon.colcon_core.package_discovery:discover_packages(ignore) discover
[0.145s] Level 1:colcon.colcon_core.package_discovery:discover_packages(ignore) using defaults
[0.145s] Level 1:colcon.colcon_core.package_discovery:discover_packages(path) discover
[0.145s] Level 1:colcon.colcon_core.package_discovery:discover_packages(path) using defaults
[0.161s] Level 1:colcon.colcon_core.package_discovery:discover_packages(prefix_path) check parameters
[0.161s] Level 1:colcon.colcon_core.package_discovery:discover_packages(prefix_path) discover
[0.162s] DEBUG:colcon.colcon_installed_package_information.package_discovery:Found 7 installed packages in /home/farao/ros2_ws/install
[0.162s] DEBUG:colcon.colcon_installed_package_information.package_discovery:Found 1 installed packages in /home/farao/ros2_ws/src/lecture2/install
[0.162s] DEBUG:colcon.colcon_installed_package_information.package_discovery:Found 4 installed packages in /home/farao/ros2_ws/src/install
[0.163s] DEBUG:colcon.colcon_installed_package_information.package_discovery:Found 271 installed packages in /opt/ros/humble
[0.163s] Level 1:colcon.colcon_core.package_discovery:discover_packages(prefix_path) using defaults
[0.181s] Level 5:colcon.colcon_core.verb:set package 'controller_interfaces' build argument 'cmake_args' from command line to 'None'
[0.181s] Level 5:colcon.colcon_core.verb:set package 'controller_interfaces' build argument 'cmake_target' from command line to 'None'
[0.181s] Level 5:colcon.colcon_core.verb:set package 'controller_interfaces' build argument 'cmake_target_skip_unavailable' from command line to 'False'
[0.181s] Level 5:colcon.colcon_core.verb:set package 'controller_interfaces' build argument 'cmake_clean_cache' from command line to 'False'
[0.181s] Level 5:colcon.colcon_core.verb:set package 'controller_interfaces' build argument 'cmake_clean_first' from command line to 'False'
[0.181s] Level 5:colcon.colcon_core.verb:set package 'controller_interfaces' build argument 'cmake_force_configure' from command line to 'False'
[0.181s] Level 5:colcon.colcon_core.verb:set package 'controller_interfaces' build argument 'ament_cmake_args' from command line to 'None'
[0.181s] Level 5:colcon.colcon_core.verb:set package 'controller_interfaces' build argument 'catkin_cmake_args' from command line to 'None'
[0.181s] Level 5:colcon.colcon_core.verb:set package 'controller_interfaces' build argument 'catkin_skip_building_tests' from command line to 'False'
[0.181s] DEBUG:colcon.colcon_core.verb:Building package 'controller_interfaces' with the following arguments: {'ament_cmake_args': None, 'build_base': '/home/farao/ros2_ws/src/build/controller_interfaces', 'catkin_cmake_args': None, 'catkin_skip_building_tests': False, 'cmake_args': None, 'cmake_clean_cache': False, 'cmake_clean_first': False, 'cmake_force_configure': False, 'cmake_target': None, 'cmake_target_skip_unavailable': False, 'install_base': '/home/farao/ros2_ws/src/install/controller_interfaces', 'merge_install': False, 'path': '/home/farao/ros2_ws/src/controller_interfaces', 'symlink_install': False, 'test_result_base': None}
[0.181s] Level 5:colcon.colcon_core.verb:set package 'lab1' build argument 'cmake_args' from command line to 'None'
[0.181s] Level 5:colcon.colcon_core.verb:set package 'lab1' build argument 'cmake_target' from command line to 'None'
[0.181s] Level 5:colcon.colcon_core.verb:set package 'lab1' build argument 'cmake_target_skip_unavailable' from command line to 'False'
[0.181s] Level 5:colcon.colcon_core.verb:set package 'lab1' build argument 'cmake_clean_cache' from command line to 'False'
[0.181s] Level 5:colcon.colcon_core.verb:set package 'lab1' build argument 'cmake_clean_first' from command line to 'False'
[0.181s] Level 5:colcon.colcon_core.verb:set package 'lab1' build argument 'cmake_force_configure' from command line to 'False'
[0.181s] Level 5:colcon.colcon_core.verb:set package 'lab1' build argument 'ament_cmake_args' from command line to 'None'
[0.181s] Level 5:colcon.colcon_core.verb:set package 'lab1' build argument 'catkin_cmake_args' from command line to 'None'
[0.181s] Level 5:colcon.colcon_core.verb:set package 'lab1' build argument 'catkin_skip_building_tests' from command line to 'False'
[0.181s] DEBUG:colcon.colcon_core.verb:Building package 'lab1' with the following arguments: {'ament_cmake_args': None, 'build_base': '/home/farao/ros2_ws/src/build/lab1', 'catkin_cmake_args': None, 'catkin_skip_building_tests': False, 'cmake_args': None, 'cmake_clean_cache': False, 'cmake_clean_first': False, 'cmake_force_configure': False, 'cmake_target': None, 'cmake_target_skip_unavailable': False, 'install_base': '/home/farao/ros2_ws/src/install/lab1', 'merge_install': False, 'path': '/home/farao/ros2_ws/src/lab1', 'symlink_install': False, 'test_result_base': None}
[0.181s] Level 5:colcon.colcon_core.verb:set package 'lab1_interface' build argument 'cmake_args' from command line to 'None'
[0.181s] Level 5:colcon.colcon_core.verb:set package 'lab1_interface' build argument 'cmake_target' from command line to 'None'
[0.181s] Level 5:colcon.colcon_core.verb:set package 'lab1_interface' build argument 'cmake_target_skip_unavailable' from command line to 'False'
[0.181s] Level 5:colcon.colcon_core.verb:set package 'lab1_interface' build argument 'cmake_clean_cache' from command line to 'False'
[0.181s] Level 5:colcon.colcon_core.verb:set package 'lab1_interface' build argument 'cmake_clean_first' from command line to 'False'
[0.181s] Level 5:colcon.colcon_core.verb:set package 'lab1_interface' build argument 'cmake_force_configure' from command line to 'False'
[0.181s] Level 5:colcon.colcon_core.verb:set package 'lab1_interface' build argument 'ament_cmake_args' from command line to 'None'
[0.181s] Level 5:colcon.colcon_core.verb:set package 'lab1_interface' build argument 'catkin_cmake_args' from command line to 'None'
[0.181s] Level 5:colcon.colcon_core.verb:set package 'lab1_interface' build argument 'catkin_skip_building_tests' from command line to 'False'
[0.181s] DEBUG:colcon.colcon_core.verb:Building package 'lab1_interface' with the following arguments: {'ament_cmake_args': None, 'build_base': '/home/farao/ros2_ws/src/build/lab1_interface', 'catkin_cmake_args': None, 'catkin_skip_building_tests': False, 'cmake_args': None, 'cmake_clean_cache': False, 'cmake_clean_first': False, 'cmake_force_configure': False, 'cmake_target': None, 'cmake_target_skip_unavailable': False, 'install_base': '/home/farao/ros2_ws/src/install/lab1_interface', 'merge_install': False, 'path': '/home/farao/ros2_ws/src/lab1_interface', 'symlink_install': False, 'test_result_base': None}
[0.181s] Level 5:colcon.colcon_core.verb:set package 'lecture2' build argument 'cmake_args' from command line to 'None'
[0.181s] Level 5:colcon.colcon_core.verb:set package 'lecture2' build argument 'cmake_target' from command line to 'None'
[0.181s] Level 5:colcon.colcon_core.verb:set package 'lecture2' build argument 'cmake_target_skip_unavailable' from command line to 'False'
[0.181s] Level 5:colcon.colcon_core.verb:set package 'lecture2' build argument 'cmake_clean_cache' from command line to 'False'
[0.181s] Level 5:colcon.colcon_core.verb:set package 'lecture2' build argument 'cmake_clean_first' from command line to 'False'
[0.182s] Level 5:colcon.colcon_core.verb:set package 'lecture2' build argument 'cmake_force_configure' from command line to 'False'
[0.182s] Level 5:colcon.colcon_core.verb:set package 'lecture2' build argument 'ament_cmake_args' from command line to 'None'
[0.182s] Level 5:colcon.colcon_core.verb:set package 'lecture2' build argument 'catkin_cmake_args' from command line to 'None'
[0.182s] Level 5:colcon.colcon_core.verb:set package 'lecture2' build argument 'catkin_skip_building_tests' from command line to 'False'
[0.182s] DEBUG:colcon.colcon_core.verb:Building package 'lecture2' with the following arguments: {'ament_cmake_args': None, 'build_base': '/home/farao/ros2_ws/src/build/lecture2', 'catkin_cmake_args': None, 'catkin_skip_building_tests': False, 'cmake_args': None, 'cmake_clean_cache': False, 'cmake_clean_first': False, 'cmake_force_configure': False, 'cmake_target': None, 'cmake_target_skip_unavailable': False, 'install_base': '/home/farao/ros2_ws/src/install/lecture2', 'merge_install': False, 'path': '/home/farao/ros2_ws/src/lecture2', 'symlink_install': False, 'test_result_base': None}
[0.182s] Level 5:colcon.colcon_core.verb:set package 'turtle_bringup' build argument 'cmake_args' from command line to 'None'
[0.182s] Level 5:colcon.colcon_core.verb:set package 'turtle_bringup' build argument 'cmake_target' from command line to 'None'
[0.182s] Level 5:colcon.colcon_core.verb:set package 'turtle_bringup' build argument 'cmake_target_skip_unavailable' from command line to 'False'
[0.182s] Level 5:colcon.colcon_core.verb:set package 'turtle_bringup' build argument 'cmake_clean_cache' from command line to 'False'
[0.182s] Level 5:colcon.colcon_core.verb:set package 'turtle_bringup' build argument 'cmake_clean_first' from command line to 'False'
[0.182s] Level 5:colcon.colcon_core.verb:set package 'turtle_bringup' build argument 'cmake_force_configure' from command line to 'False'
[0.182s] Level 5:colcon.colcon_core.verb:set package 'turtle_bringup' build argument 'ament_cmake_args' from command line to 'None'
[0.182s] Level 5:colcon.colcon_core.verb:set package 'turtle_bringup' build argument 'catkin_cmake_args' from command line to 'None'
[0.182s] Level 5:colcon.colcon_core.verb:set package 'turtle_bringup' build argument 'catkin_skip_building_tests' from command line to 'False'
[0.182s] DEBUG:colcon.colcon_core.verb:Building package 'turtle_bringup' with the following arguments: {'ament_cmake_args': None, 'build_base': '/home/farao/ros2_ws/src/build/turtle_bringup', 'catkin_cmake_args': None, 'catkin_skip_building_tests': False, 'cmake_args': None, 'cmake_clean_cache': False, 'cmake_clean_first': False, 'cmake_force_configure': False, 'cmake_target': None, 'cmake_target_skip_unavailable': False, 'install_base': '/home/farao/ros2_ws/src/install/turtle_bringup', 'merge_install': False, 'path': '/home/farao/ros2_ws/src/turtle_bringup', 'symlink_install': False, 'test_result_base': None}
[0.182s] Level 5:colcon.colcon_core.verb:set package 'turtlesim_plus' build argument 'cmake_args' from command line to 'None'
[0.182s] Level 5:colcon.colcon_core.verb:set package 'turtlesim_plus' build argument 'cmake_target' from command line to 'None'
[0.182s] Level 5:colcon.colcon_core.verb:set package 'turtlesim_plus' build argument 'cmake_target_skip_unavailable' from command line to 'False'
[0.182s] Level 5:colcon.colcon_core.verb:set package 'turtlesim_plus' build argument 'cmake_clean_cache' from command line to 'False'
[0.182s] Level 5:colcon.colcon_core.verb:set package 'turtlesim_plus' build argument 'cmake_clean_first' from command line to 'False'
[0.182s] Level 5:colcon.colcon_core.verb:set package 'turtlesim_plus' build argument 'cmake_force_configure' from command line to 'False'
[0.182s] Level 5:colcon.colcon_core.verb:set package 'turtlesim_plus' build argument 'ament_cmake_args' from command line to 'None'
[0.182s] Level 5:colcon.colcon_core.verb:set package 'turtlesim_plus' build argument 'catkin_cmake_args' from command line to 'None'
[0.182s] Level 5:colcon.colcon_core.verb:set package 'turtlesim_plus' build argument 'catkin_skip_building_tests' from command line to 'False'
[0.182s] DEBUG:colcon.colcon_core.verb:Building package 'turtlesim_plus' with the following arguments: {'ament_cmake_args': None, 'build_base': '/home/farao/ros2_ws/src/build/turtlesim_plus', 'catkin_cmake_args': None, 'catkin_skip_building_tests': False, 'cmake_args': None, 'cmake_clean_cache': False, 'cmake_clean_first': False, 'cmake_force_configure': False, 'cmake_target': None, 'cmake_target_skip_unavailable': False, 'install_base': '/home/farao/ros2_ws/src/install/turtlesim_plus', 'merge_install': False, 'path': '/home/farao/ros2_ws/src/turtlesim_plus/turtlesim_plus', 'symlink_install': False, 'test_result_base': None}
[0.182s] Level 5:colcon.colcon_core.verb:set package 'turtlesim_plus_interfaces' build argument 'cmake_args' from command line to 'None'
[0.182s] Level 5:colcon.colcon_core.verb:set package 'turtlesim_plus_interfaces' build argument 'cmake_target' from command line to 'None'
[0.182s] Level 5:colcon.colcon_core.verb:set package 'turtlesim_plus_interfaces' build argument 'cmake_target_skip_unavailable' from command line to 'False'
[0.182s] Level 5:colcon.colcon_core.verb:set package 'turtlesim_plus_interfaces' build argument 'cmake_clean_cache' from command line to 'False'
[0.182s] Level 5:colcon.colcon_core.verb:set package 'turtlesim_plus_interfaces' build argument 'cmake_clean_first' from command line to 'False'
[0.182s] Level 5:colcon.colcon_core.verb:set package 'turtlesim_plus_interfaces' build argument 'cmake_force_configure' from command line to 'False'
[0.182s] Level 5:colcon.colcon_core.verb:set package 'turtlesim_plus_interfaces' build argument 'ament_cmake_args' from command line to 'None'
[0.182s] Level 5:colcon.colcon_core.verb:set package 'turtlesim_plus_interfaces' build argument 'catkin_cmake_args' from command line to 'None'
[0.182s] Level 5:colcon.colcon_core.verb:set package 'turtlesim_plus_interfaces' build argument 'catkin_skip_building_tests' from command line to 'False'
[0.182s] DEBUG:colcon.colcon_core.verb:Building package 'turtlesim_plus_interfaces' with the following arguments: {'ament_cmake_args': None, 'build_base': '/home/farao/ros2_ws/src/build/turtlesim_plus_interfaces', 'catkin_cmake_args': None, 'catkin_skip_building_tests': False, 'cmake_args': None, 'cmake_clean_cache': False, 'cmake_clean_first': False, 'cmake_force_configure': False, 'cmake_target': None, 'cmake_target_skip_unavailable': False, 'install_base': '/home/farao/ros2_ws/src/install/turtlesim_plus_interfaces', 'merge_install': False, 'path': '/home/farao/ros2_ws/src/turtlesim_plus/turtlesim_plus_interfaces', 'symlink_install': False, 'test_result_base': None}
[0.182s] INFO:colcon.colcon_core.executor:Executing jobs using 'parallel' executor
[0.183s] DEBUG:colcon.colcon_parallel_executor.executor.parallel:run_until_complete
[0.183s] INFO:colcon.colcon_ros.task.ament_cmake.build:Building ROS package in '/home/farao/ros2_ws/src/controller_interfaces' with build type 'ament_cmake'
[0.183s] INFO:colcon.colcon_cmake.task.cmake.build:Building CMake package in '/home/farao/ros2_ws/src/controller_interfaces'
[0.185s] INFO:colcon.colcon_core.plugin_system:Skipping extension 'colcon_core.shell.bat': Not used on non-Windows systems
[0.185s] INFO:colcon.colcon_core.shell:Skip shell extension 'powershell' for command environment: Not usable outside of PowerShell
[0.185s] DEBUG:colcon.colcon_core.shell:Skip shell extension 'dsv' for command environment
[0.187s] INFO:colcon.colcon_ros.task.ament_cmake.build:Building ROS package in '/home/farao/ros2_ws/src/lab1' with build type 'ament_cmake'
[0.187s] INFO:colcon.colcon_cmake.task.cmake.build:Building CMake package in '/home/farao/ros2_ws/src/lab1'
[0.188s] INFO:colcon.colcon_core.shell:Skip shell extension 'powershell' for command environment: Not usable outside of PowerShell
[0.188s] DEBUG:colcon.colcon_core.shell:Skip shell extension 'dsv' for command environment
[0.189s] INFO:colcon.colcon_ros.task.ament_cmake.build:Building ROS package in '/home/farao/ros2_ws/src/lab1_interface' with build type 'ament_cmake'
[0.189s] INFO:colcon.colcon_cmake.task.cmake.build:Building CMake package in '/home/farao/ros2_ws/src/lab1_interface'
[0.190s] INFO:colcon.colcon_core.shell:Skip shell extension 'powershell' for command environment: Not usable outside of PowerShell
[0.190s] DEBUG:colcon.colcon_core.shell:Skip shell extension 'dsv' for command environment
[0.191s] INFO:colcon.colcon_ros.task.ament_cmake.build:Building ROS package in '/home/farao/ros2_ws/src/lecture2' with build type 'ament_cmake'
[0.191s] INFO:colcon.colcon_cmake.task.cmake.build:Building CMake package in '/home/farao/ros2_ws/src/lecture2'
[0.192s] INFO:colcon.colcon_core.shell:Skip shell extension 'powershell' for command environment: Not usable outside of PowerShell
[0.192s] DEBUG:colcon.colcon_core.shell:Skip shell extension 'dsv' for command environment
[0.194s] INFO:colcon.colcon_ros.task.ament_cmake.build:Building ROS package in '/home/farao/ros2_ws/src/turtle_bringup' with build type 'ament_cmake'
[0.194s] INFO:colcon.colcon_cmake.task.cmake.build:Building CMake package in '/home/farao/ros2_ws/src/turtle_bringup'
[0.194s] INFO:colcon.colcon_core.shell:Skip shell extension 'powershell' for command environment: Not usable outside of PowerShell
[0.194s] DEBUG:colcon.colcon_core.shell:Skip shell extension 'dsv' for command environment
[0.196s] INFO:colcon.colcon_ros.task.ament_cmake.build:Building ROS package in '/home/farao/ros2_ws/src/turtlesim_plus/turtlesim_plus' with build type 'ament_cmake'
[0.196s] INFO:colcon.colcon_cmake.task.cmake.build:Building CMake package in '/home/farao/ros2_ws/src/turtlesim_plus/turtlesim_plus'
[0.196s] INFO:colcon.colcon_core.shell:Skip shell extension 'powershell' for command environment: Not usable outside of PowerShell
[0.196s] DEBUG:colcon.colcon_core.shell:Skip shell extension 'dsv' for command environment
[0.198s] INFO:colcon.colcon_ros.task.ament_cmake.build:Building ROS package in '/home/farao/ros2_ws/src/turtlesim_plus/turtlesim_plus_interfaces' with build type 'ament_cmake'
[0.198s] INFO:colcon.colcon_cmake.task.cmake.build:Building CMake package in '/home/farao/ros2_ws/src/turtlesim_plus/turtlesim_plus_interfaces'
[0.198s] INFO:colcon.colcon_core.shell:Skip shell extension 'powershell' for command environment: Not usable outside of PowerShell
[0.198s] DEBUG:colcon.colcon_core.shell:Skip shell extension 'dsv' for command environment
[0.203s] DEBUG:colcon.colcon_core.event_handler.log_command:Invoking command in '/home/farao/ros2_ws/src/build/controller_interfaces': CMAKE_PREFIX_PATH=${CMAKE_PREFIX_PATH}:/opt/ros/humble /usr/bin/cmake /home/farao/ros2_ws/src/controller_interfaces -DCMAKE_INSTALL_PREFIX=/home/farao/ros2_ws/src/install/controller_interfaces
[0.204s] DEBUG:colcon.colcon_core.event_handler.log_command:Invoking command in '/home/farao/ros2_ws/src/build/lab1': CMAKE_PREFIX_PATH=${CMAKE_PREFIX_PATH}:/opt/ros/humble /usr/bin/cmake /home/farao/ros2_ws/src/lab1 -DCMAKE_INSTALL_PREFIX=/home/farao/ros2_ws/src/install/lab1
[0.205s] DEBUG:colcon.colcon_core.event_handler.log_command:Invoking command in '/home/farao/ros2_ws/src/build/lab1_interface': CMAKE_PREFIX_PATH=${CMAKE_PREFIX_PATH}:/opt/ros/humble /usr/bin/cmake /home/farao/ros2_ws/src/lab1_interface -DCMAKE_INSTALL_PREFIX=/home/farao/ros2_ws/src/install/lab1_interface
[0.208s] DEBUG:colcon.colcon_core.event_handler.log_command:Invoking command in '/home/farao/ros2_ws/src/build/lecture2': CMAKE_PREFIX_PATH=${CMAKE_PREFIX_PATH}:/opt/ros/humble /usr/bin/cmake --build /home/farao/ros2_ws/src/build/lecture2 -- -j20 -l20
[0.210s] DEBUG:colcon.colcon_core.event_handler.log_command:Invoking command in '/home/farao/ros2_ws/src/build/turtle_bringup': CMAKE_PREFIX_PATH=${CMAKE_PREFIX_PATH}:/opt/ros/humble /usr/bin/cmake --build /home/farao/ros2_ws/src/build/turtle_bringup -- -j20 -l20
[0.214s] DEBUG:colcon.colcon_core.event_handler.log_command:Invoking command in '/home/farao/ros2_ws/src/build/turtlesim_plus': CMAKE_PREFIX_PATH=${CMAKE_PREFIX_PATH}:/opt/ros/humble /usr/bin/cmake --build /home/farao/ros2_ws/src/build/turtlesim_plus -- -j20 -l20
[0.221s] DEBUG:colcon.colcon_core.event_handler.log_command:Invoking command in '/home/farao/ros2_ws/src/build/turtlesim_plus_interfaces': CMAKE_PREFIX_PATH=${CMAKE_PREFIX_PATH}:/opt/ros/humble /usr/bin/cmake --build /home/farao/ros2_ws/src/build/turtlesim_plus_interfaces -- -j20 -l20
[0.427s] DEBUG:colcon.colcon_core.event_handler.log_command:Invoked command in '/home/farao/ros2_ws/src/build/turtlesim_plus' returned '0': CMAKE_PREFIX_PATH=${CMAKE_PREFIX_PATH}:/opt/ros/humble /usr/bin/cmake --build /home/farao/ros2_ws/src/build/turtlesim_plus -- -j20 -l20
[0.445s] DEBUG:colcon.colcon_core.event_handler.log_command:Invoked command in '/home/farao/ros2_ws/src/build/turtlesim_plus_interfaces' returned '0': CMAKE_PREFIX_PATH=${CMAKE_PREFIX_PATH}:/opt/ros/humble /usr/bin/cmake --build /home/farao/ros2_ws/src/build/turtlesim_plus_interfaces -- -j20 -l20
[0.454s] DEBUG:colcon.colcon_core.event_handler.log_command:Invoking command in '/home/farao/ros2_ws/src/build/turtlesim_plus': CMAKE_PREFIX_PATH=${CMAKE_PREFIX_PATH}:/opt/ros/humble /usr/bin/cmake --install /home/farao/ros2_ws/src/build/turtlesim_plus
[0.489s] Level 1:colcon.colcon_core.environment:create_environment_scripts_only(turtlesim_plus)
[0.489s] DEBUG:colcon.colcon_core.event_handler.log_command:Invoked command in '/home/farao/ros2_ws/src/build/turtlesim_plus' returned '0': CMAKE_PREFIX_PATH=${CMAKE_PREFIX_PATH}:/opt/ros/humble /usr/bin/cmake --install /home/farao/ros2_ws/src/build/turtlesim_plus
[0.492s] Level 1:colcon.colcon_core.environment:checking '/home/farao/ros2_ws/src/install/turtlesim_plus' for CMake module files
[0.492s] Level 1:colcon.colcon_core.environment:checking '/home/farao/ros2_ws/src/install/turtlesim_plus' for CMake config files
[0.493s] Level 1:colcon.colcon_core.shell:create_environment_hook('turtlesim_plus', 'cmake_prefix_path')
[0.493s] INFO:colcon.colcon_core.shell:Creating environment hook '/home/farao/ros2_ws/src/install/turtlesim_plus/share/turtlesim_plus/hook/cmake_prefix_path.ps1'
[0.494s] INFO:colcon.colcon_core.shell:Creating environment descriptor '/home/farao/ros2_ws/src/install/turtlesim_plus/share/turtlesim_plus/hook/cmake_prefix_path.dsv'
[0.494s] INFO:colcon.colcon_core.shell:Creating environment hook '/home/farao/ros2_ws/src/install/turtlesim_plus/share/turtlesim_plus/hook/cmake_prefix_path.sh'
[0.495s] Level 1:colcon.colcon_core.environment:checking '/home/farao/ros2_ws/src/install/turtlesim_plus/lib'
[0.495s] Level 1:colcon.colcon_core.environment:checking '/home/farao/ros2_ws/src/install/turtlesim_plus/bin'
[0.495s] Level 1:colcon.colcon_core.environment:checking '/home/farao/ros2_ws/src/install/turtlesim_plus/lib/pkgconfig/turtlesim_plus.pc'
[0.495s] Level 1:colcon.colcon_core.environment:checking '/home/farao/ros2_ws/src/install/turtlesim_plus/lib/python3.10/site-packages'
[0.495s] Level 1:colcon.colcon_core.environment:checking '/home/farao/ros2_ws/src/install/turtlesim_plus/bin'
[0.496s] INFO:colcon.colcon_core.shell:Creating package script '/home/farao/ros2_ws/src/install/turtlesim_plus/share/turtlesim_plus/package.ps1'
[0.496s] INFO:colcon.colcon_core.shell:Creating package descriptor '/home/farao/ros2_ws/src/install/turtlesim_plus/share/turtlesim_plus/package.dsv'
[0.497s] INFO:colcon.colcon_core.shell:Creating package script '/home/farao/ros2_ws/src/install/turtlesim_plus/share/turtlesim_plus/package.sh'
[0.498s] INFO:colcon.colcon_core.shell:Creating package script '/home/farao/ros2_ws/src/install/turtlesim_plus/share/turtlesim_plus/package.bash'
[0.498s] INFO:colcon.colcon_core.shell:Creating package script '/home/farao/ros2_ws/src/install/turtlesim_plus/share/turtlesim_plus/package.zsh'
[0.499s] Level 1:colcon.colcon_core.environment:create_file_with_runtime_dependencies(/home/farao/ros2_ws/src/install/turtlesim_plus/share/colcon-core/packages/turtlesim_plus)
[0.516s] Level 1:colcon.colcon_core.environment:create_environment_scripts_only(turtlesim_plus)
[0.517s] Level 1:colcon.colcon_core.environment:checking '/home/farao/ros2_ws/src/install/turtlesim_plus' for CMake module files
[0.517s] Level 1:colcon.colcon_core.environment:checking '/home/farao/ros2_ws/src/install/turtlesim_plus' for CMake config files
[0.518s] Level 1:colcon.colcon_core.shell:create_environment_hook('turtlesim_plus', 'cmake_prefix_path')
[0.518s] INFO:colcon.colcon_core.shell:Creating environment hook '/home/farao/ros2_ws/src/install/turtlesim_plus/share/turtlesim_plus/hook/cmake_prefix_path.ps1'
[0.518s] INFO:colcon.colcon_core.shell:Creating environment descriptor '/home/farao/ros2_ws/src/install/turtlesim_plus/share/turtlesim_plus/hook/cmake_prefix_path.dsv'
[0.519s] INFO:colcon.colcon_core.shell:Creating environment hook '/home/farao/ros2_ws/src/install/turtlesim_plus/share/turtlesim_plus/hook/cmake_prefix_path.sh'
[0.519s] Level 1:colcon.colcon_core.environment:checking '/home/farao/ros2_ws/src/install/turtlesim_plus/lib'
[0.519s] Level 1:colcon.colcon_core.environment:checking '/home/farao/ros2_ws/src/install/turtlesim_plus/bin'
[0.519s] Level 1:colcon.colcon_core.environment:checking '/home/farao/ros2_ws/src/install/turtlesim_plus/lib/pkgconfig/turtlesim_plus.pc'
[0.519s] Level 1:colcon.colcon_core.environment:checking '/home/farao/ros2_ws/src/install/turtlesim_plus/lib/python3.10/site-packages'
[0.520s] Level 1:colcon.colcon_core.environment:checking '/home/farao/ros2_ws/src/install/turtlesim_plus/bin'
[0.520s] INFO:colcon.colcon_core.shell:Creating package script '/home/farao/ros2_ws/src/install/turtlesim_plus/share/turtlesim_plus/package.ps1'
[0.521s] INFO:colcon.colcon_core.shell:Creating package descriptor '/home/farao/ros2_ws/src/install/turtlesim_plus/share/turtlesim_plus/package.dsv'
[0.521s] INFO:colcon.colcon_core.shell:Creating package script '/home/farao/ros2_ws/src/install/turtlesim_plus/share/turtlesim_plus/package.sh'
[0.522s] INFO:colcon.colcon_core.shell:Creating package script '/home/farao/ros2_ws/src/install/turtlesim_plus/share/turtlesim_plus/package.bash'
[0.522s] INFO:colcon.colcon_core.shell:Creating package script '/home/farao/ros2_ws/src/install/turtlesim_plus/share/turtlesim_plus/package.zsh'
[0.522s] Level 1:colcon.colcon_core.environment:create_file_with_runtime_dependencies(/home/farao/ros2_ws/src/install/turtlesim_plus/share/colcon-core/packages/turtlesim_plus)
[0.527s] DEBUG:colcon.colcon_core.event_handler.log_command:Invoking command in '/home/farao/ros2_ws/src/build/turtlesim_plus_interfaces': CMAKE_PREFIX_PATH=${CMAKE_PREFIX_PATH}:/opt/ros/humble /usr/bin/cmake --install /home/farao/ros2_ws/src/build/turtlesim_plus_interfaces
[0.577s] Level 1:colcon.colcon_core.environment:create_environment_scripts_only(turtlesim_plus_interfaces)
[0.577s] Level 1:colcon.colcon_core.environment:checking '/home/farao/ros2_ws/src/install/turtlesim_plus_interfaces' for CMake module files
[0.577s] DEBUG:colcon.colcon_core.event_handler.log_command:Invoked command in '/home/farao/ros2_ws/src/build/turtlesim_plus_interfaces' returned '0': CMAKE_PREFIX_PATH=${CMAKE_PREFIX_PATH}:/opt/ros/humble /usr/bin/cmake --install /home/farao/ros2_ws/src/build/turtlesim_plus_interfaces
[0.578s] Level 1:colcon.colcon_core.environment:checking '/home/farao/ros2_ws/src/install/turtlesim_plus_interfaces' for CMake config files
[0.579s] Level 1:colcon.colcon_core.shell:create_environment_hook('turtlesim_plus_interfaces', 'cmake_prefix_path')
[0.579s] INFO:colcon.colcon_core.shell:Creating environment hook '/home/farao/ros2_ws/src/install/turtlesim_plus_interfaces/share/turtlesim_plus_interfaces/hook/cmake_prefix_path.ps1'
[0.579s] INFO:colcon.colcon_core.shell:Creating environment descriptor '/home/farao/ros2_ws/src/install/turtlesim_plus_interfaces/share/turtlesim_plus_interfaces/hook/cmake_prefix_path.dsv'
[0.580s] INFO:colcon.colcon_core.shell:Creating environment hook '/home/farao/ros2_ws/src/install/turtlesim_plus_interfaces/share/turtlesim_plus_interfaces/hook/cmake_prefix_path.sh'
[0.580s] Level 1:colcon.colcon_core.environment:checking '/home/farao/ros2_ws/src/install/turtlesim_plus_interfaces/lib'
[0.580s] Level 1:colcon.colcon_core.shell:create_environment_hook('turtlesim_plus_interfaces', 'ld_library_path_lib')
[0.580s] INFO:colcon.colcon_core.shell:Creating environment hook '/home/farao/ros2_ws/src/install/turtlesim_plus_interfaces/share/turtlesim_plus_interfaces/hook/ld_library_path_lib.ps1'
[0.581s] INFO:colcon.colcon_core.shell:Creating environment descriptor '/home/farao/ros2_ws/src/install/turtlesim_plus_interfaces/share/turtlesim_plus_interfaces/hook/ld_library_path_lib.dsv'
[0.581s] INFO:colcon.colcon_core.shell:Creating environment hook '/home/farao/ros2_ws/src/install/turtlesim_plus_interfaces/share/turtlesim_plus_interfaces/hook/ld_library_path_lib.sh'
[0.582s] Level 1:colcon.colcon_core.environment:checking '/home/farao/ros2_ws/src/install/turtlesim_plus_interfaces/bin'
[0.582s] Level 1:colcon.colcon_core.environment:checking '/home/farao/ros2_ws/src/install/turtlesim_plus_interfaces/lib/pkgconfig/turtlesim_plus_interfaces.pc'
[0.582s] Level 1:colcon.colcon_core.environment:checking '/home/farao/ros2_ws/src/install/turtlesim_plus_interfaces/lib/python3.10/site-packages'
[0.582s] Level 1:colcon.colcon_core.environment:checking '/home/farao/ros2_ws/src/install/turtlesim_plus_interfaces/bin'
[0.582s] INFO:colcon.colcon_core.shell:Creating package script '/home/farao/ros2_ws/src/install/turtlesim_plus_interfaces/share/turtlesim_plus_interfaces/package.ps1'
[0.583s] INFO:colcon.colcon_core.shell:Creating package descriptor '/home/farao/ros2_ws/src/install/turtlesim_plus_interfaces/share/turtlesim_plus_interfaces/package.dsv'
[0.583s] INFO:colcon.colcon_core.shell:Creating package script '/home/farao/ros2_ws/src/install/turtlesim_plus_interfaces/share/turtlesim_plus_interfaces/package.sh'
[0.584s] INFO:colcon.colcon_core.shell:Creating package script '/home/farao/ros2_ws/src/install/turtlesim_plus_interfaces/share/turtlesim_plus_interfaces/package.bash'
[0.584s] INFO:colcon.colcon_core.shell:Creating package script '/home/farao/ros2_ws/src/install/turtlesim_plus_interfaces/share/turtlesim_plus_interfaces/package.zsh'
[0.584s] Level 1:colcon.colcon_core.environment:create_file_with_runtime_dependencies(/home/farao/ros2_ws/src/install/turtlesim_plus_interfaces/share/colcon-core/packages/turtlesim_plus_interfaces)
[0.679s] Level 1:colcon.colcon_core.environment:create_environment_scripts_only(turtlesim_plus_interfaces)
[0.679s] Level 1:colcon.colcon_core.environment:checking '/home/farao/ros2_ws/src/install/turtlesim_plus_interfaces' for CMake module files
[0.680s] Level 1:colcon.colcon_core.environment:checking '/home/farao/ros2_ws/src/install/turtlesim_plus_interfaces' for CMake config files
[0.681s] Level 1:colcon.colcon_core.shell:create_environment_hook('turtlesim_plus_interfaces', 'cmake_prefix_path')
[0.681s] INFO:colcon.colcon_core.shell:Creating environment hook '/home/farao/ros2_ws/src/install/turtlesim_plus_interfaces/share/turtlesim_plus_interfaces/hook/cmake_prefix_path.ps1'
[0.681s] INFO:colcon.colcon_core.shell:Creating environment descriptor '/home/farao/ros2_ws/src/install/turtlesim_plus_interfaces/share/turtlesim_plus_interfaces/hook/cmake_prefix_path.dsv'
[0.682s] INFO:colcon.colcon_core.shell:Creating environment hook '/home/farao/ros2_ws/src/install/turtlesim_plus_interfaces/share/turtlesim_plus_interfaces/hook/cmake_prefix_path.sh'
[0.682s] Level 1:colcon.colcon_core.environment:checking '/home/farao/ros2_ws/src/install/turtlesim_plus_interfaces/lib'
[0.682s] Level 1:colcon.colcon_core.shell:create_environment_hook('turtlesim_plus_interfaces', 'ld_library_path_lib')
[0.682s] INFO:colcon.colcon_core.shell:Creating environment hook '/home/farao/ros2_ws/src/install/turtlesim_plus_interfaces/share/turtlesim_plus_interfaces/hook/ld_library_path_lib.ps1'
[0.683s] INFO:colcon.colcon_core.shell:Creating environment descriptor '/home/farao/ros2_ws/src/install/turtlesim_plus_interfaces/share/turtlesim_plus_interfaces/hook/ld_library_path_lib.dsv'
[0.683s] INFO:colcon.colcon_core.shell:Creating environment hook '/home/farao/ros2_ws/src/install/turtlesim_plus_interfaces/share/turtlesim_plus_interfaces/hook/ld_library_path_lib.sh'
[0.684s] Level 1:colcon.colcon_core.environment:checking '/home/farao/ros2_ws/src/install/turtlesim_plus_interfaces/bin'
[0.684s] Level 1:colcon.colcon_core.environment:checking '/home/farao/ros2_ws/src/install/turtlesim_plus_interfaces/lib/pkgconfig/turtlesim_plus_interfaces.pc'
[0.684s] Level 1:colcon.colcon_core.environment:checking '/home/farao/ros2_ws/src/install/turtlesim_plus_interfaces/lib/python3.10/site-packages'
[0.684s] Level 1:colcon.colcon_core.environment:checking '/home/farao/ros2_ws/src/install/turtlesim_plus_interfaces/bin'
[0.685s] INFO:colcon.colcon_core.shell:Creating package script '/home/farao/ros2_ws/src/install/turtlesim_plus_interfaces/share/turtlesim_plus_interfaces/package.ps1'
[0.685s] INFO:colcon.colcon_core.shell:Creating package descriptor '/home/farao/ros2_ws/src/install/turtlesim_plus_interfaces/share/turtlesim_plus_interfaces/package.dsv'
[0.686s] INFO:colcon.colcon_core.shell:Creating package script '/home/farao/ros2_ws/src/install/turtlesim_plus_interfaces/share/turtlesim_plus_interfaces/package.sh'
[0.686s] INFO:colcon.colcon_core.shell:Creating package script '/home/farao/ros2_ws/src/install/turtlesim_plus_interfaces/share/turtlesim_plus_interfaces/package.bash'
[0.687s] INFO:colcon.colcon_core.shell:Creating package script '/home/farao/ros2_ws/src/install/turtlesim_plus_interfaces/share/turtlesim_plus_interfaces/package.zsh'
[0.687s] Level 1:colcon.colcon_core.environment:create_file_with_runtime_dependencies(/home/farao/ros2_ws/src/install/turtlesim_plus_interfaces/share/colcon-core/packages/turtlesim_plus_interfaces)
[0.911s] DEBUG:colcon.colcon_core.event_handler.log_command:Invoked command in '/home/farao/ros2_ws/src/build/lecture2' returned '0': CMAKE_PREFIX_PATH=${CMAKE_PREFIX_PATH}:/opt/ros/humble /usr/bin/cmake --build /home/farao/ros2_ws/src/build/lecture2 -- -j20 -l20
[0.933s] DEBUG:colcon.colcon_core.event_handler.log_command:Invoking command in '/home/farao/ros2_ws/src/build/lecture2': CMAKE_PREFIX_PATH=${CMAKE_PREFIX_PATH}:/opt/ros/humble /usr/bin/cmake --install /home/farao/ros2_ws/src/build/lecture2
[0.938s] DEBUG:colcon.colcon_core.event_handler.log_command:Invoked command in '/home/farao/ros2_ws/src/build/turtle_bringup' returned '0': CMAKE_PREFIX_PATH=${CMAKE_PREFIX_PATH}:/opt/ros/humble /usr/bin/cmake --build /home/farao/ros2_ws/src/build/turtle_bringup -- -j20 -l20
[0.959s] DEBUG:colcon.colcon_core.event_handler.log_command:Invoking command in '/home/farao/ros2_ws/src/build/turtle_bringup': CMAKE_PREFIX_PATH=${CMAKE_PREFIX_PATH}:/opt/ros/humble /usr/bin/cmake --install /home/farao/ros2_ws/src/build/turtle_bringup
[0.972s] Level 1:colcon.colcon_core.environment:create_environment_scripts_only(lecture2)
[0.973s] Level 1:colcon.colcon_core.environment:checking '/home/farao/ros2_ws/src/install/lecture2' for CMake module files
[0.973s] Level 1:colcon.colcon_core.environment:checking '/home/farao/ros2_ws/src/install/lecture2' for CMake config files
[0.973s] Level 1:colcon.colcon_core.shell:create_environment_hook('lecture2', 'cmake_prefix_path')
[0.973s] INFO:colcon.colcon_core.shell:Creating environment hook '/home/farao/ros2_ws/src/install/lecture2/share/lecture2/hook/cmake_prefix_path.ps1'
[0.974s] INFO:colcon.colcon_core.shell:Creating environment descriptor '/home/farao/ros2_ws/src/install/lecture2/share/lecture2/hook/cmake_prefix_path.dsv'
[0.974s] DEBUG:colcon.colcon_core.event_handler.log_command:Invoked command in '/home/farao/ros2_ws/src/build/lecture2' returned '0': CMAKE_PREFIX_PATH=${CMAKE_PREFIX_PATH}:/opt/ros/humble /usr/bin/cmake --install /home/farao/ros2_ws/src/build/lecture2
[0.974s] INFO:colcon.colcon_core.shell:Creating environment hook '/home/farao/ros2_ws/src/install/lecture2/share/lecture2/hook/cmake_prefix_path.sh'
[0.974s] Level 1:colcon.colcon_core.environment:checking '/home/farao/ros2_ws/src/install/lecture2/lib'
[0.974s] Level 1:colcon.colcon_core.environment:checking '/home/farao/ros2_ws/src/install/lecture2/bin'
[0.974s] Level 1:colcon.colcon_core.environment:checking '/home/farao/ros2_ws/src/install/lecture2/lib/pkgconfig/lecture2.pc'
[0.975s] Level 1:colcon.colcon_core.environment:checking '/home/farao/ros2_ws/src/install/lecture2/lib/python3.10/site-packages'
[0.975s] Level 1:colcon.colcon_core.environment:checking '/home/farao/ros2_ws/src/install/lecture2/bin'
[0.975s] INFO:colcon.colcon_core.shell:Creating package script '/home/farao/ros2_ws/src/install/lecture2/share/lecture2/package.ps1'
[0.975s] INFO:colcon.colcon_core.shell:Creating package descriptor '/home/farao/ros2_ws/src/install/lecture2/share/lecture2/package.dsv'
[0.975s] INFO:colcon.colcon_core.shell:Creating package script '/home/farao/ros2_ws/src/install/lecture2/share/lecture2/package.sh'
[0.975s] INFO:colcon.colcon_core.shell:Creating package script '/home/farao/ros2_ws/src/install/lecture2/share/lecture2/package.bash'
[0.976s] INFO:colcon.colcon_core.shell:Creating package script '/home/farao/ros2_ws/src/install/lecture2/share/lecture2/package.zsh'
[0.976s] Level 1:colcon.colcon_core.environment:create_file_with_runtime_dependencies(/home/farao/ros2_ws/src/install/lecture2/share/colcon-core/packages/lecture2)
[0.996s] Level 1:colcon.colcon_core.environment:create_environment_scripts_only(turtle_bringup)
[0.996s] Level 1:colcon.colcon_core.environment:checking '/home/farao/ros2_ws/src/install/turtle_bringup' for CMake module files
[0.997s] DEBUG:colcon.colcon_core.event_handler.log_command:Invoked command in '/home/farao/ros2_ws/src/build/turtle_bringup' returned '0': CMAKE_PREFIX_PATH=${CMAKE_PREFIX_PATH}:/opt/ros/humble /usr/bin/cmake --install /home/farao/ros2_ws/src/build/turtle_bringup
[0.997s] Level 1:colcon.colcon_core.environment:checking '/home/farao/ros2_ws/src/install/turtle_bringup' for CMake config files
[0.998s] Level 1:colcon.colcon_core.shell:create_environment_hook('turtle_bringup', 'cmake_prefix_path')
[0.998s] INFO:colcon.colcon_core.shell:Creating environment hook '/home/farao/ros2_ws/src/install/turtle_bringup/share/turtle_bringup/hook/cmake_prefix_path.ps1'
[0.998s] INFO:colcon.colcon_core.shell:Creating environment descriptor '/home/farao/ros2_ws/src/install/turtle_bringup/share/turtle_bringup/hook/cmake_prefix_path.dsv'
[0.999s] INFO:colcon.colcon_core.shell:Creating environment hook '/home/farao/ros2_ws/src/install/turtle_bringup/share/turtle_bringup/hook/cmake_prefix_path.sh'
[0.999s] Level 1:colcon.colcon_core.environment:checking '/home/farao/ros2_ws/src/install/turtle_bringup/lib'
[0.999s] Level 1:colcon.colcon_core.environment:checking '/home/farao/ros2_ws/src/install/turtle_bringup/bin'
[0.999s] Level 1:colcon.colcon_core.environment:checking '/home/farao/ros2_ws/src/install/turtle_bringup/lib/pkgconfig/turtle_bringup.pc'
[0.999s] Level 1:colcon.colcon_core.environment:checking '/home/farao/ros2_ws/src/install/turtle_bringup/lib/python3.10/site-packages'
[1.000s] Level 1:colcon.colcon_core.environment:checking '/home/farao/ros2_ws/src/install/turtle_bringup/bin'
[1.000s] INFO:colcon.colcon_core.shell:Creating package script '/home/farao/ros2_ws/src/install/turtle_bringup/share/turtle_bringup/package.ps1'
[1.000s] INFO:colcon.colcon_core.shell:Creating package descriptor '/home/farao/ros2_ws/src/install/turtle_bringup/share/turtle_bringup/package.dsv'
[1.001s] INFO:colcon.colcon_core.shell:Creating package script '/home/farao/ros2_ws/src/install/turtle_bringup/share/turtle_bringup/package.sh'
[1.001s] INFO:colcon.colcon_core.shell:Creating package script '/home/farao/ros2_ws/src/install/turtle_bringup/share/turtle_bringup/package.bash'
[1.001s] INFO:colcon.colcon_core.shell:Creating package script '/home/farao/ros2_ws/src/install/turtle_bringup/share/turtle_bringup/package.zsh'
[1.002s] Level 1:colcon.colcon_core.environment:create_file_with_runtime_dependencies(/home/farao/ros2_ws/src/install/turtle_bringup/share/colcon-core/packages/turtle_bringup)
[1.003s] Level 1:colcon.colcon_core.environment:create_environment_scripts_only(lecture2)
[1.003s] Level 1:colcon.colcon_core.environment:checking '/home/farao/ros2_ws/src/install/lecture2' for CMake module files
[1.004s] Level 1:colcon.colcon_core.environment:checking '/home/farao/ros2_ws/src/install/lecture2' for CMake config files
[1.004s] Level 1:colcon.colcon_core.shell:create_environment_hook('lecture2', 'cmake_prefix_path')
[1.004s] INFO:colcon.colcon_core.shell:Creating environment hook '/home/farao/ros2_ws/src/install/lecture2/share/lecture2/hook/cmake_prefix_path.ps1'
[1.005s] INFO:colcon.colcon_core.shell:Creating environment descriptor '/home/farao/ros2_ws/src/install/lecture2/share/lecture2/hook/cmake_prefix_path.dsv'
[1.005s] INFO:colcon.colcon_core.shell:Creating environment hook '/home/farao/ros2_ws/src/install/lecture2/share/lecture2/hook/cmake_prefix_path.sh'
[1.005s] Level 1:colcon.colcon_core.environment:checking '/home/farao/ros2_ws/src/install/lecture2/lib'
[1.005s] Level 1:colcon.colcon_core.environment:checking '/home/farao/ros2_ws/src/install/lecture2/bin'
[1.006s] Level 1:colcon.colcon_core.environment:checking '/home/farao/ros2_ws/src/install/lecture2/lib/pkgconfig/lecture2.pc'
[1.006s] Level 1:colcon.colcon_core.environment:checking '/home/farao/ros2_ws/src/install/lecture2/lib/python3.10/site-packages'
[1.006s] Level 1:colcon.colcon_core.environment:checking '/home/farao/ros2_ws/src/install/lecture2/bin'
[1.006s] INFO:colcon.colcon_core.shell:Creating package script '/home/farao/ros2_ws/src/install/lecture2/share/lecture2/package.ps1'
[1.007s] INFO:colcon.colcon_core.shell:Creating package descriptor '/home/farao/ros2_ws/src/install/lecture2/share/lecture2/package.dsv'
[1.007s] INFO:colcon.colcon_core.shell:Creating package script '/home/farao/ros2_ws/src/install/lecture2/share/lecture2/package.sh'
[1.007s] INFO:colcon.colcon_core.shell:Creating package script '/home/farao/ros2_ws/src/install/lecture2/share/lecture2/package.bash'
[1.008s] INFO:colcon.colcon_core.shell:Creating package script '/home/farao/ros2_ws/src/install/lecture2/share/lecture2/package.zsh'
[1.008s] Level 1:colcon.colcon_core.environment:create_file_with_runtime_dependencies(/home/farao/ros2_ws/src/install/lecture2/share/colcon-core/packages/lecture2)
[1.022s] Level 1:colcon.colcon_core.environment:create_environment_scripts_only(turtle_bringup)
[1.023s] Level 1:colcon.colcon_core.environment:checking '/home/farao/ros2_ws/src/install/turtle_bringup' for CMake module files
[1.023s] Level 1:colcon.colcon_core.environment:checking '/home/farao/ros2_ws/src/install/turtle_bringup' for CMake config files
[1.024s] Level 1:colcon.colcon_core.shell:create_environment_hook('turtle_bringup', 'cmake_prefix_path')
[1.024s] INFO:colcon.colcon_core.shell:Creating environment hook '/home/farao/ros2_ws/src/install/turtle_bringup/share/turtle_bringup/hook/cmake_prefix_path.ps1'
[1.024s] INFO:colcon.colcon_core.shell:Creating environment descriptor '/home/farao/ros2_ws/src/install/turtle_bringup/share/turtle_bringup/hook/cmake_prefix_path.dsv'
[1.025s] INFO:colcon.colcon_core.shell:Creating environment hook '/home/farao/ros2_ws/src/install/turtle_bringup/share/turtle_bringup/hook/cmake_prefix_path.sh'
[1.025s] Level 1:colcon.colcon_core.environment:checking '/home/farao/ros2_ws/src/install/turtle_bringup/lib'
[1.025s] Level 1:colcon.colcon_core.environment:checking '/home/farao/ros2_ws/src/install/turtle_bringup/bin'
[1.025s] Level 1:colcon.colcon_core.environment:checking '/home/farao/ros2_ws/src/install/turtle_bringup/lib/pkgconfig/turtle_bringup.pc'
[1.025s] Level 1:colcon.colcon_core.environment:checking '/home/farao/ros2_ws/src/install/turtle_bringup/lib/python3.10/site-packages'
[1.026s] Level 1:colcon.colcon_core.environment:checking '/home/farao/ros2_ws/src/install/turtle_bringup/bin'
[1.026s] INFO:colcon.colcon_core.shell:Creating package script '/home/farao/ros2_ws/src/install/turtle_bringup/share/turtle_bringup/package.ps1'
[1.026s] INFO:colcon.colcon_core.shell:Creating package descriptor '/home/farao/ros2_ws/src/install/turtle_bringup/share/turtle_bringup/package.dsv'
[1.027s] INFO:colcon.colcon_core.shell:Creating package script '/home/farao/ros2_ws/src/install/turtle_bringup/share/turtle_bringup/package.sh'
[1.027s] INFO:colcon.colcon_core.shell:Creating package script '/home/farao/ros2_ws/src/install/turtle_bringup/share/turtle_bringup/package.bash'
[1.027s] INFO:colcon.colcon_core.shell:Creating package script '/home/farao/ros2_ws/src/install/turtle_bringup/share/turtle_bringup/package.zsh'
[1.028s] Level 1:colcon.colcon_core.environment:create_file_with_runtime_dependencies(/home/farao/ros2_ws/src/install/turtle_bringup/share/colcon-core/packages/turtle_bringup)
[1.158s] DEBUG:colcon.colcon_core.event_handler.log_command:Invoked command in '/home/farao/ros2_ws/src/build/lab1' returned '0': CMAKE_PREFIX_PATH=${CMAKE_PREFIX_PATH}:/opt/ros/humble /usr/bin/cmake /home/farao/ros2_ws/src/lab1 -DCMAKE_INSTALL_PREFIX=/home/farao/ros2_ws/src/install/lab1
[1.159s] DEBUG:colcon.colcon_core.event_handler.log_command:Invoking command in '/home/farao/ros2_ws/src/build/lab1': CMAKE_PREFIX_PATH=${CMAKE_PREFIX_PATH}:/opt/ros/humble /usr/bin/cmake --build /home/farao/ros2_ws/src/build/lab1 -- -j20 -l20
[1.466s] DEBUG:colcon.colcon_core.event_handler.log_command:Invoked command in '/home/farao/ros2_ws/src/build/lab1_interface' returned '0': CMAKE_PREFIX_PATH=${CMAKE_PREFIX_PATH}:/opt/ros/humble /usr/bin/cmake /home/farao/ros2_ws/src/lab1_interface -DCMAKE_INSTALL_PREFIX=/home/farao/ros2_ws/src/install/lab1_interface
[1.468s] DEBUG:colcon.colcon_core.event_handler.log_command:Invoking command in '/home/farao/ros2_ws/src/build/lab1_interface': CMAKE_PREFIX_PATH=${CMAKE_PREFIX_PATH}:/opt/ros/humble /usr/bin/cmake --build /home/farao/ros2_ws/src/build/lab1_interface -- -j20 -l20
[1.500s] DEBUG:colcon.colcon_core.event_handler.log_command:Invoked command in '/home/farao/ros2_ws/src/build/lab1' returned '0': CMAKE_PREFIX_PATH=${CMAKE_PREFIX_PATH}:/opt/ros/humble /usr/bin/cmake --build /home/farao/ros2_ws/src/build/lab1 -- -j20 -l20
[1.519s] DEBUG:colcon.colcon_core.event_handler.log_command:Invoked command in '/home/farao/ros2_ws/src/build/controller_interfaces' returned '0': CMAKE_PREFIX_PATH=${CMAKE_PREFIX_PATH}:/opt/ros/humble /usr/bin/cmake /home/farao/ros2_ws/src/controller_interfaces -DCMAKE_INSTALL_PREFIX=/home/farao/ros2_ws/src/install/controller_interfaces
[1.521s] DEBUG:colcon.colcon_core.event_handler.log_command:Invoking command in '/home/farao/ros2_ws/src/build/controller_interfaces': CMAKE_PREFIX_PATH=${CMAKE_PREFIX_PATH}:/opt/ros/humble /usr/bin/cmake --build /home/farao/ros2_ws/src/build/controller_interfaces -- -j20 -l20
[1.522s] DEBUG:colcon.colcon_core.event_handler.log_command:Invoking command in '/home/farao/ros2_ws/src/build/lab1': CMAKE_PREFIX_PATH=${CMAKE_PREFIX_PATH}:/opt/ros/humble /usr/bin/cmake --install /home/farao/ros2_ws/src/build/lab1
[1.571s] Level 1:colcon.colcon_core.environment:create_environment_scripts_only(lab1)
[1.572s] Level 1:colcon.colcon_core.environment:checking '/home/farao/ros2_ws/src/install/lab1' for CMake module files
[1.572s] DEBUG:colcon.colcon_core.event_handler.log_command:Invoked command in '/home/farao/ros2_ws/src/build/lab1' returned '0': CMAKE_PREFIX_PATH=${CMAKE_PREFIX_PATH}:/opt/ros/humble /usr/bin/cmake --install /home/farao/ros2_ws/src/build/lab1
[1.572s] Level 1:colcon.colcon_core.environment:checking '/home/farao/ros2_ws/src/install/lab1' for CMake config files
[1.573s] Level 1:colcon.colcon_core.shell:create_environment_hook('lab1', 'cmake_prefix_path')
[1.573s] INFO:colcon.colcon_core.shell:Creating environment hook '/home/farao/ros2_ws/src/install/lab1/share/lab1/hook/cmake_prefix_path.ps1'
[1.573s] INFO:colcon.colcon_core.shell:Creating environment descriptor '/home/farao/ros2_ws/src/install/lab1/share/lab1/hook/cmake_prefix_path.dsv'
[1.574s] INFO:colcon.colcon_core.shell:Creating environment hook '/home/farao/ros2_ws/src/install/lab1/share/lab1/hook/cmake_prefix_path.sh'
[1.574s] Level 1:colcon.colcon_core.environment:checking '/home/farao/ros2_ws/src/install/lab1/lib'
[1.574s] Level 1:colcon.colcon_core.environment:checking '/home/farao/ros2_ws/src/install/lab1/bin'
[1.574s] Level 1:colcon.colcon_core.environment:checking '/home/farao/ros2_ws/src/install/lab1/lib/pkgconfig/lab1.pc'
[1.575s] Level 1:colcon.colcon_core.environment:checking '/home/farao/ros2_ws/src/install/lab1/lib/python3.10/site-packages'
[1.575s] Level 1:colcon.colcon_core.environment:checking '/home/farao/ros2_ws/src/install/lab1/bin'
[1.575s] INFO:colcon.colcon_core.shell:Creating package script '/home/farao/ros2_ws/src/install/lab1/share/lab1/package.ps1'
[1.575s] INFO:colcon.colcon_core.shell:Creating package descriptor '/home/farao/ros2_ws/src/install/lab1/share/lab1/package.dsv'
[1.576s] INFO:colcon.colcon_core.shell:Creating package script '/home/farao/ros2_ws/src/install/lab1/share/lab1/package.sh'
[1.576s] INFO:colcon.colcon_core.shell:Creating package script '/home/farao/ros2_ws/src/install/lab1/share/lab1/package.bash'
[1.577s] INFO:colcon.colcon_core.shell:Creating package script '/home/farao/ros2_ws/src/install/lab1/share/lab1/package.zsh'
[1.577s] Level 1:colcon.colcon_core.environment:create_file_with_runtime_dependencies(/home/farao/ros2_ws/src/install/lab1/share/colcon-core/packages/lab1)
[1.601s] Level 1:colcon.colcon_core.environment:create_environment_scripts_only(lab1)
[1.601s] Level 1:colcon.colcon_core.environment:checking '/home/farao/ros2_ws/src/install/lab1' for CMake module files
[1.602s] Level 1:colcon.colcon_core.environment:checking '/home/farao/ros2_ws/src/install/lab1' for CMake config files
[1.602s] Level 1:colcon.colcon_core.shell:create_environment_hook('lab1', 'cmake_prefix_path')
[1.602s] INFO:colcon.colcon_core.shell:Creating environment hook '/home/farao/ros2_ws/src/install/lab1/share/lab1/hook/cmake_prefix_path.ps1'
[1.602s] INFO:colcon.colcon_core.shell:Creating environment descriptor '/home/farao/ros2_ws/src/install/lab1/share/lab1/hook/cmake_prefix_path.dsv'
[1.603s] INFO:colcon.colcon_core.shell:Creating environment hook '/home/farao/ros2_ws/src/install/lab1/share/lab1/hook/cmake_prefix_path.sh'
[1.603s] Level 1:colcon.colcon_core.environment:checking '/home/farao/ros2_ws/src/install/lab1/lib'
[1.604s] Level 1:colcon.colcon_core.environment:checking '/home/farao/ros2_ws/src/install/lab1/bin'
[1.604s] Level 1:colcon.colcon_core.environment:checking '/home/farao/ros2_ws/src/install/lab1/lib/pkgconfig/lab1.pc'
[1.604s] Level 1:colcon.colcon_core.environment:checking '/home/farao/ros2_ws/src/install/lab1/lib/python3.10/site-packages'
[1.604s] Level 1:colcon.colcon_core.environment:checking '/home/farao/ros2_ws/src/install/lab1/bin'
[1.604s] INFO:colcon.colcon_core.shell:Creating package script '/home/farao/ros2_ws/src/install/lab1/share/lab1/package.ps1'
[1.605s] INFO:colcon.colcon_core.shell:Creating package descriptor '/home/farao/ros2_ws/src/install/lab1/share/lab1/package.dsv'
[1.605s] INFO:colcon.colcon_core.shell:Creating package script '/home/farao/ros2_ws/src/install/lab1/share/lab1/package.sh'
[1.605s] INFO:colcon.colcon_core.shell:Creating package script '/home/farao/ros2_ws/src/install/lab1/share/lab1/package.bash'
[1.605s] INFO:colcon.colcon_core.shell:Creating package script '/home/farao/ros2_ws/src/install/lab1/share/lab1/package.zsh'
[1.605s] Level 1:colcon.colcon_core.environment:create_file_with_runtime_dependencies(/home/farao/ros2_ws/src/install/lab1/share/colcon-core/packages/lab1)
[2.892s] DEBUG:colcon.colcon_core.event_handler.log_command:Invoked command in '/home/farao/ros2_ws/src/build/lab1_interface' returned '0': CMAKE_PREFIX_PATH=${CMAKE_PREFIX_PATH}:/opt/ros/humble /usr/bin/cmake --build /home/farao/ros2_ws/src/build/lab1_interface -- -j20 -l20
[2.938s] DEBUG:colcon.colcon_core.event_handler.log_command:Invoking command in '/home/farao/ros2_ws/src/build/lab1_interface': CMAKE_PREFIX_PATH=${CMAKE_PREFIX_PATH}:/opt/ros/humble /usr/bin/cmake --install /home/farao/ros2_ws/src/build/lab1_interface
[2.988s] Level 1:colcon.colcon_core.environment:create_environment_scripts_only(lab1_interface)
[2.988s] Level 1:colcon.colcon_core.environment:checking '/home/farao/ros2_ws/src/install/lab1_interface' for CMake module files
[2.989s] DEBUG:colcon.colcon_core.event_handler.log_command:Invoked command in '/home/farao/ros2_ws/src/build/lab1_interface' returned '0': CMAKE_PREFIX_PATH=${CMAKE_PREFIX_PATH}:/opt/ros/humble /usr/bin/cmake --install /home/farao/ros2_ws/src/build/lab1_interface
[2.989s] Level 1:colcon.colcon_core.environment:checking '/home/farao/ros2_ws/src/install/lab1_interface' for CMake config files
[2.989s] Level 1:colcon.colcon_core.shell:create_environment_hook('lab1_interface', 'cmake_prefix_path')
[2.990s] INFO:colcon.colcon_core.shell:Creating environment hook '/home/farao/ros2_ws/src/install/lab1_interface/share/lab1_interface/hook/cmake_prefix_path.ps1'
[2.990s] INFO:colcon.colcon_core.shell:Creating environment descriptor '/home/farao/ros2_ws/src/install/lab1_interface/share/lab1_interface/hook/cmake_prefix_path.dsv'
[2.990s] INFO:colcon.colcon_core.shell:Creating environment hook '/home/farao/ros2_ws/src/install/lab1_interface/share/lab1_interface/hook/cmake_prefix_path.sh'
[2.990s] Level 1:colcon.colcon_core.environment:checking '/home/farao/ros2_ws/src/install/lab1_interface/lib'
[2.990s] Level 1:colcon.colcon_core.shell:create_environment_hook('lab1_interface', 'ld_library_path_lib')
[2.990s] INFO:colcon.colcon_core.shell:Creating environment hook '/home/farao/ros2_ws/src/install/lab1_interface/share/lab1_interface/hook/ld_library_path_lib.ps1'
[2.991s] INFO:colcon.colcon_core.shell:Creating environment descriptor '/home/farao/ros2_ws/src/install/lab1_interface/share/lab1_interface/hook/ld_library_path_lib.dsv'
[2.991s] INFO:colcon.colcon_core.shell:Creating environment hook '/home/farao/ros2_ws/src/install/lab1_interface/share/lab1_interface/hook/ld_library_path_lib.sh'
[2.991s] Level 1:colcon.colcon_core.environment:checking '/home/farao/ros2_ws/src/install/lab1_interface/bin'
[2.991s] Level 1:colcon.colcon_core.environment:checking '/home/farao/ros2_ws/src/install/lab1_interface/lib/pkgconfig/lab1_interface.pc'
[2.991s] Level 1:colcon.colcon_core.environment:checking '/home/farao/ros2_ws/src/install/lab1_interface/lib/python3.10/site-packages'
[2.991s] Level 1:colcon.colcon_core.environment:checking '/home/farao/ros2_ws/src/install/lab1_interface/bin'
[2.991s] INFO:colcon.colcon_core.shell:Creating package script '/home/farao/ros2_ws/src/install/lab1_interface/share/lab1_interface/package.ps1'
[2.992s] INFO:colcon.colcon_core.shell:Creating package descriptor '/home/farao/ros2_ws/src/install/lab1_interface/share/lab1_interface/package.dsv'
[2.992s] INFO:colcon.colcon_core.shell:Creating package script '/home/farao/ros2_ws/src/install/lab1_interface/share/lab1_interface/package.sh'
[2.992s] INFO:colcon.colcon_core.shell:Creating package script '/home/farao/ros2_ws/src/install/lab1_interface/share/lab1_interface/package.bash'
[2.992s] INFO:colcon.colcon_core.shell:Creating package script '/home/farao/ros2_ws/src/install/lab1_interface/share/lab1_interface/package.zsh'
[2.992s] Level 1:colcon.colcon_core.environment:create_file_with_runtime_dependencies(/home/farao/ros2_ws/src/install/lab1_interface/share/colcon-core/packages/lab1_interface)
[3.037s] Level 1:colcon.colcon_core.environment:create_environment_scripts_only(lab1_interface)
[3.037s] Level 1:colcon.colcon_core.environment:checking '/home/farao/ros2_ws/src/install/lab1_interface' for CMake module files
[3.037s] Level 1:colcon.colcon_core.environment:checking '/home/farao/ros2_ws/src/install/lab1_interface' for CMake config files
[3.038s] Level 1:colcon.colcon_core.shell:create_environment_hook('lab1_interface', 'cmake_prefix_path')
[3.038s] INFO:colcon.colcon_core.shell:Creating environment hook '/home/farao/ros2_ws/src/install/lab1_interface/share/lab1_interface/hook/cmake_prefix_path.ps1'
[3.038s] INFO:colcon.colcon_core.shell:Creating environment descriptor '/home/farao/ros2_ws/src/install/lab1_interface/share/lab1_interface/hook/cmake_prefix_path.dsv'
[3.038s] INFO:colcon.colcon_core.shell:Creating environment hook '/home/farao/ros2_ws/src/install/lab1_interface/share/lab1_interface/hook/cmake_prefix_path.sh'
[3.038s] Level 1:colcon.colcon_core.environment:checking '/home/farao/ros2_ws/src/install/lab1_interface/lib'
[3.039s] Level 1:colcon.colcon_core.shell:create_environment_hook('lab1_interface', 'ld_library_path_lib')
[3.039s] INFO:colcon.colcon_core.shell:Creating environment hook '/home/farao/ros2_ws/src/install/lab1_interface/share/lab1_interface/hook/ld_library_path_lib.ps1'
[3.039s] INFO:colcon.colcon_core.shell:Creating environment descriptor '/home/farao/ros2_ws/src/install/lab1_interface/share/lab1_interface/hook/ld_library_path_lib.dsv'
[3.039s] INFO:colcon.colcon_core.shell:Creating environment hook '/home/farao/ros2_ws/src/install/lab1_interface/share/lab1_interface/hook/ld_library_path_lib.sh'
[3.039s] Level 1:colcon.colcon_core.environment:checking '/home/farao/ros2_ws/src/install/lab1_interface/bin'
[3.039s] Level 1:colcon.colcon_core.environment:checking '/home/farao/ros2_ws/src/install/lab1_interface/lib/pkgconfig/lab1_interface.pc'
[3.040s] Level 1:colcon.colcon_core.environment:checking '/home/farao/ros2_ws/src/install/lab1_interface/lib/python3.10/site-packages'
[3.040s] Level 1:colcon.colcon_core.environment:checking '/home/farao/ros2_ws/src/install/lab1_interface/bin'
[3.040s] INFO:colcon.colcon_core.shell:Creating package script '/home/farao/ros2_ws/src/install/lab1_interface/share/lab1_interface/package.ps1'
[3.040s] INFO:colcon.colcon_core.shell:Creating package descriptor '/home/farao/ros2_ws/src/install/lab1_interface/share/lab1_interface/package.dsv'
[3.040s] INFO:colcon.colcon_core.shell:Creating package script '/home/farao/ros2_ws/src/install/lab1_interface/share/lab1_interface/package.sh'
[3.041s] INFO:colcon.colcon_core.shell:Creating package script '/home/farao/ros2_ws/src/install/lab1_interface/share/lab1_interface/package.bash'
[3.041s] INFO:colcon.colcon_core.shell:Creating package script '/home/farao/ros2_ws/src/install/lab1_interface/share/lab1_interface/package.zsh'
[3.041s] Level 1:colcon.colcon_core.environment:create_file_with_runtime_dependencies(/home/farao/ros2_ws/src/install/lab1_interface/share/colcon-core/packages/lab1_interface)
[3.088s] DEBUG:colcon.colcon_core.event_handler.log_command:Invoked command in '/home/farao/ros2_ws/src/build/controller_interfaces' returned '0': CMAKE_PREFIX_PATH=${CMAKE_PREFIX_PATH}:/opt/ros/humble /usr/bin/cmake --build /home/farao/ros2_ws/src/build/controller_interfaces -- -j20 -l20
[3.155s] DEBUG:colcon.colcon_core.event_handler.log_command:Invoking command in '/home/farao/ros2_ws/src/build/controller_interfaces': CMAKE_PREFIX_PATH=${CMAKE_PREFIX_PATH}:/opt/ros/humble /usr/bin/cmake --install /home/farao/ros2_ws/src/build/controller_interfaces
[3.195s] Level 1:colcon.colcon_core.environment:create_environment_scripts_only(controller_interfaces)
[3.195s] Level 1:colcon.colcon_core.environment:checking '/home/farao/ros2_ws/src/install/controller_interfaces' for CMake module files
[3.195s] DEBUG:colcon.colcon_core.event_handler.log_command:Invoked command in '/home/farao/ros2_ws/src/build/controller_interfaces' returned '0': CMAKE_PREFIX_PATH=${CMAKE_PREFIX_PATH}:/opt/ros/humble /usr/bin/cmake --install /home/farao/ros2_ws/src/build/controller_interfaces
[3.196s] Level 1:colcon.colcon_core.environment:checking '/home/farao/ros2_ws/src/install/controller_interfaces' for CMake config files
[3.196s] Level 1:colcon.colcon_core.shell:create_environment_hook('controller_interfaces', 'cmake_prefix_path')
[3.196s] INFO:colcon.colcon_core.shell:Creating environment hook '/home/farao/ros2_ws/src/install/controller_interfaces/share/controller_interfaces/hook/cmake_prefix_path.ps1'
[3.196s] INFO:colcon.colcon_core.shell:Creating environment descriptor '/home/farao/ros2_ws/src/install/controller_interfaces/share/controller_interfaces/hook/cmake_prefix_path.dsv'
[3.196s] INFO:colcon.colcon_core.shell:Creating environment hook '/home/farao/ros2_ws/src/install/controller_interfaces/share/controller_interfaces/hook/cmake_prefix_path.sh'
[3.197s] Level 1:colcon.colcon_core.environment:checking '/home/farao/ros2_ws/src/install/controller_interfaces/lib'
[3.197s] Level 1:colcon.colcon_core.shell:create_environment_hook('controller_interfaces', 'ld_library_path_lib')
[3.197s] INFO:colcon.colcon_core.shell:Creating environment hook '/home/farao/ros2_ws/src/install/controller_interfaces/share/controller_interfaces/hook/ld_library_path_lib.ps1'
[3.197s] INFO:colcon.colcon_core.shell:Creating environment descriptor '/home/farao/ros2_ws/src/install/controller_interfaces/share/controller_interfaces/hook/ld_library_path_lib.dsv'
[3.197s] INFO:colcon.colcon_core.shell:Creating environment hook '/home/farao/ros2_ws/src/install/controller_interfaces/share/controller_interfaces/hook/ld_library_path_lib.sh'
[3.197s] Level 1:colcon.colcon_core.environment:checking '/home/farao/ros2_ws/src/install/controller_interfaces/bin'
[3.197s] Level 1:colcon.colcon_core.environment:checking '/home/farao/ros2_ws/src/install/controller_interfaces/lib/pkgconfig/controller_interfaces.pc'
[3.197s] Level 1:colcon.colcon_core.environment:checking '/home/farao/ros2_ws/src/install/controller_interfaces/lib/python3.10/site-packages'
[3.198s] Level 1:colcon.colcon_core.environment:checking '/home/farao/ros2_ws/src/install/controller_interfaces/bin'
[3.198s] INFO:colcon.colcon_core.shell:Creating package script '/home/farao/ros2_ws/src/install/controller_interfaces/share/controller_interfaces/package.ps1'
[3.198s] INFO:colcon.colcon_core.shell:Creating package descriptor '/home/farao/ros2_ws/src/install/controller_interfaces/share/controller_interfaces/package.dsv'
[3.198s] INFO:colcon.colcon_core.shell:Creating package script '/home/farao/ros2_ws/src/install/controller_interfaces/share/controller_interfaces/package.sh'
[3.198s] INFO:colcon.colcon_core.shell:Creating package script '/home/farao/ros2_ws/src/install/controller_interfaces/share/controller_interfaces/package.bash'
[3.198s] INFO:colcon.colcon_core.shell:Creating package script '/home/farao/ros2_ws/src/install/controller_interfaces/share/controller_interfaces/package.zsh'
[3.199s] Level 1:colcon.colcon_core.environment:create_file_with_runtime_dependencies(/home/farao/ros2_ws/src/install/controller_interfaces/share/colcon-core/packages/controller_interfaces)
[3.257s] Level 1:colcon.colcon_core.environment:create_environment_scripts_only(controller_interfaces)
[3.257s] Level 1:colcon.colcon_core.environment:checking '/home/farao/ros2_ws/src/install/controller_interfaces' for CMake module files
[3.258s] Level 1:colcon.colcon_core.environment:checking '/home/farao/ros2_ws/src/install/controller_interfaces' for CMake config files
[3.258s] Level 1:colcon.colcon_core.shell:create_environment_hook('controller_interfaces', 'cmake_prefix_path')
[3.258s] INFO:colcon.colcon_core.shell:Creating environment hook '/home/farao/ros2_ws/src/install/controller_interfaces/share/controller_interfaces/hook/cmake_prefix_path.ps1'
[3.258s] INFO:colcon.colcon_core.shell:Creating environment descriptor '/home/farao/ros2_ws/src/install/controller_interfaces/share/controller_interfaces/hook/cmake_prefix_path.dsv'
[3.259s] INFO:colcon.colcon_core.shell:Creating environment hook '/home/farao/ros2_ws/src/install/controller_interfaces/share/controller_interfaces/hook/cmake_prefix_path.sh'
[3.259s] Level 1:colcon.colcon_core.environment:checking '/home/farao/ros2_ws/src/install/controller_interfaces/lib'
[3.259s] Level 1:colcon.colcon_core.shell:create_environment_hook('controller_interfaces', 'ld_library_path_lib')
[3.259s] INFO:colcon.colcon_core.shell:Creating environment hook '/home/farao/ros2_ws/src/install/controller_interfaces/share/controller_interfaces/hook/ld_library_path_lib.ps1'
[3.259s] INFO:colcon.colcon_core.shell:Creating environment descriptor '/home/farao/ros2_ws/src/install/controller_interfaces/share/controller_interfaces/hook/ld_library_path_lib.dsv'
[3.259s] INFO:colcon.colcon_core.shell:Creating environment hook '/home/farao/ros2_ws/src/install/controller_interfaces/share/controller_interfaces/hook/ld_library_path_lib.sh'
[3.259s] Level 1:colcon.colcon_core.environment:checking '/home/farao/ros2_ws/src/install/controller_interfaces/bin'
[3.259s] Level 1:colcon.colcon_core.environment:checking '/home/farao/ros2_ws/src/install/controller_interfaces/lib/pkgconfig/controller_interfaces.pc'
[3.260s] Level 1:colcon.colcon_core.environment:checking '/home/farao/ros2_ws/src/install/controller_interfaces/lib/python3.10/site-packages'
[3.260s] Level 1:colcon.colcon_core.environment:checking '/home/farao/ros2_ws/src/install/controller_interfaces/bin'
[3.260s] INFO:colcon.colcon_core.shell:Creating package script '/home/farao/ros2_ws/src/install/controller_interfaces/share/controller_interfaces/package.ps1'
[3.260s] INFO:colcon.colcon_core.shell:Creating package descriptor '/home/farao/ros2_ws/src/install/controller_interfaces/share/controller_interfaces/package.dsv'
[3.260s] INFO:colcon.colcon_core.shell:Creating package script '/home/farao/ros2_ws/src/install/controller_interfaces/share/controller_interfaces/package.sh'
[3.261s] INFO:colcon.colcon_core.shell:Creating package script '/home/farao/ros2_ws/src/install/controller_interfaces/share/controller_interfaces/package.bash'
[3.261s] INFO:colcon.colcon_core.shell:Creating package script '/home/farao/ros2_ws/src/install/controller_interfaces/share/controller_interfaces/package.zsh'
[3.261s] Level 1:colcon.colcon_core.environment:create_file_with_runtime_dependencies(/home/farao/ros2_ws/src/install/controller_interfaces/share/colcon-core/packages/controller_interfaces)
[3.261s] DEBUG:colcon.colcon_parallel_executor.executor.parallel:closing loop
[3.261s] DEBUG:colcon.colcon_parallel_executor.executor.parallel:loop closed
[3.261s] DEBUG:colcon.colcon_parallel_executor.executor.parallel:run_until_complete finished with '0'
[3.261s] DEBUG:colcon.colcon_core.event_reactor:joining thread
[3.265s] INFO:colcon.colcon_core.plugin_system:Skipping extension 'colcon_notification.desktop_notification.terminal_notifier': Not used on non-Darwin systems
[3.265s] INFO:colcon.colcon_core.plugin_system:Skipping extension 'colcon_notification.desktop_notification.win32': Not used on non-Windows systems
[3.265s] INFO:colcon.colcon_notification.desktop_notification:Sending desktop notification using 'notify2'
[3.273s] DEBUG:colcon.colcon_core.event_reactor:joined thread
[3.273s] INFO:colcon.colcon_core.shell:Creating prefix script '/home/farao/ros2_ws/src/install/local_setup.ps1'
[3.274s] INFO:colcon.colcon_core.shell:Creating prefix util module '/home/farao/ros2_ws/src/install/_local_setup_util_ps1.py'
[3.274s] INFO:colcon.colcon_core.shell:Creating prefix chain script '/home/farao/ros2_ws/src/install/setup.ps1'
[3.275s] INFO:colcon.colcon_core.shell:Creating prefix script '/home/farao/ros2_ws/src/install/local_setup.sh'
[3.275s] INFO:colcon.colcon_core.shell:Creating prefix util module '/home/farao/ros2_ws/src/install/_local_setup_util_sh.py'
[3.276s] INFO:colcon.colcon_core.shell:Creating prefix chain script '/home/farao/ros2_ws/src/install/setup.sh'
[3.276s] INFO:colcon.colcon_core.shell:Creating prefix script '/home/farao/ros2_ws/src/install/local_setup.bash'
[3.277s] INFO:colcon.colcon_core.shell:Creating prefix chain script '/home/farao/ros2_ws/src/install/setup.bash'
[3.277s] INFO:colcon.colcon_core.shell:Creating prefix script '/home/farao/ros2_ws/src/install/local_setup.zsh'
[3.277s] INFO:colcon.colcon_core.shell:Creating prefix chain script '/home/farao/ros2_ws/src/install/setup.zsh'
