[0.015s] Invoking command in '/home/farao/ros2_ws/build/turtle_bringup': CMAKE_PREFIX_PATH=${CMAKE_PREFIX_PATH}:/opt/ros/humble /usr/bin/cmake --build /home/farao/ros2_ws/build/turtle_bringup -- -j20 -l20
[0.049s] [100%] Built target cpp_node_test
[0.054s] [100%] Built target ament_cmake_python_copy_turtle_bringup
[0.196s] running egg_info
[0.196s] writing turtle_bringup.egg-info/PKG-INFO
[0.197s] writing dependency_links to turtle_bringup.egg-info/dependency_links.txt
[0.197s] writing top-level names to turtle_bringup.egg-info/top_level.txt
[0.198s] reading manifest file 'turtle_bringup.egg-info/SOURCES.txt'
[0.198s] writing manifest file 'turtle_bringup.egg-info/SOURCES.txt'
[0.218s] [100%] Built target ament_cmake_python_build_turtle_bringup_egg
[0.224s] Invoked command in '/home/farao/ros2_ws/build/turtle_bringup' returned '0': CMAKE_PREFIX_PATH=${CMAKE_PREFIX_PATH}:/opt/ros/humble /usr/bin/cmake --build /home/farao/ros2_ws/build/turtle_bringup -- -j20 -l20
[0.251s] Invoking command in '/home/farao/ros2_ws/build/turtle_bringup': CMAKE_PREFIX_PATH=${CMAKE_PREFIX_PATH}:/opt/ros/humble /usr/bin/cmake --install /home/farao/ros2_ws/build/turtle_bringup
[0.256s] -- Install configuration: ""
[0.256s] -- Up-to-date: /home/farao/ros2_ws/install/turtle_bringup/share/turtle_bringup/environment/pythonpath.sh
[0.256s] -- Up-to-date: /home/farao/ros2_ws/install/turtle_bringup/share/turtle_bringup/environment/pythonpath.dsv
[0.257s] -- Up-to-date: /home/farao/ros2_ws/install/turtle_bringup/local/lib/python3.10/dist-packages/turtle_bringup-0.0.0-py3.10.egg-info
[0.257s] -- Installing: /home/farao/ros2_ws/install/turtle_bringup/local/lib/python3.10/dist-packages/turtle_bringup-0.0.0-py3.10.egg-info/dependency_links.txt
[0.257s] -- Installing: /home/farao/ros2_ws/install/turtle_bringup/local/lib/python3.10/dist-packages/turtle_bringup-0.0.0-py3.10.egg-info/PKG-INFO
[0.257s] -- Installing: /home/farao/ros2_ws/install/turtle_bringup/local/lib/python3.10/dist-packages/turtle_bringup-0.0.0-py3.10.egg-info/top_level.txt
[0.257s] -- Installing: /home/farao/ros2_ws/install/turtle_bringup/local/lib/python3.10/dist-packages/turtle_bringup-0.0.0-py3.10.egg-info/SOURCES.txt
[0.257s] -- Up-to-date: /home/farao/ros2_ws/install/turtle_bringup/local/lib/python3.10/dist-packages/turtle_bringup
[0.257s] -- Up-to-date: /home/farao/ros2_ws/install/turtle_bringup/local/lib/python3.10/dist-packages/turtle_bringup/__init__.py
[0.257s] -- Up-to-date: /home/farao/ros2_ws/install/turtle_bringup/local/lib/python3.10/dist-packages/turtle_bringup/dummy_module.py
[0.280s] Listing '/home/farao/ros2_ws/install/turtle_bringup/local/lib/python3.10/dist-packages/turtle_bringup'...
[0.291s] -- Up-to-date: /home/farao/ros2_ws/install/turtle_bringup/lib/turtle_bringup/controller.py
[0.291s] -- Up-to-date: /home/farao/ros2_ws/install/turtle_bringup/lib/turtle_bringup/crazy_turtle.py
[0.291s] -- Up-to-date: /home/farao/ros2_ws/install/turtle_bringup/lib/turtle_bringup/crazy_pizza.py
[0.291s] -- Up-to-date: /home/farao/ros2_ws/install/turtle_bringup/lib/turtle_bringup/odom_publisher.py
[0.292s] -- Up-to-date: /home/farao/ros2_ws/install/turtle_bringup/lib/turtle_bringup/cpp_node_test
[0.292s] -- Up-to-date: /home/farao/ros2_ws/install/turtle_bringup/share/turtle_bringup
[0.292s] -- Up-to-date: /home/farao/ros2_ws/install/turtle_bringup/share/ament_index/resource_index/package_run_dependencies/turtle_bringup
[0.292s] -- Up-to-date: /home/farao/ros2_ws/install/turtle_bringup/share/ament_index/resource_index/parent_prefix_path/turtle_bringup
[0.292s] -- Up-to-date: /home/farao/ros2_ws/install/turtle_bringup/share/turtle_bringup/environment/ament_prefix_path.sh
[0.292s] -- Up-to-date: /home/farao/ros2_ws/install/turtle_bringup/share/turtle_bringup/environment/ament_prefix_path.dsv
[0.292s] -- Up-to-date: /home/farao/ros2_ws/install/turtle_bringup/share/turtle_bringup/environment/path.sh
[0.292s] -- Up-to-date: /home/farao/ros2_ws/install/turtle_bringup/share/turtle_bringup/environment/path.dsv
[0.292s] -- Up-to-date: /home/farao/ros2_ws/install/turtle_bringup/share/turtle_bringup/local_setup.bash
[0.292s] -- Up-to-date: /home/farao/ros2_ws/install/turtle_bringup/share/turtle_bringup/local_setup.sh
[0.292s] -- Up-to-date: /home/farao/ros2_ws/install/turtle_bringup/share/turtle_bringup/local_setup.zsh
[0.292s] -- Up-to-date: /home/farao/ros2_ws/install/turtle_bringup/share/turtle_bringup/local_setup.dsv
[0.292s] -- Installing: /home/farao/ros2_ws/install/turtle_bringup/share/turtle_bringup/package.dsv
[0.292s] -- Up-to-date: /home/farao/ros2_ws/install/turtle_bringup/share/ament_index/resource_index/packages/turtle_bringup
[0.292s] -- Up-to-date: /home/farao/ros2_ws/install/turtle_bringup/share/turtle_bringup/cmake/turtle_bringupConfig.cmake
[0.292s] -- Up-to-date: /home/farao/ros2_ws/install/turtle_bringup/share/turtle_bringup/cmake/turtle_bringupConfig-version.cmake
[0.292s] -- Up-to-date: /home/farao/ros2_ws/install/turtle_bringup/share/turtle_bringup/package.xml
[0.304s] Invoked command in '/home/farao/ros2_ws/build/turtle_bringup' returned '0': CMAKE_PREFIX_PATH=${CMAKE_PREFIX_PATH}:/opt/ros/humble /usr/bin/cmake --install /home/farao/ros2_ws/build/turtle_bringup
