[0.020s] Invoking command in '/home/farao/ros2_ws/build/controller_interfaces': CMAKE_PREFIX_PATH=${CMAKE_PREFIX_PATH}:/opt/ros/humble /usr/bin/cmake --build /home/farao/ros2_ws/build/controller_interfaces -- -j20 -l20
[0.038s] -- Found ament_cmake: 1.3.10 (/opt/ros/humble/share/ament_cmake/cmake)
[0.134s] -- Found std_msgs: 4.2.4 (/opt/ros/humble/share/std_msgs/cmake)
[0.148s] -- Found rosidl_generator_c: 3.1.5 (/opt/ros/humble/share/rosidl_generator_c/cmake)
[0.149s] -- Found rosidl_adapter: 3.1.5 (/opt/ros/humble/share/rosidl_adapter/cmake)
[0.153s] -- Found rosidl_generator_cpp: 3.1.5 (/opt/ros/humble/share/rosidl_generator_cpp/cmake)
[0.159s] -- Using all available rosidl_typesupport_c: rosidl_typesupport_fastrtps_c;rosidl_typesupport_introspection_c
[0.166s] -- Using all available rosidl_typesupport_cpp: rosidl_typesupport_fastrtps_cpp;rosidl_typesupport_introspection_cpp
[0.180s] -- Found geometry_msgs: 4.2.4 (/opt/ros/humble/share/geometry_msgs/cmake)
[0.187s] -- Found rosidl_default_generators: 1.2.0 (/opt/ros/humble/share/rosidl_default_generators/cmake)
[0.191s] -- Found ament_lint_auto: 0.12.11 (/opt/ros/humble/share/ament_lint_auto/cmake)
[0.407s] -- Found ament_cmake_ros: 0.10.0 (/opt/ros/humble/share/ament_cmake_ros/cmake)
[0.671s] -- Using all available rosidl_typesupport_c: rosidl_typesupport_fastrtps_c;rosidl_typesupport_introspection_c
[0.769s] -- Using all available rosidl_typesupport_cpp: rosidl_typesupport_fastrtps_cpp;rosidl_typesupport_introspection_cpp
[0.783s] -- Found python_cmake_module: 0.10.0 (/opt/ros/humble/share/python_cmake_module/cmake)
[0.800s] -- Using PYTHON_EXECUTABLE: /usr/bin/python3
[0.800s] -- Using PYTHON_INCLUDE_DIRS: /usr/include/python3.10
[0.800s] -- Using PYTHON_LIBRARIES: /usr/lib/x86_64-linux-gnu/libpython3.10.so
[0.824s] -- Added test 'lint_cmake' to check CMake code style
[0.824s] -- Added test 'xmllint' to check XML markup files
[0.825s] -- Configuring done
[0.843s] -- Generating done
[0.845s] -- Build files have been written to: /home/farao/ros2_ws/build/controller_interfaces
[0.866s] [35m[1mConsolidate compiler generated dependencies of target controller_interfaces__rosidl_generator_c[0m
[0.875s] [  2%] Built target controller_interfaces__cpp
[0.877s] [ 12%] Built target controller_interfaces__rosidl_generator_c
[0.882s] [ 12%] Built target ament_cmake_python_copy_controller_interfaces
[0.883s] [35m[1mConsolidate compiler generated dependencies of target controller_interfaces__rosidl_typesupport_fastrtps_cpp[0m
[0.884s] [35m[1mConsolidate compiler generated dependencies of target controller_interfaces__rosidl_typesupport_fastrtps_c[0m
[0.884s] [35m[1mConsolidate compiler generated dependencies of target controller_interfaces__rosidl_typesupport_introspection_c[0m
[0.885s] [35m[1mConsolidate compiler generated dependencies of target controller_interfaces__rosidl_typesupport_c[0m
[0.885s] [35m[1mConsolidate compiler generated dependencies of target controller_interfaces__rosidl_typesupport_introspection_cpp[0m
[0.885s] [35m[1mConsolidate compiler generated dependencies of target controller_interfaces__rosidl_typesupport_cpp[0m
[0.893s] [ 23%] Built target controller_interfaces__rosidl_typesupport_fastrtps_c
[0.893s] [ 33%] Built target controller_interfaces__rosidl_typesupport_c
[0.894s] [ 43%] Built target controller_interfaces__rosidl_typesupport_introspection_c
[0.894s] [ 53%] Built target controller_interfaces__rosidl_typesupport_fastrtps_cpp
[0.897s] [ 64%] Built target controller_interfaces__rosidl_typesupport_cpp
[0.899s] [ 74%] Built target controller_interfaces__rosidl_typesupport_introspection_cpp
[0.912s] [ 74%] Built target controller_interfaces
[0.928s] [ 76%] Built target controller_interfaces__py
[0.937s] [35m[1mConsolidate compiler generated dependencies of target controller_interfaces__rosidl_generator_py[0m
[0.945s] [ 84%] Built target controller_interfaces__rosidl_generator_py
[0.954s] [35m[1mConsolidate compiler generated dependencies of target controller_interfaces__rosidl_typesupport_fastrtps_c__pyext[0m
[0.954s] [35m[1mConsolidate compiler generated dependencies of target controller_interfaces__rosidl_typesupport_introspection_c__pyext[0m
[0.954s] [35m[1mConsolidate compiler generated dependencies of target controller_interfaces__rosidl_typesupport_c__pyext[0m
[0.964s] [ 89%] Built target controller_interfaces__rosidl_typesupport_c__pyext
[0.964s] [ 94%] Built target controller_interfaces__rosidl_typesupport_fastrtps_c__pyext
[0.965s] [100%] Built target controller_interfaces__rosidl_typesupport_introspection_c__pyext
[1.013s] running egg_info
[1.013s] writing controller_interfaces.egg-info/PKG-INFO
[1.013s] writing dependency_links to controller_interfaces.egg-info/dependency_links.txt
[1.014s] writing top-level names to controller_interfaces.egg-info/top_level.txt
[1.015s] reading manifest file 'controller_interfaces.egg-info/SOURCES.txt'
[1.015s] writing manifest file 'controller_interfaces.egg-info/SOURCES.txt'
[1.032s] [100%] Built target ament_cmake_python_build_controller_interfaces_egg
[1.040s] Invoked command in '/home/farao/ros2_ws/build/controller_interfaces' returned '0': CMAKE_PREFIX_PATH=${CMAKE_PREFIX_PATH}:/opt/ros/humble /usr/bin/cmake --build /home/farao/ros2_ws/build/controller_interfaces -- -j20 -l20
[1.105s] Invoking command in '/home/farao/ros2_ws/build/controller_interfaces': CMAKE_PREFIX_PATH=${CMAKE_PREFIX_PATH}:/opt/ros/humble /usr/bin/cmake --install /home/farao/ros2_ws/build/controller_interfaces
[1.110s] -- Install configuration: ""
[1.110s] -- Up-to-date: /home/farao/ros2_ws/install/controller_interfaces/share/ament_index/resource_index/rosidl_interfaces/controller_interfaces
[1.110s] -- Up-to-date: /home/farao/ros2_ws/install/controller_interfaces/include/controller_interfaces/controller_interfaces
[1.110s] -- Up-to-date: /home/farao/ros2_ws/install/controller_interfaces/include/controller_interfaces/controller_interfaces/srv
[1.110s] -- Up-to-date: /home/farao/ros2_ws/install/controller_interfaces/include/controller_interfaces/controller_interfaces/srv/detail
[1.110s] -- Up-to-date: /home/farao/ros2_ws/install/controller_interfaces/include/controller_interfaces/controller_interfaces/srv/detail/set_target__functions.h
[1.110s] -- Up-to-date: /home/farao/ros2_ws/install/controller_interfaces/include/controller_interfaces/controller_interfaces/srv/detail/set_param__type_support.h
[1.110s] -- Up-to-date: /home/farao/ros2_ws/install/controller_interfaces/include/controller_interfaces/controller_interfaces/srv/detail/set_param__functions.c
[1.110s] -- Up-to-date: /home/farao/ros2_ws/install/controller_interfaces/include/controller_interfaces/controller_interfaces/srv/detail/set_target__functions.c
[1.110s] -- Up-to-date: /home/farao/ros2_ws/install/controller_interfaces/include/controller_interfaces/controller_interfaces/srv/detail/set_target__struct.h
[1.111s] -- Up-to-date: /home/farao/ros2_ws/install/controller_interfaces/include/controller_interfaces/controller_interfaces/srv/detail/set_param__functions.h
[1.111s] -- Up-to-date: /home/farao/ros2_ws/install/controller_interfaces/include/controller_interfaces/controller_interfaces/srv/detail/set_target__type_support.h
[1.111s] -- Up-to-date: /home/farao/ros2_ws/install/controller_interfaces/include/controller_interfaces/controller_interfaces/srv/detail/set_param__struct.h
[1.111s] -- Up-to-date: /home/farao/ros2_ws/install/controller_interfaces/include/controller_interfaces/controller_interfaces/srv/set_param.h
[1.111s] -- Up-to-date: /home/farao/ros2_ws/install/controller_interfaces/include/controller_interfaces/controller_interfaces/srv/set_target.h
[1.111s] -- Up-to-date: /home/farao/ros2_ws/install/controller_interfaces/include/controller_interfaces/controller_interfaces/msg
[1.111s] -- Up-to-date: /home/farao/ros2_ws/install/controller_interfaces/include/controller_interfaces/controller_interfaces/msg/rosidl_generator_c__visibility_control.h
[1.111s] -- Up-to-date: /home/farao/ros2_ws/install/controller_interfaces/share/controller_interfaces/environment/library_path.sh
[1.111s] -- Installing: /home/farao/ros2_ws/install/controller_interfaces/share/controller_interfaces/environment/library_path.dsv
[1.111s] -- Up-to-date: /home/farao/ros2_ws/install/controller_interfaces/lib/libcontroller_interfaces__rosidl_generator_c.so
[1.111s] -- Up-to-date: /home/farao/ros2_ws/install/controller_interfaces/include/controller_interfaces/controller_interfaces
[1.112s] -- Up-to-date: /home/farao/ros2_ws/install/controller_interfaces/include/controller_interfaces/controller_interfaces/srv
[1.112s] -- Up-to-date: /home/farao/ros2_ws/install/controller_interfaces/include/controller_interfaces/controller_interfaces/srv/detail
[1.112s] -- Up-to-date: /home/farao/ros2_ws/install/controller_interfaces/include/controller_interfaces/controller_interfaces/srv/detail/set_target__rosidl_typesupport_fastrtps_c.h
[1.112s] -- Up-to-date: /home/farao/ros2_ws/install/controller_interfaces/include/controller_interfaces/controller_interfaces/srv/detail/set_param__rosidl_typesupport_fastrtps_c.h
[1.112s] -- Up-to-date: /home/farao/ros2_ws/install/controller_interfaces/include/controller_interfaces/controller_interfaces/msg
[1.112s] -- Up-to-date: /home/farao/ros2_ws/install/controller_interfaces/include/controller_interfaces/controller_interfaces/msg/rosidl_typesupport_fastrtps_c__visibility_control.h
[1.112s] -- Up-to-date: /home/farao/ros2_ws/install/controller_interfaces/lib/libcontroller_interfaces__rosidl_typesupport_fastrtps_c.so
[1.112s] -- Up-to-date: /home/farao/ros2_ws/install/controller_interfaces/include/controller_interfaces/controller_interfaces
[1.112s] -- Up-to-date: /home/farao/ros2_ws/install/controller_interfaces/include/controller_interfaces/controller_interfaces/srv
[1.112s] -- Up-to-date: /home/farao/ros2_ws/install/controller_interfaces/include/controller_interfaces/controller_interfaces/srv/detail
[1.112s] -- Up-to-date: /home/farao/ros2_ws/install/controller_interfaces/include/controller_interfaces/controller_interfaces/srv/detail/set_target__builder.hpp
[1.112s] -- Up-to-date: /home/farao/ros2_ws/install/controller_interfaces/include/controller_interfaces/controller_interfaces/srv/detail/set_target__traits.hpp
[1.112s] -- Up-to-date: /home/farao/ros2_ws/install/controller_interfaces/include/controller_interfaces/controller_interfaces/srv/detail/set_param__traits.hpp
[1.112s] -- Up-to-date: /home/farao/ros2_ws/install/controller_interfaces/include/controller_interfaces/controller_interfaces/srv/detail/set_target__struct.hpp
[1.113s] -- Up-to-date: /home/farao/ros2_ws/install/controller_interfaces/include/controller_interfaces/controller_interfaces/srv/detail/set_param__builder.hpp
[1.113s] -- Up-to-date: /home/farao/ros2_ws/install/controller_interfaces/include/controller_interfaces/controller_interfaces/srv/detail/set_param__struct.hpp
[1.113s] -- Up-to-date: /home/farao/ros2_ws/install/controller_interfaces/include/controller_interfaces/controller_interfaces/srv/set_target.hpp
[1.113s] -- Up-to-date: /home/farao/ros2_ws/install/controller_interfaces/include/controller_interfaces/controller_interfaces/srv/set_param.hpp
[1.113s] -- Up-to-date: /home/farao/ros2_ws/install/controller_interfaces/include/controller_interfaces/controller_interfaces
[1.113s] -- Up-to-date: /home/farao/ros2_ws/install/controller_interfaces/include/controller_interfaces/controller_interfaces/srv
[1.113s] -- Up-to-date: /home/farao/ros2_ws/install/controller_interfaces/include/controller_interfaces/controller_interfaces/srv/detail
[1.113s] -- Up-to-date: /home/farao/ros2_ws/install/controller_interfaces/include/controller_interfaces/controller_interfaces/srv/detail/set_target__rosidl_typesupport_fastrtps_cpp.hpp
[1.113s] -- Up-to-date: /home/farao/ros2_ws/install/controller_interfaces/include/controller_interfaces/controller_interfaces/srv/detail/set_param__rosidl_typesupport_fastrtps_cpp.hpp
[1.113s] -- Up-to-date: /home/farao/ros2_ws/install/controller_interfaces/include/controller_interfaces/controller_interfaces/srv/detail/dds_fastrtps
[1.113s] -- Up-to-date: /home/farao/ros2_ws/install/controller_interfaces/include/controller_interfaces/controller_interfaces/msg
[1.113s] -- Up-to-date: /home/farao/ros2_ws/install/controller_interfaces/include/controller_interfaces/controller_interfaces/msg/rosidl_typesupport_fastrtps_cpp__visibility_control.h
[1.113s] -- Up-to-date: /home/farao/ros2_ws/install/controller_interfaces/lib/libcontroller_interfaces__rosidl_typesupport_fastrtps_cpp.so
[1.113s] -- Up-to-date: /home/farao/ros2_ws/install/controller_interfaces/include/controller_interfaces/controller_interfaces
[1.114s] -- Up-to-date: /home/farao/ros2_ws/install/controller_interfaces/include/controller_interfaces/controller_interfaces/srv
[1.114s] -- Up-to-date: /home/farao/ros2_ws/install/controller_interfaces/include/controller_interfaces/controller_interfaces/srv/detail
[1.114s] -- Up-to-date: /home/farao/ros2_ws/install/controller_interfaces/include/controller_interfaces/controller_interfaces/srv/detail/set_target__type_support.c
[1.114s] -- Up-to-date: /home/farao/ros2_ws/install/controller_interfaces/include/controller_interfaces/controller_interfaces/srv/detail/set_param__rosidl_typesupport_introspection_c.h
[1.114s] -- Up-to-date: /home/farao/ros2_ws/install/controller_interfaces/include/controller_interfaces/controller_interfaces/srv/detail/set_target__rosidl_typesupport_introspection_c.h
[1.114s] -- Up-to-date: /home/farao/ros2_ws/install/controller_interfaces/include/controller_interfaces/controller_interfaces/srv/detail/set_param__type_support.c
[1.114s] -- Up-to-date: /home/farao/ros2_ws/install/controller_interfaces/include/controller_interfaces/controller_interfaces/msg
[1.114s] -- Up-to-date: /home/farao/ros2_ws/install/controller_interfaces/include/controller_interfaces/controller_interfaces/msg/rosidl_typesupport_introspection_c__visibility_control.h
[1.114s] -- Up-to-date: /home/farao/ros2_ws/install/controller_interfaces/lib/libcontroller_interfaces__rosidl_typesupport_introspection_c.so
[1.114s] -- Up-to-date: /home/farao/ros2_ws/install/controller_interfaces/lib/libcontroller_interfaces__rosidl_typesupport_c.so
[1.114s] -- Up-to-date: /home/farao/ros2_ws/install/controller_interfaces/include/controller_interfaces/controller_interfaces
[1.114s] -- Up-to-date: /home/farao/ros2_ws/install/controller_interfaces/include/controller_interfaces/controller_interfaces/srv
[1.114s] -- Up-to-date: /home/farao/ros2_ws/install/controller_interfaces/include/controller_interfaces/controller_interfaces/srv/detail
[1.114s] -- Up-to-date: /home/farao/ros2_ws/install/controller_interfaces/include/controller_interfaces/controller_interfaces/srv/detail/set_param__rosidl_typesupport_introspection_cpp.hpp
[1.115s] -- Up-to-date: /home/farao/ros2_ws/install/controller_interfaces/include/controller_interfaces/controller_interfaces/srv/detail/set_target__rosidl_typesupport_introspection_cpp.hpp
[1.115s] -- Up-to-date: /home/farao/ros2_ws/install/controller_interfaces/include/controller_interfaces/controller_interfaces/srv/detail/set_param__type_support.cpp
[1.115s] -- Up-to-date: /home/farao/ros2_ws/install/controller_interfaces/include/controller_interfaces/controller_interfaces/srv/detail/set_target__type_support.cpp
[1.115s] -- Up-to-date: /home/farao/ros2_ws/install/controller_interfaces/lib/libcontroller_interfaces__rosidl_typesupport_introspection_cpp.so
[1.115s] -- Up-to-date: /home/farao/ros2_ws/install/controller_interfaces/lib/libcontroller_interfaces__rosidl_typesupport_cpp.so
[1.115s] -- Up-to-date: /home/farao/ros2_ws/install/controller_interfaces/share/controller_interfaces/environment/pythonpath.sh
[1.115s] -- Installing: /home/farao/ros2_ws/install/controller_interfaces/share/controller_interfaces/environment/pythonpath.dsv
[1.115s] -- Up-to-date: /home/farao/ros2_ws/install/controller_interfaces/local/lib/python3.10/dist-packages/controller_interfaces-0.0.0-py3.10.egg-info
[1.115s] -- Installing: /home/farao/ros2_ws/install/controller_interfaces/local/lib/python3.10/dist-packages/controller_interfaces-0.0.0-py3.10.egg-info/dependency_links.txt
[1.115s] -- Installing: /home/farao/ros2_ws/install/controller_interfaces/local/lib/python3.10/dist-packages/controller_interfaces-0.0.0-py3.10.egg-info/PKG-INFO
[1.115s] -- Installing: /home/farao/ros2_ws/install/controller_interfaces/local/lib/python3.10/dist-packages/controller_interfaces-0.0.0-py3.10.egg-info/top_level.txt
[1.115s] -- Installing: /home/farao/ros2_ws/install/controller_interfaces/local/lib/python3.10/dist-packages/controller_interfaces-0.0.0-py3.10.egg-info/SOURCES.txt
[1.115s] -- Up-to-date: /home/farao/ros2_ws/install/controller_interfaces/local/lib/python3.10/dist-packages/controller_interfaces
[1.115s] -- Up-to-date: /home/farao/ros2_ws/install/controller_interfaces/local/lib/python3.10/dist-packages/controller_interfaces/controller_interfaces_s__rosidl_typesupport_introspection_c.cpython-310-x86_64-linux-gnu.so
[1.115s] -- Installing: /home/farao/ros2_ws/install/controller_interfaces/local/lib/python3.10/dist-packages/controller_interfaces/__init__.py
[1.116s] -- Up-to-date: /home/farao/ros2_ws/install/controller_interfaces/local/lib/python3.10/dist-packages/controller_interfaces/_controller_interfaces_s.ep.rosidl_typesupport_c.c
[1.116s] -- Up-to-date: /home/farao/ros2_ws/install/controller_interfaces/local/lib/python3.10/dist-packages/controller_interfaces/srv
[1.116s] -- Up-to-date: /home/farao/ros2_ws/install/controller_interfaces/local/lib/python3.10/dist-packages/controller_interfaces/srv/__init__.py
[1.116s] -- Up-to-date: /home/farao/ros2_ws/install/controller_interfaces/local/lib/python3.10/dist-packages/controller_interfaces/srv/_set_target.py
[1.116s] -- Up-to-date: /home/farao/ros2_ws/install/controller_interfaces/local/lib/python3.10/dist-packages/controller_interfaces/srv/_set_param.py
[1.116s] -- Up-to-date: /home/farao/ros2_ws/install/controller_interfaces/local/lib/python3.10/dist-packages/controller_interfaces/srv/_set_target_s.c
[1.116s] -- Up-to-date: /home/farao/ros2_ws/install/controller_interfaces/local/lib/python3.10/dist-packages/controller_interfaces/srv/_set_param_s.c
[1.116s] -- Up-to-date: /home/farao/ros2_ws/install/controller_interfaces/local/lib/python3.10/dist-packages/controller_interfaces/_controller_interfaces_s.ep.rosidl_typesupport_fastrtps_c.c
[1.116s] -- Up-to-date: /home/farao/ros2_ws/install/controller_interfaces/local/lib/python3.10/dist-packages/controller_interfaces/libcontroller_interfaces__rosidl_generator_py.so
[1.116s] -- Up-to-date: /home/farao/ros2_ws/install/controller_interfaces/local/lib/python3.10/dist-packages/controller_interfaces/controller_interfaces_s__rosidl_typesupport_fastrtps_c.cpython-310-x86_64-linux-gnu.so
[1.116s] -- Up-to-date: /home/farao/ros2_ws/install/controller_interfaces/local/lib/python3.10/dist-packages/controller_interfaces/controller_interfaces_s__rosidl_typesupport_c.cpython-310-x86_64-linux-gnu.so
[1.116s] -- Up-to-date: /home/farao/ros2_ws/install/controller_interfaces/local/lib/python3.10/dist-packages/controller_interfaces/_controller_interfaces_s.ep.rosidl_typesupport_introspection_c.c
[1.135s] Listing '/home/farao/ros2_ws/install/controller_interfaces/local/lib/python3.10/dist-packages/controller_interfaces'...
[1.135s] Compiling '/home/farao/ros2_ws/install/controller_interfaces/local/lib/python3.10/dist-packages/controller_interfaces/__init__.py'...
[1.135s] Listing '/home/farao/ros2_ws/install/controller_interfaces/local/lib/python3.10/dist-packages/controller_interfaces/srv'...
[1.138s] -- Up-to-date: /home/farao/ros2_ws/install/controller_interfaces/local/lib/python3.10/dist-packages/controller_interfaces/controller_interfaces_s__rosidl_typesupport_fastrtps_c.cpython-310-x86_64-linux-gnu.so
[1.138s] -- Up-to-date: /home/farao/ros2_ws/install/controller_interfaces/local/lib/python3.10/dist-packages/controller_interfaces/controller_interfaces_s__rosidl_typesupport_introspection_c.cpython-310-x86_64-linux-gnu.so
[1.138s] -- Up-to-date: /home/farao/ros2_ws/install/controller_interfaces/local/lib/python3.10/dist-packages/controller_interfaces/controller_interfaces_s__rosidl_typesupport_c.cpython-310-x86_64-linux-gnu.so
[1.139s] -- Up-to-date: /home/farao/ros2_ws/install/controller_interfaces/lib/libcontroller_interfaces__rosidl_generator_py.so
[1.139s] -- Up-to-date: /home/farao/ros2_ws/install/controller_interfaces/share/controller_interfaces/srv/SetParam.idl
[1.139s] -- Up-to-date: /home/farao/ros2_ws/install/controller_interfaces/share/controller_interfaces/srv/SetTarget.idl
[1.139s] -- Up-to-date: /home/farao/ros2_ws/install/controller_interfaces/share/controller_interfaces/srv/SetParam.srv
[1.139s] -- Up-to-date: /home/farao/ros2_ws/install/controller_interfaces/share/controller_interfaces/srv/SetParam_Request.msg
[1.139s] -- Up-to-date: /home/farao/ros2_ws/install/controller_interfaces/share/controller_interfaces/srv/SetParam_Response.msg
[1.139s] -- Up-to-date: /home/farao/ros2_ws/install/controller_interfaces/share/controller_interfaces/srv/SetTarget.srv
[1.139s] -- Up-to-date: /home/farao/ros2_ws/install/controller_interfaces/share/controller_interfaces/srv/SetTarget_Request.msg
[1.139s] -- Up-to-date: /home/farao/ros2_ws/install/controller_interfaces/share/controller_interfaces/srv/SetTarget_Response.msg
[1.140s] -- Installing: /home/farao/ros2_ws/install/controller_interfaces/share/ament_index/resource_index/package_run_dependencies/controller_interfaces
[1.140s] -- Up-to-date: /home/farao/ros2_ws/install/controller_interfaces/share/ament_index/resource_index/parent_prefix_path/controller_interfaces
[1.140s] -- Up-to-date: /home/farao/ros2_ws/install/controller_interfaces/share/controller_interfaces/environment/ament_prefix_path.sh
[1.140s] -- Installing: /home/farao/ros2_ws/install/controller_interfaces/share/controller_interfaces/environment/ament_prefix_path.dsv
[1.140s] -- Up-to-date: /home/farao/ros2_ws/install/controller_interfaces/share/controller_interfaces/environment/path.sh
[1.140s] -- Installing: /home/farao/ros2_ws/install/controller_interfaces/share/controller_interfaces/environment/path.dsv
[1.140s] -- Up-to-date: /home/farao/ros2_ws/install/controller_interfaces/share/controller_interfaces/local_setup.bash
[1.140s] -- Up-to-date: /home/farao/ros2_ws/install/controller_interfaces/share/controller_interfaces/local_setup.sh
[1.140s] -- Up-to-date: /home/farao/ros2_ws/install/controller_interfaces/share/controller_interfaces/local_setup.zsh
[1.140s] -- Installing: /home/farao/ros2_ws/install/controller_interfaces/share/controller_interfaces/local_setup.dsv
[1.140s] -- Installing: /home/farao/ros2_ws/install/controller_interfaces/share/controller_interfaces/package.dsv
[1.140s] -- Up-to-date: /home/farao/ros2_ws/install/controller_interfaces/share/ament_index/resource_index/packages/controller_interfaces
[1.140s] -- Up-to-date: /home/farao/ros2_ws/install/controller_interfaces/share/controller_interfaces/cmake/export_controller_interfaces__rosidl_generator_cExport.cmake
[1.140s] -- Up-to-date: /home/farao/ros2_ws/install/controller_interfaces/share/controller_interfaces/cmake/export_controller_interfaces__rosidl_generator_cExport-noconfig.cmake
[1.141s] -- Up-to-date: /home/farao/ros2_ws/install/controller_interfaces/share/controller_interfaces/cmake/export_controller_interfaces__rosidl_typesupport_fastrtps_cExport.cmake
[1.141s] -- Up-to-date: /home/farao/ros2_ws/install/controller_interfaces/share/controller_interfaces/cmake/export_controller_interfaces__rosidl_typesupport_fastrtps_cExport-noconfig.cmake
[1.141s] -- Up-to-date: /home/farao/ros2_ws/install/controller_interfaces/share/controller_interfaces/cmake/export_controller_interfaces__rosidl_generator_cppExport.cmake
[1.141s] -- Up-to-date: /home/farao/ros2_ws/install/controller_interfaces/share/controller_interfaces/cmake/export_controller_interfaces__rosidl_typesupport_fastrtps_cppExport.cmake
[1.141s] -- Up-to-date: /home/farao/ros2_ws/install/controller_interfaces/share/controller_interfaces/cmake/export_controller_interfaces__rosidl_typesupport_fastrtps_cppExport-noconfig.cmake
[1.141s] -- Up-to-date: /home/farao/ros2_ws/install/controller_interfaces/share/controller_interfaces/cmake/controller_interfaces__rosidl_typesupport_introspection_cExport.cmake
[1.141s] -- Up-to-date: /home/farao/ros2_ws/install/controller_interfaces/share/controller_interfaces/cmake/controller_interfaces__rosidl_typesupport_introspection_cExport-noconfig.cmake
[1.141s] -- Up-to-date: /home/farao/ros2_ws/install/controller_interfaces/share/controller_interfaces/cmake/controller_interfaces__rosidl_typesupport_cExport.cmake
[1.141s] -- Up-to-date: /home/farao/ros2_ws/install/controller_interfaces/share/controller_interfaces/cmake/controller_interfaces__rosidl_typesupport_cExport-noconfig.cmake
[1.142s] -- Up-to-date: /home/farao/ros2_ws/install/controller_interfaces/share/controller_interfaces/cmake/controller_interfaces__rosidl_typesupport_introspection_cppExport.cmake
[1.142s] -- Up-to-date: /home/farao/ros2_ws/install/controller_interfaces/share/controller_interfaces/cmake/controller_interfaces__rosidl_typesupport_introspection_cppExport-noconfig.cmake
[1.142s] -- Up-to-date: /home/farao/ros2_ws/install/controller_interfaces/share/controller_interfaces/cmake/controller_interfaces__rosidl_typesupport_cppExport.cmake
[1.142s] -- Up-to-date: /home/farao/ros2_ws/install/controller_interfaces/share/controller_interfaces/cmake/controller_interfaces__rosidl_typesupport_cppExport-noconfig.cmake
[1.142s] -- Up-to-date: /home/farao/ros2_ws/install/controller_interfaces/share/controller_interfaces/cmake/export_controller_interfaces__rosidl_generator_pyExport.cmake
[1.142s] -- Up-to-date: /home/farao/ros2_ws/install/controller_interfaces/share/controller_interfaces/cmake/export_controller_interfaces__rosidl_generator_pyExport-noconfig.cmake
[1.142s] -- Up-to-date: /home/farao/ros2_ws/install/controller_interfaces/share/controller_interfaces/cmake/rosidl_cmake-extras.cmake
[1.142s] -- Up-to-date: /home/farao/ros2_ws/install/controller_interfaces/share/controller_interfaces/cmake/ament_cmake_export_dependencies-extras.cmake
[1.142s] -- Up-to-date: /home/farao/ros2_ws/install/controller_interfaces/share/controller_interfaces/cmake/ament_cmake_export_include_directories-extras.cmake
[1.142s] -- Up-to-date: /home/farao/ros2_ws/install/controller_interfaces/share/controller_interfaces/cmake/ament_cmake_export_libraries-extras.cmake
[1.142s] -- Up-to-date: /home/farao/ros2_ws/install/controller_interfaces/share/controller_interfaces/cmake/ament_cmake_export_targets-extras.cmake
[1.142s] -- Up-to-date: /home/farao/ros2_ws/install/controller_interfaces/share/controller_interfaces/cmake/rosidl_cmake_export_typesupport_targets-extras.cmake
[1.143s] -- Up-to-date: /home/farao/ros2_ws/install/controller_interfaces/share/controller_interfaces/cmake/rosidl_cmake_export_typesupport_libraries-extras.cmake
[1.143s] -- Up-to-date: /home/farao/ros2_ws/install/controller_interfaces/share/controller_interfaces/cmake/controller_interfacesConfig.cmake
[1.143s] -- Up-to-date: /home/farao/ros2_ws/install/controller_interfaces/share/controller_interfaces/cmake/controller_interfacesConfig-version.cmake
[1.143s] -- Installing: /home/farao/ros2_ws/install/controller_interfaces/share/controller_interfaces/package.xml
[1.143s] Invoked command in '/home/farao/ros2_ws/build/controller_interfaces' returned '0': CMAKE_PREFIX_PATH=${CMAKE_PREFIX_PATH}:/opt/ros/humble /usr/bin/cmake --install /home/farao/ros2_ws/build/controller_interfaces
