[0.010s] Invoking command in '/home/farao/ros2_ws/build/turtle_bringup': CMAKE_PREFIX_PATH=${CMAKE_PREFIX_PATH}:/home/farao/ros2_ws/install/launch_testing_examples:/home/farao/ros2_ws/install/examples_rclpy_pointcloud_publisher:/home/farao/ros2_ws/install/examples_rclpy_minimal_subscriber:/home/farao/ros2_ws/install/examples_rclpy_minimal_service:/home/farao/ros2_ws/install/examples_rclpy_minimal_publisher:/home/farao/ros2_ws/install/examples_rclpy_minimal_client:/home/farao/ros2_ws/install/examples_rclpy_minimal_action_server:/home/farao/ros2_ws/install/examples_rclpy_minimal_action_client:/home/farao/ros2_ws/install/examples_rclpy_guard_conditions:/home/farao/ros2_ws/install/examples_rclpy_executors:/opt/ros/humble /usr/bin/cmake --build /home/farao/ros2_ws/build/turtle_bringup -- -j20 -l20
[0.026s] -- Found ament_cmake: 1.3.9 (/opt/ros/humble/share/ament_cmake/cmake)
[0.123s] -- Found rclcpp: 16.0.9 (/opt/ros/humble/share/rclcpp/cmake)
[0.140s] -- Found rosidl_generator_c: 3.1.5 (/opt/ros/humble/share/rosidl_generator_c/cmake)
[0.141s] -- Found rosidl_adapter: 3.1.5 (/opt/ros/humble/share/rosidl_adapter/cmake)
[0.144s] -- Found rosidl_generator_cpp: 3.1.5 (/opt/ros/humble/share/rosidl_generator_cpp/cmake)
[0.151s] -- Using all available rosidl_typesupport_c: rosidl_typesupport_fastrtps_c;rosidl_typesupport_introspection_c
[0.160s] -- Using all available rosidl_typesupport_cpp: rosidl_typesupport_fastrtps_cpp;rosidl_typesupport_introspection_cpp
[0.193s] -- Found rmw_implementation_cmake: 6.1.2 (/opt/ros/humble/share/rmw_implementation_cmake/cmake)
[0.194s] -- Found rmw_fastrtps_cpp: 6.2.6 (/opt/ros/humble/share/rmw_fastrtps_cpp/cmake)
[0.262s] -- Using RMW implementation 'rmw_fastrtps_cpp' as default
[0.355s] -- Found rclpy: 3.3.13 (/opt/ros/humble/share/rclpy/cmake)
[0.440s] -- Configuring done
[0.444s] -- Generating done
[0.445s] -- Build files have been written to: /home/farao/ros2_ws/build/turtle_bringup
[0.465s] [35m[1mConsolidate compiler generated dependencies of target cpp_node_test[0m
[0.473s] [100%] Built target cpp_node_test
[0.476s] [100%] Built target ament_cmake_python_copy_turtle_bringup
[0.595s] running egg_info
[0.596s] writing turtle_bringup.egg-info/PKG-INFO
[0.596s] writing dependency_links to turtle_bringup.egg-info/dependency_links.txt
[0.596s] writing top-level names to turtle_bringup.egg-info/top_level.txt
[0.597s] reading manifest file 'turtle_bringup.egg-info/SOURCES.txt'
[0.597s] writing manifest file 'turtle_bringup.egg-info/SOURCES.txt'
[0.612s] [100%] Built target ament_cmake_python_build_turtle_bringup_egg
[0.619s] Invoked command in '/home/farao/ros2_ws/build/turtle_bringup' returned '0': CMAKE_PREFIX_PATH=${CMAKE_PREFIX_PATH}:/home/farao/ros2_ws/install/launch_testing_examples:/home/farao/ros2_ws/install/examples_rclpy_pointcloud_publisher:/home/farao/ros2_ws/install/examples_rclpy_minimal_subscriber:/home/farao/ros2_ws/install/examples_rclpy_minimal_service:/home/farao/ros2_ws/install/examples_rclpy_minimal_publisher:/home/farao/ros2_ws/install/examples_rclpy_minimal_client:/home/farao/ros2_ws/install/examples_rclpy_minimal_action_server:/home/farao/ros2_ws/install/examples_rclpy_minimal_action_client:/home/farao/ros2_ws/install/examples_rclpy_guard_conditions:/home/farao/ros2_ws/install/examples_rclpy_executors:/opt/ros/humble /usr/bin/cmake --build /home/farao/ros2_ws/build/turtle_bringup -- -j20 -l20
[0.641s] Invoking command in '/home/farao/ros2_ws/build/turtle_bringup': CMAKE_PREFIX_PATH=${CMAKE_PREFIX_PATH}:/home/farao/ros2_ws/install/launch_testing_examples:/home/farao/ros2_ws/install/examples_rclpy_pointcloud_publisher:/home/farao/ros2_ws/install/examples_rclpy_minimal_subscriber:/home/farao/ros2_ws/install/examples_rclpy_minimal_service:/home/farao/ros2_ws/install/examples_rclpy_minimal_publisher:/home/farao/ros2_ws/install/examples_rclpy_minimal_client:/home/farao/ros2_ws/install/examples_rclpy_minimal_action_server:/home/farao/ros2_ws/install/examples_rclpy_minimal_action_client:/home/farao/ros2_ws/install/examples_rclpy_guard_conditions:/home/farao/ros2_ws/install/examples_rclpy_executors:/opt/ros/humble /usr/bin/cmake --install /home/farao/ros2_ws/build/turtle_bringup
[0.645s] -- Install configuration: ""
[0.645s] -- Up-to-date: /home/farao/ros2_ws/install/turtle_bringup/share/turtle_bringup/environment/pythonpath.sh
[0.646s] -- Installing: /home/farao/ros2_ws/install/turtle_bringup/share/turtle_bringup/environment/pythonpath.dsv
[0.646s] -- Up-to-date: /home/farao/ros2_ws/install/turtle_bringup/local/lib/python3.10/dist-packages/turtle_bringup-0.0.0-py3.10.egg-info
[0.646s] -- Installing: /home/farao/ros2_ws/install/turtle_bringup/local/lib/python3.10/dist-packages/turtle_bringup-0.0.0-py3.10.egg-info/dependency_links.txt
[0.646s] -- Installing: /home/farao/ros2_ws/install/turtle_bringup/local/lib/python3.10/dist-packages/turtle_bringup-0.0.0-py3.10.egg-info/PKG-INFO
[0.646s] -- Installing: /home/farao/ros2_ws/install/turtle_bringup/local/lib/python3.10/dist-packages/turtle_bringup-0.0.0-py3.10.egg-info/top_level.txt
[0.646s] -- Installing: /home/farao/ros2_ws/install/turtle_bringup/local/lib/python3.10/dist-packages/turtle_bringup-0.0.0-py3.10.egg-info/SOURCES.txt
[0.646s] -- Up-to-date: /home/farao/ros2_ws/install/turtle_bringup/local/lib/python3.10/dist-packages/turtle_bringup
[0.646s] -- Up-to-date: /home/farao/ros2_ws/install/turtle_bringup/local/lib/python3.10/dist-packages/turtle_bringup/__init__.py
[0.646s] -- Up-to-date: /home/farao/ros2_ws/install/turtle_bringup/local/lib/python3.10/dist-packages/turtle_bringup/dummy_module.py
[0.665s] Listing '/home/farao/ros2_ws/install/turtle_bringup/local/lib/python3.10/dist-packages/turtle_bringup'...
[0.668s] -- Installing: /home/farao/ros2_ws/install/turtle_bringup/lib/turtle_bringup/cpp_node_test
[0.668s] -- Set runtime path of "/home/farao/ros2_ws/install/turtle_bringup/lib/turtle_bringup/cpp_node_test" to ""
[0.668s] -- Up-to-date: /home/farao/ros2_ws/install/turtle_bringup/share/turtle_bringup
[0.668s] -- Installing: /home/farao/ros2_ws/install/turtle_bringup/share/ament_index/resource_index/package_run_dependencies/turtle_bringup
[0.668s] -- Installing: /home/farao/ros2_ws/install/turtle_bringup/share/ament_index/resource_index/parent_prefix_path/turtle_bringup
[0.668s] -- Installing: /home/farao/ros2_ws/install/turtle_bringup/share/turtle_bringup/environment/ament_prefix_path.sh
[0.668s] -- Installing: /home/farao/ros2_ws/install/turtle_bringup/share/turtle_bringup/environment/ament_prefix_path.dsv
[0.668s] -- Installing: /home/farao/ros2_ws/install/turtle_bringup/share/turtle_bringup/environment/path.sh
[0.668s] -- Installing: /home/farao/ros2_ws/install/turtle_bringup/share/turtle_bringup/environment/path.dsv
[0.668s] -- Installing: /home/farao/ros2_ws/install/turtle_bringup/share/turtle_bringup/local_setup.bash
[0.668s] -- Installing: /home/farao/ros2_ws/install/turtle_bringup/share/turtle_bringup/local_setup.sh
[0.668s] -- Installing: /home/farao/ros2_ws/install/turtle_bringup/share/turtle_bringup/local_setup.zsh
[0.668s] -- Installing: /home/farao/ros2_ws/install/turtle_bringup/share/turtle_bringup/local_setup.dsv
[0.668s] -- Installing: /home/farao/ros2_ws/install/turtle_bringup/share/turtle_bringup/package.dsv
[0.668s] -- Installing: /home/farao/ros2_ws/install/turtle_bringup/share/ament_index/resource_index/packages/turtle_bringup
[0.668s] -- Installing: /home/farao/ros2_ws/install/turtle_bringup/share/turtle_bringup/cmake/turtle_bringupConfig.cmake
[0.668s] -- Installing: /home/farao/ros2_ws/install/turtle_bringup/share/turtle_bringup/cmake/turtle_bringupConfig-version.cmake
[0.668s] -- Installing: /home/farao/ros2_ws/install/turtle_bringup/share/turtle_bringup/package.xml
[0.670s] Invoked command in '/home/farao/ros2_ws/build/turtle_bringup' returned '0': CMAKE_PREFIX_PATH=${CMAKE_PREFIX_PATH}:/home/farao/ros2_ws/install/launch_testing_examples:/home/farao/ros2_ws/install/examples_rclpy_pointcloud_publisher:/home/farao/ros2_ws/install/examples_rclpy_minimal_subscriber:/home/farao/ros2_ws/install/examples_rclpy_minimal_service:/home/farao/ros2_ws/install/examples_rclpy_minimal_publisher:/home/farao/ros2_ws/install/examples_rclpy_minimal_client:/home/farao/ros2_ws/install/examples_rclpy_minimal_action_server:/home/farao/ros2_ws/install/examples_rclpy_minimal_action_client:/home/farao/ros2_ws/install/examples_rclpy_guard_conditions:/home/farao/ros2_ws/install/examples_rclpy_executors:/opt/ros/humble /usr/bin/cmake --install /home/farao/ros2_ws/build/turtle_bringup
