[0.017s] Invoking command in '/home/farao/ros2_ws/build/lecture2': CMAKE_PREFIX_PATH=${CMAKE_PREFIX_PATH}:/opt/ros/humble /usr/bin/cmake --build /home/farao/ros2_ws/build/lecture2 -- -j20 -l20
[0.064s] -- Found ament_cmake: 1.3.9 (/opt/ros/humble/share/ament_cmake/cmake)
[0.184s] -- Found rclcpp: 16.0.9 (/opt/ros/humble/share/rclcpp/cmake)
[0.217s] -- Found rosidl_generator_c: 3.1.5 (/opt/ros/humble/share/rosidl_generator_c/cmake)
[0.220s] -- Found rosidl_adapter: 3.1.5 (/opt/ros/humble/share/rosidl_adapter/cmake)
[0.226s] -- Found rosidl_generator_cpp: 3.1.5 (/opt/ros/humble/share/rosidl_generator_cpp/cmake)
[0.237s] -- Using all available rosidl_typesupport_c: rosidl_typesupport_fastrtps_c;rosidl_typesupport_introspection_c
[0.250s] -- Using all available rosidl_typesupport_cpp: rosidl_typesupport_fastrtps_cpp;rosidl_typesupport_introspection_cpp
[0.299s] -- Found rmw_implementation_cmake: 6.1.2 (/opt/ros/humble/share/rmw_implementation_cmake/cmake)
[0.301s] -- Found rmw_fastrtps_cpp: 6.2.6 (/opt/ros/humble/share/rmw_fastrtps_cpp/cmake)
[0.387s] -- Using RMW implementation 'rmw_fastrtps_cpp' as default
[0.497s] -- Found rclpy: 3.3.13 (/opt/ros/humble/share/rclpy/cmake)
[0.584s] -- Configuring done
[0.592s] -- Generating done
[0.593s] -- Build files have been written to: /home/farao/ros2_ws/build/lecture2
[0.612s] [35m[1mConsolidate compiler generated dependencies of target cpp_node_test[0m
[0.621s] [100%] Built target cpp_node_test
[0.625s] [100%] Built target ament_cmake_python_copy_lecture2
[0.759s] running egg_info
[0.760s] writing lecture2.egg-info/PKG-INFO
[0.760s] writing dependency_links to lecture2.egg-info/dependency_links.txt
[0.760s] writing top-level names to lecture2.egg-info/top_level.txt
[0.761s] reading manifest file 'lecture2.egg-info/SOURCES.txt'
[0.762s] writing manifest file 'lecture2.egg-info/SOURCES.txt'
[0.780s] [100%] Built target ament_cmake_python_build_lecture2_egg
[0.787s] Invoked command in '/home/farao/ros2_ws/build/lecture2' returned '0': CMAKE_PREFIX_PATH=${CMAKE_PREFIX_PATH}:/opt/ros/humble /usr/bin/cmake --build /home/farao/ros2_ws/build/lecture2 -- -j20 -l20
[0.807s] Invoking command in '/home/farao/ros2_ws/build/lecture2': CMAKE_PREFIX_PATH=${CMAKE_PREFIX_PATH}:/opt/ros/humble /usr/bin/cmake --install /home/farao/ros2_ws/build/lecture2
[0.812s] -- Install configuration: ""
[0.812s] -- Up-to-date: /home/farao/ros2_ws/install/lecture2/share/lecture2/environment/pythonpath.sh
[0.812s] -- Installing: /home/farao/ros2_ws/install/lecture2/share/lecture2/environment/pythonpath.dsv
[0.812s] -- Up-to-date: /home/farao/ros2_ws/install/lecture2/local/lib/python3.10/dist-packages/lecture2-0.0.0-py3.10.egg-info
[0.812s] -- Installing: /home/farao/ros2_ws/install/lecture2/local/lib/python3.10/dist-packages/lecture2-0.0.0-py3.10.egg-info/dependency_links.txt
[0.812s] -- Installing: /home/farao/ros2_ws/install/lecture2/local/lib/python3.10/dist-packages/lecture2-0.0.0-py3.10.egg-info/PKG-INFO
[0.812s] -- Installing: /home/farao/ros2_ws/install/lecture2/local/lib/python3.10/dist-packages/lecture2-0.0.0-py3.10.egg-info/top_level.txt
[0.812s] -- Installing: /home/farao/ros2_ws/install/lecture2/local/lib/python3.10/dist-packages/lecture2-0.0.0-py3.10.egg-info/SOURCES.txt
[0.812s] -- Up-to-date: /home/farao/ros2_ws/install/lecture2/local/lib/python3.10/dist-packages/lecture2
[0.812s] -- Up-to-date: /home/farao/ros2_ws/install/lecture2/local/lib/python3.10/dist-packages/lecture2/__init__.py
[0.812s] -- Up-to-date: /home/farao/ros2_ws/install/lecture2/local/lib/python3.10/dist-packages/lecture2/dummy_module.py
[0.835s] Listing '/home/farao/ros2_ws/install/lecture2/local/lib/python3.10/dist-packages/lecture2'...
[0.837s] -- Installing: /home/farao/ros2_ws/install/lecture2/lib/lecture2/dummy_script.py
[0.838s] -- Up-to-date: /home/farao/ros2_ws/install/lecture2/lib/lecture2/cpp_node_test
[0.838s] -- Up-to-date: /home/farao/ros2_ws/install/lecture2/share/lecture2
[0.838s] -- Up-to-date: /home/farao/ros2_ws/install/lecture2/share/ament_index/resource_index/package_run_dependencies/lecture2
[0.838s] -- Installing: /home/farao/ros2_ws/install/lecture2/share/ament_index/resource_index/parent_prefix_path/lecture2
[0.838s] -- Up-to-date: /home/farao/ros2_ws/install/lecture2/share/lecture2/environment/ament_prefix_path.sh
[0.838s] -- Installing: /home/farao/ros2_ws/install/lecture2/share/lecture2/environment/ament_prefix_path.dsv
[0.838s] -- Up-to-date: /home/farao/ros2_ws/install/lecture2/share/lecture2/environment/path.sh
[0.838s] -- Installing: /home/farao/ros2_ws/install/lecture2/share/lecture2/environment/path.dsv
[0.838s] -- Up-to-date: /home/farao/ros2_ws/install/lecture2/share/lecture2/local_setup.bash
[0.838s] -- Up-to-date: /home/farao/ros2_ws/install/lecture2/share/lecture2/local_setup.sh
[0.838s] -- Up-to-date: /home/farao/ros2_ws/install/lecture2/share/lecture2/local_setup.zsh
[0.838s] -- Installing: /home/farao/ros2_ws/install/lecture2/share/lecture2/local_setup.dsv
[0.838s] -- Installing: /home/farao/ros2_ws/install/lecture2/share/lecture2/package.dsv
[0.838s] -- Up-to-date: /home/farao/ros2_ws/install/lecture2/share/ament_index/resource_index/packages/lecture2
[0.838s] -- Up-to-date: /home/farao/ros2_ws/install/lecture2/share/lecture2/cmake/lecture2Config.cmake
[0.838s] -- Up-to-date: /home/farao/ros2_ws/install/lecture2/share/lecture2/cmake/lecture2Config-version.cmake
[0.838s] -- Up-to-date: /home/farao/ros2_ws/install/lecture2/share/lecture2/package.xml
[0.840s] Invoked command in '/home/farao/ros2_ws/build/lecture2' returned '0': CMAKE_PREFIX_PATH=${CMAKE_PREFIX_PATH}:/opt/ros/humble /usr/bin/cmake --install /home/farao/ros2_ws/build/lecture2
