[0.014s] Invoking command in '/home/farao/ros2_ws/build/lab1_interface': CMAKE_PREFIX_PATH=${CMAKE_PREFIX_PATH}:/opt/ros/humble /usr/bin/cmake --build /home/farao/ros2_ws/build/lab1_interface -- -j20 -l20
[0.029s] -- Found ament_cmake: 1.3.9 (/opt/ros/humble/share/ament_cmake/cmake)
[0.116s] -- Found std_msgs: 4.2.4 (/opt/ros/humble/share/std_msgs/cmake)
[0.132s] -- Found rosidl_generator_c: 3.1.5 (/opt/ros/humble/share/rosidl_generator_c/cmake)
[0.133s] -- Found rosidl_adapter: 3.1.5 (/opt/ros/humble/share/rosidl_adapter/cmake)
[0.137s] -- Found rosidl_generator_cpp: 3.1.5 (/opt/ros/humble/share/rosidl_generator_cpp/cmake)
[0.143s] -- Using all available rosidl_typesupport_c: rosidl_typesupport_fastrtps_c;rosidl_typesupport_introspection_c
[0.153s] -- Using all available rosidl_typesupport_cpp: rosidl_typesupport_fastrtps_cpp;rosidl_typesupport_introspection_cpp
[0.185s] -- Found rosidl_default_generators: 1.2.0 (/opt/ros/humble/share/rosidl_default_generators/cmake)
[0.189s] -- Found ament_lint_auto: 0.12.11 (/opt/ros/humble/share/ament_lint_auto/cmake)
[0.375s] -- Found ament_cmake_ros: 0.10.0 (/opt/ros/humble/share/ament_cmake_ros/cmake)
[0.607s] -- Using all available rosidl_typesupport_c: rosidl_typesupport_fastrtps_c;rosidl_typesupport_introspection_c
[0.691s] -- Using all available rosidl_typesupport_cpp: rosidl_typesupport_fastrtps_cpp;rosidl_typesupport_introspection_cpp
[0.712s] -- Found python_cmake_module: 0.10.0 (/opt/ros/humble/share/python_cmake_module/cmake)
[0.728s] -- Using PYTHON_EXECUTABLE: /usr/bin/python3
[0.728s] -- Using PYTHON_INCLUDE_DIRS: /usr/include/python3.10
[0.728s] -- Using PYTHON_LIBRARIES: /usr/lib/x86_64-linux-gnu/libpython3.10.so
[0.746s] -- Added test 'lint_cmake' to check CMake code style
[0.746s] -- Added test 'xmllint' to check XML markup files
[0.748s] -- Configuring done
[0.763s] -- Generating done
[0.764s] -- Build files have been written to: /home/farao/ros2_ws/build/lab1_interface
[0.782s] [35m[1mConsolidate compiler generated dependencies of target lab1_interface__rosidl_generator_c[0m
[0.788s] [  9%] Built target lab1_interface__rosidl_generator_c
[0.789s] [ 12%] Built target lab1_interface__cpp
[0.796s] [ 12%] Built target ament_cmake_python_copy_lab1_interface
[0.799s] [35m[1mConsolidate compiler generated dependencies of target lab1_interface__rosidl_typesupport_introspection_cpp[0m
[0.799s] [35m[1mConsolidate compiler generated dependencies of target lab1_interface__rosidl_typesupport_fastrtps_cpp[0m
[0.799s] [35m[1mConsolidate compiler generated dependencies of target lab1_interface__rosidl_typesupport_c[0m
[0.799s] [35m[1mConsolidate compiler generated dependencies of target lab1_interface__rosidl_typesupport_introspection_c[0m
[0.800s] [35m[1mConsolidate compiler generated dependencies of target lab1_interface__rosidl_typesupport_fastrtps_c[0m
[0.801s] [35m[1mConsolidate compiler generated dependencies of target lab1_interface__rosidl_typesupport_cpp[0m
[0.807s] [ 32%] Built target lab1_interface__rosidl_typesupport_introspection_cpp
[0.808s] [ 32%] Built target lab1_interface__rosidl_typesupport_introspection_c
[0.809s] [ 41%] Built target lab1_interface__rosidl_typesupport_fastrtps_cpp
[0.809s] [ 51%] Built target lab1_interface__rosidl_typesupport_c
[0.811s] [ 61%] Built target lab1_interface__rosidl_typesupport_fastrtps_c
[0.811s] [ 70%] Built target lab1_interface__rosidl_typesupport_cpp
[0.827s] [ 70%] Built target lab1_interface
[0.842s] [ 74%] Built target lab1_interface__py
[0.849s] [35m[1mConsolidate compiler generated dependencies of target lab1_interface__rosidl_generator_py[0m
[0.858s] [ 80%] Built target lab1_interface__rosidl_generator_py
[0.864s] [35m[1mConsolidate compiler generated dependencies of target lab1_interface__rosidl_typesupport_fastrtps_c__pyext[0m
[0.866s] [35m[1mConsolidate compiler generated dependencies of target lab1_interface__rosidl_typesupport_c__pyext[0m
[0.866s] [35m[1mConsolidate compiler generated dependencies of target lab1_interface__rosidl_typesupport_introspection_c__pyext[0m
[0.874s] [ 87%] Built target lab1_interface__rosidl_typesupport_fastrtps_c__pyext
[0.874s] [ 93%] Built target lab1_interface__rosidl_typesupport_c__pyext
[0.875s] [100%] Built target lab1_interface__rosidl_typesupport_introspection_c__pyext
[0.924s] running egg_info
[0.924s] writing lab1_interface.egg-info/PKG-INFO
[0.924s] writing dependency_links to lab1_interface.egg-info/dependency_links.txt
[0.924s] writing top-level names to lab1_interface.egg-info/top_level.txt
[0.925s] reading manifest file 'lab1_interface.egg-info/SOURCES.txt'
[0.925s] writing manifest file 'lab1_interface.egg-info/SOURCES.txt'
[0.942s] [100%] Built target ament_cmake_python_build_lab1_interface_egg
[0.949s] Invoked command in '/home/farao/ros2_ws/build/lab1_interface' returned '0': CMAKE_PREFIX_PATH=${CMAKE_PREFIX_PATH}:/opt/ros/humble /usr/bin/cmake --build /home/farao/ros2_ws/build/lab1_interface -- -j20 -l20
[0.995s] Invoking command in '/home/farao/ros2_ws/build/lab1_interface': CMAKE_PREFIX_PATH=${CMAKE_PREFIX_PATH}:/opt/ros/humble /usr/bin/cmake --install /home/farao/ros2_ws/build/lab1_interface
[1.000s] -- Install configuration: ""
[1.000s] -- Up-to-date: /home/farao/ros2_ws/install/lab1_interface/share/ament_index/resource_index/rosidl_interfaces/lab1_interface
[1.000s] -- Up-to-date: /home/farao/ros2_ws/install/lab1_interface/include/lab1_interface/lab1_interface
[1.000s] -- Up-to-date: /home/farao/ros2_ws/install/lab1_interface/include/lab1_interface/lab1_interface/srv
[1.000s] -- Up-to-date: /home/farao/ros2_ws/install/lab1_interface/include/lab1_interface/lab1_interface/srv/set_noise.h
[1.000s] -- Up-to-date: /home/farao/ros2_ws/install/lab1_interface/include/lab1_interface/lab1_interface/srv/detail
[1.000s] -- Up-to-date: /home/farao/ros2_ws/install/lab1_interface/include/lab1_interface/lab1_interface/srv/detail/set_noise__type_support.h
[1.000s] -- Up-to-date: /home/farao/ros2_ws/install/lab1_interface/include/lab1_interface/lab1_interface/srv/detail/set_noise__functions.h
[1.000s] -- Up-to-date: /home/farao/ros2_ws/install/lab1_interface/include/lab1_interface/lab1_interface/srv/detail/set_noise__functions.c
[1.000s] -- Up-to-date: /home/farao/ros2_ws/install/lab1_interface/include/lab1_interface/lab1_interface/srv/detail/set_noise__struct.h
[1.000s] -- Up-to-date: /home/farao/ros2_ws/install/lab1_interface/include/lab1_interface/lab1_interface/msg
[1.000s] -- Up-to-date: /home/farao/ros2_ws/install/lab1_interface/include/lab1_interface/lab1_interface/msg/rosidl_generator_c__visibility_control.h
[1.001s] -- Up-to-date: /home/farao/ros2_ws/install/lab1_interface/share/lab1_interface/environment/library_path.sh
[1.001s] -- Installing: /home/farao/ros2_ws/install/lab1_interface/share/lab1_interface/environment/library_path.dsv
[1.001s] -- Up-to-date: /home/farao/ros2_ws/install/lab1_interface/lib/liblab1_interface__rosidl_generator_c.so
[1.001s] -- Up-to-date: /home/farao/ros2_ws/install/lab1_interface/include/lab1_interface/lab1_interface
[1.001s] -- Up-to-date: /home/farao/ros2_ws/install/lab1_interface/include/lab1_interface/lab1_interface/srv
[1.001s] -- Up-to-date: /home/farao/ros2_ws/install/lab1_interface/include/lab1_interface/lab1_interface/srv/detail
[1.001s] -- Up-to-date: /home/farao/ros2_ws/install/lab1_interface/include/lab1_interface/lab1_interface/srv/detail/set_noise__rosidl_typesupport_fastrtps_c.h
[1.001s] -- Up-to-date: /home/farao/ros2_ws/install/lab1_interface/include/lab1_interface/lab1_interface/msg
[1.001s] -- Up-to-date: /home/farao/ros2_ws/install/lab1_interface/include/lab1_interface/lab1_interface/msg/rosidl_typesupport_fastrtps_c__visibility_control.h
[1.001s] -- Up-to-date: /home/farao/ros2_ws/install/lab1_interface/lib/liblab1_interface__rosidl_typesupport_fastrtps_c.so
[1.001s] -- Up-to-date: /home/farao/ros2_ws/install/lab1_interface/include/lab1_interface/lab1_interface
[1.001s] -- Up-to-date: /home/farao/ros2_ws/install/lab1_interface/include/lab1_interface/lab1_interface/srv
[1.001s] -- Up-to-date: /home/farao/ros2_ws/install/lab1_interface/include/lab1_interface/lab1_interface/srv/set_noise.hpp
[1.001s] -- Up-to-date: /home/farao/ros2_ws/install/lab1_interface/include/lab1_interface/lab1_interface/srv/detail
[1.001s] -- Up-to-date: /home/farao/ros2_ws/install/lab1_interface/include/lab1_interface/lab1_interface/srv/detail/set_noise__traits.hpp
[1.001s] -- Up-to-date: /home/farao/ros2_ws/install/lab1_interface/include/lab1_interface/lab1_interface/srv/detail/set_noise__struct.hpp
[1.001s] -- Up-to-date: /home/farao/ros2_ws/install/lab1_interface/include/lab1_interface/lab1_interface/srv/detail/set_noise__builder.hpp
[1.001s] -- Up-to-date: /home/farao/ros2_ws/install/lab1_interface/include/lab1_interface/lab1_interface
[1.001s] -- Up-to-date: /home/farao/ros2_ws/install/lab1_interface/include/lab1_interface/lab1_interface/srv
[1.001s] -- Up-to-date: /home/farao/ros2_ws/install/lab1_interface/include/lab1_interface/lab1_interface/srv/detail
[1.001s] -- Up-to-date: /home/farao/ros2_ws/install/lab1_interface/include/lab1_interface/lab1_interface/srv/detail/dds_fastrtps
[1.001s] -- Up-to-date: /home/farao/ros2_ws/install/lab1_interface/include/lab1_interface/lab1_interface/srv/detail/set_noise__rosidl_typesupport_fastrtps_cpp.hpp
[1.001s] -- Up-to-date: /home/farao/ros2_ws/install/lab1_interface/include/lab1_interface/lab1_interface/msg
[1.001s] -- Up-to-date: /home/farao/ros2_ws/install/lab1_interface/include/lab1_interface/lab1_interface/msg/rosidl_typesupport_fastrtps_cpp__visibility_control.h
[1.001s] -- Up-to-date: /home/farao/ros2_ws/install/lab1_interface/lib/liblab1_interface__rosidl_typesupport_fastrtps_cpp.so
[1.001s] -- Up-to-date: /home/farao/ros2_ws/install/lab1_interface/include/lab1_interface/lab1_interface
[1.001s] -- Up-to-date: /home/farao/ros2_ws/install/lab1_interface/include/lab1_interface/lab1_interface/srv
[1.001s] -- Up-to-date: /home/farao/ros2_ws/install/lab1_interface/include/lab1_interface/lab1_interface/srv/detail
[1.001s] -- Up-to-date: /home/farao/ros2_ws/install/lab1_interface/include/lab1_interface/lab1_interface/srv/detail/set_noise__rosidl_typesupport_introspection_c.h
[1.001s] -- Up-to-date: /home/farao/ros2_ws/install/lab1_interface/include/lab1_interface/lab1_interface/srv/detail/set_noise__type_support.c
[1.001s] -- Up-to-date: /home/farao/ros2_ws/install/lab1_interface/include/lab1_interface/lab1_interface/msg
[1.001s] -- Up-to-date: /home/farao/ros2_ws/install/lab1_interface/include/lab1_interface/lab1_interface/msg/rosidl_typesupport_introspection_c__visibility_control.h
[1.001s] -- Up-to-date: /home/farao/ros2_ws/install/lab1_interface/lib/liblab1_interface__rosidl_typesupport_introspection_c.so
[1.001s] -- Up-to-date: /home/farao/ros2_ws/install/lab1_interface/lib/liblab1_interface__rosidl_typesupport_c.so
[1.001s] -- Up-to-date: /home/farao/ros2_ws/install/lab1_interface/include/lab1_interface/lab1_interface
[1.001s] -- Up-to-date: /home/farao/ros2_ws/install/lab1_interface/include/lab1_interface/lab1_interface/srv
[1.001s] -- Up-to-date: /home/farao/ros2_ws/install/lab1_interface/include/lab1_interface/lab1_interface/srv/detail
[1.002s] -- Up-to-date: /home/farao/ros2_ws/install/lab1_interface/include/lab1_interface/lab1_interface/srv/detail/set_noise__type_support.cpp
[1.002s] -- Up-to-date: /home/farao/ros2_ws/install/lab1_interface/include/lab1_interface/lab1_interface/srv/detail/set_noise__rosidl_typesupport_introspection_cpp.hpp
[1.002s] -- Up-to-date: /home/farao/ros2_ws/install/lab1_interface/lib/liblab1_interface__rosidl_typesupport_introspection_cpp.so
[1.002s] -- Up-to-date: /home/farao/ros2_ws/install/lab1_interface/lib/liblab1_interface__rosidl_typesupport_cpp.so
[1.002s] -- Up-to-date: /home/farao/ros2_ws/install/lab1_interface/share/lab1_interface/environment/pythonpath.sh
[1.002s] -- Installing: /home/farao/ros2_ws/install/lab1_interface/share/lab1_interface/environment/pythonpath.dsv
[1.002s] -- Up-to-date: /home/farao/ros2_ws/install/lab1_interface/local/lib/python3.10/dist-packages/lab1_interface-0.0.0-py3.10.egg-info
[1.002s] -- Installing: /home/farao/ros2_ws/install/lab1_interface/local/lib/python3.10/dist-packages/lab1_interface-0.0.0-py3.10.egg-info/dependency_links.txt
[1.002s] -- Installing: /home/farao/ros2_ws/install/lab1_interface/local/lib/python3.10/dist-packages/lab1_interface-0.0.0-py3.10.egg-info/PKG-INFO
[1.002s] -- Installing: /home/farao/ros2_ws/install/lab1_interface/local/lib/python3.10/dist-packages/lab1_interface-0.0.0-py3.10.egg-info/top_level.txt
[1.002s] -- Installing: /home/farao/ros2_ws/install/lab1_interface/local/lib/python3.10/dist-packages/lab1_interface-0.0.0-py3.10.egg-info/SOURCES.txt
[1.002s] -- Up-to-date: /home/farao/ros2_ws/install/lab1_interface/local/lib/python3.10/dist-packages/lab1_interface
[1.002s] -- Up-to-date: /home/farao/ros2_ws/install/lab1_interface/local/lib/python3.10/dist-packages/lab1_interface/_lab1_interface_s.ep.rosidl_typesupport_introspection_c.c
[1.002s] -- Up-to-date: /home/farao/ros2_ws/install/lab1_interface/local/lib/python3.10/dist-packages/lab1_interface/lab1_interface_s__rosidl_typesupport_fastrtps_c.cpython-310-x86_64-linux-gnu.so
[1.002s] -- Up-to-date: /home/farao/ros2_ws/install/lab1_interface/local/lib/python3.10/dist-packages/lab1_interface/lab1_interface_s__rosidl_typesupport_c.cpython-310-x86_64-linux-gnu.so
[1.002s] -- Up-to-date: /home/farao/ros2_ws/install/lab1_interface/local/lib/python3.10/dist-packages/lab1_interface/_lab1_interface_s.ep.rosidl_typesupport_c.c
[1.002s] -- Installing: /home/farao/ros2_ws/install/lab1_interface/local/lib/python3.10/dist-packages/lab1_interface/__init__.py
[1.002s] -- Up-to-date: /home/farao/ros2_ws/install/lab1_interface/local/lib/python3.10/dist-packages/lab1_interface/srv
[1.002s] -- Up-to-date: /home/farao/ros2_ws/install/lab1_interface/local/lib/python3.10/dist-packages/lab1_interface/srv/__init__.py
[1.002s] -- Up-to-date: /home/farao/ros2_ws/install/lab1_interface/local/lib/python3.10/dist-packages/lab1_interface/srv/_set_noise_s.c
[1.002s] -- Up-to-date: /home/farao/ros2_ws/install/lab1_interface/local/lib/python3.10/dist-packages/lab1_interface/srv/_set_noise.py
[1.002s] -- Up-to-date: /home/farao/ros2_ws/install/lab1_interface/local/lib/python3.10/dist-packages/lab1_interface/_lab1_interface_s.ep.rosidl_typesupport_fastrtps_c.c
[1.002s] -- Up-to-date: /home/farao/ros2_ws/install/lab1_interface/local/lib/python3.10/dist-packages/lab1_interface/liblab1_interface__rosidl_generator_py.so
[1.002s] -- Up-to-date: /home/farao/ros2_ws/install/lab1_interface/local/lib/python3.10/dist-packages/lab1_interface/lab1_interface_s__rosidl_typesupport_introspection_c.cpython-310-x86_64-linux-gnu.so
[1.025s] Listing '/home/farao/ros2_ws/install/lab1_interface/local/lib/python3.10/dist-packages/lab1_interface'...
[1.025s] Compiling '/home/farao/ros2_ws/install/lab1_interface/local/lib/python3.10/dist-packages/lab1_interface/__init__.py'...
[1.025s] Listing '/home/farao/ros2_ws/install/lab1_interface/local/lib/python3.10/dist-packages/lab1_interface/srv'...
[1.028s] -- Up-to-date: /home/farao/ros2_ws/install/lab1_interface/local/lib/python3.10/dist-packages/lab1_interface/lab1_interface_s__rosidl_typesupport_fastrtps_c.cpython-310-x86_64-linux-gnu.so
[1.028s] -- Up-to-date: /home/farao/ros2_ws/install/lab1_interface/local/lib/python3.10/dist-packages/lab1_interface/lab1_interface_s__rosidl_typesupport_introspection_c.cpython-310-x86_64-linux-gnu.so
[1.028s] -- Up-to-date: /home/farao/ros2_ws/install/lab1_interface/local/lib/python3.10/dist-packages/lab1_interface/lab1_interface_s__rosidl_typesupport_c.cpython-310-x86_64-linux-gnu.so
[1.028s] -- Up-to-date: /home/farao/ros2_ws/install/lab1_interface/lib/liblab1_interface__rosidl_generator_py.so
[1.028s] -- Up-to-date: /home/farao/ros2_ws/install/lab1_interface/share/lab1_interface/srv/SetNoise.idl
[1.028s] -- Up-to-date: /home/farao/ros2_ws/install/lab1_interface/share/lab1_interface/srv/SetNoise.srv
[1.028s] -- Up-to-date: /home/farao/ros2_ws/install/lab1_interface/share/lab1_interface/srv/SetNoise_Request.msg
[1.028s] -- Up-to-date: /home/farao/ros2_ws/install/lab1_interface/share/lab1_interface/srv/SetNoise_Response.msg
[1.028s] -- Up-to-date: /home/farao/ros2_ws/install/lab1_interface/share/ament_index/resource_index/package_run_dependencies/lab1_interface
[1.028s] -- Up-to-date: /home/farao/ros2_ws/install/lab1_interface/share/ament_index/resource_index/parent_prefix_path/lab1_interface
[1.028s] -- Up-to-date: /home/farao/ros2_ws/install/lab1_interface/share/lab1_interface/environment/ament_prefix_path.sh
[1.028s] -- Installing: /home/farao/ros2_ws/install/lab1_interface/share/lab1_interface/environment/ament_prefix_path.dsv
[1.028s] -- Up-to-date: /home/farao/ros2_ws/install/lab1_interface/share/lab1_interface/environment/path.sh
[1.028s] -- Installing: /home/farao/ros2_ws/install/lab1_interface/share/lab1_interface/environment/path.dsv
[1.028s] -- Up-to-date: /home/farao/ros2_ws/install/lab1_interface/share/lab1_interface/local_setup.bash
[1.028s] -- Up-to-date: /home/farao/ros2_ws/install/lab1_interface/share/lab1_interface/local_setup.sh
[1.028s] -- Up-to-date: /home/farao/ros2_ws/install/lab1_interface/share/lab1_interface/local_setup.zsh
[1.028s] -- Installing: /home/farao/ros2_ws/install/lab1_interface/share/lab1_interface/local_setup.dsv
[1.028s] -- Installing: /home/farao/ros2_ws/install/lab1_interface/share/lab1_interface/package.dsv
[1.028s] -- Up-to-date: /home/farao/ros2_ws/install/lab1_interface/share/ament_index/resource_index/packages/lab1_interface
[1.028s] -- Up-to-date: /home/farao/ros2_ws/install/lab1_interface/share/lab1_interface/cmake/export_lab1_interface__rosidl_generator_cExport.cmake
[1.029s] -- Up-to-date: /home/farao/ros2_ws/install/lab1_interface/share/lab1_interface/cmake/export_lab1_interface__rosidl_generator_cExport-noconfig.cmake
[1.029s] -- Up-to-date: /home/farao/ros2_ws/install/lab1_interface/share/lab1_interface/cmake/export_lab1_interface__rosidl_typesupport_fastrtps_cExport.cmake
[1.029s] -- Up-to-date: /home/farao/ros2_ws/install/lab1_interface/share/lab1_interface/cmake/export_lab1_interface__rosidl_typesupport_fastrtps_cExport-noconfig.cmake
[1.029s] -- Up-to-date: /home/farao/ros2_ws/install/lab1_interface/share/lab1_interface/cmake/export_lab1_interface__rosidl_generator_cppExport.cmake
[1.029s] -- Up-to-date: /home/farao/ros2_ws/install/lab1_interface/share/lab1_interface/cmake/export_lab1_interface__rosidl_typesupport_fastrtps_cppExport.cmake
[1.029s] -- Up-to-date: /home/farao/ros2_ws/install/lab1_interface/share/lab1_interface/cmake/export_lab1_interface__rosidl_typesupport_fastrtps_cppExport-noconfig.cmake
[1.029s] -- Up-to-date: /home/farao/ros2_ws/install/lab1_interface/share/lab1_interface/cmake/lab1_interface__rosidl_typesupport_introspection_cExport.cmake
[1.029s] -- Up-to-date: /home/farao/ros2_ws/install/lab1_interface/share/lab1_interface/cmake/lab1_interface__rosidl_typesupport_introspection_cExport-noconfig.cmake
[1.029s] -- Up-to-date: /home/farao/ros2_ws/install/lab1_interface/share/lab1_interface/cmake/lab1_interface__rosidl_typesupport_cExport.cmake
[1.029s] -- Up-to-date: /home/farao/ros2_ws/install/lab1_interface/share/lab1_interface/cmake/lab1_interface__rosidl_typesupport_cExport-noconfig.cmake
[1.029s] -- Up-to-date: /home/farao/ros2_ws/install/lab1_interface/share/lab1_interface/cmake/lab1_interface__rosidl_typesupport_introspection_cppExport.cmake
[1.029s] -- Up-to-date: /home/farao/ros2_ws/install/lab1_interface/share/lab1_interface/cmake/lab1_interface__rosidl_typesupport_introspection_cppExport-noconfig.cmake
[1.029s] -- Up-to-date: /home/farao/ros2_ws/install/lab1_interface/share/lab1_interface/cmake/lab1_interface__rosidl_typesupport_cppExport.cmake
[1.029s] -- Up-to-date: /home/farao/ros2_ws/install/lab1_interface/share/lab1_interface/cmake/lab1_interface__rosidl_typesupport_cppExport-noconfig.cmake
[1.029s] -- Up-to-date: /home/farao/ros2_ws/install/lab1_interface/share/lab1_interface/cmake/export_lab1_interface__rosidl_generator_pyExport.cmake
[1.029s] -- Up-to-date: /home/farao/ros2_ws/install/lab1_interface/share/lab1_interface/cmake/export_lab1_interface__rosidl_generator_pyExport-noconfig.cmake
[1.029s] -- Up-to-date: /home/farao/ros2_ws/install/lab1_interface/share/lab1_interface/cmake/rosidl_cmake-extras.cmake
[1.029s] -- Up-to-date: /home/farao/ros2_ws/install/lab1_interface/share/lab1_interface/cmake/ament_cmake_export_dependencies-extras.cmake
[1.029s] -- Up-to-date: /home/farao/ros2_ws/install/lab1_interface/share/lab1_interface/cmake/ament_cmake_export_include_directories-extras.cmake
[1.029s] -- Up-to-date: /home/farao/ros2_ws/install/lab1_interface/share/lab1_interface/cmake/ament_cmake_export_libraries-extras.cmake
[1.029s] -- Up-to-date: /home/farao/ros2_ws/install/lab1_interface/share/lab1_interface/cmake/ament_cmake_export_targets-extras.cmake
[1.029s] -- Up-to-date: /home/farao/ros2_ws/install/lab1_interface/share/lab1_interface/cmake/rosidl_cmake_export_typesupport_targets-extras.cmake
[1.029s] -- Up-to-date: /home/farao/ros2_ws/install/lab1_interface/share/lab1_interface/cmake/rosidl_cmake_export_typesupport_libraries-extras.cmake
[1.029s] -- Up-to-date: /home/farao/ros2_ws/install/lab1_interface/share/lab1_interface/cmake/lab1_interfaceConfig.cmake
[1.029s] -- Up-to-date: /home/farao/ros2_ws/install/lab1_interface/share/lab1_interface/cmake/lab1_interfaceConfig-version.cmake
[1.029s] -- Up-to-date: /home/farao/ros2_ws/install/lab1_interface/share/lab1_interface/package.xml
[1.030s] Invoked command in '/home/farao/ros2_ws/build/lab1_interface' returned '0': CMAKE_PREFIX_PATH=${CMAKE_PREFIX_PATH}:/opt/ros/humble /usr/bin/cmake --install /home/farao/ros2_ws/build/lab1_interface
