[0.011s] Invoking command in '/home/farao/ros2_ws/build/lecture2': CMAKE_PREFIX_PATH=${CMAKE_PREFIX_PATH}:/home/farao/ros2_ws/install/launch_testing_examples:/home/farao/ros2_ws/install/examples_rclpy_pointcloud_publisher:/home/farao/ros2_ws/install/examples_rclpy_minimal_subscriber:/home/farao/ros2_ws/install/examples_rclpy_minimal_service:/home/farao/ros2_ws/install/examples_rclpy_minimal_publisher:/home/farao/ros2_ws/install/examples_rclpy_minimal_client:/home/farao/ros2_ws/install/examples_rclpy_minimal_action_server:/home/farao/ros2_ws/install/examples_rclpy_minimal_action_client:/home/farao/ros2_ws/install/examples_rclpy_guard_conditions:/home/farao/ros2_ws/install/examples_rclpy_executors:/opt/ros/humble /usr/bin/cmake --build /home/farao/ros2_ws/build/lecture2 -- -j20 -l20
[0.040s] [35m[1mConsolidate compiler generated dependencies of target cpp_node_test[0m
[0.049s] [100%] Built target cpp_node_test
[0.053s] [100%] Built target ament_cmake_python_copy_lecture2
[0.190s] running egg_info
[0.190s] writing lecture2.egg-info/PKG-INFO
[0.190s] writing dependency_links to lecture2.egg-info/dependency_links.txt
[0.190s] writing top-level names to lecture2.egg-info/top_level.txt
[0.191s] reading manifest file 'lecture2.egg-info/SOURCES.txt'
[0.192s] writing manifest file 'lecture2.egg-info/SOURCES.txt'
[0.210s] [100%] Built target ament_cmake_python_build_lecture2_egg
[0.220s] Invoked command in '/home/farao/ros2_ws/build/lecture2' returned '0': CMAKE_PREFIX_PATH=${CMAKE_PREFIX_PATH}:/home/farao/ros2_ws/install/launch_testing_examples:/home/farao/ros2_ws/install/examples_rclpy_pointcloud_publisher:/home/farao/ros2_ws/install/examples_rclpy_minimal_subscriber:/home/farao/ros2_ws/install/examples_rclpy_minimal_service:/home/farao/ros2_ws/install/examples_rclpy_minimal_publisher:/home/farao/ros2_ws/install/examples_rclpy_minimal_client:/home/farao/ros2_ws/install/examples_rclpy_minimal_action_server:/home/farao/ros2_ws/install/examples_rclpy_minimal_action_client:/home/farao/ros2_ws/install/examples_rclpy_guard_conditions:/home/farao/ros2_ws/install/examples_rclpy_executors:/opt/ros/humble /usr/bin/cmake --build /home/farao/ros2_ws/build/lecture2 -- -j20 -l20
[0.244s] Invoking command in '/home/farao/ros2_ws/build/lecture2': CMAKE_PREFIX_PATH=${CMAKE_PREFIX_PATH}:/home/farao/ros2_ws/install/launch_testing_examples:/home/farao/ros2_ws/install/examples_rclpy_pointcloud_publisher:/home/farao/ros2_ws/install/examples_rclpy_minimal_subscriber:/home/farao/ros2_ws/install/examples_rclpy_minimal_service:/home/farao/ros2_ws/install/examples_rclpy_minimal_publisher:/home/farao/ros2_ws/install/examples_rclpy_minimal_client:/home/farao/ros2_ws/install/examples_rclpy_minimal_action_server:/home/farao/ros2_ws/install/examples_rclpy_minimal_action_client:/home/farao/ros2_ws/install/examples_rclpy_guard_conditions:/home/farao/ros2_ws/install/examples_rclpy_executors:/opt/ros/humble /usr/bin/cmake --install /home/farao/ros2_ws/build/lecture2
[0.250s] -- Install configuration: ""
[0.250s] -- Up-to-date: /home/farao/ros2_ws/install/lecture2/share/lecture2/environment/pythonpath.sh
[0.250s] -- Up-to-date: /home/farao/ros2_ws/install/lecture2/share/lecture2/environment/pythonpath.dsv
[0.250s] -- Up-to-date: /home/farao/ros2_ws/install/lecture2/local/lib/python3.10/dist-packages/lecture2-0.0.0-py3.10.egg-info
[0.250s] -- Installing: /home/farao/ros2_ws/install/lecture2/local/lib/python3.10/dist-packages/lecture2-0.0.0-py3.10.egg-info/dependency_links.txt
[0.250s] -- Installing: /home/farao/ros2_ws/install/lecture2/local/lib/python3.10/dist-packages/lecture2-0.0.0-py3.10.egg-info/PKG-INFO
[0.250s] -- Installing: /home/farao/ros2_ws/install/lecture2/local/lib/python3.10/dist-packages/lecture2-0.0.0-py3.10.egg-info/top_level.txt
[0.250s] -- Installing: /home/farao/ros2_ws/install/lecture2/local/lib/python3.10/dist-packages/lecture2-0.0.0-py3.10.egg-info/SOURCES.txt
[0.251s] -- Up-to-date: /home/farao/ros2_ws/install/lecture2/local/lib/python3.10/dist-packages/lecture2
[0.251s] -- Up-to-date: /home/farao/ros2_ws/install/lecture2/local/lib/python3.10/dist-packages/lecture2/__init__.py
[0.251s] -- Up-to-date: /home/farao/ros2_ws/install/lecture2/local/lib/python3.10/dist-packages/lecture2/dummy_module.py
[0.270s] Listing '/home/farao/ros2_ws/install/lecture2/local/lib/python3.10/dist-packages/lecture2'...
[0.273s] -- Up-to-date: /home/farao/ros2_ws/install/lecture2/lib/lecture2/dummie.py
[0.273s] -- Up-to-date: /home/farao/ros2_ws/install/lecture2/lib/lecture2/dummy_script.py
[0.273s] -- Up-to-date: /home/farao/ros2_ws/install/lecture2/lib/lecture2/cpp_node_test
[0.273s] -- Up-to-date: /home/farao/ros2_ws/install/lecture2/share/lecture2
[0.273s] -- Up-to-date: /home/farao/ros2_ws/install/lecture2/share/ament_index/resource_index/package_run_dependencies/lecture2
[0.273s] -- Up-to-date: /home/farao/ros2_ws/install/lecture2/share/ament_index/resource_index/parent_prefix_path/lecture2
[0.273s] -- Up-to-date: /home/farao/ros2_ws/install/lecture2/share/lecture2/environment/ament_prefix_path.sh
[0.273s] -- Up-to-date: /home/farao/ros2_ws/install/lecture2/share/lecture2/environment/ament_prefix_path.dsv
[0.273s] -- Up-to-date: /home/farao/ros2_ws/install/lecture2/share/lecture2/environment/path.sh
[0.273s] -- Up-to-date: /home/farao/ros2_ws/install/lecture2/share/lecture2/environment/path.dsv
[0.273s] -- Up-to-date: /home/farao/ros2_ws/install/lecture2/share/lecture2/local_setup.bash
[0.273s] -- Up-to-date: /home/farao/ros2_ws/install/lecture2/share/lecture2/local_setup.sh
[0.273s] -- Up-to-date: /home/farao/ros2_ws/install/lecture2/share/lecture2/local_setup.zsh
[0.273s] -- Up-to-date: /home/farao/ros2_ws/install/lecture2/share/lecture2/local_setup.dsv
[0.273s] -- Up-to-date: /home/farao/ros2_ws/install/lecture2/share/lecture2/package.dsv
[0.273s] -- Up-to-date: /home/farao/ros2_ws/install/lecture2/share/ament_index/resource_index/packages/lecture2
[0.273s] -- Up-to-date: /home/farao/ros2_ws/install/lecture2/share/lecture2/cmake/lecture2Config.cmake
[0.273s] -- Up-to-date: /home/farao/ros2_ws/install/lecture2/share/lecture2/cmake/lecture2Config-version.cmake
[0.273s] -- Up-to-date: /home/farao/ros2_ws/install/lecture2/share/lecture2/package.xml
[0.274s] Invoked command in '/home/farao/ros2_ws/build/lecture2' returned '0': CMAKE_PREFIX_PATH=${CMAKE_PREFIX_PATH}:/home/farao/ros2_ws/install/launch_testing_examples:/home/farao/ros2_ws/install/examples_rclpy_pointcloud_publisher:/home/farao/ros2_ws/install/examples_rclpy_minimal_subscriber:/home/farao/ros2_ws/install/examples_rclpy_minimal_service:/home/farao/ros2_ws/install/examples_rclpy_minimal_publisher:/home/farao/ros2_ws/install/examples_rclpy_minimal_client:/home/farao/ros2_ws/install/examples_rclpy_minimal_action_server:/home/farao/ros2_ws/install/examples_rclpy_minimal_action_client:/home/farao/ros2_ws/install/examples_rclpy_guard_conditions:/home/farao/ros2_ws/install/examples_rclpy_executors:/opt/ros/humble /usr/bin/cmake --install /home/farao/ros2_ws/build/lecture2
