[0.015s] Invoking command in '/home/farao/ros2_ws/src/build/lab1_interface': CMAKE_PREFIX_PATH=${CMAKE_PREFIX_PATH}:/opt/ros/humble /usr/bin/cmake /home/farao/ros2_ws/src/lab1_interface -DCMAKE_INSTALL_PREFIX=/home/farao/ros2_ws/src/install/lab1_interface
[0.060s] -- The C compiler identification is GNU 11.4.0
[0.101s] -- The CXX compiler identification is GNU 11.4.0
[0.107s] -- Detecting C compiler ABI info
[0.161s] -- Detecting C compiler ABI info - done
[0.167s] -- Check for working C compiler: /usr/bin/cc - skipped
[0.167s] -- Detecting C compile features
[0.168s] -- Detecting C compile features - done
[0.169s] -- Detecting CXX compiler ABI info
[0.223s] -- Detecting CXX compiler ABI info - done
[0.227s] -- Check for working CXX compiler: /usr/bin/c++ - skipped
[0.228s] -- Detecting CXX compile features
[0.228s] -- Detecting CXX compile features - done
[0.230s] -- Found ament_cmake: 1.3.9 (/opt/ros/humble/share/ament_cmake/cmake)
[0.335s] -- Found Python3: /usr/bin/python3 (found version "3.10.12") found components: Interpreter 
[0.407s] -- Found std_msgs: 4.2.4 (/opt/ros/humble/share/std_msgs/cmake)
[0.444s] -- Found rosidl_generator_c: 3.1.5 (/opt/ros/humble/share/rosidl_generator_c/cmake)
[0.450s] -- Found rosidl_adapter: 3.1.5 (/opt/ros/humble/share/rosidl_adapter/cmake)
[0.460s] -- Found rosidl_generator_cpp: 3.1.5 (/opt/ros/humble/share/rosidl_generator_cpp/cmake)
[0.475s] -- Using all available rosidl_typesupport_c: rosidl_typesupport_fastrtps_c;rosidl_typesupport_introspection_c
[0.497s] -- Using all available rosidl_typesupport_cpp: rosidl_typesupport_fastrtps_cpp;rosidl_typesupport_introspection_cpp
[0.544s] -- Found rosidl_default_generators: 1.2.0 (/opt/ros/humble/share/rosidl_default_generators/cmake)
[0.551s] -- Found ament_lint_auto: 0.12.11 (/opt/ros/humble/share/ament_lint_auto/cmake)
[0.751s] -- Found ament_cmake_ros: 0.10.0 (/opt/ros/humble/share/ament_cmake_ros/cmake)
[1.021s] -- Using all available rosidl_typesupport_c: rosidl_typesupport_fastrtps_c;rosidl_typesupport_introspection_c
[1.144s] -- Using all available rosidl_typesupport_cpp: rosidl_typesupport_fastrtps_cpp;rosidl_typesupport_introspection_cpp
[1.168s] -- Found PythonInterp: /usr/bin/python3 (found suitable version "3.10.12", minimum required is "3.6") 
[1.170s] -- Found python_cmake_module: 0.10.0 (/opt/ros/humble/share/python_cmake_module/cmake)
[1.198s] -- Found PythonLibs: /usr/lib/x86_64-linux-gnu/libpython3.10.so (found suitable version "3.10.12", minimum required is "3.5") 
[1.198s] -- Using PYTHON_EXECUTABLE: /usr/bin/python3
[1.198s] -- Using PYTHON_INCLUDE_DIRS: /usr/include/python3.10
[1.199s] -- Using PYTHON_LIBRARIES: /usr/lib/x86_64-linux-gnu/libpython3.10.so
[1.214s] -- Found PythonExtra: .so  
[1.252s] -- Added test 'lint_cmake' to check CMake code style
[1.252s] -- Added test 'xmllint' to check XML markup files
[1.255s] -- Configuring done
[1.271s] -- Generating done
[1.272s] -- Build files have been written to: /home/farao/ros2_ws/src/build/lab1_interface
[1.277s] Invoked command in '/home/farao/ros2_ws/src/build/lab1_interface' returned '0': CMAKE_PREFIX_PATH=${CMAKE_PREFIX_PATH}:/opt/ros/humble /usr/bin/cmake /home/farao/ros2_ws/src/lab1_interface -DCMAKE_INSTALL_PREFIX=/home/farao/ros2_ws/src/install/lab1_interface
[1.278s] Invoking command in '/home/farao/ros2_ws/src/build/lab1_interface': CMAKE_PREFIX_PATH=${CMAKE_PREFIX_PATH}:/opt/ros/humble /usr/bin/cmake --build /home/farao/ros2_ws/src/build/lab1_interface -- -j20 -l20
[1.308s] [  3%] [34m[1mGenerating C code for ROS interfaces[0m
[1.319s] [  6%] [34m[1mGenerating C++ code for ROS interfaces[0m
[1.319s] [  6%] Built target ament_cmake_python_copy_lab1_interface
[1.486s] [  6%] Built target lab1_interface__cpp
[1.489s] [  9%] [32mBuilding C object CMakeFiles/lab1_interface__rosidl_generator_c.dir/rosidl_generator_c/lab1_interface/srv/detail/set_noise__functions.c.o[0m
[1.494s] [ 12%] [34m[1mGenerating C++ type support for eProsima Fast-RTPS[0m
[1.495s] [ 19%] [34m[1mGenerating C++ introspection for ROS interfaces[0m
[1.495s] [ 19%] [34m[1mGenerating C++ type support dispatch for ROS interfaces[0m
[1.511s] running egg_info
[1.512s] creating lab1_interface.egg-info
[1.512s] writing lab1_interface.egg-info/PKG-INFO
[1.512s] writing dependency_links to lab1_interface.egg-info/dependency_links.txt
[1.512s] writing top-level names to lab1_interface.egg-info/top_level.txt
[1.512s] writing manifest file 'lab1_interface.egg-info/SOURCES.txt'
[1.514s] reading manifest file 'lab1_interface.egg-info/SOURCES.txt'
[1.514s] writing manifest file 'lab1_interface.egg-info/SOURCES.txt'
[1.536s] [ 19%] Built target ament_cmake_python_build_lab1_interface_egg
[1.552s] [ 22%] [32m[1mLinking C shared library liblab1_interface__rosidl_generator_c.so[0m
[1.589s] [ 22%] Built target lab1_interface__rosidl_generator_c
[1.600s] [ 25%] [34m[1mGenerating C type support dispatch for ROS interfaces[0m
[1.600s] [ 29%] [34m[1mGenerating C introspection for ROS interfaces[0m
[1.600s] [ 32%] [34m[1mGenerating C type support for eProsima Fast-RTPS[0m
[1.693s] [ 35%] [32mBuilding CXX object CMakeFiles/lab1_interface__rosidl_typesupport_fastrtps_cpp.dir/rosidl_typesupport_fastrtps_cpp/lab1_interface/srv/detail/dds_fastrtps/set_noise__type_support.cpp.o[0m
[1.698s] [ 38%] [32mBuilding CXX object CMakeFiles/lab1_interface__rosidl_typesupport_introspection_cpp.dir/rosidl_typesupport_introspection_cpp/lab1_interface/srv/detail/set_noise__type_support.cpp.o[0m
[1.759s] [ 41%] [32mBuilding CXX object CMakeFiles/lab1_interface__rosidl_typesupport_cpp.dir/rosidl_typesupport_cpp/lab1_interface/srv/set_noise__type_support.cpp.o[0m
[1.781s] [ 45%] [32mBuilding C object CMakeFiles/lab1_interface__rosidl_typesupport_introspection_c.dir/rosidl_typesupport_introspection_c/lab1_interface/srv/detail/set_noise__type_support.c.o[0m
[1.820s] [ 48%] [32m[1mLinking C shared library liblab1_interface__rosidl_typesupport_introspection_c.so[0m
[1.840s] [ 51%] [32mBuilding CXX object CMakeFiles/lab1_interface__rosidl_typesupport_fastrtps_c.dir/rosidl_typesupport_fastrtps_c/lab1_interface/srv/detail/set_noise__type_support_c.cpp.o[0m
[1.847s] [ 51%] Built target lab1_interface__rosidl_typesupport_introspection_c
[1.854s] [ 54%] [32mBuilding CXX object CMakeFiles/lab1_interface__rosidl_typesupport_c.dir/rosidl_typesupport_c/lab1_interface/srv/set_noise__type_support.cpp.o[0m
[1.877s] [ 58%] [32m[1mLinking CXX shared library liblab1_interface__rosidl_typesupport_c.so[0m
[1.903s] [ 58%] Built target lab1_interface__rosidl_typesupport_c
[2.028s] [ 61%] [32m[1mLinking CXX shared library liblab1_interface__rosidl_typesupport_fastrtps_cpp.so[0m
[2.083s] [ 64%] [32m[1mLinking CXX shared library liblab1_interface__rosidl_typesupport_cpp.so[0m
[2.103s] [ 67%] [32m[1mLinking CXX shared library liblab1_interface__rosidl_typesupport_fastrtps_c.so[0m
[2.135s] [ 67%] Built target lab1_interface__rosidl_typesupport_cpp
[2.142s] [ 67%] Built target lab1_interface__rosidl_typesupport_fastrtps_cpp
[2.161s] [ 70%] [32m[1mLinking CXX shared library liblab1_interface__rosidl_typesupport_introspection_cpp.so[0m
[2.186s] [ 70%] Built target lab1_interface__rosidl_typesupport_fastrtps_c
[2.209s] [ 70%] Built target lab1_interface__rosidl_typesupport_introspection_cpp
[2.225s] [ 70%] Built target lab1_interface
[2.240s] [ 74%] [34m[1mGenerating Python code for ROS interfaces[0m
[2.453s] [ 74%] Built target lab1_interface__py
[2.471s] [ 77%] [32mBuilding C object CMakeFiles/lab1_interface__rosidl_generator_py.dir/rosidl_generator_py/lab1_interface/srv/_set_noise_s.c.o[0m
[2.565s] [ 80%] [32m[1mLinking C shared library rosidl_generator_py/lab1_interface/liblab1_interface__rosidl_generator_py.so[0m
[2.594s] [ 80%] Built target lab1_interface__rosidl_generator_py
[2.608s] [ 87%] [32mBuilding C object CMakeFiles/lab1_interface__rosidl_typesupport_fastrtps_c__pyext.dir/rosidl_generator_py/lab1_interface/_lab1_interface_s.ep.rosidl_typesupport_fastrtps_c.c.o[0m
[2.608s] [ 87%] [32mBuilding C object CMakeFiles/lab1_interface__rosidl_typesupport_c__pyext.dir/rosidl_generator_py/lab1_interface/_lab1_interface_s.ep.rosidl_typesupport_c.c.o[0m
[2.609s] [ 90%] [32mBuilding C object CMakeFiles/lab1_interface__rosidl_typesupport_introspection_c__pyext.dir/rosidl_generator_py/lab1_interface/_lab1_interface_s.ep.rosidl_typesupport_introspection_c.c.o[0m
[2.663s] [ 93%] [32m[1mLinking C shared library rosidl_generator_py/lab1_interface/lab1_interface_s__rosidl_typesupport_c.cpython-310-x86_64-linux-gnu.so[0m
[2.666s] [ 96%] [32m[1mLinking C shared library rosidl_generator_py/lab1_interface/lab1_interface_s__rosidl_typesupport_introspection_c.cpython-310-x86_64-linux-gnu.so[0m
[2.666s] [100%] [32m[1mLinking C shared library rosidl_generator_py/lab1_interface/lab1_interface_s__rosidl_typesupport_fastrtps_c.cpython-310-x86_64-linux-gnu.so[0m
[2.685s] [100%] Built target lab1_interface__rosidl_typesupport_c__pyext
[2.693s] [100%] Built target lab1_interface__rosidl_typesupport_introspection_c__pyext
[2.693s] [100%] Built target lab1_interface__rosidl_typesupport_fastrtps_c__pyext
[2.702s] Invoked command in '/home/farao/ros2_ws/src/build/lab1_interface' returned '0': CMAKE_PREFIX_PATH=${CMAKE_PREFIX_PATH}:/opt/ros/humble /usr/bin/cmake --build /home/farao/ros2_ws/src/build/lab1_interface -- -j20 -l20
[2.748s] Invoking command in '/home/farao/ros2_ws/src/build/lab1_interface': CMAKE_PREFIX_PATH=${CMAKE_PREFIX_PATH}:/opt/ros/humble /usr/bin/cmake --install /home/farao/ros2_ws/src/build/lab1_interface
[2.754s] -- Install configuration: ""
[2.754s] -- Installing: /home/farao/ros2_ws/src/install/lab1_interface/share/ament_index/resource_index/rosidl_interfaces/lab1_interface
[2.755s] -- Installing: /home/farao/ros2_ws/src/install/lab1_interface/include/lab1_interface/lab1_interface
[2.755s] -- Installing: /home/farao/ros2_ws/src/install/lab1_interface/include/lab1_interface/lab1_interface/srv
[2.755s] -- Installing: /home/farao/ros2_ws/src/install/lab1_interface/include/lab1_interface/lab1_interface/srv/set_noise.h
[2.755s] -- Installing: /home/farao/ros2_ws/src/install/lab1_interface/include/lab1_interface/lab1_interface/srv/detail
[2.755s] -- Installing: /home/farao/ros2_ws/src/install/lab1_interface/include/lab1_interface/lab1_interface/srv/detail/set_noise__type_support.h
[2.755s] -- Installing: /home/farao/ros2_ws/src/install/lab1_interface/include/lab1_interface/lab1_interface/srv/detail/set_noise__functions.h
[2.755s] -- Installing: /home/farao/ros2_ws/src/install/lab1_interface/include/lab1_interface/lab1_interface/srv/detail/set_noise__functions.c
[2.755s] -- Installing: /home/farao/ros2_ws/src/install/lab1_interface/include/lab1_interface/lab1_interface/srv/detail/set_noise__struct.h
[2.755s] -- Installing: /home/farao/ros2_ws/src/install/lab1_interface/include/lab1_interface/lab1_interface/msg
[2.755s] -- Installing: /home/farao/ros2_ws/src/install/lab1_interface/include/lab1_interface/lab1_interface/msg/rosidl_generator_c__visibility_control.h
[2.755s] -- Installing: /home/farao/ros2_ws/src/install/lab1_interface/share/lab1_interface/environment/library_path.sh
[2.756s] -- Installing: /home/farao/ros2_ws/src/install/lab1_interface/share/lab1_interface/environment/library_path.dsv
[2.756s] -- Installing: /home/farao/ros2_ws/src/install/lab1_interface/lib/liblab1_interface__rosidl_generator_c.so
[2.756s] -- Set runtime path of "/home/farao/ros2_ws/src/install/lab1_interface/lib/liblab1_interface__rosidl_generator_c.so" to ""
[2.756s] -- Up-to-date: /home/farao/ros2_ws/src/install/lab1_interface/include/lab1_interface/lab1_interface
[2.756s] -- Up-to-date: /home/farao/ros2_ws/src/install/lab1_interface/include/lab1_interface/lab1_interface/srv
[2.756s] -- Up-to-date: /home/farao/ros2_ws/src/install/lab1_interface/include/lab1_interface/lab1_interface/srv/detail
[2.756s] -- Installing: /home/farao/ros2_ws/src/install/lab1_interface/include/lab1_interface/lab1_interface/srv/detail/set_noise__rosidl_typesupport_fastrtps_c.h
[2.756s] -- Up-to-date: /home/farao/ros2_ws/src/install/lab1_interface/include/lab1_interface/lab1_interface/msg
[2.756s] -- Installing: /home/farao/ros2_ws/src/install/lab1_interface/include/lab1_interface/lab1_interface/msg/rosidl_typesupport_fastrtps_c__visibility_control.h
[2.756s] -- Installing: /home/farao/ros2_ws/src/install/lab1_interface/lib/liblab1_interface__rosidl_typesupport_fastrtps_c.so
[2.757s] -- Set runtime path of "/home/farao/ros2_ws/src/install/lab1_interface/lib/liblab1_interface__rosidl_typesupport_fastrtps_c.so" to ""
[2.757s] -- Up-to-date: /home/farao/ros2_ws/src/install/lab1_interface/include/lab1_interface/lab1_interface
[2.757s] -- Up-to-date: /home/farao/ros2_ws/src/install/lab1_interface/include/lab1_interface/lab1_interface/srv
[2.757s] -- Installing: /home/farao/ros2_ws/src/install/lab1_interface/include/lab1_interface/lab1_interface/srv/set_noise.hpp
[2.757s] -- Up-to-date: /home/farao/ros2_ws/src/install/lab1_interface/include/lab1_interface/lab1_interface/srv/detail
[2.757s] -- Installing: /home/farao/ros2_ws/src/install/lab1_interface/include/lab1_interface/lab1_interface/srv/detail/set_noise__traits.hpp
[2.757s] -- Installing: /home/farao/ros2_ws/src/install/lab1_interface/include/lab1_interface/lab1_interface/srv/detail/set_noise__struct.hpp
[2.757s] -- Installing: /home/farao/ros2_ws/src/install/lab1_interface/include/lab1_interface/lab1_interface/srv/detail/set_noise__builder.hpp
[2.757s] -- Up-to-date: /home/farao/ros2_ws/src/install/lab1_interface/include/lab1_interface/lab1_interface
[2.757s] -- Up-to-date: /home/farao/ros2_ws/src/install/lab1_interface/include/lab1_interface/lab1_interface/srv
[2.757s] -- Up-to-date: /home/farao/ros2_ws/src/install/lab1_interface/include/lab1_interface/lab1_interface/srv/detail
[2.757s] -- Installing: /home/farao/ros2_ws/src/install/lab1_interface/include/lab1_interface/lab1_interface/srv/detail/dds_fastrtps
[2.757s] -- Installing: /home/farao/ros2_ws/src/install/lab1_interface/include/lab1_interface/lab1_interface/srv/detail/set_noise__rosidl_typesupport_fastrtps_cpp.hpp
[2.757s] -- Up-to-date: /home/farao/ros2_ws/src/install/lab1_interface/include/lab1_interface/lab1_interface/msg
[2.757s] -- Installing: /home/farao/ros2_ws/src/install/lab1_interface/include/lab1_interface/lab1_interface/msg/rosidl_typesupport_fastrtps_cpp__visibility_control.h
[2.757s] -- Installing: /home/farao/ros2_ws/src/install/lab1_interface/lib/liblab1_interface__rosidl_typesupport_fastrtps_cpp.so
[2.758s] -- Set runtime path of "/home/farao/ros2_ws/src/install/lab1_interface/lib/liblab1_interface__rosidl_typesupport_fastrtps_cpp.so" to ""
[2.758s] -- Up-to-date: /home/farao/ros2_ws/src/install/lab1_interface/include/lab1_interface/lab1_interface
[2.758s] -- Up-to-date: /home/farao/ros2_ws/src/install/lab1_interface/include/lab1_interface/lab1_interface/srv
[2.758s] -- Up-to-date: /home/farao/ros2_ws/src/install/lab1_interface/include/lab1_interface/lab1_interface/srv/detail
[2.758s] -- Installing: /home/farao/ros2_ws/src/install/lab1_interface/include/lab1_interface/lab1_interface/srv/detail/set_noise__rosidl_typesupport_introspection_c.h
[2.758s] -- Installing: /home/farao/ros2_ws/src/install/lab1_interface/include/lab1_interface/lab1_interface/srv/detail/set_noise__type_support.c
[2.758s] -- Up-to-date: /home/farao/ros2_ws/src/install/lab1_interface/include/lab1_interface/lab1_interface/msg
[2.758s] -- Installing: /home/farao/ros2_ws/src/install/lab1_interface/include/lab1_interface/lab1_interface/msg/rosidl_typesupport_introspection_c__visibility_control.h
[2.758s] -- Installing: /home/farao/ros2_ws/src/install/lab1_interface/lib/liblab1_interface__rosidl_typesupport_introspection_c.so
[2.758s] -- Set runtime path of "/home/farao/ros2_ws/src/install/lab1_interface/lib/liblab1_interface__rosidl_typesupport_introspection_c.so" to ""
[2.758s] -- Installing: /home/farao/ros2_ws/src/install/lab1_interface/lib/liblab1_interface__rosidl_typesupport_c.so
[2.759s] -- Set runtime path of "/home/farao/ros2_ws/src/install/lab1_interface/lib/liblab1_interface__rosidl_typesupport_c.so" to ""
[2.759s] -- Up-to-date: /home/farao/ros2_ws/src/install/lab1_interface/include/lab1_interface/lab1_interface
[2.759s] -- Up-to-date: /home/farao/ros2_ws/src/install/lab1_interface/include/lab1_interface/lab1_interface/srv
[2.759s] -- Up-to-date: /home/farao/ros2_ws/src/install/lab1_interface/include/lab1_interface/lab1_interface/srv/detail
[2.759s] -- Installing: /home/farao/ros2_ws/src/install/lab1_interface/include/lab1_interface/lab1_interface/srv/detail/set_noise__type_support.cpp
[2.759s] -- Installing: /home/farao/ros2_ws/src/install/lab1_interface/include/lab1_interface/lab1_interface/srv/detail/set_noise__rosidl_typesupport_introspection_cpp.hpp
[2.759s] -- Installing: /home/farao/ros2_ws/src/install/lab1_interface/lib/liblab1_interface__rosidl_typesupport_introspection_cpp.so
[2.759s] -- Set runtime path of "/home/farao/ros2_ws/src/install/lab1_interface/lib/liblab1_interface__rosidl_typesupport_introspection_cpp.so" to ""
[2.759s] -- Installing: /home/farao/ros2_ws/src/install/lab1_interface/lib/liblab1_interface__rosidl_typesupport_cpp.so
[2.760s] -- Set runtime path of "/home/farao/ros2_ws/src/install/lab1_interface/lib/liblab1_interface__rosidl_typesupport_cpp.so" to ""
[2.760s] -- Installing: /home/farao/ros2_ws/src/install/lab1_interface/share/lab1_interface/environment/pythonpath.sh
[2.760s] -- Installing: /home/farao/ros2_ws/src/install/lab1_interface/share/lab1_interface/environment/pythonpath.dsv
[2.760s] -- Installing: /home/farao/ros2_ws/src/install/lab1_interface/local/lib/python3.10/dist-packages/lab1_interface-0.0.0-py3.10.egg-info
[2.760s] -- Installing: /home/farao/ros2_ws/src/install/lab1_interface/local/lib/python3.10/dist-packages/lab1_interface-0.0.0-py3.10.egg-info/dependency_links.txt
[2.760s] -- Installing: /home/farao/ros2_ws/src/install/lab1_interface/local/lib/python3.10/dist-packages/lab1_interface-0.0.0-py3.10.egg-info/PKG-INFO
[2.760s] -- Installing: /home/farao/ros2_ws/src/install/lab1_interface/local/lib/python3.10/dist-packages/lab1_interface-0.0.0-py3.10.egg-info/top_level.txt
[2.760s] -- Installing: /home/farao/ros2_ws/src/install/lab1_interface/local/lib/python3.10/dist-packages/lab1_interface-0.0.0-py3.10.egg-info/SOURCES.txt
[2.760s] -- Installing: /home/farao/ros2_ws/src/install/lab1_interface/local/lib/python3.10/dist-packages/lab1_interface
[2.761s] -- Installing: /home/farao/ros2_ws/src/install/lab1_interface/local/lib/python3.10/dist-packages/lab1_interface/_lab1_interface_s.ep.rosidl_typesupport_introspection_c.c
[2.761s] -- Installing: /home/farao/ros2_ws/src/install/lab1_interface/local/lib/python3.10/dist-packages/lab1_interface/lab1_interface_s__rosidl_typesupport_fastrtps_c.cpython-310-x86_64-linux-gnu.so
[2.761s] -- Installing: /home/farao/ros2_ws/src/install/lab1_interface/local/lib/python3.10/dist-packages/lab1_interface/lab1_interface_s__rosidl_typesupport_c.cpython-310-x86_64-linux-gnu.so
[2.761s] -- Installing: /home/farao/ros2_ws/src/install/lab1_interface/local/lib/python3.10/dist-packages/lab1_interface/_lab1_interface_s.ep.rosidl_typesupport_c.c
[2.761s] -- Installing: /home/farao/ros2_ws/src/install/lab1_interface/local/lib/python3.10/dist-packages/lab1_interface/__init__.py
[2.761s] -- Installing: /home/farao/ros2_ws/src/install/lab1_interface/local/lib/python3.10/dist-packages/lab1_interface/srv
[2.761s] -- Installing: /home/farao/ros2_ws/src/install/lab1_interface/local/lib/python3.10/dist-packages/lab1_interface/srv/__init__.py
[2.761s] -- Installing: /home/farao/ros2_ws/src/install/lab1_interface/local/lib/python3.10/dist-packages/lab1_interface/srv/_set_noise_s.c
[2.761s] -- Installing: /home/farao/ros2_ws/src/install/lab1_interface/local/lib/python3.10/dist-packages/lab1_interface/srv/_set_noise.py
[2.761s] -- Installing: /home/farao/ros2_ws/src/install/lab1_interface/local/lib/python3.10/dist-packages/lab1_interface/_lab1_interface_s.ep.rosidl_typesupport_fastrtps_c.c
[2.761s] -- Installing: /home/farao/ros2_ws/src/install/lab1_interface/local/lib/python3.10/dist-packages/lab1_interface/liblab1_interface__rosidl_generator_py.so
[2.761s] -- Installing: /home/farao/ros2_ws/src/install/lab1_interface/local/lib/python3.10/dist-packages/lab1_interface/lab1_interface_s__rosidl_typesupport_introspection_c.cpython-310-x86_64-linux-gnu.so
[2.787s] Listing '/home/farao/ros2_ws/src/install/lab1_interface/local/lib/python3.10/dist-packages/lab1_interface'...
[2.787s] Compiling '/home/farao/ros2_ws/src/install/lab1_interface/local/lib/python3.10/dist-packages/lab1_interface/__init__.py'...
[2.787s] Listing '/home/farao/ros2_ws/src/install/lab1_interface/local/lib/python3.10/dist-packages/lab1_interface/srv'...
[2.788s] Compiling '/home/farao/ros2_ws/src/install/lab1_interface/local/lib/python3.10/dist-packages/lab1_interface/srv/__init__.py'...
[2.788s] Compiling '/home/farao/ros2_ws/src/install/lab1_interface/local/lib/python3.10/dist-packages/lab1_interface/srv/_set_noise.py'...
[2.790s] -- Installing: /home/farao/ros2_ws/src/install/lab1_interface/local/lib/python3.10/dist-packages/lab1_interface/lab1_interface_s__rosidl_typesupport_fastrtps_c.cpython-310-x86_64-linux-gnu.so
[2.790s] -- Set runtime path of "/home/farao/ros2_ws/src/install/lab1_interface/local/lib/python3.10/dist-packages/lab1_interface/lab1_interface_s__rosidl_typesupport_fastrtps_c.cpython-310-x86_64-linux-gnu.so" to ""
[2.791s] -- Installing: /home/farao/ros2_ws/src/install/lab1_interface/local/lib/python3.10/dist-packages/lab1_interface/lab1_interface_s__rosidl_typesupport_introspection_c.cpython-310-x86_64-linux-gnu.so
[2.791s] -- Set runtime path of "/home/farao/ros2_ws/src/install/lab1_interface/local/lib/python3.10/dist-packages/lab1_interface/lab1_interface_s__rosidl_typesupport_introspection_c.cpython-310-x86_64-linux-gnu.so" to ""
[2.791s] -- Installing: /home/farao/ros2_ws/src/install/lab1_interface/local/lib/python3.10/dist-packages/lab1_interface/lab1_interface_s__rosidl_typesupport_c.cpython-310-x86_64-linux-gnu.so
[2.791s] -- Set runtime path of "/home/farao/ros2_ws/src/install/lab1_interface/local/lib/python3.10/dist-packages/lab1_interface/lab1_interface_s__rosidl_typesupport_c.cpython-310-x86_64-linux-gnu.so" to ""
[2.791s] -- Installing: /home/farao/ros2_ws/src/install/lab1_interface/lib/liblab1_interface__rosidl_generator_py.so
[2.791s] -- Set runtime path of "/home/farao/ros2_ws/src/install/lab1_interface/lib/liblab1_interface__rosidl_generator_py.so" to ""
[2.791s] -- Installing: /home/farao/ros2_ws/src/install/lab1_interface/share/lab1_interface/srv/SetNoise.idl
[2.791s] -- Installing: /home/farao/ros2_ws/src/install/lab1_interface/share/lab1_interface/srv/SetNoise.srv
[2.791s] -- Installing: /home/farao/ros2_ws/src/install/lab1_interface/share/lab1_interface/srv/SetNoise_Request.msg
[2.792s] -- Installing: /home/farao/ros2_ws/src/install/lab1_interface/share/lab1_interface/srv/SetNoise_Response.msg
[2.792s] -- Installing: /home/farao/ros2_ws/src/install/lab1_interface/share/ament_index/resource_index/package_run_dependencies/lab1_interface
[2.792s] -- Installing: /home/farao/ros2_ws/src/install/lab1_interface/share/ament_index/resource_index/parent_prefix_path/lab1_interface
[2.792s] -- Installing: /home/farao/ros2_ws/src/install/lab1_interface/share/lab1_interface/environment/ament_prefix_path.sh
[2.792s] -- Installing: /home/farao/ros2_ws/src/install/lab1_interface/share/lab1_interface/environment/ament_prefix_path.dsv
[2.792s] -- Installing: /home/farao/ros2_ws/src/install/lab1_interface/share/lab1_interface/environment/path.sh
[2.792s] -- Installing: /home/farao/ros2_ws/src/install/lab1_interface/share/lab1_interface/environment/path.dsv
[2.792s] -- Installing: /home/farao/ros2_ws/src/install/lab1_interface/share/lab1_interface/local_setup.bash
[2.793s] -- Installing: /home/farao/ros2_ws/src/install/lab1_interface/share/lab1_interface/local_setup.sh
[2.793s] -- Installing: /home/farao/ros2_ws/src/install/lab1_interface/share/lab1_interface/local_setup.zsh
[2.793s] -- Installing: /home/farao/ros2_ws/src/install/lab1_interface/share/lab1_interface/local_setup.dsv
[2.793s] -- Installing: /home/farao/ros2_ws/src/install/lab1_interface/share/lab1_interface/package.dsv
[2.793s] -- Installing: /home/farao/ros2_ws/src/install/lab1_interface/share/ament_index/resource_index/packages/lab1_interface
[2.793s] -- Installing: /home/farao/ros2_ws/src/install/lab1_interface/share/lab1_interface/cmake/export_lab1_interface__rosidl_generator_cExport.cmake
[2.793s] -- Installing: /home/farao/ros2_ws/src/install/lab1_interface/share/lab1_interface/cmake/export_lab1_interface__rosidl_generator_cExport-noconfig.cmake
[2.794s] -- Installing: /home/farao/ros2_ws/src/install/lab1_interface/share/lab1_interface/cmake/export_lab1_interface__rosidl_typesupport_fastrtps_cExport.cmake
[2.794s] -- Installing: /home/farao/ros2_ws/src/install/lab1_interface/share/lab1_interface/cmake/export_lab1_interface__rosidl_typesupport_fastrtps_cExport-noconfig.cmake
[2.794s] -- Installing: /home/farao/ros2_ws/src/install/lab1_interface/share/lab1_interface/cmake/export_lab1_interface__rosidl_generator_cppExport.cmake
[2.794s] -- Installing: /home/farao/ros2_ws/src/install/lab1_interface/share/lab1_interface/cmake/export_lab1_interface__rosidl_typesupport_fastrtps_cppExport.cmake
[2.794s] -- Installing: /home/farao/ros2_ws/src/install/lab1_interface/share/lab1_interface/cmake/export_lab1_interface__rosidl_typesupport_fastrtps_cppExport-noconfig.cmake
[2.794s] -- Installing: /home/farao/ros2_ws/src/install/lab1_interface/share/lab1_interface/cmake/lab1_interface__rosidl_typesupport_introspection_cExport.cmake
[2.794s] -- Installing: /home/farao/ros2_ws/src/install/lab1_interface/share/lab1_interface/cmake/lab1_interface__rosidl_typesupport_introspection_cExport-noconfig.cmake
[2.794s] -- Installing: /home/farao/ros2_ws/src/install/lab1_interface/share/lab1_interface/cmake/lab1_interface__rosidl_typesupport_cExport.cmake
[2.795s] -- Installing: /home/farao/ros2_ws/src/install/lab1_interface/share/lab1_interface/cmake/lab1_interface__rosidl_typesupport_cExport-noconfig.cmake
[2.795s] -- Installing: /home/farao/ros2_ws/src/install/lab1_interface/share/lab1_interface/cmake/lab1_interface__rosidl_typesupport_introspection_cppExport.cmake
[2.795s] -- Installing: /home/farao/ros2_ws/src/install/lab1_interface/share/lab1_interface/cmake/lab1_interface__rosidl_typesupport_introspection_cppExport-noconfig.cmake
[2.795s] -- Installing: /home/farao/ros2_ws/src/install/lab1_interface/share/lab1_interface/cmake/lab1_interface__rosidl_typesupport_cppExport.cmake
[2.795s] -- Installing: /home/farao/ros2_ws/src/install/lab1_interface/share/lab1_interface/cmake/lab1_interface__rosidl_typesupport_cppExport-noconfig.cmake
[2.795s] -- Installing: /home/farao/ros2_ws/src/install/lab1_interface/share/lab1_interface/cmake/export_lab1_interface__rosidl_generator_pyExport.cmake
[2.795s] -- Installing: /home/farao/ros2_ws/src/install/lab1_interface/share/lab1_interface/cmake/export_lab1_interface__rosidl_generator_pyExport-noconfig.cmake
[2.795s] -- Installing: /home/farao/ros2_ws/src/install/lab1_interface/share/lab1_interface/cmake/rosidl_cmake-extras.cmake
[2.796s] -- Installing: /home/farao/ros2_ws/src/install/lab1_interface/share/lab1_interface/cmake/ament_cmake_export_dependencies-extras.cmake
[2.796s] -- Installing: /home/farao/ros2_ws/src/install/lab1_interface/share/lab1_interface/cmake/ament_cmake_export_include_directories-extras.cmake
[2.796s] -- Installing: /home/farao/ros2_ws/src/install/lab1_interface/share/lab1_interface/cmake/ament_cmake_export_libraries-extras.cmake
[2.796s] -- Installing: /home/farao/ros2_ws/src/install/lab1_interface/share/lab1_interface/cmake/ament_cmake_export_targets-extras.cmake
[2.796s] -- Installing: /home/farao/ros2_ws/src/install/lab1_interface/share/lab1_interface/cmake/rosidl_cmake_export_typesupport_targets-extras.cmake
[2.796s] -- Installing: /home/farao/ros2_ws/src/install/lab1_interface/share/lab1_interface/cmake/rosidl_cmake_export_typesupport_libraries-extras.cmake
[2.796s] -- Installing: /home/farao/ros2_ws/src/install/lab1_interface/share/lab1_interface/cmake/lab1_interfaceConfig.cmake
[2.796s] -- Installing: /home/farao/ros2_ws/src/install/lab1_interface/share/lab1_interface/cmake/lab1_interfaceConfig-version.cmake
[2.796s] -- Installing: /home/farao/ros2_ws/src/install/lab1_interface/share/lab1_interface/package.xml
[2.798s] Invoked command in '/home/farao/ros2_ws/src/build/lab1_interface' returned '0': CMAKE_PREFIX_PATH=${CMAKE_PREFIX_PATH}:/opt/ros/humble /usr/bin/cmake --install /home/farao/ros2_ws/src/build/lab1_interface
