[0.018s] Invoking command in '/home/farao/ros2_ws/build/lab1': CMAKE_PREFIX_PATH=${CMAKE_PREFIX_PATH}:/opt/ros/humble /usr/bin/cmake --build /home/farao/ros2_ws/build/lab1 -- -j20 -l20
[0.054s] [  0%] Built target ament_cmake_python_copy_lab1
[0.056s] [100%] Built target cpp_node_test
[0.200s] running egg_info
[0.200s] writing lab1.egg-info/PKG-INFO
[0.200s] writing dependency_links to lab1.egg-info/dependency_links.txt
[0.200s] writing top-level names to lab1.egg-info/top_level.txt
[0.201s] reading manifest file 'lab1.egg-info/SOURCES.txt'
[0.201s] writing manifest file 'lab1.egg-info/SOURCES.txt'
[0.221s] [100%] Built target ament_cmake_python_build_lab1_egg
[0.229s] Invoked command in '/home/farao/ros2_ws/build/lab1' returned '0': CMAKE_PREFIX_PATH=${CMAKE_PREFIX_PATH}:/opt/ros/humble /usr/bin/cmake --build /home/farao/ros2_ws/build/lab1 -- -j20 -l20
[0.253s] Invoking command in '/home/farao/ros2_ws/build/lab1': CMAKE_PREFIX_PATH=${CMAKE_PREFIX_PATH}:/opt/ros/humble /usr/bin/cmake --install /home/farao/ros2_ws/build/lab1
[0.258s] -- Install configuration: ""
[0.259s] -- Up-to-date: /home/farao/ros2_ws/install/lab1/share/lab1/environment/pythonpath.sh
[0.259s] -- Up-to-date: /home/farao/ros2_ws/install/lab1/share/lab1/environment/pythonpath.dsv
[0.259s] -- Up-to-date: /home/farao/ros2_ws/install/lab1/local/lib/python3.10/dist-packages/lab1-0.0.0-py3.10.egg-info
[0.259s] -- Installing: /home/farao/ros2_ws/install/lab1/local/lib/python3.10/dist-packages/lab1-0.0.0-py3.10.egg-info/dependency_links.txt
[0.259s] -- Installing: /home/farao/ros2_ws/install/lab1/local/lib/python3.10/dist-packages/lab1-0.0.0-py3.10.egg-info/PKG-INFO
[0.259s] -- Installing: /home/farao/ros2_ws/install/lab1/local/lib/python3.10/dist-packages/lab1-0.0.0-py3.10.egg-info/top_level.txt
[0.259s] -- Installing: /home/farao/ros2_ws/install/lab1/local/lib/python3.10/dist-packages/lab1-0.0.0-py3.10.egg-info/SOURCES.txt
[0.259s] -- Up-to-date: /home/farao/ros2_ws/install/lab1/local/lib/python3.10/dist-packages/lab1
[0.259s] -- Up-to-date: /home/farao/ros2_ws/install/lab1/local/lib/python3.10/dist-packages/lab1/__init__.py
[0.259s] -- Up-to-date: /home/farao/ros2_ws/install/lab1/local/lib/python3.10/dist-packages/lab1/dummy_module.py
[0.279s] Listing '/home/farao/ros2_ws/install/lab1/local/lib/python3.10/dist-packages/lab1'...
[0.283s] -- Up-to-date: /home/farao/ros2_ws/install/lab1/lib/lab1/dummy_script.py
[0.284s] -- Up-to-date: /home/farao/ros2_ws/install/lab1/lib/lab1/noise_generator.py
[0.284s] -- Up-to-date: /home/farao/ros2_ws/install/lab1/lib/lab1/velocity_mux.py
[0.284s] -- Up-to-date: /home/farao/ros2_ws/install/lab1/lib/lab1/cpp_node_test
[0.284s] -- Up-to-date: /home/farao/ros2_ws/install/lab1/share/lab1/launch
[0.286s] -- Up-to-date: /home/farao/ros2_ws/install/lab1/share/lab1/launch/lab1_execute.launch.py
[0.286s] -- Up-to-date: /home/farao/ros2_ws/install/lab1/share/lab1/launch/simple.launch.py
[0.286s] -- Up-to-date: /home/farao/ros2_ws/install/lab1/share/lab1/launch/lalalalal.launch.py
[0.286s] -- Up-to-date: /home/farao/ros2_ws/install/lab1/share/lab1/launch/simple_param.launch.py
[0.287s] -- Up-to-date: /home/farao/ros2_ws/install/lab1/share/ament_index/resource_index/package_run_dependencies/lab1
[0.287s] -- Up-to-date: /home/farao/ros2_ws/install/lab1/share/ament_index/resource_index/parent_prefix_path/lab1
[0.287s] -- Up-to-date: /home/farao/ros2_ws/install/lab1/share/lab1/environment/ament_prefix_path.sh
[0.287s] -- Up-to-date: /home/farao/ros2_ws/install/lab1/share/lab1/environment/ament_prefix_path.dsv
[0.287s] -- Up-to-date: /home/farao/ros2_ws/install/lab1/share/lab1/environment/path.sh
[0.287s] -- Up-to-date: /home/farao/ros2_ws/install/lab1/share/lab1/environment/path.dsv
[0.287s] -- Up-to-date: /home/farao/ros2_ws/install/lab1/share/lab1/local_setup.bash
[0.287s] -- Up-to-date: /home/farao/ros2_ws/install/lab1/share/lab1/local_setup.sh
[0.288s] -- Up-to-date: /home/farao/ros2_ws/install/lab1/share/lab1/local_setup.zsh
[0.288s] -- Up-to-date: /home/farao/ros2_ws/install/lab1/share/lab1/local_setup.dsv
[0.288s] -- Installing: /home/farao/ros2_ws/install/lab1/share/lab1/package.dsv
[0.288s] -- Up-to-date: /home/farao/ros2_ws/install/lab1/share/ament_index/resource_index/packages/lab1
[0.288s] -- Up-to-date: /home/farao/ros2_ws/install/lab1/share/lab1/cmake/lab1Config.cmake
[0.289s] -- Up-to-date: /home/farao/ros2_ws/install/lab1/share/lab1/cmake/lab1Config-version.cmake
[0.289s] -- Up-to-date: /home/farao/ros2_ws/install/lab1/share/lab1/package.xml
[0.291s] Invoked command in '/home/farao/ros2_ws/build/lab1' returned '0': CMAKE_PREFIX_PATH=${CMAKE_PREFIX_PATH}:/opt/ros/humble /usr/bin/cmake --install /home/farao/ros2_ws/build/lab1
