[0.006s] Invoking command in '/home/farao/ros2_ws/build/controller_interfaces': CMAKE_PREFIX_PATH=${CMAKE_PREFIX_PATH}:/opt/ros/humble /usr/bin/cmake /home/farao/ros2_ws/src/controller_interfaces -DCMAKE_INSTALL_PREFIX=/home/farao/ros2_ws/install/controller_interfaces
[0.104s] -- The C compiler identification is GNU 11.4.0
[0.191s] -- The CXX compiler identification is GNU 11.4.0
[0.197s] -- Detecting C compiler ABI info
[0.254s] -- Detecting C compiler ABI info - done
[0.258s] -- Check for working C compiler: /usr/bin/cc - skipped
[0.258s] -- Detecting C compile features
[0.258s] -- Detecting C compile features - done
[0.260s] -- Detecting CXX compiler ABI info
[0.320s] -- Detecting CXX compiler ABI info - done
[0.325s] -- Check for working CXX compiler: /usr/bin/c++ - skipped
[0.325s] -- Detecting CXX compile features
[0.325s] -- Detecting CXX compile features - done
[0.327s] -- Found ament_cmake: 1.3.9 (/opt/ros/humble/share/ament_cmake/cmake)
[0.445s] -- Found Python3: /usr/bin/python3 (found version "3.10.12") found components: Interpreter 
[0.511s] -- Found rclcpp: 16.0.9 (/opt/ros/humble/share/rclcpp/cmake)
[0.540s] -- Found rosidl_generator_c: 3.1.5 (/opt/ros/humble/share/rosidl_generator_c/cmake)
[0.543s] -- Found rosidl_adapter: 3.1.5 (/opt/ros/humble/share/rosidl_adapter/cmake)
[0.551s] -- Found rosidl_generator_cpp: 3.1.5 (/opt/ros/humble/share/rosidl_generator_cpp/cmake)
[0.560s] -- Using all available rosidl_typesupport_c: rosidl_typesupport_fastrtps_c;rosidl_typesupport_introspection_c
[0.574s] -- Using all available rosidl_typesupport_cpp: rosidl_typesupport_fastrtps_cpp;rosidl_typesupport_introspection_cpp
[0.628s] -- Found rmw_implementation_cmake: 6.1.2 (/opt/ros/humble/share/rmw_implementation_cmake/cmake)
[0.630s] -- Found rmw_fastrtps_cpp: 6.2.6 (/opt/ros/humble/share/rmw_fastrtps_cpp/cmake)
[0.712s] -- Found OpenSSL: /usr/lib/x86_64-linux-gnu/libcrypto.so (found version "3.0.2")  
[0.738s] -- Found FastRTPS: /opt/ros/humble/include  
[0.773s] -- Using RMW implementation 'rmw_fastrtps_cpp' as default
[0.781s] -- Looking for pthread.h
[0.840s] -- Looking for pthread.h - found
[0.841s] -- Performing Test CMAKE_HAVE_LIBC_PTHREAD
[0.894s] -- Performing Test CMAKE_HAVE_LIBC_PTHREAD - Success
[0.896s] -- Found Threads: TRUE  
[0.981s] -- Found rclpy: 3.3.13 (/opt/ros/humble/share/rclpy/cmake)
[1.090s] -- Configuring done
[1.094s] -- Generating done
[1.095s] -- Build files have been written to: /home/farao/ros2_ws/build/controller_interfaces
[1.101s] Invoked command in '/home/farao/ros2_ws/build/controller_interfaces' returned '0': CMAKE_PREFIX_PATH=${CMAKE_PREFIX_PATH}:/opt/ros/humble /usr/bin/cmake /home/farao/ros2_ws/src/controller_interfaces -DCMAKE_INSTALL_PREFIX=/home/farao/ros2_ws/install/controller_interfaces
[1.102s] Invoking command in '/home/farao/ros2_ws/build/controller_interfaces': CMAKE_PREFIX_PATH=${CMAKE_PREFIX_PATH}:/opt/ros/humble /usr/bin/cmake --build /home/farao/ros2_ws/build/controller_interfaces -- -j20 -l20
[1.146s] [ 50%] [32mBuilding CXX object CMakeFiles/cpp_node_test.dir/src/cpp_node.cpp.o[0m
[1.152s] [ 50%] Built target ament_cmake_python_copy_controller_interfaces
[1.280s] running egg_info
[1.281s] creating controller_interfaces.egg-info
[1.281s] writing controller_interfaces.egg-info/PKG-INFO
[1.281s] writing dependency_links to controller_interfaces.egg-info/dependency_links.txt
[1.281s] writing top-level names to controller_interfaces.egg-info/top_level.txt
[1.281s] writing manifest file 'controller_interfaces.egg-info/SOURCES.txt'
[1.282s] reading manifest file 'controller_interfaces.egg-info/SOURCES.txt'
[1.282s] writing manifest file 'controller_interfaces.egg-info/SOURCES.txt'
[1.298s] [ 50%] Built target ament_cmake_python_build_controller_interfaces_egg
[1.308s] [100%] [32m[1mLinking CXX executable cpp_node_test[0m
[1.373s] [100%] Built target cpp_node_test
[1.381s] Invoked command in '/home/farao/ros2_ws/build/controller_interfaces' returned '0': CMAKE_PREFIX_PATH=${CMAKE_PREFIX_PATH}:/opt/ros/humble /usr/bin/cmake --build /home/farao/ros2_ws/build/controller_interfaces -- -j20 -l20
[1.418s] Invoking command in '/home/farao/ros2_ws/build/controller_interfaces': CMAKE_PREFIX_PATH=${CMAKE_PREFIX_PATH}:/opt/ros/humble /usr/bin/cmake --install /home/farao/ros2_ws/build/controller_interfaces
[1.426s] -- Install configuration: ""
[1.426s] -- Installing: /home/farao/ros2_ws/install/controller_interfaces/share/controller_interfaces/environment/pythonpath.sh
[1.426s] -- Installing: /home/farao/ros2_ws/install/controller_interfaces/share/controller_interfaces/environment/pythonpath.dsv
[1.426s] -- Installing: /home/farao/ros2_ws/install/controller_interfaces/local/lib/python3.10/dist-packages/controller_interfaces-0.0.0-py3.10.egg-info
[1.426s] -- Installing: /home/farao/ros2_ws/install/controller_interfaces/local/lib/python3.10/dist-packages/controller_interfaces-0.0.0-py3.10.egg-info/dependency_links.txt
[1.426s] -- Installing: /home/farao/ros2_ws/install/controller_interfaces/local/lib/python3.10/dist-packages/controller_interfaces-0.0.0-py3.10.egg-info/PKG-INFO
[1.426s] -- Installing: /home/farao/ros2_ws/install/controller_interfaces/local/lib/python3.10/dist-packages/controller_interfaces-0.0.0-py3.10.egg-info/top_level.txt
[1.426s] -- Installing: /home/farao/ros2_ws/install/controller_interfaces/local/lib/python3.10/dist-packages/controller_interfaces-0.0.0-py3.10.egg-info/SOURCES.txt
[1.426s] -- Installing: /home/farao/ros2_ws/install/controller_interfaces/local/lib/python3.10/dist-packages/controller_interfaces
[1.426s] -- Installing: /home/farao/ros2_ws/install/controller_interfaces/local/lib/python3.10/dist-packages/controller_interfaces/__init__.py
[1.426s] -- Installing: /home/farao/ros2_ws/install/controller_interfaces/local/lib/python3.10/dist-packages/controller_interfaces/dummy_module.py
[1.453s] Listing '/home/farao/ros2_ws/install/controller_interfaces/local/lib/python3.10/dist-packages/controller_interfaces'...
[1.453s] Compiling '/home/farao/ros2_ws/install/controller_interfaces/local/lib/python3.10/dist-packages/controller_interfaces/__init__.py'...
[1.453s] Compiling '/home/farao/ros2_ws/install/controller_interfaces/local/lib/python3.10/dist-packages/controller_interfaces/dummy_module.py'...
[1.455s] -- Installing: /home/farao/ros2_ws/install/controller_interfaces/lib/controller_interfaces/dummy_script.py
[1.455s] -- Installing: /home/farao/ros2_ws/install/controller_interfaces/lib/controller_interfaces/cpp_node_test
[1.455s] -- Set runtime path of "/home/farao/ros2_ws/install/controller_interfaces/lib/controller_interfaces/cpp_node_test" to ""
[1.455s] -- Up-to-date: /home/farao/ros2_ws/install/controller_interfaces/share/controller_interfaces
[1.455s] -- Installing: /home/farao/ros2_ws/install/controller_interfaces/share/ament_index/resource_index/package_run_dependencies/controller_interfaces
[1.455s] -- Installing: /home/farao/ros2_ws/install/controller_interfaces/share/ament_index/resource_index/parent_prefix_path/controller_interfaces
[1.456s] -- Installing: /home/farao/ros2_ws/install/controller_interfaces/share/controller_interfaces/environment/ament_prefix_path.sh
[1.456s] -- Installing: /home/farao/ros2_ws/install/controller_interfaces/share/controller_interfaces/environment/ament_prefix_path.dsv
[1.456s] -- Installing: /home/farao/ros2_ws/install/controller_interfaces/share/controller_interfaces/environment/path.sh
[1.456s] -- Installing: /home/farao/ros2_ws/install/controller_interfaces/share/controller_interfaces/environment/path.dsv
[1.456s] -- Installing: /home/farao/ros2_ws/install/controller_interfaces/share/controller_interfaces/local_setup.bash
[1.456s] -- Installing: /home/farao/ros2_ws/install/controller_interfaces/share/controller_interfaces/local_setup.sh
[1.456s] -- Installing: /home/farao/ros2_ws/install/controller_interfaces/share/controller_interfaces/local_setup.zsh
[1.456s] -- Installing: /home/farao/ros2_ws/install/controller_interfaces/share/controller_interfaces/local_setup.dsv
[1.456s] -- Installing: /home/farao/ros2_ws/install/controller_interfaces/share/controller_interfaces/package.dsv
[1.456s] -- Installing: /home/farao/ros2_ws/install/controller_interfaces/share/ament_index/resource_index/packages/controller_interfaces
[1.456s] -- Installing: /home/farao/ros2_ws/install/controller_interfaces/share/controller_interfaces/cmake/controller_interfacesConfig.cmake
[1.456s] -- Installing: /home/farao/ros2_ws/install/controller_interfaces/share/controller_interfaces/cmake/controller_interfacesConfig-version.cmake
[1.456s] -- Installing: /home/farao/ros2_ws/install/controller_interfaces/share/controller_interfaces/package.xml
[1.458s] Invoked command in '/home/farao/ros2_ws/build/controller_interfaces' returned '0': CMAKE_PREFIX_PATH=${CMAKE_PREFIX_PATH}:/opt/ros/humble /usr/bin/cmake --install /home/farao/ros2_ws/build/controller_interfaces
