[0.056s] DEBUG:colcon:Command line arguments: ['/usr/bin/colcon', 'build']
[0.056s] DEBUG:colcon:Parsed command line arguments: Namespace(log_base=None, log_level=None, verb_name='build', build_base='build', install_base='install', merge_install=False, symlink_install=False, test_result_base=None, continue_on_error=False, executor='parallel', parallel_workers=20, event_handlers=None, ignore_user_meta=False, metas=['./colcon.meta'], base_paths=['.'], packages_ignore=None, packages_ignore_regex=None, paths=None, packages_up_to=None, packages_up_to_regex=None, packages_above=None, packages_above_and_dependencies=None, packages_above_depth=None, packages_select_by_dep=None, packages_skip_by_dep=None, packages_skip_up_to=None, packages_select_build_failed=False, packages_skip_build_finished=False, packages_select_test_failures=False, packages_skip_test_passed=False, packages_select=None, packages_skip=None, packages_select_regex=None, packages_skip_regex=None, packages_start=None, packages_end=None, allow_overriding=[], cmake_args=None, cmake_target=None, cmake_target_skip_unavailable=False, cmake_clean_cache=False, cmake_clean_first=False, cmake_force_configure=False, ament_cmake_args=None, catkin_cmake_args=None, catkin_skip_building_tests=False, mixin_files=None, mixin=None, verb_parser=<colcon_mixin.mixin.mixin_argument.MixinArgumentDecorator object at 0x7b279f9f2a40>, verb_extension=<colcon_core.verb.build.BuildVerb object at 0x7b279f9f24d0>, main=<bound method BuildVerb.main of <colcon_core.verb.build.BuildVerb object at 0x7b279f9f24d0>>, mixin_verb=('build',))
[0.134s] Level 1:colcon.colcon_core.package_discovery:discover_packages(colcon_meta) check parameters
[0.134s] Level 1:colcon.colcon_core.package_discovery:discover_packages(recursive) check parameters
[0.134s] Level 1:colcon.colcon_core.package_discovery:discover_packages(ignore) check parameters
[0.134s] Level 1:colcon.colcon_core.package_discovery:discover_packages(path) check parameters
[0.134s] Level 1:colcon.colcon_core.package_discovery:discover_packages(colcon_meta) discover
[0.134s] Level 1:colcon.colcon_core.package_discovery:discover_packages(recursive) discover
[0.134s] INFO:colcon.colcon_core.package_discovery:Crawling recursively for packages in '/home/farao/ros2_ws/src/lecture2'
[0.134s] Level 1:colcon.colcon_core.package_identification:_identify(.) by extensions ['ignore', 'ignore_ament_install']
[0.134s] Level 1:colcon.colcon_core.package_identification:_identify(.) by extension 'ignore'
[0.135s] Level 1:colcon.colcon_core.package_identification:_identify(.) by extension 'ignore_ament_install'
[0.135s] Level 1:colcon.colcon_core.package_identification:_identify(.) by extensions ['colcon_pkg']
[0.135s] Level 1:colcon.colcon_core.package_identification:_identify(.) by extension 'colcon_pkg'
[0.135s] Level 1:colcon.colcon_core.package_identification:_identify(.) by extensions ['colcon_meta']
[0.135s] Level 1:colcon.colcon_core.package_identification:_identify(.) by extension 'colcon_meta'
[0.135s] Level 1:colcon.colcon_core.package_identification:_identify(.) by extensions ['ros']
[0.135s] Level 1:colcon.colcon_core.package_identification:_identify(.) by extension 'ros'
[0.142s] DEBUG:colcon.colcon_core.package_identification:Package '.' with type 'ros.ament_cmake' and name 'lecture2'
[0.142s] Level 1:colcon.colcon_core.package_discovery:discover_packages(recursive) using defaults
[0.142s] Level 1:colcon.colcon_core.package_discovery:discover_packages(ignore) discover
[0.142s] Level 1:colcon.colcon_core.package_discovery:discover_packages(ignore) using defaults
[0.142s] Level 1:colcon.colcon_core.package_discovery:discover_packages(path) discover
[0.142s] Level 1:colcon.colcon_core.package_discovery:discover_packages(path) using defaults
[0.153s] Level 1:colcon.colcon_core.package_discovery:discover_packages(prefix_path) check parameters
[0.153s] Level 1:colcon.colcon_core.package_discovery:discover_packages(prefix_path) discover
[0.154s] DEBUG:colcon.colcon_installed_package_information.package_discovery:Found 4 installed packages in /home/farao/ros2_ws/src/install
[0.154s] DEBUG:colcon.colcon_installed_package_information.package_discovery:Found 4 installed packages in /home/farao/ros2_ws/install
[0.155s] DEBUG:colcon.colcon_installed_package_information.package_discovery:Found 271 installed packages in /opt/ros/humble
[0.161s] Level 1:colcon.colcon_core.package_discovery:discover_packages(prefix_path) using defaults
[0.178s] Level 5:colcon.colcon_core.verb:set package 'lecture2' build argument 'cmake_args' from command line to 'None'
[0.178s] Level 5:colcon.colcon_core.verb:set package 'lecture2' build argument 'cmake_target' from command line to 'None'
[0.178s] Level 5:colcon.colcon_core.verb:set package 'lecture2' build argument 'cmake_target_skip_unavailable' from command line to 'False'
[0.178s] Level 5:colcon.colcon_core.verb:set package 'lecture2' build argument 'cmake_clean_cache' from command line to 'False'
[0.178s] Level 5:colcon.colcon_core.verb:set package 'lecture2' build argument 'cmake_clean_first' from command line to 'False'
[0.178s] Level 5:colcon.colcon_core.verb:set package 'lecture2' build argument 'cmake_force_configure' from command line to 'False'
[0.178s] Level 5:colcon.colcon_core.verb:set package 'lecture2' build argument 'ament_cmake_args' from command line to 'None'
[0.178s] Level 5:colcon.colcon_core.verb:set package 'lecture2' build argument 'catkin_cmake_args' from command line to 'None'
[0.178s] Level 5:colcon.colcon_core.verb:set package 'lecture2' build argument 'catkin_skip_building_tests' from command line to 'False'
[0.178s] DEBUG:colcon.colcon_core.verb:Building package 'lecture2' with the following arguments: {'ament_cmake_args': None, 'build_base': '/home/farao/ros2_ws/src/lecture2/build/lecture2', 'catkin_cmake_args': None, 'catkin_skip_building_tests': False, 'cmake_args': None, 'cmake_clean_cache': False, 'cmake_clean_first': False, 'cmake_force_configure': False, 'cmake_target': None, 'cmake_target_skip_unavailable': False, 'install_base': '/home/farao/ros2_ws/src/lecture2/install/lecture2', 'merge_install': False, 'path': '/home/farao/ros2_ws/src/lecture2', 'symlink_install': False, 'test_result_base': None}
[0.178s] INFO:colcon.colcon_core.executor:Executing jobs using 'parallel' executor
[0.179s] DEBUG:colcon.colcon_parallel_executor.executor.parallel:run_until_complete
[0.179s] INFO:colcon.colcon_ros.task.ament_cmake.build:Building ROS package in '/home/farao/ros2_ws/src/lecture2' with build type 'ament_cmake'
[0.179s] INFO:colcon.colcon_cmake.task.cmake.build:Building CMake package in '/home/farao/ros2_ws/src/lecture2'
[0.180s] INFO:colcon.colcon_core.plugin_system:Skipping extension 'colcon_core.shell.bat': Not used on non-Windows systems
[0.180s] INFO:colcon.colcon_core.shell:Skip shell extension 'powershell' for command environment: Not usable outside of PowerShell
[0.180s] DEBUG:colcon.colcon_core.shell:Skip shell extension 'dsv' for command environment
[0.186s] DEBUG:colcon.colcon_core.event_handler.log_command:Invoking command in '/home/farao/ros2_ws/src/lecture2/build/lecture2': CMAKE_PREFIX_PATH=${CMAKE_PREFIX_PATH}:/opt/ros/humble /usr/bin/cmake /home/farao/ros2_ws/src/lecture2 -DCMAKE_INSTALL_PREFIX=/home/farao/ros2_ws/src/lecture2/install/lecture2
[1.053s] DEBUG:colcon.colcon_core.event_handler.log_command:Invoked command in '/home/farao/ros2_ws/src/lecture2/build/lecture2' returned '0': CMAKE_PREFIX_PATH=${CMAKE_PREFIX_PATH}:/opt/ros/humble /usr/bin/cmake /home/farao/ros2_ws/src/lecture2 -DCMAKE_INSTALL_PREFIX=/home/farao/ros2_ws/src/lecture2/install/lecture2
[1.053s] DEBUG:colcon.colcon_core.event_handler.log_command:Invoking command in '/home/farao/ros2_ws/src/lecture2/build/lecture2': CMAKE_PREFIX_PATH=${CMAKE_PREFIX_PATH}:/opt/ros/humble /usr/bin/cmake --build /home/farao/ros2_ws/src/lecture2/build/lecture2 -- -j20 -l20
[1.293s] DEBUG:colcon.colcon_core.event_handler.log_command:Invoked command in '/home/farao/ros2_ws/src/lecture2/build/lecture2' returned '0': CMAKE_PREFIX_PATH=${CMAKE_PREFIX_PATH}:/opt/ros/humble /usr/bin/cmake --build /home/farao/ros2_ws/src/lecture2/build/lecture2 -- -j20 -l20
[1.320s] DEBUG:colcon.colcon_core.event_handler.log_command:Invoking command in '/home/farao/ros2_ws/src/lecture2/build/lecture2': CMAKE_PREFIX_PATH=${CMAKE_PREFIX_PATH}:/opt/ros/humble /usr/bin/cmake --install /home/farao/ros2_ws/src/lecture2/build/lecture2
[1.355s] Level 1:colcon.colcon_core.environment:create_environment_scripts_only(lecture2)
[1.356s] DEBUG:colcon.colcon_core.event_handler.log_command:Invoked command in '/home/farao/ros2_ws/src/lecture2/build/lecture2' returned '0': CMAKE_PREFIX_PATH=${CMAKE_PREFIX_PATH}:/opt/ros/humble /usr/bin/cmake --install /home/farao/ros2_ws/src/lecture2/build/lecture2
[1.357s] Level 1:colcon.colcon_core.environment:checking '/home/farao/ros2_ws/src/lecture2/install/lecture2' for CMake module files
[1.357s] Level 1:colcon.colcon_core.environment:checking '/home/farao/ros2_ws/src/lecture2/install/lecture2' for CMake config files
[1.357s] Level 1:colcon.colcon_core.shell:create_environment_hook('lecture2', 'cmake_prefix_path')
[1.358s] INFO:colcon.colcon_core.shell:Creating environment hook '/home/farao/ros2_ws/src/lecture2/install/lecture2/share/lecture2/hook/cmake_prefix_path.ps1'
[1.358s] INFO:colcon.colcon_core.shell:Creating environment descriptor '/home/farao/ros2_ws/src/lecture2/install/lecture2/share/lecture2/hook/cmake_prefix_path.dsv'
[1.358s] INFO:colcon.colcon_core.shell:Creating environment hook '/home/farao/ros2_ws/src/lecture2/install/lecture2/share/lecture2/hook/cmake_prefix_path.sh'
[1.359s] Level 1:colcon.colcon_core.environment:checking '/home/farao/ros2_ws/src/lecture2/install/lecture2/lib'
[1.359s] Level 1:colcon.colcon_core.environment:checking '/home/farao/ros2_ws/src/lecture2/install/lecture2/bin'
[1.359s] Level 1:colcon.colcon_core.environment:checking '/home/farao/ros2_ws/src/lecture2/install/lecture2/lib/pkgconfig/lecture2.pc'
[1.359s] Level 1:colcon.colcon_core.environment:checking '/home/farao/ros2_ws/src/lecture2/install/lecture2/lib/python3.10/site-packages'
[1.359s] Level 1:colcon.colcon_core.environment:checking '/home/farao/ros2_ws/src/lecture2/install/lecture2/bin'
[1.359s] INFO:colcon.colcon_core.shell:Creating package script '/home/farao/ros2_ws/src/lecture2/install/lecture2/share/lecture2/package.ps1'
[1.359s] INFO:colcon.colcon_core.shell:Creating package descriptor '/home/farao/ros2_ws/src/lecture2/install/lecture2/share/lecture2/package.dsv'
[1.360s] INFO:colcon.colcon_core.shell:Creating package script '/home/farao/ros2_ws/src/lecture2/install/lecture2/share/lecture2/package.sh'
[1.360s] INFO:colcon.colcon_core.shell:Creating package script '/home/farao/ros2_ws/src/lecture2/install/lecture2/share/lecture2/package.bash'
[1.360s] INFO:colcon.colcon_core.shell:Creating package script '/home/farao/ros2_ws/src/lecture2/install/lecture2/share/lecture2/package.zsh'
[1.361s] Level 1:colcon.colcon_core.environment:create_file_with_runtime_dependencies(/home/farao/ros2_ws/src/lecture2/install/lecture2/share/colcon-core/packages/lecture2)
[1.379s] Level 1:colcon.colcon_core.environment:create_environment_scripts_only(lecture2)
[1.380s] Level 1:colcon.colcon_core.environment:checking '/home/farao/ros2_ws/src/lecture2/install/lecture2' for CMake module files
[1.380s] Level 1:colcon.colcon_core.environment:checking '/home/farao/ros2_ws/src/lecture2/install/lecture2' for CMake config files
[1.380s] Level 1:colcon.colcon_core.shell:create_environment_hook('lecture2', 'cmake_prefix_path')
[1.380s] INFO:colcon.colcon_core.shell:Creating environment hook '/home/farao/ros2_ws/src/lecture2/install/lecture2/share/lecture2/hook/cmake_prefix_path.ps1'
[1.381s] INFO:colcon.colcon_core.shell:Creating environment descriptor '/home/farao/ros2_ws/src/lecture2/install/lecture2/share/lecture2/hook/cmake_prefix_path.dsv'
[1.381s] INFO:colcon.colcon_core.shell:Creating environment hook '/home/farao/ros2_ws/src/lecture2/install/lecture2/share/lecture2/hook/cmake_prefix_path.sh'
[1.381s] Level 1:colcon.colcon_core.environment:checking '/home/farao/ros2_ws/src/lecture2/install/lecture2/lib'
[1.381s] Level 1:colcon.colcon_core.environment:checking '/home/farao/ros2_ws/src/lecture2/install/lecture2/bin'
[1.381s] Level 1:colcon.colcon_core.environment:checking '/home/farao/ros2_ws/src/lecture2/install/lecture2/lib/pkgconfig/lecture2.pc'
[1.381s] Level 1:colcon.colcon_core.environment:checking '/home/farao/ros2_ws/src/lecture2/install/lecture2/lib/python3.10/site-packages'
[1.381s] Level 1:colcon.colcon_core.environment:checking '/home/farao/ros2_ws/src/lecture2/install/lecture2/bin'
[1.382s] INFO:colcon.colcon_core.shell:Creating package script '/home/farao/ros2_ws/src/lecture2/install/lecture2/share/lecture2/package.ps1'
[1.382s] INFO:colcon.colcon_core.shell:Creating package descriptor '/home/farao/ros2_ws/src/lecture2/install/lecture2/share/lecture2/package.dsv'
[1.382s] INFO:colcon.colcon_core.shell:Creating package script '/home/farao/ros2_ws/src/lecture2/install/lecture2/share/lecture2/package.sh'
[1.383s] INFO:colcon.colcon_core.shell:Creating package script '/home/farao/ros2_ws/src/lecture2/install/lecture2/share/lecture2/package.bash'
[1.383s] INFO:colcon.colcon_core.shell:Creating package script '/home/farao/ros2_ws/src/lecture2/install/lecture2/share/lecture2/package.zsh'
[1.383s] Level 1:colcon.colcon_core.environment:create_file_with_runtime_dependencies(/home/farao/ros2_ws/src/lecture2/install/lecture2/share/colcon-core/packages/lecture2)
[1.383s] DEBUG:colcon.colcon_parallel_executor.executor.parallel:closing loop
[1.383s] DEBUG:colcon.colcon_parallel_executor.executor.parallel:loop closed
[1.383s] DEBUG:colcon.colcon_parallel_executor.executor.parallel:run_until_complete finished with '0'
[1.383s] DEBUG:colcon.colcon_core.event_reactor:joining thread
[1.386s] INFO:colcon.colcon_core.plugin_system:Skipping extension 'colcon_notification.desktop_notification.terminal_notifier': Not used on non-Darwin systems
[1.386s] INFO:colcon.colcon_core.plugin_system:Skipping extension 'colcon_notification.desktop_notification.win32': Not used on non-Windows systems
[1.386s] INFO:colcon.colcon_notification.desktop_notification:Sending desktop notification using 'notify2'
[1.393s] DEBUG:colcon.colcon_core.event_reactor:joined thread
[1.394s] INFO:colcon.colcon_core.shell:Creating prefix script '/home/farao/ros2_ws/src/lecture2/install/local_setup.ps1'
[1.394s] INFO:colcon.colcon_core.shell:Creating prefix util module '/home/farao/ros2_ws/src/lecture2/install/_local_setup_util_ps1.py'
[1.395s] INFO:colcon.colcon_core.shell:Creating prefix chain script '/home/farao/ros2_ws/src/lecture2/install/setup.ps1'
[1.396s] INFO:colcon.colcon_core.shell:Creating prefix script '/home/farao/ros2_ws/src/lecture2/install/local_setup.sh'
[1.396s] INFO:colcon.colcon_core.shell:Creating prefix util module '/home/farao/ros2_ws/src/lecture2/install/_local_setup_util_sh.py'
[1.396s] INFO:colcon.colcon_core.shell:Creating prefix chain script '/home/farao/ros2_ws/src/lecture2/install/setup.sh'
[1.397s] INFO:colcon.colcon_core.shell:Creating prefix script '/home/farao/ros2_ws/src/lecture2/install/local_setup.bash'
[1.397s] INFO:colcon.colcon_core.shell:Creating prefix chain script '/home/farao/ros2_ws/src/lecture2/install/setup.bash'
[1.398s] INFO:colcon.colcon_core.shell:Creating prefix script '/home/farao/ros2_ws/src/lecture2/install/local_setup.zsh'
[1.398s] INFO:colcon.colcon_core.shell:Creating prefix chain script '/home/farao/ros2_ws/src/lecture2/install/setup.zsh'
