[0.115s] DEBUG:colcon:Command line arguments: ['/usr/bin/colcon', 'build']
[0.115s] DEBUG:colcon:Parsed command line arguments: Namespace(log_base=None, log_level=None, verb_name='build', build_base='build', install_base='install', merge_install=False, symlink_install=False, test_result_base=None, continue_on_error=False, executor='parallel', parallel_workers=20, event_handlers=None, ignore_user_meta=False, metas=['./colcon.meta'], base_paths=['.'], packages_ignore=None, packages_ignore_regex=None, paths=None, packages_up_to=None, packages_up_to_regex=None, packages_above=None, packages_above_and_dependencies=None, packages_above_depth=None, packages_select_by_dep=None, packages_skip_by_dep=None, packages_skip_up_to=None, packages_select_build_failed=False, packages_skip_build_finished=False, packages_select_test_failures=False, packages_skip_test_passed=False, packages_select=None, packages_skip=None, packages_select_regex=None, packages_skip_regex=None, packages_start=None, packages_end=None, allow_overriding=[], cmake_args=None, cmake_target=None, cmake_target_skip_unavailable=False, cmake_clean_cache=False, cmake_clean_first=False, cmake_force_configure=False, ament_cmake_args=None, catkin_cmake_args=None, catkin_skip_building_tests=False, mixin_files=None, mixin=None, verb_parser=<colcon_mixin.mixin.mixin_argument.MixinArgumentDecorator object at 0x70d80e027190>, verb_extension=<colcon_core.verb.build.BuildVerb object at 0x70d80e026c20>, main=<bound method BuildVerb.main of <colcon_core.verb.build.BuildVerb object at 0x70d80e026c20>>, mixin_verb=('build',))
[0.292s] Level 1:colcon.colcon_core.package_discovery:discover_packages(colcon_meta) check parameters
[0.292s] Level 1:colcon.colcon_core.package_discovery:discover_packages(recursive) check parameters
[0.292s] Level 1:colcon.colcon_core.package_discovery:discover_packages(ignore) check parameters
[0.292s] Level 1:colcon.colcon_core.package_discovery:discover_packages(path) check parameters
[0.292s] Level 1:colcon.colcon_core.package_discovery:discover_packages(colcon_meta) discover
[0.292s] Level 1:colcon.colcon_core.package_discovery:discover_packages(recursive) discover
[0.292s] INFO:colcon.colcon_core.package_discovery:Crawling recursively for packages in '/home/farao/ros2_ws'
[0.292s] Level 1:colcon.colcon_core.package_identification:_identify(.) by extensions ['ignore', 'ignore_ament_install']
[0.292s] Level 1:colcon.colcon_core.package_identification:_identify(.) by extension 'ignore'
[0.292s] Level 1:colcon.colcon_core.package_identification:_identify(.) by extension 'ignore_ament_install'
[0.292s] Level 1:colcon.colcon_core.package_identification:_identify(.) by extensions ['colcon_pkg']
[0.292s] Level 1:colcon.colcon_core.package_identification:_identify(.) by extension 'colcon_pkg'
[0.292s] Level 1:colcon.colcon_core.package_identification:_identify(.) by extensions ['colcon_meta']
[0.292s] Level 1:colcon.colcon_core.package_identification:_identify(.) by extension 'colcon_meta'
[0.292s] Level 1:colcon.colcon_core.package_identification:_identify(.) by extensions ['ros']
[0.292s] Level 1:colcon.colcon_core.package_identification:_identify(.) by extension 'ros'
[0.301s] Level 1:colcon.colcon_core.package_identification:_identify(.) by extensions ['cmake', 'python']
[0.301s] Level 1:colcon.colcon_core.package_identification:_identify(.) by extension 'cmake'
[0.301s] Level 1:colcon.colcon_core.package_identification:_identify(.) by extension 'python'
[0.301s] Level 1:colcon.colcon_core.package_identification:_identify(.) by extensions ['python_setup_py']
[0.301s] Level 1:colcon.colcon_core.package_identification:_identify(.) by extension 'python_setup_py'
[0.301s] Level 1:colcon.colcon_core.package_identification:_identify(build) by extensions ['ignore', 'ignore_ament_install']
[0.301s] Level 1:colcon.colcon_core.package_identification:_identify(build) by extension 'ignore'
[0.301s] Level 1:colcon.colcon_core.package_identification:_identify(build) ignored
[0.301s] Level 1:colcon.colcon_core.package_identification:_identify(install) by extensions ['ignore', 'ignore_ament_install']
[0.301s] Level 1:colcon.colcon_core.package_identification:_identify(install) by extension 'ignore'
[0.301s] Level 1:colcon.colcon_core.package_identification:_identify(install) ignored
[0.302s] Level 1:colcon.colcon_core.package_identification:_identify(log) by extensions ['ignore', 'ignore_ament_install']
[0.302s] Level 1:colcon.colcon_core.package_identification:_identify(log) by extension 'ignore'
[0.302s] Level 1:colcon.colcon_core.package_identification:_identify(log) ignored
[0.302s] Level 1:colcon.colcon_core.package_identification:_identify(src) by extensions ['ignore', 'ignore_ament_install']
[0.302s] Level 1:colcon.colcon_core.package_identification:_identify(src) by extension 'ignore'
[0.302s] Level 1:colcon.colcon_core.package_identification:_identify(src) by extension 'ignore_ament_install'
[0.302s] Level 1:colcon.colcon_core.package_identification:_identify(src) by extensions ['colcon_pkg']
[0.302s] Level 1:colcon.colcon_core.package_identification:_identify(src) by extension 'colcon_pkg'
[0.302s] Level 1:colcon.colcon_core.package_identification:_identify(src) by extensions ['colcon_meta']
[0.302s] Level 1:colcon.colcon_core.package_identification:_identify(src) by extension 'colcon_meta'
[0.302s] Level 1:colcon.colcon_core.package_identification:_identify(src) by extensions ['ros']
[0.302s] Level 1:colcon.colcon_core.package_identification:_identify(src) by extension 'ros'
[0.302s] Level 1:colcon.colcon_core.package_identification:_identify(src) by extensions ['cmake', 'python']
[0.302s] Level 1:colcon.colcon_core.package_identification:_identify(src) by extension 'cmake'
[0.302s] Level 1:colcon.colcon_core.package_identification:_identify(src) by extension 'python'
[0.302s] Level 1:colcon.colcon_core.package_identification:_identify(src) by extensions ['python_setup_py']
[0.302s] Level 1:colcon.colcon_core.package_identification:_identify(src) by extension 'python_setup_py'
[0.302s] Level 1:colcon.colcon_core.package_identification:_identify(src/build) by extensions ['ignore', 'ignore_ament_install']
[0.302s] Level 1:colcon.colcon_core.package_identification:_identify(src/build) by extension 'ignore'
[0.302s] Level 1:colcon.colcon_core.package_identification:_identify(src/build) ignored
[0.302s] Level 1:colcon.colcon_core.package_identification:_identify(src/install) by extensions ['ignore', 'ignore_ament_install']
[0.302s] Level 1:colcon.colcon_core.package_identification:_identify(src/install) by extension 'ignore'
[0.302s] Level 1:colcon.colcon_core.package_identification:_identify(src/install) ignored
[0.302s] Level 1:colcon.colcon_core.package_identification:_identify(src/lab1) by extensions ['ignore', 'ignore_ament_install']
[0.302s] Level 1:colcon.colcon_core.package_identification:_identify(src/lab1) by extension 'ignore'
[0.302s] Level 1:colcon.colcon_core.package_identification:_identify(src/lab1) by extension 'ignore_ament_install'
[0.302s] Level 1:colcon.colcon_core.package_identification:_identify(src/lab1) by extensions ['colcon_pkg']
[0.302s] Level 1:colcon.colcon_core.package_identification:_identify(src/lab1) by extension 'colcon_pkg'
[0.302s] Level 1:colcon.colcon_core.package_identification:_identify(src/lab1) by extensions ['colcon_meta']
[0.302s] Level 1:colcon.colcon_core.package_identification:_identify(src/lab1) by extension 'colcon_meta'
[0.302s] Level 1:colcon.colcon_core.package_identification:_identify(src/lab1) by extensions ['ros']
[0.302s] Level 1:colcon.colcon_core.package_identification:_identify(src/lab1) by extension 'ros'
[0.305s] DEBUG:colcon.colcon_core.package_identification:Package 'src/lab1' with type 'ros.ament_cmake' and name 'lab1'
[0.305s] Level 1:colcon.colcon_core.package_identification:_identify(src/lab1_interface) by extensions ['ignore', 'ignore_ament_install']
[0.305s] Level 1:colcon.colcon_core.package_identification:_identify(src/lab1_interface) by extension 'ignore'
[0.305s] Level 1:colcon.colcon_core.package_identification:_identify(src/lab1_interface) by extension 'ignore_ament_install'
[0.305s] Level 1:colcon.colcon_core.package_identification:_identify(src/lab1_interface) by extensions ['colcon_pkg']
[0.306s] Level 1:colcon.colcon_core.package_identification:_identify(src/lab1_interface) by extension 'colcon_pkg'
[0.306s] Level 1:colcon.colcon_core.package_identification:_identify(src/lab1_interface) by extensions ['colcon_meta']
[0.306s] Level 1:colcon.colcon_core.package_identification:_identify(src/lab1_interface) by extension 'colcon_meta'
[0.306s] Level 1:colcon.colcon_core.package_identification:_identify(src/lab1_interface) by extensions ['ros']
[0.306s] Level 1:colcon.colcon_core.package_identification:_identify(src/lab1_interface) by extension 'ros'
[0.306s] DEBUG:colcon.colcon_core.package_identification:Package 'src/lab1_interface' with type 'ros.ament_cmake' and name 'lab1_interface'
[0.306s] Level 1:colcon.colcon_core.package_identification:_identify(src/lecture2) by extensions ['ignore', 'ignore_ament_install']
[0.306s] Level 1:colcon.colcon_core.package_identification:_identify(src/lecture2) by extension 'ignore'
[0.306s] Level 1:colcon.colcon_core.package_identification:_identify(src/lecture2) by extension 'ignore_ament_install'
[0.306s] Level 1:colcon.colcon_core.package_identification:_identify(src/lecture2) by extensions ['colcon_pkg']
[0.306s] Level 1:colcon.colcon_core.package_identification:_identify(src/lecture2) by extension 'colcon_pkg'
[0.306s] Level 1:colcon.colcon_core.package_identification:_identify(src/lecture2) by extensions ['colcon_meta']
[0.306s] Level 1:colcon.colcon_core.package_identification:_identify(src/lecture2) by extension 'colcon_meta'
[0.306s] Level 1:colcon.colcon_core.package_identification:_identify(src/lecture2) by extensions ['ros']
[0.306s] Level 1:colcon.colcon_core.package_identification:_identify(src/lecture2) by extension 'ros'
[0.307s] DEBUG:colcon.colcon_core.package_identification:Package 'src/lecture2' with type 'ros.ament_cmake' and name 'lecture2'
[0.307s] Level 1:colcon.colcon_core.package_identification:_identify(src/log) by extensions ['ignore', 'ignore_ament_install']
[0.307s] Level 1:colcon.colcon_core.package_identification:_identify(src/log) by extension 'ignore'
[0.307s] Level 1:colcon.colcon_core.package_identification:_identify(src/log) ignored
[0.307s] Level 1:colcon.colcon_core.package_identification:_identify(src/turtle_bringup) by extensions ['ignore', 'ignore_ament_install']
[0.307s] Level 1:colcon.colcon_core.package_identification:_identify(src/turtle_bringup) by extension 'ignore'
[0.307s] Level 1:colcon.colcon_core.package_identification:_identify(src/turtle_bringup) by extension 'ignore_ament_install'
[0.307s] Level 1:colcon.colcon_core.package_identification:_identify(src/turtle_bringup) by extensions ['colcon_pkg']
[0.307s] Level 1:colcon.colcon_core.package_identification:_identify(src/turtle_bringup) by extension 'colcon_pkg'
[0.307s] Level 1:colcon.colcon_core.package_identification:_identify(src/turtle_bringup) by extensions ['colcon_meta']
[0.307s] Level 1:colcon.colcon_core.package_identification:_identify(src/turtle_bringup) by extension 'colcon_meta'
[0.307s] Level 1:colcon.colcon_core.package_identification:_identify(src/turtle_bringup) by extensions ['ros']
[0.307s] Level 1:colcon.colcon_core.package_identification:_identify(src/turtle_bringup) by extension 'ros'
[0.308s] DEBUG:colcon.colcon_core.package_identification:Package 'src/turtle_bringup' with type 'ros.ament_cmake' and name 'turtle_bringup'
[0.308s] Level 1:colcon.colcon_core.package_identification:_identify(src/turtlesim_plus) by extensions ['ignore', 'ignore_ament_install']
[0.308s] Level 1:colcon.colcon_core.package_identification:_identify(src/turtlesim_plus) by extension 'ignore'
[0.308s] Level 1:colcon.colcon_core.package_identification:_identify(src/turtlesim_plus) by extension 'ignore_ament_install'
[0.308s] Level 1:colcon.colcon_core.package_identification:_identify(src/turtlesim_plus) by extensions ['colcon_pkg']
[0.308s] Level 1:colcon.colcon_core.package_identification:_identify(src/turtlesim_plus) by extension 'colcon_pkg'
[0.308s] Level 1:colcon.colcon_core.package_identification:_identify(src/turtlesim_plus) by extensions ['colcon_meta']
[0.308s] Level 1:colcon.colcon_core.package_identification:_identify(src/turtlesim_plus) by extension 'colcon_meta'
[0.308s] Level 1:colcon.colcon_core.package_identification:_identify(src/turtlesim_plus) by extensions ['ros']
[0.308s] Level 1:colcon.colcon_core.package_identification:_identify(src/turtlesim_plus) by extension 'ros'
[0.308s] Level 1:colcon.colcon_core.package_identification:_identify(src/turtlesim_plus) by extensions ['cmake', 'python']
[0.308s] Level 1:colcon.colcon_core.package_identification:_identify(src/turtlesim_plus) by extension 'cmake'
[0.308s] Level 1:colcon.colcon_core.package_identification:_identify(src/turtlesim_plus) by extension 'python'
[0.308s] Level 1:colcon.colcon_core.package_identification:_identify(src/turtlesim_plus) by extensions ['python_setup_py']
[0.308s] Level 1:colcon.colcon_core.package_identification:_identify(src/turtlesim_plus) by extension 'python_setup_py'
[0.308s] Level 1:colcon.colcon_core.package_identification:_identify(src/turtlesim_plus/turtlesim_plus) by extensions ['ignore', 'ignore_ament_install']
[0.308s] Level 1:colcon.colcon_core.package_identification:_identify(src/turtlesim_plus/turtlesim_plus) by extension 'ignore'
[0.308s] Level 1:colcon.colcon_core.package_identification:_identify(src/turtlesim_plus/turtlesim_plus) by extension 'ignore_ament_install'
[0.308s] Level 1:colcon.colcon_core.package_identification:_identify(src/turtlesim_plus/turtlesim_plus) by extensions ['colcon_pkg']
[0.308s] Level 1:colcon.colcon_core.package_identification:_identify(src/turtlesim_plus/turtlesim_plus) by extension 'colcon_pkg'
[0.308s] Level 1:colcon.colcon_core.package_identification:_identify(src/turtlesim_plus/turtlesim_plus) by extensions ['colcon_meta']
[0.308s] Level 1:colcon.colcon_core.package_identification:_identify(src/turtlesim_plus/turtlesim_plus) by extension 'colcon_meta'
[0.308s] Level 1:colcon.colcon_core.package_identification:_identify(src/turtlesim_plus/turtlesim_plus) by extensions ['ros']
[0.308s] Level 1:colcon.colcon_core.package_identification:_identify(src/turtlesim_plus/turtlesim_plus) by extension 'ros'
[0.309s] DEBUG:colcon.colcon_core.package_identification:Package 'src/turtlesim_plus/turtlesim_plus' with type 'ros.ament_cmake' and name 'turtlesim_plus'
[0.309s] Level 1:colcon.colcon_core.package_identification:_identify(src/turtlesim_plus/turtlesim_plus_interfaces) by extensions ['ignore', 'ignore_ament_install']
[0.309s] Level 1:colcon.colcon_core.package_identification:_identify(src/turtlesim_plus/turtlesim_plus_interfaces) by extension 'ignore'
[0.309s] Level 1:colcon.colcon_core.package_identification:_identify(src/turtlesim_plus/turtlesim_plus_interfaces) by extension 'ignore_ament_install'
[0.309s] Level 1:colcon.colcon_core.package_identification:_identify(src/turtlesim_plus/turtlesim_plus_interfaces) by extensions ['colcon_pkg']
[0.309s] Level 1:colcon.colcon_core.package_identification:_identify(src/turtlesim_plus/turtlesim_plus_interfaces) by extension 'colcon_pkg'
[0.309s] Level 1:colcon.colcon_core.package_identification:_identify(src/turtlesim_plus/turtlesim_plus_interfaces) by extensions ['colcon_meta']
[0.309s] Level 1:colcon.colcon_core.package_identification:_identify(src/turtlesim_plus/turtlesim_plus_interfaces) by extension 'colcon_meta'
[0.309s] Level 1:colcon.colcon_core.package_identification:_identify(src/turtlesim_plus/turtlesim_plus_interfaces) by extensions ['ros']
[0.309s] Level 1:colcon.colcon_core.package_identification:_identify(src/turtlesim_plus/turtlesim_plus_interfaces) by extension 'ros'
[0.310s] DEBUG:colcon.colcon_core.package_identification:Package 'src/turtlesim_plus/turtlesim_plus_interfaces' with type 'ros.ament_cmake' and name 'turtlesim_plus_interfaces'
[0.310s] Level 1:colcon.colcon_core.package_discovery:discover_packages(recursive) using defaults
[0.310s] Level 1:colcon.colcon_core.package_discovery:discover_packages(ignore) discover
[0.310s] Level 1:colcon.colcon_core.package_discovery:discover_packages(ignore) using defaults
[0.310s] Level 1:colcon.colcon_core.package_discovery:discover_packages(path) discover
[0.310s] Level 1:colcon.colcon_core.package_discovery:discover_packages(path) using defaults
[0.336s] Level 1:colcon.colcon_core.package_discovery:discover_packages(prefix_path) check parameters
[0.336s] Level 1:colcon.colcon_core.package_discovery:discover_packages(prefix_path) discover
[0.340s] DEBUG:colcon.colcon_installed_package_information.package_discovery:Found 6 installed packages in /home/farao/ros2_ws/install
[0.340s] DEBUG:colcon.colcon_installed_package_information.package_discovery:Found 1 installed packages in /home/farao/ros2_ws/src/lecture2/install
[0.340s] DEBUG:colcon.colcon_installed_package_information.package_discovery:Found 4 installed packages in /home/farao/ros2_ws/src/install
[0.341s] DEBUG:colcon.colcon_installed_package_information.package_discovery:Found 271 installed packages in /opt/ros/humble
[0.342s] Level 1:colcon.colcon_core.package_discovery:discover_packages(prefix_path) using defaults
[0.370s] Level 5:colcon.colcon_core.verb:set package 'lab1' build argument 'cmake_args' from command line to 'None'
[0.370s] Level 5:colcon.colcon_core.verb:set package 'lab1' build argument 'cmake_target' from command line to 'None'
[0.370s] Level 5:colcon.colcon_core.verb:set package 'lab1' build argument 'cmake_target_skip_unavailable' from command line to 'False'
[0.370s] Level 5:colcon.colcon_core.verb:set package 'lab1' build argument 'cmake_clean_cache' from command line to 'False'
[0.370s] Level 5:colcon.colcon_core.verb:set package 'lab1' build argument 'cmake_clean_first' from command line to 'False'
[0.370s] Level 5:colcon.colcon_core.verb:set package 'lab1' build argument 'cmake_force_configure' from command line to 'False'
[0.370s] Level 5:colcon.colcon_core.verb:set package 'lab1' build argument 'ament_cmake_args' from command line to 'None'
[0.370s] Level 5:colcon.colcon_core.verb:set package 'lab1' build argument 'catkin_cmake_args' from command line to 'None'
[0.370s] Level 5:colcon.colcon_core.verb:set package 'lab1' build argument 'catkin_skip_building_tests' from command line to 'False'
[0.370s] DEBUG:colcon.colcon_core.verb:Building package 'lab1' with the following arguments: {'ament_cmake_args': None, 'build_base': '/home/farao/ros2_ws/build/lab1', 'catkin_cmake_args': None, 'catkin_skip_building_tests': False, 'cmake_args': None, 'cmake_clean_cache': False, 'cmake_clean_first': False, 'cmake_force_configure': False, 'cmake_target': None, 'cmake_target_skip_unavailable': False, 'install_base': '/home/farao/ros2_ws/install/lab1', 'merge_install': False, 'path': '/home/farao/ros2_ws/src/lab1', 'symlink_install': False, 'test_result_base': None}
[0.371s] Level 5:colcon.colcon_core.verb:set package 'lab1_interface' build argument 'cmake_args' from command line to 'None'
[0.371s] Level 5:colcon.colcon_core.verb:set package 'lab1_interface' build argument 'cmake_target' from command line to 'None'
[0.371s] Level 5:colcon.colcon_core.verb:set package 'lab1_interface' build argument 'cmake_target_skip_unavailable' from command line to 'False'
[0.371s] Level 5:colcon.colcon_core.verb:set package 'lab1_interface' build argument 'cmake_clean_cache' from command line to 'False'
[0.371s] Level 5:colcon.colcon_core.verb:set package 'lab1_interface' build argument 'cmake_clean_first' from command line to 'False'
[0.371s] Level 5:colcon.colcon_core.verb:set package 'lab1_interface' build argument 'cmake_force_configure' from command line to 'False'
[0.371s] Level 5:colcon.colcon_core.verb:set package 'lab1_interface' build argument 'ament_cmake_args' from command line to 'None'
[0.371s] Level 5:colcon.colcon_core.verb:set package 'lab1_interface' build argument 'catkin_cmake_args' from command line to 'None'
[0.371s] Level 5:colcon.colcon_core.verb:set package 'lab1_interface' build argument 'catkin_skip_building_tests' from command line to 'False'
[0.371s] DEBUG:colcon.colcon_core.verb:Building package 'lab1_interface' with the following arguments: {'ament_cmake_args': None, 'build_base': '/home/farao/ros2_ws/build/lab1_interface', 'catkin_cmake_args': None, 'catkin_skip_building_tests': False, 'cmake_args': None, 'cmake_clean_cache': False, 'cmake_clean_first': False, 'cmake_force_configure': False, 'cmake_target': None, 'cmake_target_skip_unavailable': False, 'install_base': '/home/farao/ros2_ws/install/lab1_interface', 'merge_install': False, 'path': '/home/farao/ros2_ws/src/lab1_interface', 'symlink_install': False, 'test_result_base': None}
[0.371s] Level 5:colcon.colcon_core.verb:set package 'lecture2' build argument 'cmake_args' from command line to 'None'
[0.371s] Level 5:colcon.colcon_core.verb:set package 'lecture2' build argument 'cmake_target' from command line to 'None'
[0.371s] Level 5:colcon.colcon_core.verb:set package 'lecture2' build argument 'cmake_target_skip_unavailable' from command line to 'False'
[0.371s] Level 5:colcon.colcon_core.verb:set package 'lecture2' build argument 'cmake_clean_cache' from command line to 'False'
[0.371s] Level 5:colcon.colcon_core.verb:set package 'lecture2' build argument 'cmake_clean_first' from command line to 'False'
[0.371s] Level 5:colcon.colcon_core.verb:set package 'lecture2' build argument 'cmake_force_configure' from command line to 'False'
[0.371s] Level 5:colcon.colcon_core.verb:set package 'lecture2' build argument 'ament_cmake_args' from command line to 'None'
[0.371s] Level 5:colcon.colcon_core.verb:set package 'lecture2' build argument 'catkin_cmake_args' from command line to 'None'
[0.371s] Level 5:colcon.colcon_core.verb:set package 'lecture2' build argument 'catkin_skip_building_tests' from command line to 'False'
[0.371s] DEBUG:colcon.colcon_core.verb:Building package 'lecture2' with the following arguments: {'ament_cmake_args': None, 'build_base': '/home/farao/ros2_ws/build/lecture2', 'catkin_cmake_args': None, 'catkin_skip_building_tests': False, 'cmake_args': None, 'cmake_clean_cache': False, 'cmake_clean_first': False, 'cmake_force_configure': False, 'cmake_target': None, 'cmake_target_skip_unavailable': False, 'install_base': '/home/farao/ros2_ws/install/lecture2', 'merge_install': False, 'path': '/home/farao/ros2_ws/src/lecture2', 'symlink_install': False, 'test_result_base': None}
[0.371s] Level 5:colcon.colcon_core.verb:set package 'turtle_bringup' build argument 'cmake_args' from command line to 'None'
[0.371s] Level 5:colcon.colcon_core.verb:set package 'turtle_bringup' build argument 'cmake_target' from command line to 'None'
[0.371s] Level 5:colcon.colcon_core.verb:set package 'turtle_bringup' build argument 'cmake_target_skip_unavailable' from command line to 'False'
[0.371s] Level 5:colcon.colcon_core.verb:set package 'turtle_bringup' build argument 'cmake_clean_cache' from command line to 'False'
[0.371s] Level 5:colcon.colcon_core.verb:set package 'turtle_bringup' build argument 'cmake_clean_first' from command line to 'False'
[0.371s] Level 5:colcon.colcon_core.verb:set package 'turtle_bringup' build argument 'cmake_force_configure' from command line to 'False'
[0.371s] Level 5:colcon.colcon_core.verb:set package 'turtle_bringup' build argument 'ament_cmake_args' from command line to 'None'
[0.371s] Level 5:colcon.colcon_core.verb:set package 'turtle_bringup' build argument 'catkin_cmake_args' from command line to 'None'
[0.371s] Level 5:colcon.colcon_core.verb:set package 'turtle_bringup' build argument 'catkin_skip_building_tests' from command line to 'False'
[0.371s] DEBUG:colcon.colcon_core.verb:Building package 'turtle_bringup' with the following arguments: {'ament_cmake_args': None, 'build_base': '/home/farao/ros2_ws/build/turtle_bringup', 'catkin_cmake_args': None, 'catkin_skip_building_tests': False, 'cmake_args': None, 'cmake_clean_cache': False, 'cmake_clean_first': False, 'cmake_force_configure': False, 'cmake_target': None, 'cmake_target_skip_unavailable': False, 'install_base': '/home/farao/ros2_ws/install/turtle_bringup', 'merge_install': False, 'path': '/home/farao/ros2_ws/src/turtle_bringup', 'symlink_install': False, 'test_result_base': None}
[0.372s] Level 5:colcon.colcon_core.verb:set package 'turtlesim_plus' build argument 'cmake_args' from command line to 'None'
[0.372s] Level 5:colcon.colcon_core.verb:set package 'turtlesim_plus' build argument 'cmake_target' from command line to 'None'
[0.372s] Level 5:colcon.colcon_core.verb:set package 'turtlesim_plus' build argument 'cmake_target_skip_unavailable' from command line to 'False'
[0.372s] Level 5:colcon.colcon_core.verb:set package 'turtlesim_plus' build argument 'cmake_clean_cache' from command line to 'False'
[0.372s] Level 5:colcon.colcon_core.verb:set package 'turtlesim_plus' build argument 'cmake_clean_first' from command line to 'False'
[0.372s] Level 5:colcon.colcon_core.verb:set package 'turtlesim_plus' build argument 'cmake_force_configure' from command line to 'False'
[0.372s] Level 5:colcon.colcon_core.verb:set package 'turtlesim_plus' build argument 'ament_cmake_args' from command line to 'None'
[0.372s] Level 5:colcon.colcon_core.verb:set package 'turtlesim_plus' build argument 'catkin_cmake_args' from command line to 'None'
[0.372s] Level 5:colcon.colcon_core.verb:set package 'turtlesim_plus' build argument 'catkin_skip_building_tests' from command line to 'False'
[0.372s] DEBUG:colcon.colcon_core.verb:Building package 'turtlesim_plus' with the following arguments: {'ament_cmake_args': None, 'build_base': '/home/farao/ros2_ws/build/turtlesim_plus', 'catkin_cmake_args': None, 'catkin_skip_building_tests': False, 'cmake_args': None, 'cmake_clean_cache': False, 'cmake_clean_first': False, 'cmake_force_configure': False, 'cmake_target': None, 'cmake_target_skip_unavailable': False, 'install_base': '/home/farao/ros2_ws/install/turtlesim_plus', 'merge_install': False, 'path': '/home/farao/ros2_ws/src/turtlesim_plus/turtlesim_plus', 'symlink_install': False, 'test_result_base': None}
[0.372s] Level 5:colcon.colcon_core.verb:set package 'turtlesim_plus_interfaces' build argument 'cmake_args' from command line to 'None'
[0.372s] Level 5:colcon.colcon_core.verb:set package 'turtlesim_plus_interfaces' build argument 'cmake_target' from command line to 'None'
[0.372s] Level 5:colcon.colcon_core.verb:set package 'turtlesim_plus_interfaces' build argument 'cmake_target_skip_unavailable' from command line to 'False'
[0.372s] Level 5:colcon.colcon_core.verb:set package 'turtlesim_plus_interfaces' build argument 'cmake_clean_cache' from command line to 'False'
[0.372s] Level 5:colcon.colcon_core.verb:set package 'turtlesim_plus_interfaces' build argument 'cmake_clean_first' from command line to 'False'
[0.372s] Level 5:colcon.colcon_core.verb:set package 'turtlesim_plus_interfaces' build argument 'cmake_force_configure' from command line to 'False'
[0.372s] Level 5:colcon.colcon_core.verb:set package 'turtlesim_plus_interfaces' build argument 'ament_cmake_args' from command line to 'None'
[0.372s] Level 5:colcon.colcon_core.verb:set package 'turtlesim_plus_interfaces' build argument 'catkin_cmake_args' from command line to 'None'
[0.372s] Level 5:colcon.colcon_core.verb:set package 'turtlesim_plus_interfaces' build argument 'catkin_skip_building_tests' from command line to 'False'
[0.372s] DEBUG:colcon.colcon_core.verb:Building package 'turtlesim_plus_interfaces' with the following arguments: {'ament_cmake_args': None, 'build_base': '/home/farao/ros2_ws/build/turtlesim_plus_interfaces', 'catkin_cmake_args': None, 'catkin_skip_building_tests': False, 'cmake_args': None, 'cmake_clean_cache': False, 'cmake_clean_first': False, 'cmake_force_configure': False, 'cmake_target': None, 'cmake_target_skip_unavailable': False, 'install_base': '/home/farao/ros2_ws/install/turtlesim_plus_interfaces', 'merge_install': False, 'path': '/home/farao/ros2_ws/src/turtlesim_plus/turtlesim_plus_interfaces', 'symlink_install': False, 'test_result_base': None}
[0.372s] INFO:colcon.colcon_core.executor:Executing jobs using 'parallel' executor
[0.373s] DEBUG:colcon.colcon_parallel_executor.executor.parallel:run_until_complete
[0.373s] INFO:colcon.colcon_ros.task.ament_cmake.build:Building ROS package in '/home/farao/ros2_ws/src/lab1' with build type 'ament_cmake'
[0.373s] INFO:colcon.colcon_cmake.task.cmake.build:Building CMake package in '/home/farao/ros2_ws/src/lab1'
[0.376s] INFO:colcon.colcon_core.plugin_system:Skipping extension 'colcon_core.shell.bat': Not used on non-Windows systems
[0.376s] INFO:colcon.colcon_core.shell:Skip shell extension 'powershell' for command environment: Not usable outside of PowerShell
[0.376s] DEBUG:colcon.colcon_core.shell:Skip shell extension 'dsv' for command environment
[0.379s] INFO:colcon.colcon_ros.task.ament_cmake.build:Building ROS package in '/home/farao/ros2_ws/src/lab1_interface' with build type 'ament_cmake'
[0.379s] INFO:colcon.colcon_cmake.task.cmake.build:Building CMake package in '/home/farao/ros2_ws/src/lab1_interface'
[0.379s] INFO:colcon.colcon_core.shell:Skip shell extension 'powershell' for command environment: Not usable outside of PowerShell
[0.379s] DEBUG:colcon.colcon_core.shell:Skip shell extension 'dsv' for command environment
[0.382s] INFO:colcon.colcon_ros.task.ament_cmake.build:Building ROS package in '/home/farao/ros2_ws/src/lecture2' with build type 'ament_cmake'
[0.382s] INFO:colcon.colcon_cmake.task.cmake.build:Building CMake package in '/home/farao/ros2_ws/src/lecture2'
[0.383s] INFO:colcon.colcon_core.shell:Skip shell extension 'powershell' for command environment: Not usable outside of PowerShell
[0.383s] DEBUG:colcon.colcon_core.shell:Skip shell extension 'dsv' for command environment
[0.385s] INFO:colcon.colcon_ros.task.ament_cmake.build:Building ROS package in '/home/farao/ros2_ws/src/turtle_bringup' with build type 'ament_cmake'
[0.385s] INFO:colcon.colcon_cmake.task.cmake.build:Building CMake package in '/home/farao/ros2_ws/src/turtle_bringup'
[0.385s] INFO:colcon.colcon_core.shell:Skip shell extension 'powershell' for command environment: Not usable outside of PowerShell
[0.385s] DEBUG:colcon.colcon_core.shell:Skip shell extension 'dsv' for command environment
[0.388s] INFO:colcon.colcon_ros.task.ament_cmake.build:Building ROS package in '/home/farao/ros2_ws/src/turtlesim_plus/turtlesim_plus' with build type 'ament_cmake'
[0.388s] INFO:colcon.colcon_cmake.task.cmake.build:Building CMake package in '/home/farao/ros2_ws/src/turtlesim_plus/turtlesim_plus'
[0.388s] INFO:colcon.colcon_core.shell:Skip shell extension 'powershell' for command environment: Not usable outside of PowerShell
[0.388s] DEBUG:colcon.colcon_core.shell:Skip shell extension 'dsv' for command environment
[0.391s] INFO:colcon.colcon_ros.task.ament_cmake.build:Building ROS package in '/home/farao/ros2_ws/src/turtlesim_plus/turtlesim_plus_interfaces' with build type 'ament_cmake'
[0.391s] INFO:colcon.colcon_cmake.task.cmake.build:Building CMake package in '/home/farao/ros2_ws/src/turtlesim_plus/turtlesim_plus_interfaces'
[0.391s] INFO:colcon.colcon_core.shell:Skip shell extension 'powershell' for command environment: Not usable outside of PowerShell
[0.391s] DEBUG:colcon.colcon_core.shell:Skip shell extension 'dsv' for command environment
[0.399s] DEBUG:colcon.colcon_core.event_handler.log_command:Invoking command in '/home/farao/ros2_ws/build/lab1': CMAKE_PREFIX_PATH=${CMAKE_PREFIX_PATH}:/opt/ros/humble /usr/bin/cmake --build /home/farao/ros2_ws/build/lab1 -- -j20 -l20
[0.403s] DEBUG:colcon.colcon_core.event_handler.log_command:Invoking command in '/home/farao/ros2_ws/build/lab1_interface': CMAKE_PREFIX_PATH=${CMAKE_PREFIX_PATH}:/opt/ros/humble /usr/bin/cmake --build /home/farao/ros2_ws/build/lab1_interface -- -j20 -l20
[0.407s] DEBUG:colcon.colcon_core.event_handler.log_command:Invoking command in '/home/farao/ros2_ws/build/lecture2': CMAKE_PREFIX_PATH=${CMAKE_PREFIX_PATH}:/opt/ros/humble /usr/bin/cmake --build /home/farao/ros2_ws/build/lecture2 -- -j20 -l20
[0.409s] DEBUG:colcon.colcon_core.event_handler.log_command:Invoking command in '/home/farao/ros2_ws/build/turtle_bringup': CMAKE_PREFIX_PATH=${CMAKE_PREFIX_PATH}:/opt/ros/humble /usr/bin/cmake --build /home/farao/ros2_ws/build/turtle_bringup -- -j20 -l20
[0.414s] DEBUG:colcon.colcon_core.event_handler.log_command:Invoking command in '/home/farao/ros2_ws/build/turtlesim_plus': CMAKE_PREFIX_PATH=${CMAKE_PREFIX_PATH}:/opt/ros/humble /usr/bin/cmake --build /home/farao/ros2_ws/build/turtlesim_plus -- -j20 -l20
[0.417s] DEBUG:colcon.colcon_core.event_handler.log_command:Invoking command in '/home/farao/ros2_ws/build/turtlesim_plus_interfaces': CMAKE_PREFIX_PATH=${CMAKE_PREFIX_PATH}:/opt/ros/humble /usr/bin/cmake --build /home/farao/ros2_ws/build/turtlesim_plus_interfaces -- -j20 -l20
[0.692s] DEBUG:colcon.colcon_core.event_handler.log_command:Invoked command in '/home/farao/ros2_ws/build/turtle_bringup' returned '0': CMAKE_PREFIX_PATH=${CMAKE_PREFIX_PATH}:/opt/ros/humble /usr/bin/cmake --build /home/farao/ros2_ws/build/turtle_bringup -- -j20 -l20
[0.694s] DEBUG:colcon.colcon_core.event_handler.log_command:Invoked command in '/home/farao/ros2_ws/build/lab1_interface' returned '0': CMAKE_PREFIX_PATH=${CMAKE_PREFIX_PATH}:/opt/ros/humble /usr/bin/cmake --build /home/farao/ros2_ws/build/lab1_interface -- -j20 -l20
[0.698s] DEBUG:colcon.colcon_core.event_handler.log_command:Invoked command in '/home/farao/ros2_ws/build/turtlesim_plus' returned '0': CMAKE_PREFIX_PATH=${CMAKE_PREFIX_PATH}:/opt/ros/humble /usr/bin/cmake --build /home/farao/ros2_ws/build/turtlesim_plus -- -j20 -l20
[0.720s] DEBUG:colcon.colcon_core.event_handler.log_command:Invoking command in '/home/farao/ros2_ws/build/turtle_bringup': CMAKE_PREFIX_PATH=${CMAKE_PREFIX_PATH}:/opt/ros/humble /usr/bin/cmake --install /home/farao/ros2_ws/build/turtle_bringup
[0.722s] DEBUG:colcon.colcon_core.event_handler.log_command:Invoking command in '/home/farao/ros2_ws/build/turtlesim_plus': CMAKE_PREFIX_PATH=${CMAKE_PREFIX_PATH}:/opt/ros/humble /usr/bin/cmake --install /home/farao/ros2_ws/build/turtlesim_plus
[0.723s] DEBUG:colcon.colcon_core.event_handler.log_command:Invoked command in '/home/farao/ros2_ws/build/turtlesim_plus_interfaces' returned '0': CMAKE_PREFIX_PATH=${CMAKE_PREFIX_PATH}:/opt/ros/humble /usr/bin/cmake --build /home/farao/ros2_ws/build/turtlesim_plus_interfaces -- -j20 -l20
[0.729s] DEBUG:colcon.colcon_core.event_handler.log_command:Invoked command in '/home/farao/ros2_ws/build/lab1' returned '0': CMAKE_PREFIX_PATH=${CMAKE_PREFIX_PATH}:/opt/ros/humble /usr/bin/cmake --build /home/farao/ros2_ws/build/lab1 -- -j20 -l20
[0.740s] DEBUG:colcon.colcon_core.event_handler.log_command:Invoking command in '/home/farao/ros2_ws/build/lab1_interface': CMAKE_PREFIX_PATH=${CMAKE_PREFIX_PATH}:/opt/ros/humble /usr/bin/cmake --install /home/farao/ros2_ws/build/lab1_interface
[0.749s] DEBUG:colcon.colcon_core.event_handler.log_command:Invoking command in '/home/farao/ros2_ws/build/lab1': CMAKE_PREFIX_PATH=${CMAKE_PREFIX_PATH}:/opt/ros/humble /usr/bin/cmake --install /home/farao/ros2_ws/build/lab1
[0.758s] Level 1:colcon.colcon_core.environment:create_environment_scripts_only(turtle_bringup)
[0.759s] DEBUG:colcon.colcon_core.event_handler.log_command:Invoked command in '/home/farao/ros2_ws/build/turtle_bringup' returned '0': CMAKE_PREFIX_PATH=${CMAKE_PREFIX_PATH}:/opt/ros/humble /usr/bin/cmake --install /home/farao/ros2_ws/build/turtle_bringup
[0.765s] Level 1:colcon.colcon_core.environment:checking '/home/farao/ros2_ws/install/turtle_bringup' for CMake module files
[0.765s] Level 1:colcon.colcon_core.environment:checking '/home/farao/ros2_ws/install/turtle_bringup' for CMake config files
[0.765s] Level 1:colcon.colcon_core.shell:create_environment_hook('turtle_bringup', 'cmake_prefix_path')
[0.765s] INFO:colcon.colcon_core.shell:Creating environment hook '/home/farao/ros2_ws/install/turtle_bringup/share/turtle_bringup/hook/cmake_prefix_path.ps1'
[0.766s] INFO:colcon.colcon_core.shell:Creating environment descriptor '/home/farao/ros2_ws/install/turtle_bringup/share/turtle_bringup/hook/cmake_prefix_path.dsv'
[0.766s] INFO:colcon.colcon_core.shell:Creating environment hook '/home/farao/ros2_ws/install/turtle_bringup/share/turtle_bringup/hook/cmake_prefix_path.sh'
[0.767s] Level 1:colcon.colcon_core.environment:checking '/home/farao/ros2_ws/install/turtle_bringup/lib'
[0.767s] Level 1:colcon.colcon_core.environment:checking '/home/farao/ros2_ws/install/turtle_bringup/bin'
[0.767s] Level 1:colcon.colcon_core.environment:checking '/home/farao/ros2_ws/install/turtle_bringup/lib/pkgconfig/turtle_bringup.pc'
[0.768s] Level 1:colcon.colcon_core.environment:checking '/home/farao/ros2_ws/install/turtle_bringup/lib/python3.10/site-packages'
[0.768s] Level 1:colcon.colcon_core.environment:checking '/home/farao/ros2_ws/install/turtle_bringup/bin'
[0.768s] INFO:colcon.colcon_core.shell:Creating package script '/home/farao/ros2_ws/install/turtle_bringup/share/turtle_bringup/package.ps1'
[0.769s] INFO:colcon.colcon_core.shell:Creating package descriptor '/home/farao/ros2_ws/install/turtle_bringup/share/turtle_bringup/package.dsv'
[0.769s] INFO:colcon.colcon_core.shell:Creating package script '/home/farao/ros2_ws/install/turtle_bringup/share/turtle_bringup/package.sh'
[0.770s] INFO:colcon.colcon_core.shell:Creating package script '/home/farao/ros2_ws/install/turtle_bringup/share/turtle_bringup/package.bash'
[0.771s] INFO:colcon.colcon_core.shell:Creating package script '/home/farao/ros2_ws/install/turtle_bringup/share/turtle_bringup/package.zsh'
[0.771s] Level 1:colcon.colcon_core.environment:create_file_with_runtime_dependencies(/home/farao/ros2_ws/install/turtle_bringup/share/colcon-core/packages/turtle_bringup)
[0.773s] Level 1:colcon.colcon_core.environment:create_environment_scripts_only(turtlesim_plus)
[0.774s] Level 1:colcon.colcon_core.environment:checking '/home/farao/ros2_ws/install/turtlesim_plus' for CMake module files
[0.774s] DEBUG:colcon.colcon_core.event_handler.log_command:Invoked command in '/home/farao/ros2_ws/build/turtlesim_plus' returned '0': CMAKE_PREFIX_PATH=${CMAKE_PREFIX_PATH}:/opt/ros/humble /usr/bin/cmake --install /home/farao/ros2_ws/build/turtlesim_plus
[0.775s] Level 1:colcon.colcon_core.environment:checking '/home/farao/ros2_ws/install/turtlesim_plus' for CMake config files
[0.775s] Level 1:colcon.colcon_core.shell:create_environment_hook('turtlesim_plus', 'cmake_prefix_path')
[0.775s] INFO:colcon.colcon_core.shell:Creating environment hook '/home/farao/ros2_ws/install/turtlesim_plus/share/turtlesim_plus/hook/cmake_prefix_path.ps1'
[0.775s] INFO:colcon.colcon_core.shell:Creating environment descriptor '/home/farao/ros2_ws/install/turtlesim_plus/share/turtlesim_plus/hook/cmake_prefix_path.dsv'
[0.775s] INFO:colcon.colcon_core.shell:Creating environment hook '/home/farao/ros2_ws/install/turtlesim_plus/share/turtlesim_plus/hook/cmake_prefix_path.sh'
[0.776s] Level 1:colcon.colcon_core.environment:checking '/home/farao/ros2_ws/install/turtlesim_plus/lib'
[0.776s] Level 1:colcon.colcon_core.environment:checking '/home/farao/ros2_ws/install/turtlesim_plus/bin'
[0.776s] Level 1:colcon.colcon_core.environment:checking '/home/farao/ros2_ws/install/turtlesim_plus/lib/pkgconfig/turtlesim_plus.pc'
[0.776s] Level 1:colcon.colcon_core.environment:checking '/home/farao/ros2_ws/install/turtlesim_plus/lib/python3.10/site-packages'
[0.776s] Level 1:colcon.colcon_core.environment:checking '/home/farao/ros2_ws/install/turtlesim_plus/bin'
[0.776s] INFO:colcon.colcon_core.shell:Creating package script '/home/farao/ros2_ws/install/turtlesim_plus/share/turtlesim_plus/package.ps1'
[0.777s] INFO:colcon.colcon_core.shell:Creating package descriptor '/home/farao/ros2_ws/install/turtlesim_plus/share/turtlesim_plus/package.dsv'
[0.777s] INFO:colcon.colcon_core.shell:Creating package script '/home/farao/ros2_ws/install/turtlesim_plus/share/turtlesim_plus/package.sh'
[0.777s] INFO:colcon.colcon_core.shell:Creating package script '/home/farao/ros2_ws/install/turtlesim_plus/share/turtlesim_plus/package.bash'
[0.778s] INFO:colcon.colcon_core.shell:Creating package script '/home/farao/ros2_ws/install/turtlesim_plus/share/turtlesim_plus/package.zsh'
[0.778s] Level 1:colcon.colcon_core.environment:create_file_with_runtime_dependencies(/home/farao/ros2_ws/install/turtlesim_plus/share/colcon-core/packages/turtlesim_plus)
[0.792s] Level 1:colcon.colcon_core.environment:create_environment_scripts_only(lab1)
[0.793s] Level 1:colcon.colcon_core.environment:checking '/home/farao/ros2_ws/install/lab1' for CMake module files
[0.793s] DEBUG:colcon.colcon_core.event_handler.log_command:Invoked command in '/home/farao/ros2_ws/build/lab1' returned '0': CMAKE_PREFIX_PATH=${CMAKE_PREFIX_PATH}:/opt/ros/humble /usr/bin/cmake --install /home/farao/ros2_ws/build/lab1
[0.794s] Level 1:colcon.colcon_core.environment:checking '/home/farao/ros2_ws/install/lab1' for CMake config files
[0.794s] Level 1:colcon.colcon_core.shell:create_environment_hook('lab1', 'cmake_prefix_path')
[0.794s] INFO:colcon.colcon_core.shell:Creating environment hook '/home/farao/ros2_ws/install/lab1/share/lab1/hook/cmake_prefix_path.ps1'
[0.795s] INFO:colcon.colcon_core.shell:Creating environment descriptor '/home/farao/ros2_ws/install/lab1/share/lab1/hook/cmake_prefix_path.dsv'
[0.795s] INFO:colcon.colcon_core.shell:Creating environment hook '/home/farao/ros2_ws/install/lab1/share/lab1/hook/cmake_prefix_path.sh'
[0.795s] Level 1:colcon.colcon_core.environment:checking '/home/farao/ros2_ws/install/lab1/lib'
[0.795s] Level 1:colcon.colcon_core.environment:checking '/home/farao/ros2_ws/install/lab1/bin'
[0.795s] Level 1:colcon.colcon_core.environment:checking '/home/farao/ros2_ws/install/lab1/lib/pkgconfig/lab1.pc'
[0.796s] Level 1:colcon.colcon_core.environment:checking '/home/farao/ros2_ws/install/lab1/lib/python3.10/site-packages'
[0.796s] Level 1:colcon.colcon_core.environment:checking '/home/farao/ros2_ws/install/lab1/bin'
[0.796s] INFO:colcon.colcon_core.shell:Creating package script '/home/farao/ros2_ws/install/lab1/share/lab1/package.ps1'
[0.797s] INFO:colcon.colcon_core.shell:Creating package descriptor '/home/farao/ros2_ws/install/lab1/share/lab1/package.dsv'
[0.797s] INFO:colcon.colcon_core.shell:Creating package script '/home/farao/ros2_ws/install/lab1/share/lab1/package.sh'
[0.797s] INFO:colcon.colcon_core.shell:Creating package script '/home/farao/ros2_ws/install/lab1/share/lab1/package.bash'
[0.798s] INFO:colcon.colcon_core.shell:Creating package script '/home/farao/ros2_ws/install/lab1/share/lab1/package.zsh'
[0.798s] Level 1:colcon.colcon_core.environment:create_file_with_runtime_dependencies(/home/farao/ros2_ws/install/lab1/share/colcon-core/packages/lab1)
[0.800s] DEBUG:colcon.colcon_core.event_handler.log_command:Invoked command in '/home/farao/ros2_ws/build/lecture2' returned '0': CMAKE_PREFIX_PATH=${CMAKE_PREFIX_PATH}:/opt/ros/humble /usr/bin/cmake --build /home/farao/ros2_ws/build/lecture2 -- -j20 -l20
[0.801s] Level 1:colcon.colcon_core.environment:create_environment_scripts_only(turtle_bringup)
[0.801s] Level 1:colcon.colcon_core.environment:checking '/home/farao/ros2_ws/install/turtle_bringup' for CMake module files
[0.802s] Level 1:colcon.colcon_core.environment:checking '/home/farao/ros2_ws/install/turtle_bringup' for CMake config files
[0.803s] Level 1:colcon.colcon_core.shell:create_environment_hook('turtle_bringup', 'cmake_prefix_path')
[0.803s] INFO:colcon.colcon_core.shell:Creating environment hook '/home/farao/ros2_ws/install/turtle_bringup/share/turtle_bringup/hook/cmake_prefix_path.ps1'
[0.803s] INFO:colcon.colcon_core.shell:Creating environment descriptor '/home/farao/ros2_ws/install/turtle_bringup/share/turtle_bringup/hook/cmake_prefix_path.dsv'
[0.803s] INFO:colcon.colcon_core.shell:Creating environment hook '/home/farao/ros2_ws/install/turtle_bringup/share/turtle_bringup/hook/cmake_prefix_path.sh'
[0.804s] Level 1:colcon.colcon_core.environment:checking '/home/farao/ros2_ws/install/turtle_bringup/lib'
[0.804s] Level 1:colcon.colcon_core.environment:checking '/home/farao/ros2_ws/install/turtle_bringup/bin'
[0.804s] Level 1:colcon.colcon_core.environment:checking '/home/farao/ros2_ws/install/turtle_bringup/lib/pkgconfig/turtle_bringup.pc'
[0.804s] Level 1:colcon.colcon_core.environment:checking '/home/farao/ros2_ws/install/turtle_bringup/lib/python3.10/site-packages'
[0.804s] Level 1:colcon.colcon_core.environment:checking '/home/farao/ros2_ws/install/turtle_bringup/bin'
[0.805s] INFO:colcon.colcon_core.shell:Creating package script '/home/farao/ros2_ws/install/turtle_bringup/share/turtle_bringup/package.ps1'
[0.805s] INFO:colcon.colcon_core.shell:Creating package descriptor '/home/farao/ros2_ws/install/turtle_bringup/share/turtle_bringup/package.dsv'
[0.806s] INFO:colcon.colcon_core.shell:Creating package script '/home/farao/ros2_ws/install/turtle_bringup/share/turtle_bringup/package.sh'
[0.806s] INFO:colcon.colcon_core.shell:Creating package script '/home/farao/ros2_ws/install/turtle_bringup/share/turtle_bringup/package.bash'
[0.806s] INFO:colcon.colcon_core.shell:Creating package script '/home/farao/ros2_ws/install/turtle_bringup/share/turtle_bringup/package.zsh'
[0.806s] Level 1:colcon.colcon_core.environment:create_file_with_runtime_dependencies(/home/farao/ros2_ws/install/turtle_bringup/share/colcon-core/packages/turtle_bringup)
[0.807s] Level 1:colcon.colcon_core.environment:create_environment_scripts_only(lab1_interface)
[0.807s] Level 1:colcon.colcon_core.environment:checking '/home/farao/ros2_ws/install/lab1_interface' for CMake module files
[0.808s] DEBUG:colcon.colcon_core.event_handler.log_command:Invoked command in '/home/farao/ros2_ws/build/lab1_interface' returned '0': CMAKE_PREFIX_PATH=${CMAKE_PREFIX_PATH}:/opt/ros/humble /usr/bin/cmake --install /home/farao/ros2_ws/build/lab1_interface
[0.809s] Level 1:colcon.colcon_core.environment:checking '/home/farao/ros2_ws/install/lab1_interface' for CMake config files
[0.809s] Level 1:colcon.colcon_core.shell:create_environment_hook('lab1_interface', 'cmake_prefix_path')
[0.810s] INFO:colcon.colcon_core.shell:Creating environment hook '/home/farao/ros2_ws/install/lab1_interface/share/lab1_interface/hook/cmake_prefix_path.ps1'
[0.810s] INFO:colcon.colcon_core.shell:Creating environment descriptor '/home/farao/ros2_ws/install/lab1_interface/share/lab1_interface/hook/cmake_prefix_path.dsv'
[0.811s] INFO:colcon.colcon_core.shell:Creating environment hook '/home/farao/ros2_ws/install/lab1_interface/share/lab1_interface/hook/cmake_prefix_path.sh'
[0.811s] Level 1:colcon.colcon_core.environment:checking '/home/farao/ros2_ws/install/lab1_interface/lib'
[0.811s] Level 1:colcon.colcon_core.shell:create_environment_hook('lab1_interface', 'ld_library_path_lib')
[0.812s] INFO:colcon.colcon_core.shell:Creating environment hook '/home/farao/ros2_ws/install/lab1_interface/share/lab1_interface/hook/ld_library_path_lib.ps1'
[0.812s] INFO:colcon.colcon_core.shell:Creating environment descriptor '/home/farao/ros2_ws/install/lab1_interface/share/lab1_interface/hook/ld_library_path_lib.dsv'
[0.812s] INFO:colcon.colcon_core.shell:Creating environment hook '/home/farao/ros2_ws/install/lab1_interface/share/lab1_interface/hook/ld_library_path_lib.sh'
[0.813s] Level 1:colcon.colcon_core.environment:checking '/home/farao/ros2_ws/install/lab1_interface/bin'
[0.813s] Level 1:colcon.colcon_core.environment:checking '/home/farao/ros2_ws/install/lab1_interface/lib/pkgconfig/lab1_interface.pc'
[0.813s] Level 1:colcon.colcon_core.environment:checking '/home/farao/ros2_ws/install/lab1_interface/lib/python3.10/site-packages'
[0.813s] Level 1:colcon.colcon_core.environment:checking '/home/farao/ros2_ws/install/lab1_interface/bin'
[0.813s] INFO:colcon.colcon_core.shell:Creating package script '/home/farao/ros2_ws/install/lab1_interface/share/lab1_interface/package.ps1'
[0.814s] INFO:colcon.colcon_core.shell:Creating package descriptor '/home/farao/ros2_ws/install/lab1_interface/share/lab1_interface/package.dsv'
[0.814s] INFO:colcon.colcon_core.shell:Creating package script '/home/farao/ros2_ws/install/lab1_interface/share/lab1_interface/package.sh'
[0.815s] INFO:colcon.colcon_core.shell:Creating package script '/home/farao/ros2_ws/install/lab1_interface/share/lab1_interface/package.bash'
[0.815s] INFO:colcon.colcon_core.shell:Creating package script '/home/farao/ros2_ws/install/lab1_interface/share/lab1_interface/package.zsh'
[0.815s] Level 1:colcon.colcon_core.environment:create_file_with_runtime_dependencies(/home/farao/ros2_ws/install/lab1_interface/share/colcon-core/packages/lab1_interface)
[0.817s] Level 1:colcon.colcon_core.environment:create_environment_scripts_only(turtlesim_plus)
[0.817s] Level 1:colcon.colcon_core.environment:checking '/home/farao/ros2_ws/install/turtlesim_plus' for CMake module files
[0.817s] Level 1:colcon.colcon_core.environment:checking '/home/farao/ros2_ws/install/turtlesim_plus' for CMake config files
[0.818s] Level 1:colcon.colcon_core.shell:create_environment_hook('turtlesim_plus', 'cmake_prefix_path')
[0.818s] INFO:colcon.colcon_core.shell:Creating environment hook '/home/farao/ros2_ws/install/turtlesim_plus/share/turtlesim_plus/hook/cmake_prefix_path.ps1'
[0.819s] INFO:colcon.colcon_core.shell:Creating environment descriptor '/home/farao/ros2_ws/install/turtlesim_plus/share/turtlesim_plus/hook/cmake_prefix_path.dsv'
[0.819s] INFO:colcon.colcon_core.shell:Creating environment hook '/home/farao/ros2_ws/install/turtlesim_plus/share/turtlesim_plus/hook/cmake_prefix_path.sh'
[0.819s] Level 1:colcon.colcon_core.environment:checking '/home/farao/ros2_ws/install/turtlesim_plus/lib'
[0.819s] Level 1:colcon.colcon_core.environment:checking '/home/farao/ros2_ws/install/turtlesim_plus/bin'
[0.819s] Level 1:colcon.colcon_core.environment:checking '/home/farao/ros2_ws/install/turtlesim_plus/lib/pkgconfig/turtlesim_plus.pc'
[0.819s] Level 1:colcon.colcon_core.environment:checking '/home/farao/ros2_ws/install/turtlesim_plus/lib/python3.10/site-packages'
[0.820s] Level 1:colcon.colcon_core.environment:checking '/home/farao/ros2_ws/install/turtlesim_plus/bin'
[0.820s] INFO:colcon.colcon_core.shell:Creating package script '/home/farao/ros2_ws/install/turtlesim_plus/share/turtlesim_plus/package.ps1'
[0.820s] INFO:colcon.colcon_core.shell:Creating package descriptor '/home/farao/ros2_ws/install/turtlesim_plus/share/turtlesim_plus/package.dsv'
[0.820s] INFO:colcon.colcon_core.shell:Creating package script '/home/farao/ros2_ws/install/turtlesim_plus/share/turtlesim_plus/package.sh'
[0.820s] INFO:colcon.colcon_core.shell:Creating package script '/home/farao/ros2_ws/install/turtlesim_plus/share/turtlesim_plus/package.bash'
[0.821s] INFO:colcon.colcon_core.shell:Creating package script '/home/farao/ros2_ws/install/turtlesim_plus/share/turtlesim_plus/package.zsh'
[0.821s] Level 1:colcon.colcon_core.environment:create_file_with_runtime_dependencies(/home/farao/ros2_ws/install/turtlesim_plus/share/colcon-core/packages/turtlesim_plus)
[0.823s] DEBUG:colcon.colcon_core.event_handler.log_command:Invoking command in '/home/farao/ros2_ws/build/turtlesim_plus_interfaces': CMAKE_PREFIX_PATH=${CMAKE_PREFIX_PATH}:/opt/ros/humble /usr/bin/cmake --install /home/farao/ros2_ws/build/turtlesim_plus_interfaces
[0.825s] Level 1:colcon.colcon_core.environment:create_environment_scripts_only(lab1)
[0.825s] Level 1:colcon.colcon_core.environment:checking '/home/farao/ros2_ws/install/lab1' for CMake module files
[0.825s] Level 1:colcon.colcon_core.environment:checking '/home/farao/ros2_ws/install/lab1' for CMake config files
[0.826s] Level 1:colcon.colcon_core.shell:create_environment_hook('lab1', 'cmake_prefix_path')
[0.826s] INFO:colcon.colcon_core.shell:Creating environment hook '/home/farao/ros2_ws/install/lab1/share/lab1/hook/cmake_prefix_path.ps1'
[0.826s] INFO:colcon.colcon_core.shell:Creating environment descriptor '/home/farao/ros2_ws/install/lab1/share/lab1/hook/cmake_prefix_path.dsv'
[0.826s] INFO:colcon.colcon_core.shell:Creating environment hook '/home/farao/ros2_ws/install/lab1/share/lab1/hook/cmake_prefix_path.sh'
[0.827s] Level 1:colcon.colcon_core.environment:checking '/home/farao/ros2_ws/install/lab1/lib'
[0.827s] Level 1:colcon.colcon_core.environment:checking '/home/farao/ros2_ws/install/lab1/bin'
[0.827s] Level 1:colcon.colcon_core.environment:checking '/home/farao/ros2_ws/install/lab1/lib/pkgconfig/lab1.pc'
[0.827s] Level 1:colcon.colcon_core.environment:checking '/home/farao/ros2_ws/install/lab1/lib/python3.10/site-packages'
[0.827s] Level 1:colcon.colcon_core.environment:checking '/home/farao/ros2_ws/install/lab1/bin'
[0.827s] INFO:colcon.colcon_core.shell:Creating package script '/home/farao/ros2_ws/install/lab1/share/lab1/package.ps1'
[0.828s] INFO:colcon.colcon_core.shell:Creating package descriptor '/home/farao/ros2_ws/install/lab1/share/lab1/package.dsv'
[0.828s] INFO:colcon.colcon_core.shell:Creating package script '/home/farao/ros2_ws/install/lab1/share/lab1/package.sh'
[0.828s] INFO:colcon.colcon_core.shell:Creating package script '/home/farao/ros2_ws/install/lab1/share/lab1/package.bash'
[0.828s] INFO:colcon.colcon_core.shell:Creating package script '/home/farao/ros2_ws/install/lab1/share/lab1/package.zsh'
[0.828s] Level 1:colcon.colcon_core.environment:create_file_with_runtime_dependencies(/home/farao/ros2_ws/install/lab1/share/colcon-core/packages/lab1)
[0.830s] DEBUG:colcon.colcon_core.event_handler.log_command:Invoking command in '/home/farao/ros2_ws/build/lecture2': CMAKE_PREFIX_PATH=${CMAKE_PREFIX_PATH}:/opt/ros/humble /usr/bin/cmake --install /home/farao/ros2_ws/build/lecture2
[0.862s] Level 1:colcon.colcon_core.environment:create_environment_scripts_only(lab1_interface)
[0.862s] Level 1:colcon.colcon_core.environment:checking '/home/farao/ros2_ws/install/lab1_interface' for CMake module files
[0.864s] Level 1:colcon.colcon_core.environment:checking '/home/farao/ros2_ws/install/lab1_interface' for CMake config files
[0.864s] Level 1:colcon.colcon_core.shell:create_environment_hook('lab1_interface', 'cmake_prefix_path')
[0.864s] INFO:colcon.colcon_core.shell:Creating environment hook '/home/farao/ros2_ws/install/lab1_interface/share/lab1_interface/hook/cmake_prefix_path.ps1'
[0.865s] INFO:colcon.colcon_core.shell:Creating environment descriptor '/home/farao/ros2_ws/install/lab1_interface/share/lab1_interface/hook/cmake_prefix_path.dsv'
[0.865s] INFO:colcon.colcon_core.shell:Creating environment hook '/home/farao/ros2_ws/install/lab1_interface/share/lab1_interface/hook/cmake_prefix_path.sh'
[0.866s] Level 1:colcon.colcon_core.environment:checking '/home/farao/ros2_ws/install/lab1_interface/lib'
[0.866s] Level 1:colcon.colcon_core.shell:create_environment_hook('lab1_interface', 'ld_library_path_lib')
[0.866s] INFO:colcon.colcon_core.shell:Creating environment hook '/home/farao/ros2_ws/install/lab1_interface/share/lab1_interface/hook/ld_library_path_lib.ps1'
[0.866s] INFO:colcon.colcon_core.shell:Creating environment descriptor '/home/farao/ros2_ws/install/lab1_interface/share/lab1_interface/hook/ld_library_path_lib.dsv'
[0.866s] INFO:colcon.colcon_core.shell:Creating environment hook '/home/farao/ros2_ws/install/lab1_interface/share/lab1_interface/hook/ld_library_path_lib.sh'
[0.867s] Level 1:colcon.colcon_core.environment:checking '/home/farao/ros2_ws/install/lab1_interface/bin'
[0.867s] Level 1:colcon.colcon_core.environment:checking '/home/farao/ros2_ws/install/lab1_interface/lib/pkgconfig/lab1_interface.pc'
[0.867s] Level 1:colcon.colcon_core.environment:checking '/home/farao/ros2_ws/install/lab1_interface/lib/python3.10/site-packages'
[0.867s] Level 1:colcon.colcon_core.environment:checking '/home/farao/ros2_ws/install/lab1_interface/bin'
[0.867s] INFO:colcon.colcon_core.shell:Creating package script '/home/farao/ros2_ws/install/lab1_interface/share/lab1_interface/package.ps1'
[0.867s] INFO:colcon.colcon_core.shell:Creating package descriptor '/home/farao/ros2_ws/install/lab1_interface/share/lab1_interface/package.dsv'
[0.868s] INFO:colcon.colcon_core.shell:Creating package script '/home/farao/ros2_ws/install/lab1_interface/share/lab1_interface/package.sh'
[0.868s] INFO:colcon.colcon_core.shell:Creating package script '/home/farao/ros2_ws/install/lab1_interface/share/lab1_interface/package.bash'
[0.868s] INFO:colcon.colcon_core.shell:Creating package script '/home/farao/ros2_ws/install/lab1_interface/share/lab1_interface/package.zsh'
[0.868s] Level 1:colcon.colcon_core.environment:create_file_with_runtime_dependencies(/home/farao/ros2_ws/install/lab1_interface/share/colcon-core/packages/lab1_interface)
[0.869s] Level 1:colcon.colcon_core.environment:create_environment_scripts_only(lecture2)
[0.869s] Level 1:colcon.colcon_core.environment:checking '/home/farao/ros2_ws/install/lecture2' for CMake module files
[0.870s] DEBUG:colcon.colcon_core.event_handler.log_command:Invoked command in '/home/farao/ros2_ws/build/lecture2' returned '0': CMAKE_PREFIX_PATH=${CMAKE_PREFIX_PATH}:/opt/ros/humble /usr/bin/cmake --install /home/farao/ros2_ws/build/lecture2
[0.871s] Level 1:colcon.colcon_core.environment:checking '/home/farao/ros2_ws/install/lecture2' for CMake config files
[0.872s] Level 1:colcon.colcon_core.shell:create_environment_hook('lecture2', 'cmake_prefix_path')
[0.873s] INFO:colcon.colcon_core.shell:Creating environment hook '/home/farao/ros2_ws/install/lecture2/share/lecture2/hook/cmake_prefix_path.ps1'
[0.873s] INFO:colcon.colcon_core.shell:Creating environment descriptor '/home/farao/ros2_ws/install/lecture2/share/lecture2/hook/cmake_prefix_path.dsv'
[0.873s] INFO:colcon.colcon_core.shell:Creating environment hook '/home/farao/ros2_ws/install/lecture2/share/lecture2/hook/cmake_prefix_path.sh'
[0.874s] Level 1:colcon.colcon_core.environment:checking '/home/farao/ros2_ws/install/lecture2/lib'
[0.874s] Level 1:colcon.colcon_core.environment:checking '/home/farao/ros2_ws/install/lecture2/bin'
[0.874s] Level 1:colcon.colcon_core.environment:checking '/home/farao/ros2_ws/install/lecture2/lib/pkgconfig/lecture2.pc'
[0.874s] Level 1:colcon.colcon_core.environment:checking '/home/farao/ros2_ws/install/lecture2/lib/python3.10/site-packages'
[0.874s] Level 1:colcon.colcon_core.environment:checking '/home/farao/ros2_ws/install/lecture2/bin'
[0.874s] INFO:colcon.colcon_core.shell:Creating package script '/home/farao/ros2_ws/install/lecture2/share/lecture2/package.ps1'
[0.875s] INFO:colcon.colcon_core.shell:Creating package descriptor '/home/farao/ros2_ws/install/lecture2/share/lecture2/package.dsv'
[0.875s] INFO:colcon.colcon_core.shell:Creating package script '/home/farao/ros2_ws/install/lecture2/share/lecture2/package.sh'
[0.876s] INFO:colcon.colcon_core.shell:Creating package script '/home/farao/ros2_ws/install/lecture2/share/lecture2/package.bash'
[0.877s] INFO:colcon.colcon_core.shell:Creating package script '/home/farao/ros2_ws/install/lecture2/share/lecture2/package.zsh'
[0.877s] Level 1:colcon.colcon_core.environment:create_file_with_runtime_dependencies(/home/farao/ros2_ws/install/lecture2/share/colcon-core/packages/lecture2)
[0.879s] Level 1:colcon.colcon_core.environment:create_environment_scripts_only(turtlesim_plus_interfaces)
[0.879s] Level 1:colcon.colcon_core.environment:checking '/home/farao/ros2_ws/install/turtlesim_plus_interfaces' for CMake module files
[0.879s] DEBUG:colcon.colcon_core.event_handler.log_command:Invoked command in '/home/farao/ros2_ws/build/turtlesim_plus_interfaces' returned '0': CMAKE_PREFIX_PATH=${CMAKE_PREFIX_PATH}:/opt/ros/humble /usr/bin/cmake --install /home/farao/ros2_ws/build/turtlesim_plus_interfaces
[0.880s] Level 1:colcon.colcon_core.environment:checking '/home/farao/ros2_ws/install/turtlesim_plus_interfaces' for CMake config files
[0.881s] Level 1:colcon.colcon_core.shell:create_environment_hook('turtlesim_plus_interfaces', 'cmake_prefix_path')
[0.881s] INFO:colcon.colcon_core.shell:Creating environment hook '/home/farao/ros2_ws/install/turtlesim_plus_interfaces/share/turtlesim_plus_interfaces/hook/cmake_prefix_path.ps1'
[0.882s] INFO:colcon.colcon_core.shell:Creating environment descriptor '/home/farao/ros2_ws/install/turtlesim_plus_interfaces/share/turtlesim_plus_interfaces/hook/cmake_prefix_path.dsv'
[0.882s] INFO:colcon.colcon_core.shell:Creating environment hook '/home/farao/ros2_ws/install/turtlesim_plus_interfaces/share/turtlesim_plus_interfaces/hook/cmake_prefix_path.sh'
[0.882s] Level 1:colcon.colcon_core.environment:checking '/home/farao/ros2_ws/install/turtlesim_plus_interfaces/lib'
[0.882s] Level 1:colcon.colcon_core.shell:create_environment_hook('turtlesim_plus_interfaces', 'ld_library_path_lib')
[0.882s] INFO:colcon.colcon_core.shell:Creating environment hook '/home/farao/ros2_ws/install/turtlesim_plus_interfaces/share/turtlesim_plus_interfaces/hook/ld_library_path_lib.ps1'
[0.882s] INFO:colcon.colcon_core.shell:Creating environment descriptor '/home/farao/ros2_ws/install/turtlesim_plus_interfaces/share/turtlesim_plus_interfaces/hook/ld_library_path_lib.dsv'
[0.883s] INFO:colcon.colcon_core.shell:Creating environment hook '/home/farao/ros2_ws/install/turtlesim_plus_interfaces/share/turtlesim_plus_interfaces/hook/ld_library_path_lib.sh'
[0.883s] Level 1:colcon.colcon_core.environment:checking '/home/farao/ros2_ws/install/turtlesim_plus_interfaces/bin'
[0.883s] Level 1:colcon.colcon_core.environment:checking '/home/farao/ros2_ws/install/turtlesim_plus_interfaces/lib/pkgconfig/turtlesim_plus_interfaces.pc'
[0.883s] Level 1:colcon.colcon_core.environment:checking '/home/farao/ros2_ws/install/turtlesim_plus_interfaces/lib/python3.10/site-packages'
[0.883s] Level 1:colcon.colcon_core.environment:checking '/home/farao/ros2_ws/install/turtlesim_plus_interfaces/bin'
[0.883s] INFO:colcon.colcon_core.shell:Creating package script '/home/farao/ros2_ws/install/turtlesim_plus_interfaces/share/turtlesim_plus_interfaces/package.ps1'
[0.883s] INFO:colcon.colcon_core.shell:Creating package descriptor '/home/farao/ros2_ws/install/turtlesim_plus_interfaces/share/turtlesim_plus_interfaces/package.dsv'
[0.884s] INFO:colcon.colcon_core.shell:Creating package script '/home/farao/ros2_ws/install/turtlesim_plus_interfaces/share/turtlesim_plus_interfaces/package.sh'
[0.884s] INFO:colcon.colcon_core.shell:Creating package script '/home/farao/ros2_ws/install/turtlesim_plus_interfaces/share/turtlesim_plus_interfaces/package.bash'
[0.884s] INFO:colcon.colcon_core.shell:Creating package script '/home/farao/ros2_ws/install/turtlesim_plus_interfaces/share/turtlesim_plus_interfaces/package.zsh'
[0.884s] Level 1:colcon.colcon_core.environment:create_file_with_runtime_dependencies(/home/farao/ros2_ws/install/turtlesim_plus_interfaces/share/colcon-core/packages/turtlesim_plus_interfaces)
[0.898s] Level 1:colcon.colcon_core.environment:create_environment_scripts_only(lecture2)
[0.898s] Level 1:colcon.colcon_core.environment:checking '/home/farao/ros2_ws/install/lecture2' for CMake module files
[0.899s] Level 1:colcon.colcon_core.environment:checking '/home/farao/ros2_ws/install/lecture2' for CMake config files
[0.899s] Level 1:colcon.colcon_core.shell:create_environment_hook('lecture2', 'cmake_prefix_path')
[0.899s] INFO:colcon.colcon_core.shell:Creating environment hook '/home/farao/ros2_ws/install/lecture2/share/lecture2/hook/cmake_prefix_path.ps1'
[0.899s] INFO:colcon.colcon_core.shell:Creating environment descriptor '/home/farao/ros2_ws/install/lecture2/share/lecture2/hook/cmake_prefix_path.dsv'
[0.900s] INFO:colcon.colcon_core.shell:Creating environment hook '/home/farao/ros2_ws/install/lecture2/share/lecture2/hook/cmake_prefix_path.sh'
[0.900s] Level 1:colcon.colcon_core.environment:checking '/home/farao/ros2_ws/install/lecture2/lib'
[0.900s] Level 1:colcon.colcon_core.environment:checking '/home/farao/ros2_ws/install/lecture2/bin'
[0.900s] Level 1:colcon.colcon_core.environment:checking '/home/farao/ros2_ws/install/lecture2/lib/pkgconfig/lecture2.pc'
[0.900s] Level 1:colcon.colcon_core.environment:checking '/home/farao/ros2_ws/install/lecture2/lib/python3.10/site-packages'
[0.900s] Level 1:colcon.colcon_core.environment:checking '/home/farao/ros2_ws/install/lecture2/bin'
[0.900s] INFO:colcon.colcon_core.shell:Creating package script '/home/farao/ros2_ws/install/lecture2/share/lecture2/package.ps1'
[0.901s] INFO:colcon.colcon_core.shell:Creating package descriptor '/home/farao/ros2_ws/install/lecture2/share/lecture2/package.dsv'
[0.901s] INFO:colcon.colcon_core.shell:Creating package script '/home/farao/ros2_ws/install/lecture2/share/lecture2/package.sh'
[0.901s] INFO:colcon.colcon_core.shell:Creating package script '/home/farao/ros2_ws/install/lecture2/share/lecture2/package.bash'
[0.901s] INFO:colcon.colcon_core.shell:Creating package script '/home/farao/ros2_ws/install/lecture2/share/lecture2/package.zsh'
[0.902s] Level 1:colcon.colcon_core.environment:create_file_with_runtime_dependencies(/home/farao/ros2_ws/install/lecture2/share/colcon-core/packages/lecture2)
[0.980s] Level 1:colcon.colcon_core.environment:create_environment_scripts_only(turtlesim_plus_interfaces)
[0.981s] Level 1:colcon.colcon_core.environment:checking '/home/farao/ros2_ws/install/turtlesim_plus_interfaces' for CMake module files
[0.981s] Level 1:colcon.colcon_core.environment:checking '/home/farao/ros2_ws/install/turtlesim_plus_interfaces' for CMake config files
[0.981s] Level 1:colcon.colcon_core.shell:create_environment_hook('turtlesim_plus_interfaces', 'cmake_prefix_path')
[0.981s] INFO:colcon.colcon_core.shell:Creating environment hook '/home/farao/ros2_ws/install/turtlesim_plus_interfaces/share/turtlesim_plus_interfaces/hook/cmake_prefix_path.ps1'
[0.982s] INFO:colcon.colcon_core.shell:Creating environment descriptor '/home/farao/ros2_ws/install/turtlesim_plus_interfaces/share/turtlesim_plus_interfaces/hook/cmake_prefix_path.dsv'
[0.982s] INFO:colcon.colcon_core.shell:Creating environment hook '/home/farao/ros2_ws/install/turtlesim_plus_interfaces/share/turtlesim_plus_interfaces/hook/cmake_prefix_path.sh'
[0.982s] Level 1:colcon.colcon_core.environment:checking '/home/farao/ros2_ws/install/turtlesim_plus_interfaces/lib'
[0.982s] Level 1:colcon.colcon_core.shell:create_environment_hook('turtlesim_plus_interfaces', 'ld_library_path_lib')
[0.982s] INFO:colcon.colcon_core.shell:Creating environment hook '/home/farao/ros2_ws/install/turtlesim_plus_interfaces/share/turtlesim_plus_interfaces/hook/ld_library_path_lib.ps1'
[0.982s] INFO:colcon.colcon_core.shell:Creating environment descriptor '/home/farao/ros2_ws/install/turtlesim_plus_interfaces/share/turtlesim_plus_interfaces/hook/ld_library_path_lib.dsv'
[0.983s] INFO:colcon.colcon_core.shell:Creating environment hook '/home/farao/ros2_ws/install/turtlesim_plus_interfaces/share/turtlesim_plus_interfaces/hook/ld_library_path_lib.sh'
[0.983s] Level 1:colcon.colcon_core.environment:checking '/home/farao/ros2_ws/install/turtlesim_plus_interfaces/bin'
[0.983s] Level 1:colcon.colcon_core.environment:checking '/home/farao/ros2_ws/install/turtlesim_plus_interfaces/lib/pkgconfig/turtlesim_plus_interfaces.pc'
[0.983s] Level 1:colcon.colcon_core.environment:checking '/home/farao/ros2_ws/install/turtlesim_plus_interfaces/lib/python3.10/site-packages'
[0.983s] Level 1:colcon.colcon_core.environment:checking '/home/farao/ros2_ws/install/turtlesim_plus_interfaces/bin'
[0.983s] INFO:colcon.colcon_core.shell:Creating package script '/home/farao/ros2_ws/install/turtlesim_plus_interfaces/share/turtlesim_plus_interfaces/package.ps1'
[0.984s] INFO:colcon.colcon_core.shell:Creating package descriptor '/home/farao/ros2_ws/install/turtlesim_plus_interfaces/share/turtlesim_plus_interfaces/package.dsv'
[0.984s] INFO:colcon.colcon_core.shell:Creating package script '/home/farao/ros2_ws/install/turtlesim_plus_interfaces/share/turtlesim_plus_interfaces/package.sh'
[0.984s] INFO:colcon.colcon_core.shell:Creating package script '/home/farao/ros2_ws/install/turtlesim_plus_interfaces/share/turtlesim_plus_interfaces/package.bash'
[0.984s] INFO:colcon.colcon_core.shell:Creating package script '/home/farao/ros2_ws/install/turtlesim_plus_interfaces/share/turtlesim_plus_interfaces/package.zsh'
[0.984s] Level 1:colcon.colcon_core.environment:create_file_with_runtime_dependencies(/home/farao/ros2_ws/install/turtlesim_plus_interfaces/share/colcon-core/packages/turtlesim_plus_interfaces)
[0.984s] DEBUG:colcon.colcon_parallel_executor.executor.parallel:closing loop
[0.985s] DEBUG:colcon.colcon_parallel_executor.executor.parallel:loop closed
[0.985s] DEBUG:colcon.colcon_parallel_executor.executor.parallel:run_until_complete finished with '0'
[0.985s] DEBUG:colcon.colcon_core.event_reactor:joining thread
[0.990s] INFO:colcon.colcon_core.plugin_system:Skipping extension 'colcon_notification.desktop_notification.terminal_notifier': Not used on non-Darwin systems
[0.990s] INFO:colcon.colcon_core.plugin_system:Skipping extension 'colcon_notification.desktop_notification.win32': Not used on non-Windows systems
[0.990s] INFO:colcon.colcon_notification.desktop_notification:Sending desktop notification using 'notify2'
[0.998s] DEBUG:colcon.colcon_core.event_reactor:joined thread
[0.999s] INFO:colcon.colcon_core.shell:Creating prefix script '/home/farao/ros2_ws/install/local_setup.ps1'
[1.000s] INFO:colcon.colcon_core.shell:Creating prefix util module '/home/farao/ros2_ws/install/_local_setup_util_ps1.py'
[1.002s] INFO:colcon.colcon_core.shell:Creating prefix chain script '/home/farao/ros2_ws/install/setup.ps1'
[1.003s] INFO:colcon.colcon_core.shell:Creating prefix script '/home/farao/ros2_ws/install/local_setup.sh'
[1.003s] INFO:colcon.colcon_core.shell:Creating prefix util module '/home/farao/ros2_ws/install/_local_setup_util_sh.py'
[1.004s] INFO:colcon.colcon_core.shell:Creating prefix chain script '/home/farao/ros2_ws/install/setup.sh'
[1.005s] INFO:colcon.colcon_core.shell:Creating prefix script '/home/farao/ros2_ws/install/local_setup.bash'
[1.006s] INFO:colcon.colcon_core.shell:Creating prefix chain script '/home/farao/ros2_ws/install/setup.bash'
[1.007s] INFO:colcon.colcon_core.shell:Creating prefix script '/home/farao/ros2_ws/install/local_setup.zsh'
[1.008s] INFO:colcon.colcon_core.shell:Creating prefix chain script '/home/farao/ros2_ws/install/setup.zsh'
