[0.019s] Invoking command in '/home/farao/ros2_ws/src/build/controller_interfaces': CMAKE_PREFIX_PATH=${CMAKE_PREFIX_PATH}:/opt/ros/humble /usr/bin/cmake /home/farao/ros2_ws/src/controller_interfaces -DCMAKE_INSTALL_PREFIX=/home/farao/ros2_ws/src/install/controller_interfaces
[0.058s] -- The C compiler identification is GNU 11.4.0
[0.095s] -- The CXX compiler identification is GNU 11.4.0
[0.100s] -- Detecting C compiler ABI info
[0.148s] -- Detecting C compiler ABI info - done
[0.156s] -- Check for working C compiler: /usr/bin/cc - skipped
[0.156s] -- Detecting C compile features
[0.156s] -- Detecting C compile features - done
[0.159s] -- Detecting CXX compiler ABI info
[0.213s] -- Detecting CXX compiler ABI info - done
[0.219s] -- Check for working CXX compiler: /usr/bin/c++ - skipped
[0.219s] -- Detecting CXX compile features
[0.219s] -- Detecting CXX compile features - done
[0.220s] -- Found ament_cmake: 1.3.9 (/opt/ros/humble/share/ament_cmake/cmake)
[0.337s] -- Found Python3: /usr/bin/python3 (found version "3.10.12") found components: Interpreter 
[0.397s] -- Found std_msgs: 4.2.4 (/opt/ros/humble/share/std_msgs/cmake)
[0.420s] -- Found rosidl_generator_c: 3.1.5 (/opt/ros/humble/share/rosidl_generator_c/cmake)
[0.423s] -- Found rosidl_adapter: 3.1.5 (/opt/ros/humble/share/rosidl_adapter/cmake)
[0.428s] -- Found rosidl_generator_cpp: 3.1.5 (/opt/ros/humble/share/rosidl_generator_cpp/cmake)
[0.437s] -- Using all available rosidl_typesupport_c: rosidl_typesupport_fastrtps_c;rosidl_typesupport_introspection_c
[0.449s] -- Using all available rosidl_typesupport_cpp: rosidl_typesupport_fastrtps_cpp;rosidl_typesupport_introspection_cpp
[0.485s] -- Found geometry_msgs: 4.2.4 (/opt/ros/humble/share/geometry_msgs/cmake)
[0.512s] -- Found rosidl_default_generators: 1.2.0 (/opt/ros/humble/share/rosidl_default_generators/cmake)
[0.518s] -- Found ament_lint_auto: 0.12.11 (/opt/ros/humble/share/ament_lint_auto/cmake)
[0.732s] -- Found ament_cmake_ros: 0.10.0 (/opt/ros/humble/share/ament_cmake_ros/cmake)
[1.041s] -- Using all available rosidl_typesupport_c: rosidl_typesupport_fastrtps_c;rosidl_typesupport_introspection_c
[1.186s] -- Using all available rosidl_typesupport_cpp: rosidl_typesupport_fastrtps_cpp;rosidl_typesupport_introspection_cpp
[1.202s] -- Found PythonInterp: /usr/bin/python3 (found suitable version "3.10.12", minimum required is "3.6") 
[1.203s] -- Found python_cmake_module: 0.10.0 (/opt/ros/humble/share/python_cmake_module/cmake)
[1.221s] -- Found PythonLibs: /usr/lib/x86_64-linux-gnu/libpython3.10.so (found suitable version "3.10.12", minimum required is "3.5") 
[1.222s] -- Using PYTHON_EXECUTABLE: /usr/bin/python3
[1.222s] -- Using PYTHON_INCLUDE_DIRS: /usr/include/python3.10
[1.222s] -- Using PYTHON_LIBRARIES: /usr/lib/x86_64-linux-gnu/libpython3.10.so
[1.239s] -- Found PythonExtra: .so  
[1.284s] -- Added test 'lint_cmake' to check CMake code style
[1.285s] -- Added test 'xmllint' to check XML markup files
[1.290s] -- Configuring done
[1.326s] -- Generating done
[1.329s] -- Build files have been written to: /home/farao/ros2_ws/src/build/controller_interfaces
[1.335s] Invoked command in '/home/farao/ros2_ws/src/build/controller_interfaces' returned '0': CMAKE_PREFIX_PATH=${CMAKE_PREFIX_PATH}:/opt/ros/humble /usr/bin/cmake /home/farao/ros2_ws/src/controller_interfaces -DCMAKE_INSTALL_PREFIX=/home/farao/ros2_ws/src/install/controller_interfaces
[1.337s] Invoking command in '/home/farao/ros2_ws/src/build/controller_interfaces': CMAKE_PREFIX_PATH=${CMAKE_PREFIX_PATH}:/opt/ros/humble /usr/bin/cmake --build /home/farao/ros2_ws/src/build/controller_interfaces -- -j20 -l20
[1.370s] [  2%] [34m[1mGenerating C code for ROS interfaces[0m
[1.380s] [  5%] [34m[1mGenerating C++ code for ROS interfaces[0m
[1.380s] [  5%] Built target ament_cmake_python_copy_controller_interfaces
[1.558s] running egg_info
[1.558s] creating controller_interfaces.egg-info
[1.558s] writing controller_interfaces.egg-info/PKG-INFO
[1.558s] writing dependency_links to controller_interfaces.egg-info/dependency_links.txt
[1.558s] writing top-level names to controller_interfaces.egg-info/top_level.txt
[1.558s] writing manifest file 'controller_interfaces.egg-info/SOURCES.txt'
[1.560s] reading manifest file 'controller_interfaces.egg-info/SOURCES.txt'
[1.560s] writing manifest file 'controller_interfaces.egg-info/SOURCES.txt'
[1.583s] [  5%] Built target ament_cmake_python_build_controller_interfaces_egg
[1.589s] [  5%] Built target controller_interfaces__cpp
[1.599s] [  7%] [34m[1mGenerating C++ type support dispatch for ROS interfaces[0m
[1.599s] [ 10%] [34m[1mGenerating C++ type support for eProsima Fast-RTPS[0m
[1.600s] [ 12%] [34m[1mGenerating C++ introspection for ROS interfaces[0m
[1.689s] [ 15%] [32mBuilding C object CMakeFiles/controller_interfaces__rosidl_generator_c.dir/rosidl_generator_c/controller_interfaces/srv/detail/set_param__functions.c.o[0m
[1.691s] [ 17%] [32mBuilding C object CMakeFiles/controller_interfaces__rosidl_generator_c.dir/rosidl_generator_c/controller_interfaces/srv/detail/set_target__functions.c.o[0m
[1.737s] [ 20%] [32m[1mLinking C shared library libcontroller_interfaces__rosidl_generator_c.so[0m
[1.766s] [ 20%] Built target controller_interfaces__rosidl_generator_c
[1.773s] [ 23%] [34m[1mGenerating C introspection for ROS interfaces[0m
[1.775s] [ 28%] [34m[1mGenerating C type support dispatch for ROS interfaces[0m
[1.775s] [ 28%] [34m[1mGenerating C type support for eProsima Fast-RTPS[0m
[1.821s] [ 33%] [32mBuilding CXX object CMakeFiles/controller_interfaces__rosidl_typesupport_introspection_cpp.dir/rosidl_typesupport_introspection_cpp/controller_interfaces/srv/detail/set_param__type_support.cpp.o[0m
[1.821s] [ 33%] [32mBuilding CXX object CMakeFiles/controller_interfaces__rosidl_typesupport_introspection_cpp.dir/rosidl_typesupport_introspection_cpp/controller_interfaces/srv/detail/set_target__type_support.cpp.o[0m
[1.904s] [ 35%] [32mBuilding CXX object CMakeFiles/controller_interfaces__rosidl_typesupport_fastrtps_cpp.dir/rosidl_typesupport_fastrtps_cpp/controller_interfaces/srv/detail/dds_fastrtps/set_target__type_support.cpp.o[0m
[1.907s] [ 38%] [32mBuilding CXX object CMakeFiles/controller_interfaces__rosidl_typesupport_fastrtps_cpp.dir/rosidl_typesupport_fastrtps_cpp/controller_interfaces/srv/detail/dds_fastrtps/set_param__type_support.cpp.o[0m
[1.907s] [ 41%] [32mBuilding CXX object CMakeFiles/controller_interfaces__rosidl_typesupport_cpp.dir/rosidl_typesupport_cpp/controller_interfaces/srv/set_target__type_support.cpp.o[0m
[1.908s] [ 43%] [32mBuilding CXX object CMakeFiles/controller_interfaces__rosidl_typesupport_cpp.dir/rosidl_typesupport_cpp/controller_interfaces/srv/set_param__type_support.cpp.o[0m
[1.994s] [ 46%] [32mBuilding C object CMakeFiles/controller_interfaces__rosidl_typesupport_introspection_c.dir/rosidl_typesupport_introspection_c/controller_interfaces/srv/detail/set_param__type_support.c.o[0m
[1.996s] [ 48%] [32mBuilding C object CMakeFiles/controller_interfaces__rosidl_typesupport_introspection_c.dir/rosidl_typesupport_introspection_c/controller_interfaces/srv/detail/set_target__type_support.c.o[0m
[2.026s] [ 53%] [32mBuilding CXX object CMakeFiles/controller_interfaces__rosidl_typesupport_fastrtps_c.dir/rosidl_typesupport_fastrtps_c/controller_interfaces/srv/detail/set_param__type_support_c.cpp.o[0m
[2.026s] [ 53%] [32mBuilding CXX object CMakeFiles/controller_interfaces__rosidl_typesupport_fastrtps_c.dir/rosidl_typesupport_fastrtps_c/controller_interfaces/srv/detail/set_target__type_support_c.cpp.o[0m
[2.043s] [ 56%] [32m[1mLinking C shared library libcontroller_interfaces__rosidl_typesupport_introspection_c.so[0m
[2.068s] [ 58%] [32mBuilding CXX object CMakeFiles/controller_interfaces__rosidl_typesupport_c.dir/rosidl_typesupport_c/controller_interfaces/srv/set_param__type_support.cpp.o[0m
[2.070s] [ 61%] [32mBuilding CXX object CMakeFiles/controller_interfaces__rosidl_typesupport_c.dir/rosidl_typesupport_c/controller_interfaces/srv/set_target__type_support.cpp.o[0m
[2.092s] [ 61%] Built target controller_interfaces__rosidl_typesupport_introspection_c
[2.109s] [ 64%] [32m[1mLinking CXX shared library libcontroller_interfaces__rosidl_typesupport_c.so[0m
[2.150s] [ 64%] Built target controller_interfaces__rosidl_typesupport_c
[2.215s] [ 66%] [32m[1mLinking CXX shared library libcontroller_interfaces__rosidl_typesupport_fastrtps_cpp.so[0m
[2.233s] [ 69%] [32m[1mLinking CXX shared library libcontroller_interfaces__rosidl_typesupport_cpp.so[0m
[2.254s] [ 71%] [32m[1mLinking CXX shared library libcontroller_interfaces__rosidl_typesupport_introspection_cpp.so[0m
[2.269s] [ 71%] Built target controller_interfaces__rosidl_typesupport_fastrtps_cpp
[2.271s] [ 71%] Built target controller_interfaces__rosidl_typesupport_cpp
[2.302s] [ 71%] Built target controller_interfaces__rosidl_typesupport_introspection_cpp
[2.319s] [ 74%] [32m[1mLinking CXX shared library libcontroller_interfaces__rosidl_typesupport_fastrtps_c.so[0m
[2.374s] [ 74%] Built target controller_interfaces__rosidl_typesupport_fastrtps_c
[2.390s] [ 74%] Built target controller_interfaces
[2.409s] [ 76%] [34m[1mGenerating Python code for ROS interfaces[0m
[2.678s] [ 76%] Built target controller_interfaces__py
[2.691s] [ 82%] [32mBuilding C object CMakeFiles/controller_interfaces__rosidl_generator_py.dir/rosidl_generator_py/controller_interfaces/srv/_set_param_s.c.o[0m
[2.691s] [ 82%] [32mBuilding C object CMakeFiles/controller_interfaces__rosidl_generator_py.dir/rosidl_generator_py/controller_interfaces/srv/_set_target_s.c.o[0m
[2.751s] [ 84%] [32m[1mLinking C shared library rosidl_generator_py/controller_interfaces/libcontroller_interfaces__rosidl_generator_py.so[0m
[2.783s] [ 84%] Built target controller_interfaces__rosidl_generator_py
[2.799s] [ 89%] [32mBuilding C object CMakeFiles/controller_interfaces__rosidl_typesupport_c__pyext.dir/rosidl_generator_py/controller_interfaces/_controller_interfaces_s.ep.rosidl_typesupport_c.c.o[0m
[2.799s] [ 89%] [32mBuilding C object CMakeFiles/controller_interfaces__rosidl_typesupport_introspection_c__pyext.dir/rosidl_generator_py/controller_interfaces/_controller_interfaces_s.ep.rosidl_typesupport_introspection_c.c.o[0m
[2.800s] [ 92%] [32mBuilding C object CMakeFiles/controller_interfaces__rosidl_typesupport_fastrtps_c__pyext.dir/rosidl_generator_py/controller_interfaces/_controller_interfaces_s.ep.rosidl_typesupport_fastrtps_c.c.o[0m
[2.863s] [ 94%] [32m[1mLinking C shared library rosidl_generator_py/controller_interfaces/controller_interfaces_s__rosidl_typesupport_introspection_c.cpython-310-x86_64-linux-gnu.so[0m
[2.863s] [ 97%] [32m[1mLinking C shared library rosidl_generator_py/controller_interfaces/controller_interfaces_s__rosidl_typesupport_fastrtps_c.cpython-310-x86_64-linux-gnu.so[0m
[2.868s] [100%] [32m[1mLinking C shared library rosidl_generator_py/controller_interfaces/controller_interfaces_s__rosidl_typesupport_c.cpython-310-x86_64-linux-gnu.so[0m
[2.891s] [100%] Built target controller_interfaces__rosidl_typesupport_fastrtps_c__pyext
[2.896s] [100%] Built target controller_interfaces__rosidl_typesupport_c__pyext
[2.896s] [100%] Built target controller_interfaces__rosidl_typesupport_introspection_c__pyext
[2.904s] Invoked command in '/home/farao/ros2_ws/src/build/controller_interfaces' returned '0': CMAKE_PREFIX_PATH=${CMAKE_PREFIX_PATH}:/opt/ros/humble /usr/bin/cmake --build /home/farao/ros2_ws/src/build/controller_interfaces -- -j20 -l20
[2.971s] Invoking command in '/home/farao/ros2_ws/src/build/controller_interfaces': CMAKE_PREFIX_PATH=${CMAKE_PREFIX_PATH}:/opt/ros/humble /usr/bin/cmake --install /home/farao/ros2_ws/src/build/controller_interfaces
[2.977s] -- Install configuration: ""
[2.977s] -- Installing: /home/farao/ros2_ws/src/install/controller_interfaces/share/ament_index/resource_index/rosidl_interfaces/controller_interfaces
[2.977s] -- Installing: /home/farao/ros2_ws/src/install/controller_interfaces/include/controller_interfaces/controller_interfaces
[2.977s] -- Installing: /home/farao/ros2_ws/src/install/controller_interfaces/include/controller_interfaces/controller_interfaces/srv
[2.977s] -- Installing: /home/farao/ros2_ws/src/install/controller_interfaces/include/controller_interfaces/controller_interfaces/srv/detail
[2.977s] -- Installing: /home/farao/ros2_ws/src/install/controller_interfaces/include/controller_interfaces/controller_interfaces/srv/detail/set_target__functions.h
[2.977s] -- Installing: /home/farao/ros2_ws/src/install/controller_interfaces/include/controller_interfaces/controller_interfaces/srv/detail/set_param__type_support.h
[2.977s] -- Installing: /home/farao/ros2_ws/src/install/controller_interfaces/include/controller_interfaces/controller_interfaces/srv/detail/set_param__functions.c
[2.977s] -- Installing: /home/farao/ros2_ws/src/install/controller_interfaces/include/controller_interfaces/controller_interfaces/srv/detail/set_target__functions.c
[2.977s] -- Installing: /home/farao/ros2_ws/src/install/controller_interfaces/include/controller_interfaces/controller_interfaces/srv/detail/set_target__struct.h
[2.977s] -- Installing: /home/farao/ros2_ws/src/install/controller_interfaces/include/controller_interfaces/controller_interfaces/srv/detail/set_param__functions.h
[2.977s] -- Installing: /home/farao/ros2_ws/src/install/controller_interfaces/include/controller_interfaces/controller_interfaces/srv/detail/set_target__type_support.h
[2.977s] -- Installing: /home/farao/ros2_ws/src/install/controller_interfaces/include/controller_interfaces/controller_interfaces/srv/detail/set_param__struct.h
[2.977s] -- Installing: /home/farao/ros2_ws/src/install/controller_interfaces/include/controller_interfaces/controller_interfaces/srv/set_param.h
[2.977s] -- Installing: /home/farao/ros2_ws/src/install/controller_interfaces/include/controller_interfaces/controller_interfaces/srv/set_target.h
[2.977s] -- Installing: /home/farao/ros2_ws/src/install/controller_interfaces/include/controller_interfaces/controller_interfaces/msg
[2.977s] -- Installing: /home/farao/ros2_ws/src/install/controller_interfaces/include/controller_interfaces/controller_interfaces/msg/rosidl_generator_c__visibility_control.h
[2.978s] -- Installing: /home/farao/ros2_ws/src/install/controller_interfaces/share/controller_interfaces/environment/library_path.sh
[2.978s] -- Installing: /home/farao/ros2_ws/src/install/controller_interfaces/share/controller_interfaces/environment/library_path.dsv
[2.978s] -- Installing: /home/farao/ros2_ws/src/install/controller_interfaces/lib/libcontroller_interfaces__rosidl_generator_c.so
[2.978s] -- Set runtime path of "/home/farao/ros2_ws/src/install/controller_interfaces/lib/libcontroller_interfaces__rosidl_generator_c.so" to ""
[2.978s] -- Up-to-date: /home/farao/ros2_ws/src/install/controller_interfaces/include/controller_interfaces/controller_interfaces
[2.978s] -- Up-to-date: /home/farao/ros2_ws/src/install/controller_interfaces/include/controller_interfaces/controller_interfaces/srv
[2.978s] -- Up-to-date: /home/farao/ros2_ws/src/install/controller_interfaces/include/controller_interfaces/controller_interfaces/srv/detail
[2.978s] -- Installing: /home/farao/ros2_ws/src/install/controller_interfaces/include/controller_interfaces/controller_interfaces/srv/detail/set_target__rosidl_typesupport_fastrtps_c.h
[2.978s] -- Installing: /home/farao/ros2_ws/src/install/controller_interfaces/include/controller_interfaces/controller_interfaces/srv/detail/set_param__rosidl_typesupport_fastrtps_c.h
[2.978s] -- Up-to-date: /home/farao/ros2_ws/src/install/controller_interfaces/include/controller_interfaces/controller_interfaces/msg
[2.978s] -- Installing: /home/farao/ros2_ws/src/install/controller_interfaces/include/controller_interfaces/controller_interfaces/msg/rosidl_typesupport_fastrtps_c__visibility_control.h
[2.978s] -- Installing: /home/farao/ros2_ws/src/install/controller_interfaces/lib/libcontroller_interfaces__rosidl_typesupport_fastrtps_c.so
[2.978s] -- Set runtime path of "/home/farao/ros2_ws/src/install/controller_interfaces/lib/libcontroller_interfaces__rosidl_typesupport_fastrtps_c.so" to ""
[2.978s] -- Up-to-date: /home/farao/ros2_ws/src/install/controller_interfaces/include/controller_interfaces/controller_interfaces
[2.978s] -- Up-to-date: /home/farao/ros2_ws/src/install/controller_interfaces/include/controller_interfaces/controller_interfaces/srv
[2.978s] -- Up-to-date: /home/farao/ros2_ws/src/install/controller_interfaces/include/controller_interfaces/controller_interfaces/srv/detail
[2.978s] -- Installing: /home/farao/ros2_ws/src/install/controller_interfaces/include/controller_interfaces/controller_interfaces/srv/detail/set_target__builder.hpp
[2.978s] -- Installing: /home/farao/ros2_ws/src/install/controller_interfaces/include/controller_interfaces/controller_interfaces/srv/detail/set_target__traits.hpp
[2.978s] -- Installing: /home/farao/ros2_ws/src/install/controller_interfaces/include/controller_interfaces/controller_interfaces/srv/detail/set_param__traits.hpp
[2.978s] -- Installing: /home/farao/ros2_ws/src/install/controller_interfaces/include/controller_interfaces/controller_interfaces/srv/detail/set_target__struct.hpp
[2.978s] -- Installing: /home/farao/ros2_ws/src/install/controller_interfaces/include/controller_interfaces/controller_interfaces/srv/detail/set_param__builder.hpp
[2.978s] -- Installing: /home/farao/ros2_ws/src/install/controller_interfaces/include/controller_interfaces/controller_interfaces/srv/detail/set_param__struct.hpp
[2.978s] -- Installing: /home/farao/ros2_ws/src/install/controller_interfaces/include/controller_interfaces/controller_interfaces/srv/set_target.hpp
[2.978s] -- Installing: /home/farao/ros2_ws/src/install/controller_interfaces/include/controller_interfaces/controller_interfaces/srv/set_param.hpp
[2.979s] -- Up-to-date: /home/farao/ros2_ws/src/install/controller_interfaces/include/controller_interfaces/controller_interfaces
[2.979s] -- Up-to-date: /home/farao/ros2_ws/src/install/controller_interfaces/include/controller_interfaces/controller_interfaces/srv
[2.979s] -- Up-to-date: /home/farao/ros2_ws/src/install/controller_interfaces/include/controller_interfaces/controller_interfaces/srv/detail
[2.979s] -- Installing: /home/farao/ros2_ws/src/install/controller_interfaces/include/controller_interfaces/controller_interfaces/srv/detail/set_target__rosidl_typesupport_fastrtps_cpp.hpp
[2.979s] -- Installing: /home/farao/ros2_ws/src/install/controller_interfaces/include/controller_interfaces/controller_interfaces/srv/detail/set_param__rosidl_typesupport_fastrtps_cpp.hpp
[2.979s] -- Installing: /home/farao/ros2_ws/src/install/controller_interfaces/include/controller_interfaces/controller_interfaces/srv/detail/dds_fastrtps
[2.979s] -- Up-to-date: /home/farao/ros2_ws/src/install/controller_interfaces/include/controller_interfaces/controller_interfaces/msg
[2.979s] -- Installing: /home/farao/ros2_ws/src/install/controller_interfaces/include/controller_interfaces/controller_interfaces/msg/rosidl_typesupport_fastrtps_cpp__visibility_control.h
[2.979s] -- Installing: /home/farao/ros2_ws/src/install/controller_interfaces/lib/libcontroller_interfaces__rosidl_typesupport_fastrtps_cpp.so
[2.979s] -- Set runtime path of "/home/farao/ros2_ws/src/install/controller_interfaces/lib/libcontroller_interfaces__rosidl_typesupport_fastrtps_cpp.so" to ""
[2.979s] -- Up-to-date: /home/farao/ros2_ws/src/install/controller_interfaces/include/controller_interfaces/controller_interfaces
[2.979s] -- Up-to-date: /home/farao/ros2_ws/src/install/controller_interfaces/include/controller_interfaces/controller_interfaces/srv
[2.979s] -- Up-to-date: /home/farao/ros2_ws/src/install/controller_interfaces/include/controller_interfaces/controller_interfaces/srv/detail
[2.979s] -- Installing: /home/farao/ros2_ws/src/install/controller_interfaces/include/controller_interfaces/controller_interfaces/srv/detail/set_target__type_support.c
[2.979s] -- Installing: /home/farao/ros2_ws/src/install/controller_interfaces/include/controller_interfaces/controller_interfaces/srv/detail/set_param__rosidl_typesupport_introspection_c.h
[2.979s] -- Installing: /home/farao/ros2_ws/src/install/controller_interfaces/include/controller_interfaces/controller_interfaces/srv/detail/set_target__rosidl_typesupport_introspection_c.h
[2.979s] -- Installing: /home/farao/ros2_ws/src/install/controller_interfaces/include/controller_interfaces/controller_interfaces/srv/detail/set_param__type_support.c
[2.979s] -- Up-to-date: /home/farao/ros2_ws/src/install/controller_interfaces/include/controller_interfaces/controller_interfaces/msg
[2.979s] -- Installing: /home/farao/ros2_ws/src/install/controller_interfaces/include/controller_interfaces/controller_interfaces/msg/rosidl_typesupport_introspection_c__visibility_control.h
[2.979s] -- Installing: /home/farao/ros2_ws/src/install/controller_interfaces/lib/libcontroller_interfaces__rosidl_typesupport_introspection_c.so
[2.979s] -- Set runtime path of "/home/farao/ros2_ws/src/install/controller_interfaces/lib/libcontroller_interfaces__rosidl_typesupport_introspection_c.so" to ""
[2.979s] -- Installing: /home/farao/ros2_ws/src/install/controller_interfaces/lib/libcontroller_interfaces__rosidl_typesupport_c.so
[2.979s] -- Set runtime path of "/home/farao/ros2_ws/src/install/controller_interfaces/lib/libcontroller_interfaces__rosidl_typesupport_c.so" to ""
[2.979s] -- Up-to-date: /home/farao/ros2_ws/src/install/controller_interfaces/include/controller_interfaces/controller_interfaces
[2.979s] -- Up-to-date: /home/farao/ros2_ws/src/install/controller_interfaces/include/controller_interfaces/controller_interfaces/srv
[2.980s] -- Up-to-date: /home/farao/ros2_ws/src/install/controller_interfaces/include/controller_interfaces/controller_interfaces/srv/detail
[2.980s] -- Installing: /home/farao/ros2_ws/src/install/controller_interfaces/include/controller_interfaces/controller_interfaces/srv/detail/set_param__rosidl_typesupport_introspection_cpp.hpp
[2.980s] -- Installing: /home/farao/ros2_ws/src/install/controller_interfaces/include/controller_interfaces/controller_interfaces/srv/detail/set_target__rosidl_typesupport_introspection_cpp.hpp
[2.980s] -- Installing: /home/farao/ros2_ws/src/install/controller_interfaces/include/controller_interfaces/controller_interfaces/srv/detail/set_param__type_support.cpp
[2.980s] -- Installing: /home/farao/ros2_ws/src/install/controller_interfaces/include/controller_interfaces/controller_interfaces/srv/detail/set_target__type_support.cpp
[2.980s] -- Installing: /home/farao/ros2_ws/src/install/controller_interfaces/lib/libcontroller_interfaces__rosidl_typesupport_introspection_cpp.so
[2.980s] -- Set runtime path of "/home/farao/ros2_ws/src/install/controller_interfaces/lib/libcontroller_interfaces__rosidl_typesupport_introspection_cpp.so" to ""
[2.980s] -- Installing: /home/farao/ros2_ws/src/install/controller_interfaces/lib/libcontroller_interfaces__rosidl_typesupport_cpp.so
[2.980s] -- Set runtime path of "/home/farao/ros2_ws/src/install/controller_interfaces/lib/libcontroller_interfaces__rosidl_typesupport_cpp.so" to ""
[2.980s] -- Installing: /home/farao/ros2_ws/src/install/controller_interfaces/share/controller_interfaces/environment/pythonpath.sh
[2.980s] -- Installing: /home/farao/ros2_ws/src/install/controller_interfaces/share/controller_interfaces/environment/pythonpath.dsv
[2.980s] -- Installing: /home/farao/ros2_ws/src/install/controller_interfaces/local/lib/python3.10/dist-packages/controller_interfaces-0.0.0-py3.10.egg-info
[2.980s] -- Installing: /home/farao/ros2_ws/src/install/controller_interfaces/local/lib/python3.10/dist-packages/controller_interfaces-0.0.0-py3.10.egg-info/dependency_links.txt
[2.980s] -- Installing: /home/farao/ros2_ws/src/install/controller_interfaces/local/lib/python3.10/dist-packages/controller_interfaces-0.0.0-py3.10.egg-info/PKG-INFO
[2.980s] -- Installing: /home/farao/ros2_ws/src/install/controller_interfaces/local/lib/python3.10/dist-packages/controller_interfaces-0.0.0-py3.10.egg-info/top_level.txt
[2.980s] -- Installing: /home/farao/ros2_ws/src/install/controller_interfaces/local/lib/python3.10/dist-packages/controller_interfaces-0.0.0-py3.10.egg-info/SOURCES.txt
[2.980s] -- Installing: /home/farao/ros2_ws/src/install/controller_interfaces/local/lib/python3.10/dist-packages/controller_interfaces
[2.980s] -- Installing: /home/farao/ros2_ws/src/install/controller_interfaces/local/lib/python3.10/dist-packages/controller_interfaces/controller_interfaces_s__rosidl_typesupport_introspection_c.cpython-310-x86_64-linux-gnu.so
[2.980s] -- Installing: /home/farao/ros2_ws/src/install/controller_interfaces/local/lib/python3.10/dist-packages/controller_interfaces/__init__.py
[2.980s] -- Installing: /home/farao/ros2_ws/src/install/controller_interfaces/local/lib/python3.10/dist-packages/controller_interfaces/_controller_interfaces_s.ep.rosidl_typesupport_c.c
[2.980s] -- Installing: /home/farao/ros2_ws/src/install/controller_interfaces/local/lib/python3.10/dist-packages/controller_interfaces/srv
[2.981s] -- Installing: /home/farao/ros2_ws/src/install/controller_interfaces/local/lib/python3.10/dist-packages/controller_interfaces/srv/__init__.py
[2.981s] -- Installing: /home/farao/ros2_ws/src/install/controller_interfaces/local/lib/python3.10/dist-packages/controller_interfaces/srv/_set_target.py
[2.981s] -- Installing: /home/farao/ros2_ws/src/install/controller_interfaces/local/lib/python3.10/dist-packages/controller_interfaces/srv/_set_param.py
[2.981s] -- Installing: /home/farao/ros2_ws/src/install/controller_interfaces/local/lib/python3.10/dist-packages/controller_interfaces/srv/_set_target_s.c
[2.981s] -- Installing: /home/farao/ros2_ws/src/install/controller_interfaces/local/lib/python3.10/dist-packages/controller_interfaces/srv/_set_param_s.c
[2.981s] -- Installing: /home/farao/ros2_ws/src/install/controller_interfaces/local/lib/python3.10/dist-packages/controller_interfaces/_controller_interfaces_s.ep.rosidl_typesupport_fastrtps_c.c
[2.981s] -- Installing: /home/farao/ros2_ws/src/install/controller_interfaces/local/lib/python3.10/dist-packages/controller_interfaces/libcontroller_interfaces__rosidl_generator_py.so
[2.981s] -- Installing: /home/farao/ros2_ws/src/install/controller_interfaces/local/lib/python3.10/dist-packages/controller_interfaces/controller_interfaces_s__rosidl_typesupport_fastrtps_c.cpython-310-x86_64-linux-gnu.so
[2.981s] -- Installing: /home/farao/ros2_ws/src/install/controller_interfaces/local/lib/python3.10/dist-packages/controller_interfaces/controller_interfaces_s__rosidl_typesupport_c.cpython-310-x86_64-linux-gnu.so
[2.981s] -- Installing: /home/farao/ros2_ws/src/install/controller_interfaces/local/lib/python3.10/dist-packages/controller_interfaces/_controller_interfaces_s.ep.rosidl_typesupport_introspection_c.c
[3.004s] Listing '/home/farao/ros2_ws/src/install/controller_interfaces/local/lib/python3.10/dist-packages/controller_interfaces'...
[3.004s] Compiling '/home/farao/ros2_ws/src/install/controller_interfaces/local/lib/python3.10/dist-packages/controller_interfaces/__init__.py'...
[3.004s] Listing '/home/farao/ros2_ws/src/install/controller_interfaces/local/lib/python3.10/dist-packages/controller_interfaces/srv'...
[3.004s] Compiling '/home/farao/ros2_ws/src/install/controller_interfaces/local/lib/python3.10/dist-packages/controller_interfaces/srv/__init__.py'...
[3.004s] Compiling '/home/farao/ros2_ws/src/install/controller_interfaces/local/lib/python3.10/dist-packages/controller_interfaces/srv/_set_param.py'...
[3.004s] Compiling '/home/farao/ros2_ws/src/install/controller_interfaces/local/lib/python3.10/dist-packages/controller_interfaces/srv/_set_target.py'...
[3.007s] -- Installing: /home/farao/ros2_ws/src/install/controller_interfaces/local/lib/python3.10/dist-packages/controller_interfaces/controller_interfaces_s__rosidl_typesupport_fastrtps_c.cpython-310-x86_64-linux-gnu.so
[3.007s] -- Set runtime path of "/home/farao/ros2_ws/src/install/controller_interfaces/local/lib/python3.10/dist-packages/controller_interfaces/controller_interfaces_s__rosidl_typesupport_fastrtps_c.cpython-310-x86_64-linux-gnu.so" to ""
[3.007s] -- Installing: /home/farao/ros2_ws/src/install/controller_interfaces/local/lib/python3.10/dist-packages/controller_interfaces/controller_interfaces_s__rosidl_typesupport_introspection_c.cpython-310-x86_64-linux-gnu.so
[3.007s] -- Set runtime path of "/home/farao/ros2_ws/src/install/controller_interfaces/local/lib/python3.10/dist-packages/controller_interfaces/controller_interfaces_s__rosidl_typesupport_introspection_c.cpython-310-x86_64-linux-gnu.so" to ""
[3.007s] -- Installing: /home/farao/ros2_ws/src/install/controller_interfaces/local/lib/python3.10/dist-packages/controller_interfaces/controller_interfaces_s__rosidl_typesupport_c.cpython-310-x86_64-linux-gnu.so
[3.007s] -- Set runtime path of "/home/farao/ros2_ws/src/install/controller_interfaces/local/lib/python3.10/dist-packages/controller_interfaces/controller_interfaces_s__rosidl_typesupport_c.cpython-310-x86_64-linux-gnu.so" to ""
[3.007s] -- Installing: /home/farao/ros2_ws/src/install/controller_interfaces/lib/libcontroller_interfaces__rosidl_generator_py.so
[3.007s] -- Set runtime path of "/home/farao/ros2_ws/src/install/controller_interfaces/lib/libcontroller_interfaces__rosidl_generator_py.so" to ""
[3.007s] -- Installing: /home/farao/ros2_ws/src/install/controller_interfaces/share/controller_interfaces/srv/SetParam.idl
[3.007s] -- Installing: /home/farao/ros2_ws/src/install/controller_interfaces/share/controller_interfaces/srv/SetTarget.idl
[3.007s] -- Installing: /home/farao/ros2_ws/src/install/controller_interfaces/share/controller_interfaces/srv/SetParam.srv
[3.008s] -- Installing: /home/farao/ros2_ws/src/install/controller_interfaces/share/controller_interfaces/srv/SetParam_Request.msg
[3.008s] -- Installing: /home/farao/ros2_ws/src/install/controller_interfaces/share/controller_interfaces/srv/SetParam_Response.msg
[3.008s] -- Installing: /home/farao/ros2_ws/src/install/controller_interfaces/share/controller_interfaces/srv/SetTarget.srv
[3.008s] -- Installing: /home/farao/ros2_ws/src/install/controller_interfaces/share/controller_interfaces/srv/SetTarget_Request.msg
[3.008s] -- Installing: /home/farao/ros2_ws/src/install/controller_interfaces/share/controller_interfaces/srv/SetTarget_Response.msg
[3.008s] -- Installing: /home/farao/ros2_ws/src/install/controller_interfaces/share/ament_index/resource_index/package_run_dependencies/controller_interfaces
[3.008s] -- Installing: /home/farao/ros2_ws/src/install/controller_interfaces/share/ament_index/resource_index/parent_prefix_path/controller_interfaces
[3.008s] -- Installing: /home/farao/ros2_ws/src/install/controller_interfaces/share/controller_interfaces/environment/ament_prefix_path.sh
[3.008s] -- Installing: /home/farao/ros2_ws/src/install/controller_interfaces/share/controller_interfaces/environment/ament_prefix_path.dsv
[3.008s] -- Installing: /home/farao/ros2_ws/src/install/controller_interfaces/share/controller_interfaces/environment/path.sh
[3.008s] -- Installing: /home/farao/ros2_ws/src/install/controller_interfaces/share/controller_interfaces/environment/path.dsv
[3.008s] -- Installing: /home/farao/ros2_ws/src/install/controller_interfaces/share/controller_interfaces/local_setup.bash
[3.008s] -- Installing: /home/farao/ros2_ws/src/install/controller_interfaces/share/controller_interfaces/local_setup.sh
[3.008s] -- Installing: /home/farao/ros2_ws/src/install/controller_interfaces/share/controller_interfaces/local_setup.zsh
[3.008s] -- Installing: /home/farao/ros2_ws/src/install/controller_interfaces/share/controller_interfaces/local_setup.dsv
[3.008s] -- Installing: /home/farao/ros2_ws/src/install/controller_interfaces/share/controller_interfaces/package.dsv
[3.008s] -- Installing: /home/farao/ros2_ws/src/install/controller_interfaces/share/ament_index/resource_index/packages/controller_interfaces
[3.008s] -- Installing: /home/farao/ros2_ws/src/install/controller_interfaces/share/controller_interfaces/cmake/export_controller_interfaces__rosidl_generator_cExport.cmake
[3.008s] -- Installing: /home/farao/ros2_ws/src/install/controller_interfaces/share/controller_interfaces/cmake/export_controller_interfaces__rosidl_generator_cExport-noconfig.cmake
[3.008s] -- Installing: /home/farao/ros2_ws/src/install/controller_interfaces/share/controller_interfaces/cmake/export_controller_interfaces__rosidl_typesupport_fastrtps_cExport.cmake
[3.008s] -- Installing: /home/farao/ros2_ws/src/install/controller_interfaces/share/controller_interfaces/cmake/export_controller_interfaces__rosidl_typesupport_fastrtps_cExport-noconfig.cmake
[3.008s] -- Installing: /home/farao/ros2_ws/src/install/controller_interfaces/share/controller_interfaces/cmake/export_controller_interfaces__rosidl_generator_cppExport.cmake
[3.009s] -- Installing: /home/farao/ros2_ws/src/install/controller_interfaces/share/controller_interfaces/cmake/export_controller_interfaces__rosidl_typesupport_fastrtps_cppExport.cmake
[3.009s] -- Installing: /home/farao/ros2_ws/src/install/controller_interfaces/share/controller_interfaces/cmake/export_controller_interfaces__rosidl_typesupport_fastrtps_cppExport-noconfig.cmake
[3.009s] -- Installing: /home/farao/ros2_ws/src/install/controller_interfaces/share/controller_interfaces/cmake/controller_interfaces__rosidl_typesupport_introspection_cExport.cmake
[3.009s] -- Installing: /home/farao/ros2_ws/src/install/controller_interfaces/share/controller_interfaces/cmake/controller_interfaces__rosidl_typesupport_introspection_cExport-noconfig.cmake
[3.009s] -- Installing: /home/farao/ros2_ws/src/install/controller_interfaces/share/controller_interfaces/cmake/controller_interfaces__rosidl_typesupport_cExport.cmake
[3.009s] -- Installing: /home/farao/ros2_ws/src/install/controller_interfaces/share/controller_interfaces/cmake/controller_interfaces__rosidl_typesupport_cExport-noconfig.cmake
[3.009s] -- Installing: /home/farao/ros2_ws/src/install/controller_interfaces/share/controller_interfaces/cmake/controller_interfaces__rosidl_typesupport_introspection_cppExport.cmake
[3.009s] -- Installing: /home/farao/ros2_ws/src/install/controller_interfaces/share/controller_interfaces/cmake/controller_interfaces__rosidl_typesupport_introspection_cppExport-noconfig.cmake
[3.009s] -- Installing: /home/farao/ros2_ws/src/install/controller_interfaces/share/controller_interfaces/cmake/controller_interfaces__rosidl_typesupport_cppExport.cmake
[3.009s] -- Installing: /home/farao/ros2_ws/src/install/controller_interfaces/share/controller_interfaces/cmake/controller_interfaces__rosidl_typesupport_cppExport-noconfig.cmake
[3.009s] -- Installing: /home/farao/ros2_ws/src/install/controller_interfaces/share/controller_interfaces/cmake/export_controller_interfaces__rosidl_generator_pyExport.cmake
[3.009s] -- Installing: /home/farao/ros2_ws/src/install/controller_interfaces/share/controller_interfaces/cmake/export_controller_interfaces__rosidl_generator_pyExport-noconfig.cmake
[3.009s] -- Installing: /home/farao/ros2_ws/src/install/controller_interfaces/share/controller_interfaces/cmake/rosidl_cmake-extras.cmake
[3.009s] -- Installing: /home/farao/ros2_ws/src/install/controller_interfaces/share/controller_interfaces/cmake/ament_cmake_export_dependencies-extras.cmake
[3.009s] -- Installing: /home/farao/ros2_ws/src/install/controller_interfaces/share/controller_interfaces/cmake/ament_cmake_export_include_directories-extras.cmake
[3.009s] -- Installing: /home/farao/ros2_ws/src/install/controller_interfaces/share/controller_interfaces/cmake/ament_cmake_export_libraries-extras.cmake
[3.009s] -- Installing: /home/farao/ros2_ws/src/install/controller_interfaces/share/controller_interfaces/cmake/ament_cmake_export_targets-extras.cmake
[3.009s] -- Installing: /home/farao/ros2_ws/src/install/controller_interfaces/share/controller_interfaces/cmake/rosidl_cmake_export_typesupport_targets-extras.cmake
[3.009s] -- Installing: /home/farao/ros2_ws/src/install/controller_interfaces/share/controller_interfaces/cmake/rosidl_cmake_export_typesupport_libraries-extras.cmake
[3.009s] -- Installing: /home/farao/ros2_ws/src/install/controller_interfaces/share/controller_interfaces/cmake/controller_interfacesConfig.cmake
[3.009s] -- Installing: /home/farao/ros2_ws/src/install/controller_interfaces/share/controller_interfaces/cmake/controller_interfacesConfig-version.cmake
[3.010s] -- Installing: /home/farao/ros2_ws/src/install/controller_interfaces/share/controller_interfaces/package.xml
[3.011s] Invoked command in '/home/farao/ros2_ws/src/build/controller_interfaces' returned '0': CMAKE_PREFIX_PATH=${CMAKE_PREFIX_PATH}:/opt/ros/humble /usr/bin/cmake --install /home/farao/ros2_ws/src/build/controller_interfaces
