[0.019s] Invoking command in '/home/farao/ros2_ws/build/lab1_interface': CMAKE_PREFIX_PATH=${CMAKE_PREFIX_PATH}:/opt/ros/humble /usr/bin/cmake --build /home/farao/ros2_ws/build/lab1_interface -- -j20 -l20
[0.036s] -- Found ament_cmake: 1.3.9 (/opt/ros/humble/share/ament_cmake/cmake)
[0.133s] -- Found std_msgs: 4.2.4 (/opt/ros/humble/share/std_msgs/cmake)
[0.148s] -- Found rosidl_generator_c: 3.1.5 (/opt/ros/humble/share/rosidl_generator_c/cmake)
[0.149s] -- Found rosidl_adapter: 3.1.5 (/opt/ros/humble/share/rosidl_adapter/cmake)
[0.153s] -- Found rosidl_generator_cpp: 3.1.5 (/opt/ros/humble/share/rosidl_generator_cpp/cmake)
[0.159s] -- Using all available rosidl_typesupport_c: rosidl_typesupport_fastrtps_c;rosidl_typesupport_introspection_c
[0.169s] -- Using all available rosidl_typesupport_cpp: rosidl_typesupport_fastrtps_cpp;rosidl_typesupport_introspection_cpp
[0.201s] -- Found rosidl_default_generators: 1.2.0 (/opt/ros/humble/share/rosidl_default_generators/cmake)
[0.205s] -- Found ament_lint_auto: 0.12.11 (/opt/ros/humble/share/ament_lint_auto/cmake)
[0.399s] -- Found ament_cmake_ros: 0.10.0 (/opt/ros/humble/share/ament_cmake_ros/cmake)
[0.642s] -- Using all available rosidl_typesupport_c: rosidl_typesupport_fastrtps_c;rosidl_typesupport_introspection_c
[0.728s] -- Using all available rosidl_typesupport_cpp: rosidl_typesupport_fastrtps_cpp;rosidl_typesupport_introspection_cpp
[0.743s] -- Found python_cmake_module: 0.10.0 (/opt/ros/humble/share/python_cmake_module/cmake)
[0.759s] -- Using PYTHON_EXECUTABLE: /usr/bin/python3
[0.759s] -- Using PYTHON_INCLUDE_DIRS: /usr/include/python3.10
[0.759s] -- Using PYTHON_LIBRARIES: /usr/lib/x86_64-linux-gnu/libpython3.10.so
[0.777s] -- Added test 'lint_cmake' to check CMake code style
[0.777s] -- Added test 'xmllint' to check XML markup files
[0.779s] -- Configuring done
[0.793s] -- Generating done
[0.794s] -- Build files have been written to: /home/farao/ros2_ws/build/lab1_interface
[0.814s] [35m[1mConsolidate compiler generated dependencies of target lab1_interface__rosidl_generator_c[0m
[0.821s] [  9%] Built target lab1_interface__rosidl_generator_c
[0.822s] [ 12%] Built target lab1_interface__cpp
[0.829s] [35m[1mConsolidate compiler generated dependencies of target lab1_interface__rosidl_typesupport_fastrtps_cpp[0m
[0.829s] [35m[1mConsolidate compiler generated dependencies of target lab1_interface__rosidl_typesupport_fastrtps_c[0m
[0.829s] [35m[1mConsolidate compiler generated dependencies of target lab1_interface__rosidl_typesupport_introspection_cpp[0m
[0.831s] [ 12%] Built target ament_cmake_python_copy_lab1_interface
[0.831s] [35m[1mConsolidate compiler generated dependencies of target lab1_interface__rosidl_typesupport_cpp[0m
[0.831s] [35m[1mConsolidate compiler generated dependencies of target lab1_interface__rosidl_typesupport_introspection_c[0m
[0.831s] [35m[1mConsolidate compiler generated dependencies of target lab1_interface__rosidl_typesupport_c[0m
[0.841s] [ 22%] Built target lab1_interface__rosidl_typesupport_introspection_cpp
[0.843s] [ 41%] Built target lab1_interface__rosidl_typesupport_introspection_c
[0.843s] [ 41%] Built target lab1_interface__rosidl_typesupport_fastrtps_cpp
[0.844s] [ 51%] Built target lab1_interface__rosidl_typesupport_c
[0.845s] [ 61%] Built target lab1_interface__rosidl_typesupport_fastrtps_c
[0.846s] [ 70%] Built target lab1_interface__rosidl_typesupport_cpp
[0.860s] [ 70%] Built target lab1_interface
[0.874s] [ 74%] Built target lab1_interface__py
[0.881s] [35m[1mConsolidate compiler generated dependencies of target lab1_interface__rosidl_generator_py[0m
[0.889s] [ 80%] Built target lab1_interface__rosidl_generator_py
[0.898s] [35m[1mConsolidate compiler generated dependencies of target lab1_interface__rosidl_typesupport_fastrtps_c__pyext[0m
[0.898s] [35m[1mConsolidate compiler generated dependencies of target lab1_interface__rosidl_typesupport_c__pyext[0m
[0.898s] [35m[1mConsolidate compiler generated dependencies of target lab1_interface__rosidl_typesupport_introspection_c__pyext[0m
[0.907s] [ 87%] Built target lab1_interface__rosidl_typesupport_introspection_c__pyext
[0.908s] [100%] Built target lab1_interface__rosidl_typesupport_fastrtps_c__pyext
[0.908s] [100%] Built target lab1_interface__rosidl_typesupport_c__pyext
[0.968s] running egg_info
[0.968s] writing lab1_interface.egg-info/PKG-INFO
[0.969s] writing dependency_links to lab1_interface.egg-info/dependency_links.txt
[0.969s] writing top-level names to lab1_interface.egg-info/top_level.txt
[0.970s] reading manifest file 'lab1_interface.egg-info/SOURCES.txt'
[0.970s] writing manifest file 'lab1_interface.egg-info/SOURCES.txt'
[0.986s] [100%] Built target ament_cmake_python_build_lab1_interface_egg
