[0.014s] Invoking command in '/home/farao/ros2_ws/build/turtlesim_plus': CMAKE_PREFIX_PATH=${CMAKE_PREFIX_PATH}:/opt/ros/humble /usr/bin/cmake --build /home/farao/ros2_ws/build/turtlesim_plus -- -j20 -l20
[0.051s] Built target ament_cmake_python_copy_turtlesim_plus
[0.196s] running egg_info
[0.196s] writing turtlesim_plus.egg-info/PKG-INFO
[0.197s] writing dependency_links to turtlesim_plus.egg-info/dependency_links.txt
[0.197s] writing top-level names to turtlesim_plus.egg-info/top_level.txt
[0.197s] reading manifest file 'turtlesim_plus.egg-info/SOURCES.txt'
[0.198s] writing manifest file 'turtlesim_plus.egg-info/SOURCES.txt'
[0.219s] Built target ament_cmake_python_build_turtlesim_plus_egg
[0.228s] Invoked command in '/home/farao/ros2_ws/build/turtlesim_plus' returned '0': CMAKE_PREFIX_PATH=${CMAKE_PREFIX_PATH}:/opt/ros/humble /usr/bin/cmake --build /home/farao/ros2_ws/build/turtlesim_plus -- -j20 -l20
[0.250s] Invoking command in '/home/farao/ros2_ws/build/turtlesim_plus': CMAKE_PREFIX_PATH=${CMAKE_PREFIX_PATH}:/opt/ros/humble /usr/bin/cmake --install /home/farao/ros2_ws/build/turtlesim_plus
[0.255s] -- Install configuration: ""
[0.255s] -- Up-to-date: /home/farao/ros2_ws/install/turtlesim_plus/share/turtlesim_plus/environment/pythonpath.sh
[0.255s] -- Up-to-date: /home/farao/ros2_ws/install/turtlesim_plus/share/turtlesim_plus/environment/pythonpath.dsv
[0.255s] -- Up-to-date: /home/farao/ros2_ws/install/turtlesim_plus/local/lib/python3.10/dist-packages/turtlesim_plus-1.0.0-py3.10.egg-info
[0.255s] -- Installing: /home/farao/ros2_ws/install/turtlesim_plus/local/lib/python3.10/dist-packages/turtlesim_plus-1.0.0-py3.10.egg-info/dependency_links.txt
[0.255s] -- Installing: /home/farao/ros2_ws/install/turtlesim_plus/local/lib/python3.10/dist-packages/turtlesim_plus-1.0.0-py3.10.egg-info/PKG-INFO
[0.255s] -- Installing: /home/farao/ros2_ws/install/turtlesim_plus/local/lib/python3.10/dist-packages/turtlesim_plus-1.0.0-py3.10.egg-info/top_level.txt
[0.256s] -- Installing: /home/farao/ros2_ws/install/turtlesim_plus/local/lib/python3.10/dist-packages/turtlesim_plus-1.0.0-py3.10.egg-info/SOURCES.txt
[0.256s] -- Up-to-date: /home/farao/ros2_ws/install/turtlesim_plus/local/lib/python3.10/dist-packages/turtlesim_plus
[0.256s] -- Up-to-date: /home/farao/ros2_ws/install/turtlesim_plus/local/lib/python3.10/dist-packages/turtlesim_plus/image
[0.256s] -- Up-to-date: /home/farao/ros2_ws/install/turtlesim_plus/local/lib/python3.10/dist-packages/turtlesim_plus/image/turtle
[0.257s] -- Up-to-date: /home/farao/ros2_ws/install/turtlesim_plus/local/lib/python3.10/dist-packages/turtlesim_plus/image/turtle/foxy.png
[0.257s] -- Up-to-date: /home/farao/ros2_ws/install/turtlesim_plus/local/lib/python3.10/dist-packages/turtlesim_plus/image/turtle/galactic.png
[0.257s] -- Up-to-date: /home/farao/ros2_ws/install/turtlesim_plus/local/lib/python3.10/dist-packages/turtlesim_plus/image/turtle/humble.png
[0.257s] -- Up-to-date: /home/farao/ros2_ws/install/turtlesim_plus/local/lib/python3.10/dist-packages/turtlesim_plus/image/turtle/bouncy.png
[0.258s] -- Up-to-date: /home/farao/ros2_ws/install/turtlesim_plus/local/lib/python3.10/dist-packages/turtlesim_plus/image/turtle/eloquent.png
[0.258s] -- Up-to-date: /home/farao/ros2_ws/install/turtlesim_plus/local/lib/python3.10/dist-packages/turtlesim_plus/image/turtle/otto.png
[0.258s] -- Up-to-date: /home/farao/ros2_ws/install/turtlesim_plus/local/lib/python3.10/dist-packages/turtlesim_plus/image/turtle/ardent.png
[0.259s] -- Up-to-date: /home/farao/ros2_ws/install/turtlesim_plus/local/lib/python3.10/dist-packages/turtlesim_plus/image/turtle/crystal.png
[0.259s] -- Up-to-date: /home/farao/ros2_ws/install/turtlesim_plus/local/lib/python3.10/dist-packages/turtlesim_plus/image/turtle/dashing.png
[0.259s] -- Up-to-date: /home/farao/ros2_ws/install/turtlesim_plus/local/lib/python3.10/dist-packages/turtlesim_plus/image/turtle/rolling.png
[0.259s] -- Up-to-date: /home/farao/ros2_ws/install/turtlesim_plus/local/lib/python3.10/dist-packages/turtlesim_plus/image/map
[0.259s] -- Up-to-date: /home/farao/ros2_ws/install/turtlesim_plus/local/lib/python3.10/dist-packages/turtlesim_plus/image/map/map.png
[0.259s] -- Up-to-date: /home/farao/ros2_ws/install/turtlesim_plus/local/lib/python3.10/dist-packages/turtlesim_plus/image/object
[0.259s] -- Up-to-date: /home/farao/ros2_ws/install/turtlesim_plus/local/lib/python3.10/dist-packages/turtlesim_plus/image/object/pizza.png
[0.259s] -- Up-to-date: /home/farao/ros2_ws/install/turtlesim_plus/local/lib/python3.10/dist-packages/turtlesim_plus/image/object/parcel.png
[0.259s] -- Up-to-date: /home/farao/ros2_ws/install/turtlesim_plus/local/lib/python3.10/dist-packages/turtlesim_plus/__init__.py
[0.260s] -- Up-to-date: /home/farao/ros2_ws/install/turtlesim_plus/local/lib/python3.10/dist-packages/turtlesim_plus/ros2_plugins.py
[0.260s] -- Up-to-date: /home/farao/ros2_ws/install/turtlesim_plus/local/lib/python3.10/dist-packages/turtlesim_plus/entity.py
[0.280s] Listing '/home/farao/ros2_ws/install/turtlesim_plus/local/lib/python3.10/dist-packages/turtlesim_plus'...
[0.280s] Listing '/home/farao/ros2_ws/install/turtlesim_plus/local/lib/python3.10/dist-packages/turtlesim_plus/image'...
[0.280s] Listing '/home/farao/ros2_ws/install/turtlesim_plus/local/lib/python3.10/dist-packages/turtlesim_plus/image/map'...
[0.280s] Listing '/home/farao/ros2_ws/install/turtlesim_plus/local/lib/python3.10/dist-packages/turtlesim_plus/image/object'...
[0.280s] Listing '/home/farao/ros2_ws/install/turtlesim_plus/local/lib/python3.10/dist-packages/turtlesim_plus/image/turtle'...
[0.283s] -- Up-to-date: /home/farao/ros2_ws/install/turtlesim_plus/lib/turtlesim_plus/turtlesim_plus_node.py
[0.283s] -- Up-to-date: /home/farao/ros2_ws/install/turtlesim_plus/lib/turtlesim_plus/pizza_on_click.py
[0.283s] -- Up-to-date: /home/farao/ros2_ws/install/turtlesim_plus/share/turtlesim_plus
[0.283s] -- Up-to-date: /home/farao/ros2_ws/install/turtlesim_plus/share/ament_index/resource_index/package_run_dependencies/turtlesim_plus
[0.283s] -- Up-to-date: /home/farao/ros2_ws/install/turtlesim_plus/share/ament_index/resource_index/parent_prefix_path/turtlesim_plus
[0.284s] -- Up-to-date: /home/farao/ros2_ws/install/turtlesim_plus/share/turtlesim_plus/environment/ament_prefix_path.sh
[0.284s] -- Up-to-date: /home/farao/ros2_ws/install/turtlesim_plus/share/turtlesim_plus/environment/ament_prefix_path.dsv
[0.284s] -- Up-to-date: /home/farao/ros2_ws/install/turtlesim_plus/share/turtlesim_plus/environment/path.sh
[0.286s] -- Up-to-date: /home/farao/ros2_ws/install/turtlesim_plus/share/turtlesim_plus/environment/path.dsv
[0.286s] -- Up-to-date: /home/farao/ros2_ws/install/turtlesim_plus/share/turtlesim_plus/local_setup.bash
[0.286s] -- Up-to-date: /home/farao/ros2_ws/install/turtlesim_plus/share/turtlesim_plus/local_setup.sh
[0.286s] -- Up-to-date: /home/farao/ros2_ws/install/turtlesim_plus/share/turtlesim_plus/local_setup.zsh
[0.286s] -- Up-to-date: /home/farao/ros2_ws/install/turtlesim_plus/share/turtlesim_plus/local_setup.dsv
[0.286s] -- Installing: /home/farao/ros2_ws/install/turtlesim_plus/share/turtlesim_plus/package.dsv
[0.286s] -- Up-to-date: /home/farao/ros2_ws/install/turtlesim_plus/share/ament_index/resource_index/packages/turtlesim_plus
[0.286s] -- Up-to-date: /home/farao/ros2_ws/install/turtlesim_plus/share/turtlesim_plus/cmake/turtlesim_plusConfig.cmake
[0.286s] -- Up-to-date: /home/farao/ros2_ws/install/turtlesim_plus/share/turtlesim_plus/cmake/turtlesim_plusConfig-version.cmake
[0.287s] -- Up-to-date: /home/farao/ros2_ws/install/turtlesim_plus/share/turtlesim_plus/package.xml
[0.289s] Invoked command in '/home/farao/ros2_ws/build/turtlesim_plus' returned '0': CMAKE_PREFIX_PATH=${CMAKE_PREFIX_PATH}:/opt/ros/humble /usr/bin/cmake --install /home/farao/ros2_ws/build/turtlesim_plus
