[0.006s] Invoking command in '/home/farao/ros2_ws/src/turtle_bringup/build/turtle_bringup': CMAKE_PREFIX_PATH=${CMAKE_PREFIX_PATH}:/home/farao/ros2_ws/install/lecture2:/home/farao/ros2_ws/install/launch_testing_examples:/home/farao/ros2_ws/install/examples_rclpy_pointcloud_publisher:/home/farao/ros2_ws/install/examples_rclpy_minimal_subscriber:/home/farao/ros2_ws/install/examples_rclpy_minimal_service:/home/farao/ros2_ws/install/examples_rclpy_minimal_publisher:/home/farao/ros2_ws/install/examples_rclpy_minimal_client:/home/farao/ros2_ws/install/examples_rclpy_minimal_action_server:/home/farao/ros2_ws/install/examples_rclpy_minimal_action_client:/home/farao/ros2_ws/install/examples_rclpy_guard_conditions:/home/farao/ros2_ws/install/examples_rclpy_executors:/opt/ros/humble /usr/bin/cmake /home/farao/ros2_ws/src/turtle_bringup -DCMAKE_INSTALL_PREFIX=/home/farao/ros2_ws/src/turtle_bringup/install/turtle_bringup
[0.038s] -- The C compiler identification is GNU 11.4.0
[0.070s] -- The CXX compiler identification is GNU 11.4.0
[0.074s] -- Detecting C compiler ABI info
[0.124s] -- Detecting C compiler ABI info - done
[0.128s] -- Check for working C compiler: /usr/bin/cc - skipped
[0.128s] -- Detecting C compile features
[0.128s] -- Detecting C compile features - done
[0.130s] -- Detecting CXX compiler ABI info
[0.174s] -- Detecting CXX compiler ABI info - done
[0.178s] -- Check for working CXX compiler: /usr/bin/c++ - skipped
[0.178s] -- Detecting CXX compile features
[0.178s] -- Detecting CXX compile features - done
[0.181s] -- Found ament_cmake: 1.3.9 (/opt/ros/humble/share/ament_cmake/cmake)
[0.275s] -- Found Python3: /usr/bin/python3 (found version "3.10.12") found components: Interpreter 
[0.338s] -- Found rclcpp: 16.0.9 (/opt/ros/humble/share/rclcpp/cmake)
[0.369s] -- Found rosidl_generator_c: 3.1.5 (/opt/ros/humble/share/rosidl_generator_c/cmake)
[0.373s] -- Found rosidl_adapter: 3.1.5 (/opt/ros/humble/share/rosidl_adapter/cmake)
[0.379s] -- Found rosidl_generator_cpp: 3.1.5 (/opt/ros/humble/share/rosidl_generator_cpp/cmake)
[0.388s] -- Using all available rosidl_typesupport_c: rosidl_typesupport_fastrtps_c;rosidl_typesupport_introspection_c
[0.401s] -- Using all available rosidl_typesupport_cpp: rosidl_typesupport_fastrtps_cpp;rosidl_typesupport_introspection_cpp
[0.445s] -- Found rmw_implementation_cmake: 6.1.2 (/opt/ros/humble/share/rmw_implementation_cmake/cmake)
[0.448s] -- Found rmw_fastrtps_cpp: 6.2.6 (/opt/ros/humble/share/rmw_fastrtps_cpp/cmake)
[0.507s] -- Found OpenSSL: /usr/lib/x86_64-linux-gnu/libcrypto.so (found version "3.0.2")  
[0.523s] -- Found FastRTPS: /opt/ros/humble/include  
[0.550s] -- Using RMW implementation 'rmw_fastrtps_cpp' as default
[0.557s] -- Looking for pthread.h
[0.600s] -- Looking for pthread.h - found
[0.600s] -- Performing Test CMAKE_HAVE_LIBC_PTHREAD
[0.646s] -- Performing Test CMAKE_HAVE_LIBC_PTHREAD - Success
[0.646s] -- Found Threads: TRUE  
[0.737s] -- Found rclpy: 3.3.13 (/opt/ros/humble/share/rclpy/cmake)
[0.823s] -- Configuring done
[0.827s] -- Generating done
[0.828s] -- Build files have been written to: /home/farao/ros2_ws/src/turtle_bringup/build/turtle_bringup
[0.834s] Invoked command in '/home/farao/ros2_ws/src/turtle_bringup/build/turtle_bringup' returned '0': CMAKE_PREFIX_PATH=${CMAKE_PREFIX_PATH}:/home/farao/ros2_ws/install/lecture2:/home/farao/ros2_ws/install/launch_testing_examples:/home/farao/ros2_ws/install/examples_rclpy_pointcloud_publisher:/home/farao/ros2_ws/install/examples_rclpy_minimal_subscriber:/home/farao/ros2_ws/install/examples_rclpy_minimal_service:/home/farao/ros2_ws/install/examples_rclpy_minimal_publisher:/home/farao/ros2_ws/install/examples_rclpy_minimal_client:/home/farao/ros2_ws/install/examples_rclpy_minimal_action_server:/home/farao/ros2_ws/install/examples_rclpy_minimal_action_client:/home/farao/ros2_ws/install/examples_rclpy_guard_conditions:/home/farao/ros2_ws/install/examples_rclpy_executors:/opt/ros/humble /usr/bin/cmake /home/farao/ros2_ws/src/turtle_bringup -DCMAKE_INSTALL_PREFIX=/home/farao/ros2_ws/src/turtle_bringup/install/turtle_bringup
[0.835s] Invoking command in '/home/farao/ros2_ws/src/turtle_bringup/build/turtle_bringup': CMAKE_PREFIX_PATH=${CMAKE_PREFIX_PATH}:/home/farao/ros2_ws/install/lecture2:/home/farao/ros2_ws/install/launch_testing_examples:/home/farao/ros2_ws/install/examples_rclpy_pointcloud_publisher:/home/farao/ros2_ws/install/examples_rclpy_minimal_subscriber:/home/farao/ros2_ws/install/examples_rclpy_minimal_service:/home/farao/ros2_ws/install/examples_rclpy_minimal_publisher:/home/farao/ros2_ws/install/examples_rclpy_minimal_client:/home/farao/ros2_ws/install/examples_rclpy_minimal_action_server:/home/farao/ros2_ws/install/examples_rclpy_minimal_action_client:/home/farao/ros2_ws/install/examples_rclpy_guard_conditions:/home/farao/ros2_ws/install/examples_rclpy_executors:/opt/ros/humble /usr/bin/cmake --build /home/farao/ros2_ws/src/turtle_bringup/build/turtle_bringup -- -j20 -l20
[0.861s] [ 50%] [32mBuilding CXX object CMakeFiles/cpp_node_test.dir/src/cpp_node.cpp.o[0m
[0.865s] [ 50%] Built target ament_cmake_python_copy_turtle_bringup
[0.993s] running egg_info
[0.993s] creating turtle_bringup.egg-info
[0.993s] writing turtle_bringup.egg-info/PKG-INFO
[0.993s] writing dependency_links to turtle_bringup.egg-info/dependency_links.txt
[0.993s] writing top-level names to turtle_bringup.egg-info/top_level.txt
[0.993s] writing manifest file 'turtle_bringup.egg-info/SOURCES.txt'
[0.993s] [100%] [32m[1mLinking CXX executable cpp_node_test[0m
[0.994s] reading manifest file 'turtle_bringup.egg-info/SOURCES.txt'
[0.994s] writing manifest file 'turtle_bringup.egg-info/SOURCES.txt'
[1.010s] [100%] Built target ament_cmake_python_build_turtle_bringup_egg
[1.046s] [100%] Built target cpp_node_test
[1.053s] Invoked command in '/home/farao/ros2_ws/src/turtle_bringup/build/turtle_bringup' returned '0': CMAKE_PREFIX_PATH=${CMAKE_PREFIX_PATH}:/home/farao/ros2_ws/install/lecture2:/home/farao/ros2_ws/install/launch_testing_examples:/home/farao/ros2_ws/install/examples_rclpy_pointcloud_publisher:/home/farao/ros2_ws/install/examples_rclpy_minimal_subscriber:/home/farao/ros2_ws/install/examples_rclpy_minimal_service:/home/farao/ros2_ws/install/examples_rclpy_minimal_publisher:/home/farao/ros2_ws/install/examples_rclpy_minimal_client:/home/farao/ros2_ws/install/examples_rclpy_minimal_action_server:/home/farao/ros2_ws/install/examples_rclpy_minimal_action_client:/home/farao/ros2_ws/install/examples_rclpy_guard_conditions:/home/farao/ros2_ws/install/examples_rclpy_executors:/opt/ros/humble /usr/bin/cmake --build /home/farao/ros2_ws/src/turtle_bringup/build/turtle_bringup -- -j20 -l20
[1.073s] Invoking command in '/home/farao/ros2_ws/src/turtle_bringup/build/turtle_bringup': CMAKE_PREFIX_PATH=${CMAKE_PREFIX_PATH}:/home/farao/ros2_ws/install/lecture2:/home/farao/ros2_ws/install/launch_testing_examples:/home/farao/ros2_ws/install/examples_rclpy_pointcloud_publisher:/home/farao/ros2_ws/install/examples_rclpy_minimal_subscriber:/home/farao/ros2_ws/install/examples_rclpy_minimal_service:/home/farao/ros2_ws/install/examples_rclpy_minimal_publisher:/home/farao/ros2_ws/install/examples_rclpy_minimal_client:/home/farao/ros2_ws/install/examples_rclpy_minimal_action_server:/home/farao/ros2_ws/install/examples_rclpy_minimal_action_client:/home/farao/ros2_ws/install/examples_rclpy_guard_conditions:/home/farao/ros2_ws/install/examples_rclpy_executors:/opt/ros/humble /usr/bin/cmake --install /home/farao/ros2_ws/src/turtle_bringup/build/turtle_bringup
[1.076s] -- Install configuration: ""
[1.077s] -- Installing: /home/farao/ros2_ws/src/turtle_bringup/install/turtle_bringup/share/turtle_bringup/environment/pythonpath.sh
[1.077s] -- Installing: /home/farao/ros2_ws/src/turtle_bringup/install/turtle_bringup/share/turtle_bringup/environment/pythonpath.dsv
[1.077s] -- Installing: /home/farao/ros2_ws/src/turtle_bringup/install/turtle_bringup/local/lib/python3.10/dist-packages/turtle_bringup-0.0.0-py3.10.egg-info
[1.077s] -- Installing: /home/farao/ros2_ws/src/turtle_bringup/install/turtle_bringup/local/lib/python3.10/dist-packages/turtle_bringup-0.0.0-py3.10.egg-info/dependency_links.txt
[1.077s] -- Installing: /home/farao/ros2_ws/src/turtle_bringup/install/turtle_bringup/local/lib/python3.10/dist-packages/turtle_bringup-0.0.0-py3.10.egg-info/PKG-INFO
[1.077s] -- Installing: /home/farao/ros2_ws/src/turtle_bringup/install/turtle_bringup/local/lib/python3.10/dist-packages/turtle_bringup-0.0.0-py3.10.egg-info/top_level.txt
[1.077s] -- Installing: /home/farao/ros2_ws/src/turtle_bringup/install/turtle_bringup/local/lib/python3.10/dist-packages/turtle_bringup-0.0.0-py3.10.egg-info/SOURCES.txt
[1.077s] -- Installing: /home/farao/ros2_ws/src/turtle_bringup/install/turtle_bringup/local/lib/python3.10/dist-packages/turtle_bringup
[1.077s] -- Installing: /home/farao/ros2_ws/src/turtle_bringup/install/turtle_bringup/local/lib/python3.10/dist-packages/turtle_bringup/__init__.py
[1.077s] -- Installing: /home/farao/ros2_ws/src/turtle_bringup/install/turtle_bringup/local/lib/python3.10/dist-packages/turtle_bringup/dummy_module.py
[1.097s] Listing '/home/farao/ros2_ws/src/turtle_bringup/install/turtle_bringup/local/lib/python3.10/dist-packages/turtle_bringup'...
[1.097s] Compiling '/home/farao/ros2_ws/src/turtle_bringup/install/turtle_bringup/local/lib/python3.10/dist-packages/turtle_bringup/__init__.py'...
[1.097s] Compiling '/home/farao/ros2_ws/src/turtle_bringup/install/turtle_bringup/local/lib/python3.10/dist-packages/turtle_bringup/dummy_module.py'...
[1.100s] [31mCMake Error at cmake_install.cmake:70 (file):
[1.100s]   file INSTALL cannot find
[1.100s]   "/home/farao/ros2_ws/src/turtle_bringup/scripts/dummy_script.py": No such
[1.100s]   file or directory.
[1.100s] 
[1.100s] [0m
[1.102s] Invoked command in '/home/farao/ros2_ws/src/turtle_bringup/build/turtle_bringup' returned '1': CMAKE_PREFIX_PATH=${CMAKE_PREFIX_PATH}:/home/farao/ros2_ws/install/lecture2:/home/farao/ros2_ws/install/launch_testing_examples:/home/farao/ros2_ws/install/examples_rclpy_pointcloud_publisher:/home/farao/ros2_ws/install/examples_rclpy_minimal_subscriber:/home/farao/ros2_ws/install/examples_rclpy_minimal_service:/home/farao/ros2_ws/install/examples_rclpy_minimal_publisher:/home/farao/ros2_ws/install/examples_rclpy_minimal_client:/home/farao/ros2_ws/install/examples_rclpy_minimal_action_server:/home/farao/ros2_ws/install/examples_rclpy_minimal_action_client:/home/farao/ros2_ws/install/examples_rclpy_guard_conditions:/home/farao/ros2_ws/install/examples_rclpy_executors:/opt/ros/humble /usr/bin/cmake --install /home/farao/ros2_ws/src/turtle_bringup/build/turtle_bringup
