[0.056s] DEBUG:colcon:Command line arguments: ['/usr/bin/colcon', 'build']
[0.056s] DEBUG:colcon:Parsed command line arguments: Namespace(log_base=None, log_level=None, verb_name='build', build_base='build', install_base='install', merge_install=False, symlink_install=False, test_result_base=None, continue_on_error=False, executor='parallel', parallel_workers=20, event_handlers=None, ignore_user_meta=False, metas=['./colcon.meta'], base_paths=['.'], packages_ignore=None, packages_ignore_regex=None, paths=None, packages_up_to=None, packages_up_to_regex=None, packages_above=None, packages_above_and_dependencies=None, packages_above_depth=None, packages_select_by_dep=None, packages_skip_by_dep=None, packages_skip_up_to=None, packages_select_build_failed=False, packages_skip_build_finished=False, packages_select_test_failures=False, packages_skip_test_passed=False, packages_select=None, packages_skip=None, packages_select_regex=None, packages_skip_regex=None, packages_start=None, packages_end=None, allow_overriding=[], cmake_args=None, cmake_target=None, cmake_target_skip_unavailable=False, cmake_clean_cache=False, cmake_clean_first=False, cmake_force_configure=False, ament_cmake_args=None, catkin_cmake_args=None, catkin_skip_building_tests=False, mixin_files=None, mixin=None, verb_parser=<colcon_mixin.mixin.mixin_argument.MixinArgumentDecorator object at 0x7e9063337400>, verb_extension=<colcon_core.verb.build.BuildVerb object at 0x7e9063336e90>, main=<bound method BuildVerb.main of <colcon_core.verb.build.BuildVerb object at 0x7e9063336e90>>, mixin_verb=('build',))
[0.134s] Level 1:colcon.colcon_core.package_discovery:discover_packages(colcon_meta) check parameters
[0.135s] Level 1:colcon.colcon_core.package_discovery:discover_packages(recursive) check parameters
[0.135s] Level 1:colcon.colcon_core.package_discovery:discover_packages(ignore) check parameters
[0.135s] Level 1:colcon.colcon_core.package_discovery:discover_packages(path) check parameters
[0.135s] Level 1:colcon.colcon_core.package_discovery:discover_packages(colcon_meta) discover
[0.135s] Level 1:colcon.colcon_core.package_discovery:discover_packages(recursive) discover
[0.135s] INFO:colcon.colcon_core.package_discovery:Crawling recursively for packages in '/home/farao/ros2_ws'
[0.135s] Level 1:colcon.colcon_core.package_identification:_identify(.) by extensions ['ignore', 'ignore_ament_install']
[0.135s] Level 1:colcon.colcon_core.package_identification:_identify(.) by extension 'ignore'
[0.135s] Level 1:colcon.colcon_core.package_identification:_identify(.) by extension 'ignore_ament_install'
[0.135s] Level 1:colcon.colcon_core.package_identification:_identify(.) by extensions ['colcon_pkg']
[0.135s] Level 1:colcon.colcon_core.package_identification:_identify(.) by extension 'colcon_pkg'
[0.135s] Level 1:colcon.colcon_core.package_identification:_identify(.) by extensions ['colcon_meta']
[0.135s] Level 1:colcon.colcon_core.package_identification:_identify(.) by extension 'colcon_meta'
[0.135s] Level 1:colcon.colcon_core.package_identification:_identify(.) by extensions ['ros']
[0.135s] Level 1:colcon.colcon_core.package_identification:_identify(.) by extension 'ros'
[0.141s] Level 1:colcon.colcon_core.package_identification:_identify(.) by extensions ['cmake', 'python']
[0.141s] Level 1:colcon.colcon_core.package_identification:_identify(.) by extension 'cmake'
[0.141s] Level 1:colcon.colcon_core.package_identification:_identify(.) by extension 'python'
[0.141s] Level 1:colcon.colcon_core.package_identification:_identify(.) by extensions ['python_setup_py']
[0.141s] Level 1:colcon.colcon_core.package_identification:_identify(.) by extension 'python_setup_py'
[0.141s] Level 1:colcon.colcon_core.package_identification:_identify(build) by extensions ['ignore', 'ignore_ament_install']
[0.141s] Level 1:colcon.colcon_core.package_identification:_identify(build) by extension 'ignore'
[0.141s] Level 1:colcon.colcon_core.package_identification:_identify(build) ignored
[0.141s] Level 1:colcon.colcon_core.package_identification:_identify(install) by extensions ['ignore', 'ignore_ament_install']
[0.141s] Level 1:colcon.colcon_core.package_identification:_identify(install) by extension 'ignore'
[0.141s] Level 1:colcon.colcon_core.package_identification:_identify(install) ignored
[0.141s] Level 1:colcon.colcon_core.package_identification:_identify(log) by extensions ['ignore', 'ignore_ament_install']
[0.141s] Level 1:colcon.colcon_core.package_identification:_identify(log) by extension 'ignore'
[0.141s] Level 1:colcon.colcon_core.package_identification:_identify(log) ignored
[0.141s] Level 1:colcon.colcon_core.package_identification:_identify(src) by extensions ['ignore', 'ignore_ament_install']
[0.141s] Level 1:colcon.colcon_core.package_identification:_identify(src) by extension 'ignore'
[0.141s] Level 1:colcon.colcon_core.package_identification:_identify(src) by extension 'ignore_ament_install'
[0.141s] Level 1:colcon.colcon_core.package_identification:_identify(src) by extensions ['colcon_pkg']
[0.141s] Level 1:colcon.colcon_core.package_identification:_identify(src) by extension 'colcon_pkg'
[0.141s] Level 1:colcon.colcon_core.package_identification:_identify(src) by extensions ['colcon_meta']
[0.141s] Level 1:colcon.colcon_core.package_identification:_identify(src) by extension 'colcon_meta'
[0.141s] Level 1:colcon.colcon_core.package_identification:_identify(src) by extensions ['ros']
[0.141s] Level 1:colcon.colcon_core.package_identification:_identify(src) by extension 'ros'
[0.141s] Level 1:colcon.colcon_core.package_identification:_identify(src) by extensions ['cmake', 'python']
[0.141s] Level 1:colcon.colcon_core.package_identification:_identify(src) by extension 'cmake'
[0.141s] Level 1:colcon.colcon_core.package_identification:_identify(src) by extension 'python'
[0.141s] Level 1:colcon.colcon_core.package_identification:_identify(src) by extensions ['python_setup_py']
[0.142s] Level 1:colcon.colcon_core.package_identification:_identify(src) by extension 'python_setup_py'
[0.142s] Level 1:colcon.colcon_core.package_identification:_identify(src/build) by extensions ['ignore', 'ignore_ament_install']
[0.142s] Level 1:colcon.colcon_core.package_identification:_identify(src/build) by extension 'ignore'
[0.142s] Level 1:colcon.colcon_core.package_identification:_identify(src/build) ignored
[0.142s] Level 1:colcon.colcon_core.package_identification:_identify(src/controller_interfaces) by extensions ['ignore', 'ignore_ament_install']
[0.142s] Level 1:colcon.colcon_core.package_identification:_identify(src/controller_interfaces) by extension 'ignore'
[0.142s] Level 1:colcon.colcon_core.package_identification:_identify(src/controller_interfaces) by extension 'ignore_ament_install'
[0.142s] Level 1:colcon.colcon_core.package_identification:_identify(src/controller_interfaces) by extensions ['colcon_pkg']
[0.142s] Level 1:colcon.colcon_core.package_identification:_identify(src/controller_interfaces) by extension 'colcon_pkg'
[0.142s] Level 1:colcon.colcon_core.package_identification:_identify(src/controller_interfaces) by extensions ['colcon_meta']
[0.142s] Level 1:colcon.colcon_core.package_identification:_identify(src/controller_interfaces) by extension 'colcon_meta'
[0.142s] Level 1:colcon.colcon_core.package_identification:_identify(src/controller_interfaces) by extensions ['ros']
[0.142s] Level 1:colcon.colcon_core.package_identification:_identify(src/controller_interfaces) by extension 'ros'
[0.143s] DEBUG:colcon.colcon_core.package_identification:Package 'src/controller_interfaces' with type 'ros.ament_cmake' and name 'controller_interfaces'
[0.143s] Level 1:colcon.colcon_core.package_identification:_identify(src/install) by extensions ['ignore', 'ignore_ament_install']
[0.143s] Level 1:colcon.colcon_core.package_identification:_identify(src/install) by extension 'ignore'
[0.143s] Level 1:colcon.colcon_core.package_identification:_identify(src/install) ignored
[0.143s] Level 1:colcon.colcon_core.package_identification:_identify(src/lab1) by extensions ['ignore', 'ignore_ament_install']
[0.143s] Level 1:colcon.colcon_core.package_identification:_identify(src/lab1) by extension 'ignore'
[0.143s] Level 1:colcon.colcon_core.package_identification:_identify(src/lab1) by extension 'ignore_ament_install'
[0.143s] Level 1:colcon.colcon_core.package_identification:_identify(src/lab1) by extensions ['colcon_pkg']
[0.143s] Level 1:colcon.colcon_core.package_identification:_identify(src/lab1) by extension 'colcon_pkg'
[0.143s] Level 1:colcon.colcon_core.package_identification:_identify(src/lab1) by extensions ['colcon_meta']
[0.143s] Level 1:colcon.colcon_core.package_identification:_identify(src/lab1) by extension 'colcon_meta'
[0.143s] Level 1:colcon.colcon_core.package_identification:_identify(src/lab1) by extensions ['ros']
[0.143s] Level 1:colcon.colcon_core.package_identification:_identify(src/lab1) by extension 'ros'
[0.144s] DEBUG:colcon.colcon_core.package_identification:Package 'src/lab1' with type 'ros.ament_cmake' and name 'lab1'
[0.144s] Level 1:colcon.colcon_core.package_identification:_identify(src/lab1_interface) by extensions ['ignore', 'ignore_ament_install']
[0.144s] Level 1:colcon.colcon_core.package_identification:_identify(src/lab1_interface) by extension 'ignore'
[0.144s] Level 1:colcon.colcon_core.package_identification:_identify(src/lab1_interface) by extension 'ignore_ament_install'
[0.144s] Level 1:colcon.colcon_core.package_identification:_identify(src/lab1_interface) by extensions ['colcon_pkg']
[0.144s] Level 1:colcon.colcon_core.package_identification:_identify(src/lab1_interface) by extension 'colcon_pkg'
[0.144s] Level 1:colcon.colcon_core.package_identification:_identify(src/lab1_interface) by extensions ['colcon_meta']
[0.144s] Level 1:colcon.colcon_core.package_identification:_identify(src/lab1_interface) by extension 'colcon_meta'
[0.144s] Level 1:colcon.colcon_core.package_identification:_identify(src/lab1_interface) by extensions ['ros']
[0.144s] Level 1:colcon.colcon_core.package_identification:_identify(src/lab1_interface) by extension 'ros'
[0.144s] DEBUG:colcon.colcon_core.package_identification:Package 'src/lab1_interface' with type 'ros.ament_cmake' and name 'lab1_interface'
[0.144s] Level 1:colcon.colcon_core.package_identification:_identify(src/lecture2) by extensions ['ignore', 'ignore_ament_install']
[0.144s] Level 1:colcon.colcon_core.package_identification:_identify(src/lecture2) by extension 'ignore'
[0.144s] Level 1:colcon.colcon_core.package_identification:_identify(src/lecture2) by extension 'ignore_ament_install'
[0.144s] Level 1:colcon.colcon_core.package_identification:_identify(src/lecture2) by extensions ['colcon_pkg']
[0.144s] Level 1:colcon.colcon_core.package_identification:_identify(src/lecture2) by extension 'colcon_pkg'
[0.144s] Level 1:colcon.colcon_core.package_identification:_identify(src/lecture2) by extensions ['colcon_meta']
[0.144s] Level 1:colcon.colcon_core.package_identification:_identify(src/lecture2) by extension 'colcon_meta'
[0.144s] Level 1:colcon.colcon_core.package_identification:_identify(src/lecture2) by extensions ['ros']
[0.144s] Level 1:colcon.colcon_core.package_identification:_identify(src/lecture2) by extension 'ros'
[0.145s] DEBUG:colcon.colcon_core.package_identification:Package 'src/lecture2' with type 'ros.ament_cmake' and name 'lecture2'
[0.145s] Level 1:colcon.colcon_core.package_identification:_identify(src/log) by extensions ['ignore', 'ignore_ament_install']
[0.145s] Level 1:colcon.colcon_core.package_identification:_identify(src/log) by extension 'ignore'
[0.145s] Level 1:colcon.colcon_core.package_identification:_identify(src/log) ignored
[0.145s] Level 1:colcon.colcon_core.package_identification:_identify(src/turtle_bringup) by extensions ['ignore', 'ignore_ament_install']
[0.145s] Level 1:colcon.colcon_core.package_identification:_identify(src/turtle_bringup) by extension 'ignore'
[0.145s] Level 1:colcon.colcon_core.package_identification:_identify(src/turtle_bringup) by extension 'ignore_ament_install'
[0.145s] Level 1:colcon.colcon_core.package_identification:_identify(src/turtle_bringup) by extensions ['colcon_pkg']
[0.145s] Level 1:colcon.colcon_core.package_identification:_identify(src/turtle_bringup) by extension 'colcon_pkg'
[0.145s] Level 1:colcon.colcon_core.package_identification:_identify(src/turtle_bringup) by extensions ['colcon_meta']
[0.145s] Level 1:colcon.colcon_core.package_identification:_identify(src/turtle_bringup) by extension 'colcon_meta'
[0.145s] Level 1:colcon.colcon_core.package_identification:_identify(src/turtle_bringup) by extensions ['ros']
[0.145s] Level 1:colcon.colcon_core.package_identification:_identify(src/turtle_bringup) by extension 'ros'
[0.145s] DEBUG:colcon.colcon_core.package_identification:Package 'src/turtle_bringup' with type 'ros.ament_cmake' and name 'turtle_bringup'
[0.145s] Level 1:colcon.colcon_core.package_identification:_identify(src/turtlesim_plus) by extensions ['ignore', 'ignore_ament_install']
[0.145s] Level 1:colcon.colcon_core.package_identification:_identify(src/turtlesim_plus) by extension 'ignore'
[0.145s] Level 1:colcon.colcon_core.package_identification:_identify(src/turtlesim_plus) by extension 'ignore_ament_install'
[0.145s] Level 1:colcon.colcon_core.package_identification:_identify(src/turtlesim_plus) by extensions ['colcon_pkg']
[0.145s] Level 1:colcon.colcon_core.package_identification:_identify(src/turtlesim_plus) by extension 'colcon_pkg'
[0.145s] Level 1:colcon.colcon_core.package_identification:_identify(src/turtlesim_plus) by extensions ['colcon_meta']
[0.145s] Level 1:colcon.colcon_core.package_identification:_identify(src/turtlesim_plus) by extension 'colcon_meta'
[0.145s] Level 1:colcon.colcon_core.package_identification:_identify(src/turtlesim_plus) by extensions ['ros']
[0.145s] Level 1:colcon.colcon_core.package_identification:_identify(src/turtlesim_plus) by extension 'ros'
[0.146s] Level 1:colcon.colcon_core.package_identification:_identify(src/turtlesim_plus) by extensions ['cmake', 'python']
[0.146s] Level 1:colcon.colcon_core.package_identification:_identify(src/turtlesim_plus) by extension 'cmake'
[0.146s] Level 1:colcon.colcon_core.package_identification:_identify(src/turtlesim_plus) by extension 'python'
[0.146s] Level 1:colcon.colcon_core.package_identification:_identify(src/turtlesim_plus) by extensions ['python_setup_py']
[0.146s] Level 1:colcon.colcon_core.package_identification:_identify(src/turtlesim_plus) by extension 'python_setup_py'
[0.146s] Level 1:colcon.colcon_core.package_identification:_identify(src/turtlesim_plus/turtlesim_plus) by extensions ['ignore', 'ignore_ament_install']
[0.146s] Level 1:colcon.colcon_core.package_identification:_identify(src/turtlesim_plus/turtlesim_plus) by extension 'ignore'
[0.146s] Level 1:colcon.colcon_core.package_identification:_identify(src/turtlesim_plus/turtlesim_plus) by extension 'ignore_ament_install'
[0.146s] Level 1:colcon.colcon_core.package_identification:_identify(src/turtlesim_plus/turtlesim_plus) by extensions ['colcon_pkg']
[0.146s] Level 1:colcon.colcon_core.package_identification:_identify(src/turtlesim_plus/turtlesim_plus) by extension 'colcon_pkg'
[0.146s] Level 1:colcon.colcon_core.package_identification:_identify(src/turtlesim_plus/turtlesim_plus) by extensions ['colcon_meta']
[0.146s] Level 1:colcon.colcon_core.package_identification:_identify(src/turtlesim_plus/turtlesim_plus) by extension 'colcon_meta'
[0.146s] Level 1:colcon.colcon_core.package_identification:_identify(src/turtlesim_plus/turtlesim_plus) by extensions ['ros']
[0.146s] Level 1:colcon.colcon_core.package_identification:_identify(src/turtlesim_plus/turtlesim_plus) by extension 'ros'
[0.146s] DEBUG:colcon.colcon_core.package_identification:Package 'src/turtlesim_plus/turtlesim_plus' with type 'ros.ament_cmake' and name 'turtlesim_plus'
[0.146s] Level 1:colcon.colcon_core.package_identification:_identify(src/turtlesim_plus/turtlesim_plus_interfaces) by extensions ['ignore', 'ignore_ament_install']
[0.146s] Level 1:colcon.colcon_core.package_identification:_identify(src/turtlesim_plus/turtlesim_plus_interfaces) by extension 'ignore'
[0.146s] Level 1:colcon.colcon_core.package_identification:_identify(src/turtlesim_plus/turtlesim_plus_interfaces) by extension 'ignore_ament_install'
[0.146s] Level 1:colcon.colcon_core.package_identification:_identify(src/turtlesim_plus/turtlesim_plus_interfaces) by extensions ['colcon_pkg']
[0.146s] Level 1:colcon.colcon_core.package_identification:_identify(src/turtlesim_plus/turtlesim_plus_interfaces) by extension 'colcon_pkg'
[0.146s] Level 1:colcon.colcon_core.package_identification:_identify(src/turtlesim_plus/turtlesim_plus_interfaces) by extensions ['colcon_meta']
[0.146s] Level 1:colcon.colcon_core.package_identification:_identify(src/turtlesim_plus/turtlesim_plus_interfaces) by extension 'colcon_meta'
[0.146s] Level 1:colcon.colcon_core.package_identification:_identify(src/turtlesim_plus/turtlesim_plus_interfaces) by extensions ['ros']
[0.146s] Level 1:colcon.colcon_core.package_identification:_identify(src/turtlesim_plus/turtlesim_plus_interfaces) by extension 'ros'
[0.147s] DEBUG:colcon.colcon_core.package_identification:Package 'src/turtlesim_plus/turtlesim_plus_interfaces' with type 'ros.ament_cmake' and name 'turtlesim_plus_interfaces'
[0.147s] Level 1:colcon.colcon_core.package_discovery:discover_packages(recursive) using defaults
[0.147s] Level 1:colcon.colcon_core.package_discovery:discover_packages(ignore) discover
[0.147s] Level 1:colcon.colcon_core.package_discovery:discover_packages(ignore) using defaults
[0.147s] Level 1:colcon.colcon_core.package_discovery:discover_packages(path) discover
[0.147s] Level 1:colcon.colcon_core.package_discovery:discover_packages(path) using defaults
[0.162s] Level 1:colcon.colcon_core.package_discovery:discover_packages(prefix_path) check parameters
[0.162s] Level 1:colcon.colcon_core.package_discovery:discover_packages(prefix_path) discover
[0.163s] DEBUG:colcon.colcon_installed_package_information.package_discovery:Found 7 installed packages in /home/farao/ros2_ws/install
[0.164s] DEBUG:colcon.colcon_installed_package_information.package_discovery:Found 1 installed packages in /home/farao/ros2_ws/src/lecture2/install
[0.164s] DEBUG:colcon.colcon_installed_package_information.package_discovery:Found 4 installed packages in /home/farao/ros2_ws/src/install
[0.165s] DEBUG:colcon.colcon_installed_package_information.package_discovery:Found 271 installed packages in /opt/ros/humble
[0.165s] Level 1:colcon.colcon_core.package_discovery:discover_packages(prefix_path) using defaults
[0.182s] Level 5:colcon.colcon_core.verb:set package 'controller_interfaces' build argument 'cmake_args' from command line to 'None'
[0.182s] Level 5:colcon.colcon_core.verb:set package 'controller_interfaces' build argument 'cmake_target' from command line to 'None'
[0.182s] Level 5:colcon.colcon_core.verb:set package 'controller_interfaces' build argument 'cmake_target_skip_unavailable' from command line to 'False'
[0.182s] Level 5:colcon.colcon_core.verb:set package 'controller_interfaces' build argument 'cmake_clean_cache' from command line to 'False'
[0.182s] Level 5:colcon.colcon_core.verb:set package 'controller_interfaces' build argument 'cmake_clean_first' from command line to 'False'
[0.182s] Level 5:colcon.colcon_core.verb:set package 'controller_interfaces' build argument 'cmake_force_configure' from command line to 'False'
[0.182s] Level 5:colcon.colcon_core.verb:set package 'controller_interfaces' build argument 'ament_cmake_args' from command line to 'None'
[0.182s] Level 5:colcon.colcon_core.verb:set package 'controller_interfaces' build argument 'catkin_cmake_args' from command line to 'None'
[0.182s] Level 5:colcon.colcon_core.verb:set package 'controller_interfaces' build argument 'catkin_skip_building_tests' from command line to 'False'
[0.182s] DEBUG:colcon.colcon_core.verb:Building package 'controller_interfaces' with the following arguments: {'ament_cmake_args': None, 'build_base': '/home/farao/ros2_ws/build/controller_interfaces', 'catkin_cmake_args': None, 'catkin_skip_building_tests': False, 'cmake_args': None, 'cmake_clean_cache': False, 'cmake_clean_first': False, 'cmake_force_configure': False, 'cmake_target': None, 'cmake_target_skip_unavailable': False, 'install_base': '/home/farao/ros2_ws/install/controller_interfaces', 'merge_install': False, 'path': '/home/farao/ros2_ws/src/controller_interfaces', 'symlink_install': False, 'test_result_base': None}
[0.183s] Level 5:colcon.colcon_core.verb:set package 'lab1' build argument 'cmake_args' from command line to 'None'
[0.183s] Level 5:colcon.colcon_core.verb:set package 'lab1' build argument 'cmake_target' from command line to 'None'
[0.183s] Level 5:colcon.colcon_core.verb:set package 'lab1' build argument 'cmake_target_skip_unavailable' from command line to 'False'
[0.183s] Level 5:colcon.colcon_core.verb:set package 'lab1' build argument 'cmake_clean_cache' from command line to 'False'
[0.183s] Level 5:colcon.colcon_core.verb:set package 'lab1' build argument 'cmake_clean_first' from command line to 'False'
[0.183s] Level 5:colcon.colcon_core.verb:set package 'lab1' build argument 'cmake_force_configure' from command line to 'False'
[0.183s] Level 5:colcon.colcon_core.verb:set package 'lab1' build argument 'ament_cmake_args' from command line to 'None'
[0.183s] Level 5:colcon.colcon_core.verb:set package 'lab1' build argument 'catkin_cmake_args' from command line to 'None'
[0.183s] Level 5:colcon.colcon_core.verb:set package 'lab1' build argument 'catkin_skip_building_tests' from command line to 'False'
[0.183s] DEBUG:colcon.colcon_core.verb:Building package 'lab1' with the following arguments: {'ament_cmake_args': None, 'build_base': '/home/farao/ros2_ws/build/lab1', 'catkin_cmake_args': None, 'catkin_skip_building_tests': False, 'cmake_args': None, 'cmake_clean_cache': False, 'cmake_clean_first': False, 'cmake_force_configure': False, 'cmake_target': None, 'cmake_target_skip_unavailable': False, 'install_base': '/home/farao/ros2_ws/install/lab1', 'merge_install': False, 'path': '/home/farao/ros2_ws/src/lab1', 'symlink_install': False, 'test_result_base': None}
[0.183s] Level 5:colcon.colcon_core.verb:set package 'lab1_interface' build argument 'cmake_args' from command line to 'None'
[0.183s] Level 5:colcon.colcon_core.verb:set package 'lab1_interface' build argument 'cmake_target' from command line to 'None'
[0.183s] Level 5:colcon.colcon_core.verb:set package 'lab1_interface' build argument 'cmake_target_skip_unavailable' from command line to 'False'
[0.183s] Level 5:colcon.colcon_core.verb:set package 'lab1_interface' build argument 'cmake_clean_cache' from command line to 'False'
[0.183s] Level 5:colcon.colcon_core.verb:set package 'lab1_interface' build argument 'cmake_clean_first' from command line to 'False'
[0.183s] Level 5:colcon.colcon_core.verb:set package 'lab1_interface' build argument 'cmake_force_configure' from command line to 'False'
[0.183s] Level 5:colcon.colcon_core.verb:set package 'lab1_interface' build argument 'ament_cmake_args' from command line to 'None'
[0.183s] Level 5:colcon.colcon_core.verb:set package 'lab1_interface' build argument 'catkin_cmake_args' from command line to 'None'
[0.183s] Level 5:colcon.colcon_core.verb:set package 'lab1_interface' build argument 'catkin_skip_building_tests' from command line to 'False'
[0.183s] DEBUG:colcon.colcon_core.verb:Building package 'lab1_interface' with the following arguments: {'ament_cmake_args': None, 'build_base': '/home/farao/ros2_ws/build/lab1_interface', 'catkin_cmake_args': None, 'catkin_skip_building_tests': False, 'cmake_args': None, 'cmake_clean_cache': False, 'cmake_clean_first': False, 'cmake_force_configure': False, 'cmake_target': None, 'cmake_target_skip_unavailable': False, 'install_base': '/home/farao/ros2_ws/install/lab1_interface', 'merge_install': False, 'path': '/home/farao/ros2_ws/src/lab1_interface', 'symlink_install': False, 'test_result_base': None}
[0.183s] Level 5:colcon.colcon_core.verb:set package 'lecture2' build argument 'cmake_args' from command line to 'None'
[0.183s] Level 5:colcon.colcon_core.verb:set package 'lecture2' build argument 'cmake_target' from command line to 'None'
[0.183s] Level 5:colcon.colcon_core.verb:set package 'lecture2' build argument 'cmake_target_skip_unavailable' from command line to 'False'
[0.183s] Level 5:colcon.colcon_core.verb:set package 'lecture2' build argument 'cmake_clean_cache' from command line to 'False'
[0.183s] Level 5:colcon.colcon_core.verb:set package 'lecture2' build argument 'cmake_clean_first' from command line to 'False'
[0.183s] Level 5:colcon.colcon_core.verb:set package 'lecture2' build argument 'cmake_force_configure' from command line to 'False'
[0.183s] Level 5:colcon.colcon_core.verb:set package 'lecture2' build argument 'ament_cmake_args' from command line to 'None'
[0.183s] Level 5:colcon.colcon_core.verb:set package 'lecture2' build argument 'catkin_cmake_args' from command line to 'None'
[0.183s] Level 5:colcon.colcon_core.verb:set package 'lecture2' build argument 'catkin_skip_building_tests' from command line to 'False'
[0.183s] DEBUG:colcon.colcon_core.verb:Building package 'lecture2' with the following arguments: {'ament_cmake_args': None, 'build_base': '/home/farao/ros2_ws/build/lecture2', 'catkin_cmake_args': None, 'catkin_skip_building_tests': False, 'cmake_args': None, 'cmake_clean_cache': False, 'cmake_clean_first': False, 'cmake_force_configure': False, 'cmake_target': None, 'cmake_target_skip_unavailable': False, 'install_base': '/home/farao/ros2_ws/install/lecture2', 'merge_install': False, 'path': '/home/farao/ros2_ws/src/lecture2', 'symlink_install': False, 'test_result_base': None}
[0.183s] Level 5:colcon.colcon_core.verb:set package 'turtle_bringup' build argument 'cmake_args' from command line to 'None'
[0.183s] Level 5:colcon.colcon_core.verb:set package 'turtle_bringup' build argument 'cmake_target' from command line to 'None'
[0.183s] Level 5:colcon.colcon_core.verb:set package 'turtle_bringup' build argument 'cmake_target_skip_unavailable' from command line to 'False'
[0.183s] Level 5:colcon.colcon_core.verb:set package 'turtle_bringup' build argument 'cmake_clean_cache' from command line to 'False'
[0.183s] Level 5:colcon.colcon_core.verb:set package 'turtle_bringup' build argument 'cmake_clean_first' from command line to 'False'
[0.183s] Level 5:colcon.colcon_core.verb:set package 'turtle_bringup' build argument 'cmake_force_configure' from command line to 'False'
[0.183s] Level 5:colcon.colcon_core.verb:set package 'turtle_bringup' build argument 'ament_cmake_args' from command line to 'None'
[0.183s] Level 5:colcon.colcon_core.verb:set package 'turtle_bringup' build argument 'catkin_cmake_args' from command line to 'None'
[0.183s] Level 5:colcon.colcon_core.verb:set package 'turtle_bringup' build argument 'catkin_skip_building_tests' from command line to 'False'
[0.183s] DEBUG:colcon.colcon_core.verb:Building package 'turtle_bringup' with the following arguments: {'ament_cmake_args': None, 'build_base': '/home/farao/ros2_ws/build/turtle_bringup', 'catkin_cmake_args': None, 'catkin_skip_building_tests': False, 'cmake_args': None, 'cmake_clean_cache': False, 'cmake_clean_first': False, 'cmake_force_configure': False, 'cmake_target': None, 'cmake_target_skip_unavailable': False, 'install_base': '/home/farao/ros2_ws/install/turtle_bringup', 'merge_install': False, 'path': '/home/farao/ros2_ws/src/turtle_bringup', 'symlink_install': False, 'test_result_base': None}
[0.184s] Level 5:colcon.colcon_core.verb:set package 'turtlesim_plus' build argument 'cmake_args' from command line to 'None'
[0.184s] Level 5:colcon.colcon_core.verb:set package 'turtlesim_plus' build argument 'cmake_target' from command line to 'None'
[0.184s] Level 5:colcon.colcon_core.verb:set package 'turtlesim_plus' build argument 'cmake_target_skip_unavailable' from command line to 'False'
[0.184s] Level 5:colcon.colcon_core.verb:set package 'turtlesim_plus' build argument 'cmake_clean_cache' from command line to 'False'
[0.184s] Level 5:colcon.colcon_core.verb:set package 'turtlesim_plus' build argument 'cmake_clean_first' from command line to 'False'
[0.184s] Level 5:colcon.colcon_core.verb:set package 'turtlesim_plus' build argument 'cmake_force_configure' from command line to 'False'
[0.184s] Level 5:colcon.colcon_core.verb:set package 'turtlesim_plus' build argument 'ament_cmake_args' from command line to 'None'
[0.184s] Level 5:colcon.colcon_core.verb:set package 'turtlesim_plus' build argument 'catkin_cmake_args' from command line to 'None'
[0.184s] Level 5:colcon.colcon_core.verb:set package 'turtlesim_plus' build argument 'catkin_skip_building_tests' from command line to 'False'
[0.184s] DEBUG:colcon.colcon_core.verb:Building package 'turtlesim_plus' with the following arguments: {'ament_cmake_args': None, 'build_base': '/home/farao/ros2_ws/build/turtlesim_plus', 'catkin_cmake_args': None, 'catkin_skip_building_tests': False, 'cmake_args': None, 'cmake_clean_cache': False, 'cmake_clean_first': False, 'cmake_force_configure': False, 'cmake_target': None, 'cmake_target_skip_unavailable': False, 'install_base': '/home/farao/ros2_ws/install/turtlesim_plus', 'merge_install': False, 'path': '/home/farao/ros2_ws/src/turtlesim_plus/turtlesim_plus', 'symlink_install': False, 'test_result_base': None}
[0.184s] Level 5:colcon.colcon_core.verb:set package 'turtlesim_plus_interfaces' build argument 'cmake_args' from command line to 'None'
[0.184s] Level 5:colcon.colcon_core.verb:set package 'turtlesim_plus_interfaces' build argument 'cmake_target' from command line to 'None'
[0.184s] Level 5:colcon.colcon_core.verb:set package 'turtlesim_plus_interfaces' build argument 'cmake_target_skip_unavailable' from command line to 'False'
[0.184s] Level 5:colcon.colcon_core.verb:set package 'turtlesim_plus_interfaces' build argument 'cmake_clean_cache' from command line to 'False'
[0.184s] Level 5:colcon.colcon_core.verb:set package 'turtlesim_plus_interfaces' build argument 'cmake_clean_first' from command line to 'False'
[0.184s] Level 5:colcon.colcon_core.verb:set package 'turtlesim_plus_interfaces' build argument 'cmake_force_configure' from command line to 'False'
[0.184s] Level 5:colcon.colcon_core.verb:set package 'turtlesim_plus_interfaces' build argument 'ament_cmake_args' from command line to 'None'
[0.184s] Level 5:colcon.colcon_core.verb:set package 'turtlesim_plus_interfaces' build argument 'catkin_cmake_args' from command line to 'None'
[0.184s] Level 5:colcon.colcon_core.verb:set package 'turtlesim_plus_interfaces' build argument 'catkin_skip_building_tests' from command line to 'False'
[0.184s] DEBUG:colcon.colcon_core.verb:Building package 'turtlesim_plus_interfaces' with the following arguments: {'ament_cmake_args': None, 'build_base': '/home/farao/ros2_ws/build/turtlesim_plus_interfaces', 'catkin_cmake_args': None, 'catkin_skip_building_tests': False, 'cmake_args': None, 'cmake_clean_cache': False, 'cmake_clean_first': False, 'cmake_force_configure': False, 'cmake_target': None, 'cmake_target_skip_unavailable': False, 'install_base': '/home/farao/ros2_ws/install/turtlesim_plus_interfaces', 'merge_install': False, 'path': '/home/farao/ros2_ws/src/turtlesim_plus/turtlesim_plus_interfaces', 'symlink_install': False, 'test_result_base': None}
[0.184s] INFO:colcon.colcon_core.executor:Executing jobs using 'parallel' executor
[0.185s] DEBUG:colcon.colcon_parallel_executor.executor.parallel:run_until_complete
[0.185s] INFO:colcon.colcon_ros.task.ament_cmake.build:Building ROS package in '/home/farao/ros2_ws/src/controller_interfaces' with build type 'ament_cmake'
[0.185s] INFO:colcon.colcon_cmake.task.cmake.build:Building CMake package in '/home/farao/ros2_ws/src/controller_interfaces'
[0.186s] INFO:colcon.colcon_core.plugin_system:Skipping extension 'colcon_core.shell.bat': Not used on non-Windows systems
[0.186s] INFO:colcon.colcon_core.shell:Skip shell extension 'powershell' for command environment: Not usable outside of PowerShell
[0.186s] DEBUG:colcon.colcon_core.shell:Skip shell extension 'dsv' for command environment
[0.188s] INFO:colcon.colcon_ros.task.ament_cmake.build:Building ROS package in '/home/farao/ros2_ws/src/lab1' with build type 'ament_cmake'
[0.188s] INFO:colcon.colcon_cmake.task.cmake.build:Building CMake package in '/home/farao/ros2_ws/src/lab1'
[0.189s] INFO:colcon.colcon_core.shell:Skip shell extension 'powershell' for command environment: Not usable outside of PowerShell
[0.189s] DEBUG:colcon.colcon_core.shell:Skip shell extension 'dsv' for command environment
[0.191s] INFO:colcon.colcon_ros.task.ament_cmake.build:Building ROS package in '/home/farao/ros2_ws/src/lab1_interface' with build type 'ament_cmake'
[0.191s] INFO:colcon.colcon_cmake.task.cmake.build:Building CMake package in '/home/farao/ros2_ws/src/lab1_interface'
[0.191s] INFO:colcon.colcon_core.shell:Skip shell extension 'powershell' for command environment: Not usable outside of PowerShell
[0.191s] DEBUG:colcon.colcon_core.shell:Skip shell extension 'dsv' for command environment
[0.193s] INFO:colcon.colcon_ros.task.ament_cmake.build:Building ROS package in '/home/farao/ros2_ws/src/lecture2' with build type 'ament_cmake'
[0.193s] INFO:colcon.colcon_cmake.task.cmake.build:Building CMake package in '/home/farao/ros2_ws/src/lecture2'
[0.193s] INFO:colcon.colcon_core.shell:Skip shell extension 'powershell' for command environment: Not usable outside of PowerShell
[0.193s] DEBUG:colcon.colcon_core.shell:Skip shell extension 'dsv' for command environment
[0.195s] INFO:colcon.colcon_ros.task.ament_cmake.build:Building ROS package in '/home/farao/ros2_ws/src/turtle_bringup' with build type 'ament_cmake'
[0.195s] INFO:colcon.colcon_cmake.task.cmake.build:Building CMake package in '/home/farao/ros2_ws/src/turtle_bringup'
[0.195s] INFO:colcon.colcon_core.shell:Skip shell extension 'powershell' for command environment: Not usable outside of PowerShell
[0.195s] DEBUG:colcon.colcon_core.shell:Skip shell extension 'dsv' for command environment
[0.197s] INFO:colcon.colcon_ros.task.ament_cmake.build:Building ROS package in '/home/farao/ros2_ws/src/turtlesim_plus/turtlesim_plus' with build type 'ament_cmake'
[0.197s] INFO:colcon.colcon_cmake.task.cmake.build:Building CMake package in '/home/farao/ros2_ws/src/turtlesim_plus/turtlesim_plus'
[0.197s] INFO:colcon.colcon_core.shell:Skip shell extension 'powershell' for command environment: Not usable outside of PowerShell
[0.197s] DEBUG:colcon.colcon_core.shell:Skip shell extension 'dsv' for command environment
[0.199s] INFO:colcon.colcon_ros.task.ament_cmake.build:Building ROS package in '/home/farao/ros2_ws/src/turtlesim_plus/turtlesim_plus_interfaces' with build type 'ament_cmake'
[0.199s] INFO:colcon.colcon_cmake.task.cmake.build:Building CMake package in '/home/farao/ros2_ws/src/turtlesim_plus/turtlesim_plus_interfaces'
[0.199s] INFO:colcon.colcon_core.shell:Skip shell extension 'powershell' for command environment: Not usable outside of PowerShell
[0.199s] DEBUG:colcon.colcon_core.shell:Skip shell extension 'dsv' for command environment
[0.204s] DEBUG:colcon.colcon_core.event_handler.log_command:Invoking command in '/home/farao/ros2_ws/build/controller_interfaces': CMAKE_PREFIX_PATH=${CMAKE_PREFIX_PATH}:/opt/ros/humble /usr/bin/cmake --build /home/farao/ros2_ws/build/controller_interfaces -- -j20 -l20
[0.207s] DEBUG:colcon.colcon_core.event_handler.log_command:Invoking command in '/home/farao/ros2_ws/build/lab1': CMAKE_PREFIX_PATH=${CMAKE_PREFIX_PATH}:/opt/ros/humble /usr/bin/cmake --build /home/farao/ros2_ws/build/lab1 -- -j20 -l20
[0.207s] DEBUG:colcon.colcon_core.event_handler.log_command:Invoking command in '/home/farao/ros2_ws/build/lab1_interface': CMAKE_PREFIX_PATH=${CMAKE_PREFIX_PATH}:/opt/ros/humble /usr/bin/cmake --build /home/farao/ros2_ws/build/lab1_interface -- -j20 -l20
[0.208s] DEBUG:colcon.colcon_core.event_handler.log_command:Invoking command in '/home/farao/ros2_ws/build/lecture2': CMAKE_PREFIX_PATH=${CMAKE_PREFIX_PATH}:/opt/ros/humble /usr/bin/cmake --build /home/farao/ros2_ws/build/lecture2 -- -j20 -l20
[0.210s] DEBUG:colcon.colcon_core.event_handler.log_command:Invoking command in '/home/farao/ros2_ws/build/turtle_bringup': CMAKE_PREFIX_PATH=${CMAKE_PREFIX_PATH}:/opt/ros/humble /usr/bin/cmake --build /home/farao/ros2_ws/build/turtle_bringup -- -j20 -l20
[0.213s] DEBUG:colcon.colcon_core.event_handler.log_command:Invoking command in '/home/farao/ros2_ws/build/turtlesim_plus': CMAKE_PREFIX_PATH=${CMAKE_PREFIX_PATH}:/opt/ros/humble /usr/bin/cmake --build /home/farao/ros2_ws/build/turtlesim_plus -- -j20 -l20
[0.218s] DEBUG:colcon.colcon_core.event_handler.log_command:Invoking command in '/home/farao/ros2_ws/build/turtlesim_plus_interfaces': CMAKE_PREFIX_PATH=${CMAKE_PREFIX_PATH}:/opt/ros/humble /usr/bin/cmake --build /home/farao/ros2_ws/build/turtlesim_plus_interfaces -- -j20 -l20
[0.424s] DEBUG:colcon.colcon_core.event_handler.log_command:Invoked command in '/home/farao/ros2_ws/build/lab1' returned '0': CMAKE_PREFIX_PATH=${CMAKE_PREFIX_PATH}:/opt/ros/humble /usr/bin/cmake --build /home/farao/ros2_ws/build/lab1 -- -j20 -l20
[0.427s] DEBUG:colcon.colcon_core.event_handler.log_command:Invoked command in '/home/farao/ros2_ws/build/lab1_interface' returned '0': CMAKE_PREFIX_PATH=${CMAKE_PREFIX_PATH}:/opt/ros/humble /usr/bin/cmake --build /home/farao/ros2_ws/build/lab1_interface -- -j20 -l20
[0.429s] DEBUG:colcon.colcon_core.event_handler.log_command:Invoked command in '/home/farao/ros2_ws/build/turtlesim_plus' returned '0': CMAKE_PREFIX_PATH=${CMAKE_PREFIX_PATH}:/opt/ros/humble /usr/bin/cmake --build /home/farao/ros2_ws/build/turtlesim_plus -- -j20 -l20
[0.436s] DEBUG:colcon.colcon_core.event_handler.log_command:Invoked command in '/home/farao/ros2_ws/build/turtlesim_plus_interfaces' returned '0': CMAKE_PREFIX_PATH=${CMAKE_PREFIX_PATH}:/opt/ros/humble /usr/bin/cmake --build /home/farao/ros2_ws/build/turtlesim_plus_interfaces -- -j20 -l20
[0.454s] DEBUG:colcon.colcon_core.event_handler.log_command:Invoking command in '/home/farao/ros2_ws/build/lab1': CMAKE_PREFIX_PATH=${CMAKE_PREFIX_PATH}:/opt/ros/humble /usr/bin/cmake --install /home/farao/ros2_ws/build/lab1
[0.456s] DEBUG:colcon.colcon_core.event_handler.log_command:Invoking command in '/home/farao/ros2_ws/build/turtlesim_plus': CMAKE_PREFIX_PATH=${CMAKE_PREFIX_PATH}:/opt/ros/humble /usr/bin/cmake --install /home/farao/ros2_ws/build/turtlesim_plus
[0.465s] DEBUG:colcon.colcon_core.event_handler.log_command:Invoked command in '/home/farao/ros2_ws/build/turtle_bringup' returned '0': CMAKE_PREFIX_PATH=${CMAKE_PREFIX_PATH}:/opt/ros/humble /usr/bin/cmake --build /home/farao/ros2_ws/build/turtle_bringup -- -j20 -l20
[0.470s] DEBUG:colcon.colcon_core.event_handler.log_command:Invoking command in '/home/farao/ros2_ws/build/lab1_interface': CMAKE_PREFIX_PATH=${CMAKE_PREFIX_PATH}:/opt/ros/humble /usr/bin/cmake --install /home/farao/ros2_ws/build/lab1_interface
[0.486s] DEBUG:colcon.colcon_core.event_handler.log_command:Invoking command in '/home/farao/ros2_ws/build/turtle_bringup': CMAKE_PREFIX_PATH=${CMAKE_PREFIX_PATH}:/opt/ros/humble /usr/bin/cmake --install /home/farao/ros2_ws/build/turtle_bringup
[0.488s] Level 1:colcon.colcon_core.environment:create_environment_scripts_only(turtlesim_plus)
[0.490s] Level 1:colcon.colcon_core.environment:checking '/home/farao/ros2_ws/install/turtlesim_plus' for CMake module files
[0.492s] DEBUG:colcon.colcon_core.event_handler.log_command:Invoked command in '/home/farao/ros2_ws/build/turtlesim_plus' returned '0': CMAKE_PREFIX_PATH=${CMAKE_PREFIX_PATH}:/opt/ros/humble /usr/bin/cmake --install /home/farao/ros2_ws/build/turtlesim_plus
[0.492s] Level 1:colcon.colcon_core.environment:checking '/home/farao/ros2_ws/install/turtlesim_plus' for CMake config files
[0.492s] Level 1:colcon.colcon_core.shell:create_environment_hook('turtlesim_plus', 'cmake_prefix_path')
[0.492s] INFO:colcon.colcon_core.shell:Creating environment hook '/home/farao/ros2_ws/install/turtlesim_plus/share/turtlesim_plus/hook/cmake_prefix_path.ps1'
[0.493s] INFO:colcon.colcon_core.shell:Creating environment descriptor '/home/farao/ros2_ws/install/turtlesim_plus/share/turtlesim_plus/hook/cmake_prefix_path.dsv'
[0.493s] INFO:colcon.colcon_core.shell:Creating environment hook '/home/farao/ros2_ws/install/turtlesim_plus/share/turtlesim_plus/hook/cmake_prefix_path.sh'
[0.493s] Level 1:colcon.colcon_core.environment:checking '/home/farao/ros2_ws/install/turtlesim_plus/lib'
[0.493s] Level 1:colcon.colcon_core.environment:checking '/home/farao/ros2_ws/install/turtlesim_plus/bin'
[0.493s] Level 1:colcon.colcon_core.environment:checking '/home/farao/ros2_ws/install/turtlesim_plus/lib/pkgconfig/turtlesim_plus.pc'
[0.494s] Level 1:colcon.colcon_core.environment:checking '/home/farao/ros2_ws/install/turtlesim_plus/lib/python3.10/site-packages'
[0.494s] Level 1:colcon.colcon_core.environment:checking '/home/farao/ros2_ws/install/turtlesim_plus/bin'
[0.494s] INFO:colcon.colcon_core.shell:Creating package script '/home/farao/ros2_ws/install/turtlesim_plus/share/turtlesim_plus/package.ps1'
[0.494s] INFO:colcon.colcon_core.shell:Creating package descriptor '/home/farao/ros2_ws/install/turtlesim_plus/share/turtlesim_plus/package.dsv'
[0.495s] INFO:colcon.colcon_core.shell:Creating package script '/home/farao/ros2_ws/install/turtlesim_plus/share/turtlesim_plus/package.sh'
[0.495s] INFO:colcon.colcon_core.shell:Creating package script '/home/farao/ros2_ws/install/turtlesim_plus/share/turtlesim_plus/package.bash'
[0.495s] INFO:colcon.colcon_core.shell:Creating package script '/home/farao/ros2_ws/install/turtlesim_plus/share/turtlesim_plus/package.zsh'
[0.495s] Level 1:colcon.colcon_core.environment:create_file_with_runtime_dependencies(/home/farao/ros2_ws/install/turtlesim_plus/share/colcon-core/packages/turtlesim_plus)
[0.497s] Level 1:colcon.colcon_core.environment:create_environment_scripts_only(lab1)
[0.497s] Level 1:colcon.colcon_core.environment:checking '/home/farao/ros2_ws/install/lab1' for CMake module files
[0.497s] DEBUG:colcon.colcon_core.event_handler.log_command:Invoked command in '/home/farao/ros2_ws/build/lab1' returned '0': CMAKE_PREFIX_PATH=${CMAKE_PREFIX_PATH}:/opt/ros/humble /usr/bin/cmake --install /home/farao/ros2_ws/build/lab1
[0.497s] Level 1:colcon.colcon_core.environment:checking '/home/farao/ros2_ws/install/lab1' for CMake config files
[0.498s] Level 1:colcon.colcon_core.shell:create_environment_hook('lab1', 'cmake_prefix_path')
[0.498s] INFO:colcon.colcon_core.shell:Creating environment hook '/home/farao/ros2_ws/install/lab1/share/lab1/hook/cmake_prefix_path.ps1'
[0.498s] INFO:colcon.colcon_core.shell:Creating environment descriptor '/home/farao/ros2_ws/install/lab1/share/lab1/hook/cmake_prefix_path.dsv'
[0.498s] INFO:colcon.colcon_core.shell:Creating environment hook '/home/farao/ros2_ws/install/lab1/share/lab1/hook/cmake_prefix_path.sh'
[0.498s] Level 1:colcon.colcon_core.environment:checking '/home/farao/ros2_ws/install/lab1/lib'
[0.498s] Level 1:colcon.colcon_core.environment:checking '/home/farao/ros2_ws/install/lab1/bin'
[0.498s] Level 1:colcon.colcon_core.environment:checking '/home/farao/ros2_ws/install/lab1/lib/pkgconfig/lab1.pc'
[0.499s] Level 1:colcon.colcon_core.environment:checking '/home/farao/ros2_ws/install/lab1/lib/python3.10/site-packages'
[0.499s] Level 1:colcon.colcon_core.environment:checking '/home/farao/ros2_ws/install/lab1/bin'
[0.499s] INFO:colcon.colcon_core.shell:Creating package script '/home/farao/ros2_ws/install/lab1/share/lab1/package.ps1'
[0.499s] INFO:colcon.colcon_core.shell:Creating package descriptor '/home/farao/ros2_ws/install/lab1/share/lab1/package.dsv'
[0.499s] INFO:colcon.colcon_core.shell:Creating package script '/home/farao/ros2_ws/install/lab1/share/lab1/package.sh'
[0.500s] INFO:colcon.colcon_core.shell:Creating package script '/home/farao/ros2_ws/install/lab1/share/lab1/package.bash'
[0.500s] INFO:colcon.colcon_core.shell:Creating package script '/home/farao/ros2_ws/install/lab1/share/lab1/package.zsh'
[0.500s] Level 1:colcon.colcon_core.environment:create_file_with_runtime_dependencies(/home/farao/ros2_ws/install/lab1/share/colcon-core/packages/lab1)
[0.506s] Level 1:colcon.colcon_core.environment:create_environment_scripts_only(lab1_interface)
[0.506s] Level 1:colcon.colcon_core.environment:checking '/home/farao/ros2_ws/install/lab1_interface' for CMake module files
[0.506s] DEBUG:colcon.colcon_core.event_handler.log_command:Invoked command in '/home/farao/ros2_ws/build/lab1_interface' returned '0': CMAKE_PREFIX_PATH=${CMAKE_PREFIX_PATH}:/opt/ros/humble /usr/bin/cmake --install /home/farao/ros2_ws/build/lab1_interface
[0.507s] Level 1:colcon.colcon_core.environment:checking '/home/farao/ros2_ws/install/lab1_interface' for CMake config files
[0.507s] Level 1:colcon.colcon_core.shell:create_environment_hook('lab1_interface', 'cmake_prefix_path')
[0.508s] INFO:colcon.colcon_core.shell:Creating environment hook '/home/farao/ros2_ws/install/lab1_interface/share/lab1_interface/hook/cmake_prefix_path.ps1'
[0.508s] INFO:colcon.colcon_core.shell:Creating environment descriptor '/home/farao/ros2_ws/install/lab1_interface/share/lab1_interface/hook/cmake_prefix_path.dsv'
[0.509s] INFO:colcon.colcon_core.shell:Creating environment hook '/home/farao/ros2_ws/install/lab1_interface/share/lab1_interface/hook/cmake_prefix_path.sh'
[0.509s] Level 1:colcon.colcon_core.environment:checking '/home/farao/ros2_ws/install/lab1_interface/lib'
[0.509s] Level 1:colcon.colcon_core.shell:create_environment_hook('lab1_interface', 'ld_library_path_lib')
[0.510s] INFO:colcon.colcon_core.shell:Creating environment hook '/home/farao/ros2_ws/install/lab1_interface/share/lab1_interface/hook/ld_library_path_lib.ps1'
[0.510s] INFO:colcon.colcon_core.shell:Creating environment descriptor '/home/farao/ros2_ws/install/lab1_interface/share/lab1_interface/hook/ld_library_path_lib.dsv'
[0.510s] INFO:colcon.colcon_core.shell:Creating environment hook '/home/farao/ros2_ws/install/lab1_interface/share/lab1_interface/hook/ld_library_path_lib.sh'
[0.511s] Level 1:colcon.colcon_core.environment:checking '/home/farao/ros2_ws/install/lab1_interface/bin'
[0.511s] Level 1:colcon.colcon_core.environment:checking '/home/farao/ros2_ws/install/lab1_interface/lib/pkgconfig/lab1_interface.pc'
[0.511s] Level 1:colcon.colcon_core.environment:checking '/home/farao/ros2_ws/install/lab1_interface/lib/python3.10/site-packages'
[0.511s] Level 1:colcon.colcon_core.environment:checking '/home/farao/ros2_ws/install/lab1_interface/bin'
[0.512s] INFO:colcon.colcon_core.shell:Creating package script '/home/farao/ros2_ws/install/lab1_interface/share/lab1_interface/package.ps1'
[0.513s] INFO:colcon.colcon_core.shell:Creating package descriptor '/home/farao/ros2_ws/install/lab1_interface/share/lab1_interface/package.dsv'
[0.515s] INFO:colcon.colcon_core.shell:Creating package script '/home/farao/ros2_ws/install/lab1_interface/share/lab1_interface/package.sh'
[0.515s] INFO:colcon.colcon_core.shell:Creating package script '/home/farao/ros2_ws/install/lab1_interface/share/lab1_interface/package.bash'
[0.515s] INFO:colcon.colcon_core.shell:Creating package script '/home/farao/ros2_ws/install/lab1_interface/share/lab1_interface/package.zsh'
[0.516s] Level 1:colcon.colcon_core.environment:create_file_with_runtime_dependencies(/home/farao/ros2_ws/install/lab1_interface/share/colcon-core/packages/lab1_interface)
[0.517s] Level 1:colcon.colcon_core.environment:create_environment_scripts_only(turtlesim_plus)
[0.518s] Level 1:colcon.colcon_core.environment:checking '/home/farao/ros2_ws/install/turtlesim_plus' for CMake module files
[0.518s] Level 1:colcon.colcon_core.environment:checking '/home/farao/ros2_ws/install/turtlesim_plus' for CMake config files
[0.519s] Level 1:colcon.colcon_core.shell:create_environment_hook('turtlesim_plus', 'cmake_prefix_path')
[0.519s] INFO:colcon.colcon_core.shell:Creating environment hook '/home/farao/ros2_ws/install/turtlesim_plus/share/turtlesim_plus/hook/cmake_prefix_path.ps1'
[0.519s] INFO:colcon.colcon_core.shell:Creating environment descriptor '/home/farao/ros2_ws/install/turtlesim_plus/share/turtlesim_plus/hook/cmake_prefix_path.dsv'
[0.520s] INFO:colcon.colcon_core.shell:Creating environment hook '/home/farao/ros2_ws/install/turtlesim_plus/share/turtlesim_plus/hook/cmake_prefix_path.sh'
[0.520s] Level 1:colcon.colcon_core.environment:checking '/home/farao/ros2_ws/install/turtlesim_plus/lib'
[0.520s] Level 1:colcon.colcon_core.environment:checking '/home/farao/ros2_ws/install/turtlesim_plus/bin'
[0.520s] Level 1:colcon.colcon_core.environment:checking '/home/farao/ros2_ws/install/turtlesim_plus/lib/pkgconfig/turtlesim_plus.pc'
[0.520s] Level 1:colcon.colcon_core.environment:checking '/home/farao/ros2_ws/install/turtlesim_plus/lib/python3.10/site-packages'
[0.521s] Level 1:colcon.colcon_core.environment:checking '/home/farao/ros2_ws/install/turtlesim_plus/bin'
[0.521s] INFO:colcon.colcon_core.shell:Creating package script '/home/farao/ros2_ws/install/turtlesim_plus/share/turtlesim_plus/package.ps1'
[0.521s] INFO:colcon.colcon_core.shell:Creating package descriptor '/home/farao/ros2_ws/install/turtlesim_plus/share/turtlesim_plus/package.dsv'
[0.522s] INFO:colcon.colcon_core.shell:Creating package script '/home/farao/ros2_ws/install/turtlesim_plus/share/turtlesim_plus/package.sh'
[0.522s] INFO:colcon.colcon_core.shell:Creating package script '/home/farao/ros2_ws/install/turtlesim_plus/share/turtlesim_plus/package.bash'
[0.522s] INFO:colcon.colcon_core.shell:Creating package script '/home/farao/ros2_ws/install/turtlesim_plus/share/turtlesim_plus/package.zsh'
[0.522s] Level 1:colcon.colcon_core.environment:create_file_with_runtime_dependencies(/home/farao/ros2_ws/install/turtlesim_plus/share/colcon-core/packages/turtlesim_plus)
[0.523s] Level 1:colcon.colcon_core.environment:create_environment_scripts_only(turtle_bringup)
[0.523s] Level 1:colcon.colcon_core.environment:checking '/home/farao/ros2_ws/install/turtle_bringup' for CMake module files
[0.523s] DEBUG:colcon.colcon_core.event_handler.log_command:Invoked command in '/home/farao/ros2_ws/build/turtle_bringup' returned '0': CMAKE_PREFIX_PATH=${CMAKE_PREFIX_PATH}:/opt/ros/humble /usr/bin/cmake --install /home/farao/ros2_ws/build/turtle_bringup
[0.523s] Level 1:colcon.colcon_core.environment:checking '/home/farao/ros2_ws/install/turtle_bringup' for CMake config files
[0.524s] Level 1:colcon.colcon_core.shell:create_environment_hook('turtle_bringup', 'cmake_prefix_path')
[0.524s] INFO:colcon.colcon_core.shell:Creating environment hook '/home/farao/ros2_ws/install/turtle_bringup/share/turtle_bringup/hook/cmake_prefix_path.ps1'
[0.524s] INFO:colcon.colcon_core.shell:Creating environment descriptor '/home/farao/ros2_ws/install/turtle_bringup/share/turtle_bringup/hook/cmake_prefix_path.dsv'
[0.524s] INFO:colcon.colcon_core.shell:Creating environment hook '/home/farao/ros2_ws/install/turtle_bringup/share/turtle_bringup/hook/cmake_prefix_path.sh'
[0.524s] Level 1:colcon.colcon_core.environment:checking '/home/farao/ros2_ws/install/turtle_bringup/lib'
[0.524s] Level 1:colcon.colcon_core.environment:checking '/home/farao/ros2_ws/install/turtle_bringup/bin'
[0.524s] Level 1:colcon.colcon_core.environment:checking '/home/farao/ros2_ws/install/turtle_bringup/lib/pkgconfig/turtle_bringup.pc'
[0.525s] Level 1:colcon.colcon_core.environment:checking '/home/farao/ros2_ws/install/turtle_bringup/lib/python3.10/site-packages'
[0.525s] Level 1:colcon.colcon_core.environment:checking '/home/farao/ros2_ws/install/turtle_bringup/bin'
[0.525s] INFO:colcon.colcon_core.shell:Creating package script '/home/farao/ros2_ws/install/turtle_bringup/share/turtle_bringup/package.ps1'
[0.525s] INFO:colcon.colcon_core.shell:Creating package descriptor '/home/farao/ros2_ws/install/turtle_bringup/share/turtle_bringup/package.dsv'
[0.525s] INFO:colcon.colcon_core.shell:Creating package script '/home/farao/ros2_ws/install/turtle_bringup/share/turtle_bringup/package.sh'
[0.525s] INFO:colcon.colcon_core.shell:Creating package script '/home/farao/ros2_ws/install/turtle_bringup/share/turtle_bringup/package.bash'
[0.526s] INFO:colcon.colcon_core.shell:Creating package script '/home/farao/ros2_ws/install/turtle_bringup/share/turtle_bringup/package.zsh'
[0.526s] Level 1:colcon.colcon_core.environment:create_file_with_runtime_dependencies(/home/farao/ros2_ws/install/turtle_bringup/share/colcon-core/packages/turtle_bringup)
[0.526s] Level 1:colcon.colcon_core.environment:create_environment_scripts_only(lab1)
[0.527s] Level 1:colcon.colcon_core.environment:checking '/home/farao/ros2_ws/install/lab1' for CMake module files
[0.527s] Level 1:colcon.colcon_core.environment:checking '/home/farao/ros2_ws/install/lab1' for CMake config files
[0.527s] Level 1:colcon.colcon_core.shell:create_environment_hook('lab1', 'cmake_prefix_path')
[0.527s] INFO:colcon.colcon_core.shell:Creating environment hook '/home/farao/ros2_ws/install/lab1/share/lab1/hook/cmake_prefix_path.ps1'
[0.527s] INFO:colcon.colcon_core.shell:Creating environment descriptor '/home/farao/ros2_ws/install/lab1/share/lab1/hook/cmake_prefix_path.dsv'
[0.527s] INFO:colcon.colcon_core.shell:Creating environment hook '/home/farao/ros2_ws/install/lab1/share/lab1/hook/cmake_prefix_path.sh'
[0.528s] Level 1:colcon.colcon_core.environment:checking '/home/farao/ros2_ws/install/lab1/lib'
[0.528s] Level 1:colcon.colcon_core.environment:checking '/home/farao/ros2_ws/install/lab1/bin'
[0.528s] Level 1:colcon.colcon_core.environment:checking '/home/farao/ros2_ws/install/lab1/lib/pkgconfig/lab1.pc'
[0.528s] Level 1:colcon.colcon_core.environment:checking '/home/farao/ros2_ws/install/lab1/lib/python3.10/site-packages'
[0.528s] Level 1:colcon.colcon_core.environment:checking '/home/farao/ros2_ws/install/lab1/bin'
[0.528s] INFO:colcon.colcon_core.shell:Creating package script '/home/farao/ros2_ws/install/lab1/share/lab1/package.ps1'
[0.528s] INFO:colcon.colcon_core.shell:Creating package descriptor '/home/farao/ros2_ws/install/lab1/share/lab1/package.dsv'
[0.529s] INFO:colcon.colcon_core.shell:Creating package script '/home/farao/ros2_ws/install/lab1/share/lab1/package.sh'
[0.529s] INFO:colcon.colcon_core.shell:Creating package script '/home/farao/ros2_ws/install/lab1/share/lab1/package.bash'
[0.529s] INFO:colcon.colcon_core.shell:Creating package script '/home/farao/ros2_ws/install/lab1/share/lab1/package.zsh'
[0.529s] Level 1:colcon.colcon_core.environment:create_file_with_runtime_dependencies(/home/farao/ros2_ws/install/lab1/share/colcon-core/packages/lab1)
[0.530s] DEBUG:colcon.colcon_core.event_handler.log_command:Invoking command in '/home/farao/ros2_ws/build/turtlesim_plus_interfaces': CMAKE_PREFIX_PATH=${CMAKE_PREFIX_PATH}:/opt/ros/humble /usr/bin/cmake --install /home/farao/ros2_ws/build/turtlesim_plus_interfaces
[0.531s] DEBUG:colcon.colcon_core.event_handler.log_command:Invoked command in '/home/farao/ros2_ws/build/lecture2' returned '0': CMAKE_PREFIX_PATH=${CMAKE_PREFIX_PATH}:/opt/ros/humble /usr/bin/cmake --build /home/farao/ros2_ws/build/lecture2 -- -j20 -l20
[0.546s] Level 1:colcon.colcon_core.environment:create_environment_scripts_only(turtle_bringup)
[0.546s] Level 1:colcon.colcon_core.environment:checking '/home/farao/ros2_ws/install/turtle_bringup' for CMake module files
[0.549s] Level 1:colcon.colcon_core.environment:checking '/home/farao/ros2_ws/install/turtle_bringup' for CMake config files
[0.549s] Level 1:colcon.colcon_core.shell:create_environment_hook('turtle_bringup', 'cmake_prefix_path')
[0.550s] INFO:colcon.colcon_core.shell:Creating environment hook '/home/farao/ros2_ws/install/turtle_bringup/share/turtle_bringup/hook/cmake_prefix_path.ps1'
[0.550s] INFO:colcon.colcon_core.shell:Creating environment descriptor '/home/farao/ros2_ws/install/turtle_bringup/share/turtle_bringup/hook/cmake_prefix_path.dsv'
[0.550s] INFO:colcon.colcon_core.shell:Creating environment hook '/home/farao/ros2_ws/install/turtle_bringup/share/turtle_bringup/hook/cmake_prefix_path.sh'
[0.551s] Level 1:colcon.colcon_core.environment:checking '/home/farao/ros2_ws/install/turtle_bringup/lib'
[0.551s] Level 1:colcon.colcon_core.environment:checking '/home/farao/ros2_ws/install/turtle_bringup/bin'
[0.551s] Level 1:colcon.colcon_core.environment:checking '/home/farao/ros2_ws/install/turtle_bringup/lib/pkgconfig/turtle_bringup.pc'
[0.551s] Level 1:colcon.colcon_core.environment:checking '/home/farao/ros2_ws/install/turtle_bringup/lib/python3.10/site-packages'
[0.551s] Level 1:colcon.colcon_core.environment:checking '/home/farao/ros2_ws/install/turtle_bringup/bin'
[0.552s] INFO:colcon.colcon_core.shell:Creating package script '/home/farao/ros2_ws/install/turtle_bringup/share/turtle_bringup/package.ps1'
[0.552s] INFO:colcon.colcon_core.shell:Creating package descriptor '/home/farao/ros2_ws/install/turtle_bringup/share/turtle_bringup/package.dsv'
[0.553s] INFO:colcon.colcon_core.shell:Creating package script '/home/farao/ros2_ws/install/turtle_bringup/share/turtle_bringup/package.sh'
[0.553s] INFO:colcon.colcon_core.shell:Creating package script '/home/farao/ros2_ws/install/turtle_bringup/share/turtle_bringup/package.bash'
[0.553s] INFO:colcon.colcon_core.shell:Creating package script '/home/farao/ros2_ws/install/turtle_bringup/share/turtle_bringup/package.zsh'
[0.553s] Level 1:colcon.colcon_core.environment:create_file_with_runtime_dependencies(/home/farao/ros2_ws/install/turtle_bringup/share/colcon-core/packages/turtle_bringup)
[0.555s] DEBUG:colcon.colcon_core.event_handler.log_command:Invoking command in '/home/farao/ros2_ws/build/lecture2': CMAKE_PREFIX_PATH=${CMAKE_PREFIX_PATH}:/opt/ros/humble /usr/bin/cmake --install /home/farao/ros2_ws/build/lecture2
[0.561s] Level 1:colcon.colcon_core.environment:create_environment_scripts_only(lab1_interface)
[0.562s] Level 1:colcon.colcon_core.environment:checking '/home/farao/ros2_ws/install/lab1_interface' for CMake module files
[0.562s] Level 1:colcon.colcon_core.environment:checking '/home/farao/ros2_ws/install/lab1_interface' for CMake config files
[0.563s] Level 1:colcon.colcon_core.shell:create_environment_hook('lab1_interface', 'cmake_prefix_path')
[0.563s] INFO:colcon.colcon_core.shell:Creating environment hook '/home/farao/ros2_ws/install/lab1_interface/share/lab1_interface/hook/cmake_prefix_path.ps1'
[0.563s] INFO:colcon.colcon_core.shell:Creating environment descriptor '/home/farao/ros2_ws/install/lab1_interface/share/lab1_interface/hook/cmake_prefix_path.dsv'
[0.564s] INFO:colcon.colcon_core.shell:Creating environment hook '/home/farao/ros2_ws/install/lab1_interface/share/lab1_interface/hook/cmake_prefix_path.sh'
[0.564s] Level 1:colcon.colcon_core.environment:checking '/home/farao/ros2_ws/install/lab1_interface/lib'
[0.564s] Level 1:colcon.colcon_core.shell:create_environment_hook('lab1_interface', 'ld_library_path_lib')
[0.565s] INFO:colcon.colcon_core.shell:Creating environment hook '/home/farao/ros2_ws/install/lab1_interface/share/lab1_interface/hook/ld_library_path_lib.ps1'
[0.565s] INFO:colcon.colcon_core.shell:Creating environment descriptor '/home/farao/ros2_ws/install/lab1_interface/share/lab1_interface/hook/ld_library_path_lib.dsv'
[0.565s] INFO:colcon.colcon_core.shell:Creating environment hook '/home/farao/ros2_ws/install/lab1_interface/share/lab1_interface/hook/ld_library_path_lib.sh'
[0.566s] Level 1:colcon.colcon_core.environment:checking '/home/farao/ros2_ws/install/lab1_interface/bin'
[0.566s] Level 1:colcon.colcon_core.environment:checking '/home/farao/ros2_ws/install/lab1_interface/lib/pkgconfig/lab1_interface.pc'
[0.566s] Level 1:colcon.colcon_core.environment:checking '/home/farao/ros2_ws/install/lab1_interface/lib/python3.10/site-packages'
[0.566s] Level 1:colcon.colcon_core.environment:checking '/home/farao/ros2_ws/install/lab1_interface/bin'
[0.566s] INFO:colcon.colcon_core.shell:Creating package script '/home/farao/ros2_ws/install/lab1_interface/share/lab1_interface/package.ps1'
[0.567s] INFO:colcon.colcon_core.shell:Creating package descriptor '/home/farao/ros2_ws/install/lab1_interface/share/lab1_interface/package.dsv'
[0.569s] INFO:colcon.colcon_core.shell:Creating package script '/home/farao/ros2_ws/install/lab1_interface/share/lab1_interface/package.sh'
[0.571s] INFO:colcon.colcon_core.shell:Creating package script '/home/farao/ros2_ws/install/lab1_interface/share/lab1_interface/package.bash'
[0.572s] INFO:colcon.colcon_core.shell:Creating package script '/home/farao/ros2_ws/install/lab1_interface/share/lab1_interface/package.zsh'
[0.572s] Level 1:colcon.colcon_core.environment:create_file_with_runtime_dependencies(/home/farao/ros2_ws/install/lab1_interface/share/colcon-core/packages/lab1_interface)
[0.573s] Level 1:colcon.colcon_core.environment:create_environment_scripts_only(turtlesim_plus_interfaces)
[0.573s] Level 1:colcon.colcon_core.environment:checking '/home/farao/ros2_ws/install/turtlesim_plus_interfaces' for CMake module files
[0.573s] DEBUG:colcon.colcon_core.event_handler.log_command:Invoked command in '/home/farao/ros2_ws/build/turtlesim_plus_interfaces' returned '0': CMAKE_PREFIX_PATH=${CMAKE_PREFIX_PATH}:/opt/ros/humble /usr/bin/cmake --install /home/farao/ros2_ws/build/turtlesim_plus_interfaces
[0.573s] Level 1:colcon.colcon_core.environment:checking '/home/farao/ros2_ws/install/turtlesim_plus_interfaces' for CMake config files
[0.574s] Level 1:colcon.colcon_core.shell:create_environment_hook('turtlesim_plus_interfaces', 'cmake_prefix_path')
[0.574s] INFO:colcon.colcon_core.shell:Creating environment hook '/home/farao/ros2_ws/install/turtlesim_plus_interfaces/share/turtlesim_plus_interfaces/hook/cmake_prefix_path.ps1'
[0.574s] INFO:colcon.colcon_core.shell:Creating environment descriptor '/home/farao/ros2_ws/install/turtlesim_plus_interfaces/share/turtlesim_plus_interfaces/hook/cmake_prefix_path.dsv'
[0.574s] INFO:colcon.colcon_core.shell:Creating environment hook '/home/farao/ros2_ws/install/turtlesim_plus_interfaces/share/turtlesim_plus_interfaces/hook/cmake_prefix_path.sh'
[0.575s] Level 1:colcon.colcon_core.environment:checking '/home/farao/ros2_ws/install/turtlesim_plus_interfaces/lib'
[0.575s] Level 1:colcon.colcon_core.shell:create_environment_hook('turtlesim_plus_interfaces', 'ld_library_path_lib')
[0.575s] INFO:colcon.colcon_core.shell:Creating environment hook '/home/farao/ros2_ws/install/turtlesim_plus_interfaces/share/turtlesim_plus_interfaces/hook/ld_library_path_lib.ps1'
[0.575s] INFO:colcon.colcon_core.shell:Creating environment descriptor '/home/farao/ros2_ws/install/turtlesim_plus_interfaces/share/turtlesim_plus_interfaces/hook/ld_library_path_lib.dsv'
[0.575s] INFO:colcon.colcon_core.shell:Creating environment hook '/home/farao/ros2_ws/install/turtlesim_plus_interfaces/share/turtlesim_plus_interfaces/hook/ld_library_path_lib.sh'
[0.575s] Level 1:colcon.colcon_core.environment:checking '/home/farao/ros2_ws/install/turtlesim_plus_interfaces/bin'
[0.575s] Level 1:colcon.colcon_core.environment:checking '/home/farao/ros2_ws/install/turtlesim_plus_interfaces/lib/pkgconfig/turtlesim_plus_interfaces.pc'
[0.575s] Level 1:colcon.colcon_core.environment:checking '/home/farao/ros2_ws/install/turtlesim_plus_interfaces/lib/python3.10/site-packages'
[0.575s] Level 1:colcon.colcon_core.environment:checking '/home/farao/ros2_ws/install/turtlesim_plus_interfaces/bin'
[0.576s] INFO:colcon.colcon_core.shell:Creating package script '/home/farao/ros2_ws/install/turtlesim_plus_interfaces/share/turtlesim_plus_interfaces/package.ps1'
[0.576s] INFO:colcon.colcon_core.shell:Creating package descriptor '/home/farao/ros2_ws/install/turtlesim_plus_interfaces/share/turtlesim_plus_interfaces/package.dsv'
[0.576s] INFO:colcon.colcon_core.shell:Creating package script '/home/farao/ros2_ws/install/turtlesim_plus_interfaces/share/turtlesim_plus_interfaces/package.sh'
[0.576s] INFO:colcon.colcon_core.shell:Creating package script '/home/farao/ros2_ws/install/turtlesim_plus_interfaces/share/turtlesim_plus_interfaces/package.bash'
[0.576s] INFO:colcon.colcon_core.shell:Creating package script '/home/farao/ros2_ws/install/turtlesim_plus_interfaces/share/turtlesim_plus_interfaces/package.zsh'
[0.576s] Level 1:colcon.colcon_core.environment:create_file_with_runtime_dependencies(/home/farao/ros2_ws/install/turtlesim_plus_interfaces/share/colcon-core/packages/turtlesim_plus_interfaces)
[0.586s] Level 1:colcon.colcon_core.environment:create_environment_scripts_only(lecture2)
[0.586s] Level 1:colcon.colcon_core.environment:checking '/home/farao/ros2_ws/install/lecture2' for CMake module files
[0.587s] DEBUG:colcon.colcon_core.event_handler.log_command:Invoked command in '/home/farao/ros2_ws/build/lecture2' returned '0': CMAKE_PREFIX_PATH=${CMAKE_PREFIX_PATH}:/opt/ros/humble /usr/bin/cmake --install /home/farao/ros2_ws/build/lecture2
[0.587s] Level 1:colcon.colcon_core.environment:checking '/home/farao/ros2_ws/install/lecture2' for CMake config files
[0.587s] Level 1:colcon.colcon_core.shell:create_environment_hook('lecture2', 'cmake_prefix_path')
[0.587s] INFO:colcon.colcon_core.shell:Creating environment hook '/home/farao/ros2_ws/install/lecture2/share/lecture2/hook/cmake_prefix_path.ps1'
[0.587s] INFO:colcon.colcon_core.shell:Creating environment descriptor '/home/farao/ros2_ws/install/lecture2/share/lecture2/hook/cmake_prefix_path.dsv'
[0.588s] INFO:colcon.colcon_core.shell:Creating environment hook '/home/farao/ros2_ws/install/lecture2/share/lecture2/hook/cmake_prefix_path.sh'
[0.588s] Level 1:colcon.colcon_core.environment:checking '/home/farao/ros2_ws/install/lecture2/lib'
[0.588s] Level 1:colcon.colcon_core.environment:checking '/home/farao/ros2_ws/install/lecture2/bin'
[0.588s] Level 1:colcon.colcon_core.environment:checking '/home/farao/ros2_ws/install/lecture2/lib/pkgconfig/lecture2.pc'
[0.588s] Level 1:colcon.colcon_core.environment:checking '/home/farao/ros2_ws/install/lecture2/lib/python3.10/site-packages'
[0.588s] Level 1:colcon.colcon_core.environment:checking '/home/farao/ros2_ws/install/lecture2/bin'
[0.588s] INFO:colcon.colcon_core.shell:Creating package script '/home/farao/ros2_ws/install/lecture2/share/lecture2/package.ps1'
[0.589s] INFO:colcon.colcon_core.shell:Creating package descriptor '/home/farao/ros2_ws/install/lecture2/share/lecture2/package.dsv'
[0.589s] INFO:colcon.colcon_core.shell:Creating package script '/home/farao/ros2_ws/install/lecture2/share/lecture2/package.sh'
[0.589s] INFO:colcon.colcon_core.shell:Creating package script '/home/farao/ros2_ws/install/lecture2/share/lecture2/package.bash'
[0.589s] INFO:colcon.colcon_core.shell:Creating package script '/home/farao/ros2_ws/install/lecture2/share/lecture2/package.zsh'
[0.589s] Level 1:colcon.colcon_core.environment:create_file_with_runtime_dependencies(/home/farao/ros2_ws/install/lecture2/share/colcon-core/packages/lecture2)
[0.610s] Level 1:colcon.colcon_core.environment:create_environment_scripts_only(lecture2)
[0.611s] Level 1:colcon.colcon_core.environment:checking '/home/farao/ros2_ws/install/lecture2' for CMake module files
[0.611s] Level 1:colcon.colcon_core.environment:checking '/home/farao/ros2_ws/install/lecture2' for CMake config files
[0.612s] Level 1:colcon.colcon_core.shell:create_environment_hook('lecture2', 'cmake_prefix_path')
[0.612s] INFO:colcon.colcon_core.shell:Creating environment hook '/home/farao/ros2_ws/install/lecture2/share/lecture2/hook/cmake_prefix_path.ps1'
[0.612s] INFO:colcon.colcon_core.shell:Creating environment descriptor '/home/farao/ros2_ws/install/lecture2/share/lecture2/hook/cmake_prefix_path.dsv'
[0.613s] INFO:colcon.colcon_core.shell:Creating environment hook '/home/farao/ros2_ws/install/lecture2/share/lecture2/hook/cmake_prefix_path.sh'
[0.613s] Level 1:colcon.colcon_core.environment:checking '/home/farao/ros2_ws/install/lecture2/lib'
[0.613s] Level 1:colcon.colcon_core.environment:checking '/home/farao/ros2_ws/install/lecture2/bin'
[0.613s] Level 1:colcon.colcon_core.environment:checking '/home/farao/ros2_ws/install/lecture2/lib/pkgconfig/lecture2.pc'
[0.614s] Level 1:colcon.colcon_core.environment:checking '/home/farao/ros2_ws/install/lecture2/lib/python3.10/site-packages'
[0.614s] Level 1:colcon.colcon_core.environment:checking '/home/farao/ros2_ws/install/lecture2/bin'
[0.614s] INFO:colcon.colcon_core.shell:Creating package script '/home/farao/ros2_ws/install/lecture2/share/lecture2/package.ps1'
[0.615s] INFO:colcon.colcon_core.shell:Creating package descriptor '/home/farao/ros2_ws/install/lecture2/share/lecture2/package.dsv'
[0.615s] INFO:colcon.colcon_core.shell:Creating package script '/home/farao/ros2_ws/install/lecture2/share/lecture2/package.sh'
[0.615s] INFO:colcon.colcon_core.shell:Creating package script '/home/farao/ros2_ws/install/lecture2/share/lecture2/package.bash'
[0.615s] INFO:colcon.colcon_core.shell:Creating package script '/home/farao/ros2_ws/install/lecture2/share/lecture2/package.zsh'
[0.616s] Level 1:colcon.colcon_core.environment:create_file_with_runtime_dependencies(/home/farao/ros2_ws/install/lecture2/share/colcon-core/packages/lecture2)
[0.667s] Level 1:colcon.colcon_core.environment:create_environment_scripts_only(turtlesim_plus_interfaces)
[0.667s] Level 1:colcon.colcon_core.environment:checking '/home/farao/ros2_ws/install/turtlesim_plus_interfaces' for CMake module files
[0.668s] Level 1:colcon.colcon_core.environment:checking '/home/farao/ros2_ws/install/turtlesim_plus_interfaces' for CMake config files
[0.668s] Level 1:colcon.colcon_core.shell:create_environment_hook('turtlesim_plus_interfaces', 'cmake_prefix_path')
[0.668s] INFO:colcon.colcon_core.shell:Creating environment hook '/home/farao/ros2_ws/install/turtlesim_plus_interfaces/share/turtlesim_plus_interfaces/hook/cmake_prefix_path.ps1'
[0.669s] INFO:colcon.colcon_core.shell:Creating environment descriptor '/home/farao/ros2_ws/install/turtlesim_plus_interfaces/share/turtlesim_plus_interfaces/hook/cmake_prefix_path.dsv'
[0.669s] INFO:colcon.colcon_core.shell:Creating environment hook '/home/farao/ros2_ws/install/turtlesim_plus_interfaces/share/turtlesim_plus_interfaces/hook/cmake_prefix_path.sh'
[0.669s] Level 1:colcon.colcon_core.environment:checking '/home/farao/ros2_ws/install/turtlesim_plus_interfaces/lib'
[0.669s] Level 1:colcon.colcon_core.shell:create_environment_hook('turtlesim_plus_interfaces', 'ld_library_path_lib')
[0.669s] INFO:colcon.colcon_core.shell:Creating environment hook '/home/farao/ros2_ws/install/turtlesim_plus_interfaces/share/turtlesim_plus_interfaces/hook/ld_library_path_lib.ps1'
[0.669s] INFO:colcon.colcon_core.shell:Creating environment descriptor '/home/farao/ros2_ws/install/turtlesim_plus_interfaces/share/turtlesim_plus_interfaces/hook/ld_library_path_lib.dsv'
[0.670s] INFO:colcon.colcon_core.shell:Creating environment hook '/home/farao/ros2_ws/install/turtlesim_plus_interfaces/share/turtlesim_plus_interfaces/hook/ld_library_path_lib.sh'
[0.670s] Level 1:colcon.colcon_core.environment:checking '/home/farao/ros2_ws/install/turtlesim_plus_interfaces/bin'
[0.670s] Level 1:colcon.colcon_core.environment:checking '/home/farao/ros2_ws/install/turtlesim_plus_interfaces/lib/pkgconfig/turtlesim_plus_interfaces.pc'
[0.670s] Level 1:colcon.colcon_core.environment:checking '/home/farao/ros2_ws/install/turtlesim_plus_interfaces/lib/python3.10/site-packages'
[0.670s] Level 1:colcon.colcon_core.environment:checking '/home/farao/ros2_ws/install/turtlesim_plus_interfaces/bin'
[0.670s] INFO:colcon.colcon_core.shell:Creating package script '/home/farao/ros2_ws/install/turtlesim_plus_interfaces/share/turtlesim_plus_interfaces/package.ps1'
[0.670s] INFO:colcon.colcon_core.shell:Creating package descriptor '/home/farao/ros2_ws/install/turtlesim_plus_interfaces/share/turtlesim_plus_interfaces/package.dsv'
[0.671s] INFO:colcon.colcon_core.shell:Creating package script '/home/farao/ros2_ws/install/turtlesim_plus_interfaces/share/turtlesim_plus_interfaces/package.sh'
[0.671s] INFO:colcon.colcon_core.shell:Creating package script '/home/farao/ros2_ws/install/turtlesim_plus_interfaces/share/turtlesim_plus_interfaces/package.bash'
[0.671s] INFO:colcon.colcon_core.shell:Creating package script '/home/farao/ros2_ws/install/turtlesim_plus_interfaces/share/turtlesim_plus_interfaces/package.zsh'
[0.671s] Level 1:colcon.colcon_core.environment:create_file_with_runtime_dependencies(/home/farao/ros2_ws/install/turtlesim_plus_interfaces/share/colcon-core/packages/turtlesim_plus_interfaces)
[0.712s] DEBUG:colcon.colcon_core.event_handler.log_command:Invoked command in '/home/farao/ros2_ws/build/controller_interfaces' returned '2': CMAKE_PREFIX_PATH=${CMAKE_PREFIX_PATH}:/opt/ros/humble /usr/bin/cmake --build /home/farao/ros2_ws/build/controller_interfaces -- -j20 -l20
[0.733s] Level 1:colcon.colcon_core.environment:create_environment_scripts_only(controller_interfaces)
[0.733s] Level 1:colcon.colcon_core.environment:checking '/home/farao/ros2_ws/install/controller_interfaces' for CMake module files
[0.733s] Level 1:colcon.colcon_core.environment:checking '/home/farao/ros2_ws/install/controller_interfaces' for CMake config files
[0.733s] Level 1:colcon.colcon_core.shell:create_environment_hook('controller_interfaces', 'cmake_prefix_path')
[0.733s] INFO:colcon.colcon_core.shell:Creating environment hook '/home/farao/ros2_ws/install/controller_interfaces/share/controller_interfaces/hook/cmake_prefix_path.ps1'
[0.734s] INFO:colcon.colcon_core.shell:Creating environment descriptor '/home/farao/ros2_ws/install/controller_interfaces/share/controller_interfaces/hook/cmake_prefix_path.dsv'
[0.734s] INFO:colcon.colcon_core.shell:Creating environment hook '/home/farao/ros2_ws/install/controller_interfaces/share/controller_interfaces/hook/cmake_prefix_path.sh'
[0.734s] Level 1:colcon.colcon_core.environment:checking '/home/farao/ros2_ws/install/controller_interfaces/lib'
[0.734s] Level 1:colcon.colcon_core.environment:checking '/home/farao/ros2_ws/install/controller_interfaces/bin'
[0.734s] Level 1:colcon.colcon_core.environment:checking '/home/farao/ros2_ws/install/controller_interfaces/lib/pkgconfig/controller_interfaces.pc'
[0.734s] Level 1:colcon.colcon_core.environment:checking '/home/farao/ros2_ws/install/controller_interfaces/lib/python3.10/site-packages'
[0.734s] Level 1:colcon.colcon_core.environment:checking '/home/farao/ros2_ws/install/controller_interfaces/bin'
[0.734s] INFO:colcon.colcon_core.shell:Creating package script '/home/farao/ros2_ws/install/controller_interfaces/share/controller_interfaces/package.ps1'
[0.735s] INFO:colcon.colcon_core.shell:Creating package descriptor '/home/farao/ros2_ws/install/controller_interfaces/share/controller_interfaces/package.dsv'
[0.735s] INFO:colcon.colcon_core.shell:Creating package script '/home/farao/ros2_ws/install/controller_interfaces/share/controller_interfaces/package.sh'
[0.735s] INFO:colcon.colcon_core.shell:Creating package script '/home/farao/ros2_ws/install/controller_interfaces/share/controller_interfaces/package.bash'
[0.735s] INFO:colcon.colcon_core.shell:Creating package script '/home/farao/ros2_ws/install/controller_interfaces/share/controller_interfaces/package.zsh'
[0.735s] Level 1:colcon.colcon_core.environment:create_file_with_runtime_dependencies(/home/farao/ros2_ws/install/controller_interfaces/share/colcon-core/packages/controller_interfaces)
[0.746s] DEBUG:colcon.colcon_parallel_executor.executor.parallel:closing loop
[0.746s] DEBUG:colcon.colcon_parallel_executor.executor.parallel:loop closed
[0.746s] DEBUG:colcon.colcon_parallel_executor.executor.parallel:run_until_complete finished with '2'
[0.746s] DEBUG:colcon.colcon_core.event_reactor:joining thread
[0.751s] INFO:colcon.colcon_core.plugin_system:Skipping extension 'colcon_notification.desktop_notification.terminal_notifier': Not used on non-Darwin systems
[0.752s] INFO:colcon.colcon_core.plugin_system:Skipping extension 'colcon_notification.desktop_notification.win32': Not used on non-Windows systems
[0.752s] INFO:colcon.colcon_notification.desktop_notification:Sending desktop notification using 'notify2'
[0.767s] DEBUG:colcon.colcon_core.event_reactor:joined thread
[0.768s] INFO:colcon.colcon_core.shell:Creating prefix script '/home/farao/ros2_ws/install/local_setup.ps1'
[0.769s] INFO:colcon.colcon_core.shell:Creating prefix util module '/home/farao/ros2_ws/install/_local_setup_util_ps1.py'
[0.770s] INFO:colcon.colcon_core.shell:Creating prefix chain script '/home/farao/ros2_ws/install/setup.ps1'
[0.771s] INFO:colcon.colcon_core.shell:Creating prefix script '/home/farao/ros2_ws/install/local_setup.sh'
[0.772s] INFO:colcon.colcon_core.shell:Creating prefix util module '/home/farao/ros2_ws/install/_local_setup_util_sh.py'
[0.772s] INFO:colcon.colcon_core.shell:Creating prefix chain script '/home/farao/ros2_ws/install/setup.sh'
[0.773s] INFO:colcon.colcon_core.shell:Creating prefix script '/home/farao/ros2_ws/install/local_setup.bash'
[0.773s] INFO:colcon.colcon_core.shell:Creating prefix chain script '/home/farao/ros2_ws/install/setup.bash'
[0.774s] INFO:colcon.colcon_core.shell:Creating prefix script '/home/farao/ros2_ws/install/local_setup.zsh'
[0.774s] INFO:colcon.colcon_core.shell:Creating prefix chain script '/home/farao/ros2_ws/install/setup.zsh'
