[0.020s] Invoking command in '/home/farao/ros2_ws/build/controller_interfaces': CMAKE_PREFIX_PATH=${CMAKE_PREFIX_PATH}:/opt/ros/humble /usr/bin/cmake --build /home/farao/ros2_ws/build/controller_interfaces -- -j20 -l20
[0.036s] -- Found ament_cmake: 1.3.9 (/opt/ros/humble/share/ament_cmake/cmake)
[0.138s] -- Found rclcpp: 16.0.9 (/opt/ros/humble/share/rclcpp/cmake)
[0.159s] -- Found rosidl_generator_c: 3.1.5 (/opt/ros/humble/share/rosidl_generator_c/cmake)
[0.160s] -- Found rosidl_adapter: 3.1.5 (/opt/ros/humble/share/rosidl_adapter/cmake)
[0.164s] -- Found rosidl_generator_cpp: 3.1.5 (/opt/ros/humble/share/rosidl_generator_cpp/cmake)
[0.171s] -- Using all available rosidl_typesupport_c: rosidl_typesupport_fastrtps_c;rosidl_typesupport_introspection_c
[0.180s] -- Using all available rosidl_typesupport_cpp: rosidl_typesupport_fastrtps_cpp;rosidl_typesupport_introspection_cpp
[0.215s] -- Found rmw_implementation_cmake: 6.1.2 (/opt/ros/humble/share/rmw_implementation_cmake/cmake)
[0.216s] -- Found rmw_fastrtps_cpp: 6.2.6 (/opt/ros/humble/share/rmw_fastrtps_cpp/cmake)
[0.291s] -- Using RMW implementation 'rmw_fastrtps_cpp' as default
[0.388s] -- Found geometry_msgs: 4.2.4 (/opt/ros/humble/share/geometry_msgs/cmake)
[0.413s] -- Found rclpy: 3.3.13 (/opt/ros/humble/share/rclpy/cmake)
[0.413s] -- Found rosidl_default_generators: 1.2.0 (/opt/ros/humble/share/rosidl_default_generators/cmake)
[0.596s] [31mCMake Error at /opt/ros/humble/share/rosidl_cmake/cmake/rosidl_generate_interfaces.cmake:229 (message):
[0.596s]   Packages installing interfaces must include
[0.596s]   '<member_of_group>rosidl_interface_packages</member_of_group>' in their
[0.596s]   package.xml
[0.596s] Call Stack (most recent call first):
[0.596s]   CMakeLists.txt:57 (rosidl_generate_interfaces)
[0.597s] 
[0.597s] [0m
[0.597s] -- Configuring incomplete, errors occurred!
[0.597s] See also "/home/farao/ros2_ws/build/controller_interfaces/CMakeFiles/CMakeOutput.log".
[0.601s] gmake: *** [Makefile:295: cmake_check_build_system] Error 1
[0.603s] Invoked command in '/home/farao/ros2_ws/build/controller_interfaces' returned '2': CMAKE_PREFIX_PATH=${CMAKE_PREFIX_PATH}:/opt/ros/humble /usr/bin/cmake --build /home/farao/ros2_ws/build/controller_interfaces -- -j20 -l20
