[0.010s] Invoking command in '/home/farao/ros2_ws/src/build/lecture2': CMAKE_PREFIX_PATH=${CMAKE_PREFIX_PATH}:/opt/ros/humble /usr/bin/cmake /home/farao/ros2_ws/src/lecture2 -DCMAKE_INSTALL_PREFIX=/home/farao/ros2_ws/src/install/lecture2
[0.058s] -- The C compiler identification is GNU 11.4.0
[0.094s] -- The CXX compiler identification is GNU 11.4.0
[0.099s] -- Detecting C compiler ABI info
[0.143s] -- Detecting C compiler ABI info - done
[0.148s] -- Check for working C compiler: /usr/bin/cc - skipped
[0.148s] -- Detecting C compile features
[0.148s] -- Detecting C compile features - done
[0.150s] -- Detecting CXX compiler ABI info
[0.206s] -- Detecting CXX compiler ABI info - done
[0.210s] -- Check for working CXX compiler: /usr/bin/c++ - skipped
[0.211s] -- Detecting CXX compile features
[0.211s] -- Detecting CXX compile features - done
[0.212s] -- Found ament_cmake: 1.3.9 (/opt/ros/humble/share/ament_cmake/cmake)
[0.312s] -- Found Python3: /usr/bin/python3 (found version "3.10.12") found components: Interpreter 
[0.365s] -- Found rclcpp: 16.0.9 (/opt/ros/humble/share/rclcpp/cmake)
[0.394s] -- Found rosidl_generator_c: 3.1.5 (/opt/ros/humble/share/rosidl_generator_c/cmake)
[0.397s] -- Found rosidl_adapter: 3.1.5 (/opt/ros/humble/share/rosidl_adapter/cmake)
[0.402s] -- Found rosidl_generator_cpp: 3.1.5 (/opt/ros/humble/share/rosidl_generator_cpp/cmake)
[0.410s] -- Using all available rosidl_typesupport_c: rosidl_typesupport_fastrtps_c;rosidl_typesupport_introspection_c
[0.421s] -- Using all available rosidl_typesupport_cpp: rosidl_typesupport_fastrtps_cpp;rosidl_typesupport_introspection_cpp
[0.465s] -- Found rmw_implementation_cmake: 6.1.2 (/opt/ros/humble/share/rmw_implementation_cmake/cmake)
[0.466s] -- Found rmw_fastrtps_cpp: 6.2.6 (/opt/ros/humble/share/rmw_fastrtps_cpp/cmake)
[0.528s] -- Found OpenSSL: /usr/lib/x86_64-linux-gnu/libcrypto.so (found version "3.0.2")  
[0.543s] -- Found FastRTPS: /opt/ros/humble/include  
[0.572s] -- Using RMW implementation 'rmw_fastrtps_cpp' as default
[0.580s] -- Looking for pthread.h
[0.630s] -- Looking for pthread.h - found
[0.631s] -- Performing Test CMAKE_HAVE_LIBC_PTHREAD
[0.684s] -- Performing Test CMAKE_HAVE_LIBC_PTHREAD - Success
[0.685s] -- Found Threads: TRUE  
[0.779s] -- Found rclpy: 3.3.13 (/opt/ros/humble/share/rclpy/cmake)
[0.877s] -- Configuring done
[0.883s] -- Generating done
[0.883s] -- Build files have been written to: /home/farao/ros2_ws/src/build/lecture2
[0.891s] Invoked command in '/home/farao/ros2_ws/src/build/lecture2' returned '0': CMAKE_PREFIX_PATH=${CMAKE_PREFIX_PATH}:/opt/ros/humble /usr/bin/cmake /home/farao/ros2_ws/src/lecture2 -DCMAKE_INSTALL_PREFIX=/home/farao/ros2_ws/src/install/lecture2
[0.892s] Invoking command in '/home/farao/ros2_ws/src/build/lecture2': CMAKE_PREFIX_PATH=${CMAKE_PREFIX_PATH}:/opt/ros/humble /usr/bin/cmake --build /home/farao/ros2_ws/src/build/lecture2 -- -j20 -l20
[0.922s] [ 50%] [32mBuilding CXX object CMakeFiles/cpp_node_test.dir/src/cpp_node.cpp.o[0m
[0.926s] [ 50%] Built target ament_cmake_python_copy_lecture2
[1.069s] running egg_info
[1.070s] creating lecture2.egg-info
[1.070s] writing lecture2.egg-info/PKG-INFO
[1.070s] writing dependency_links to lecture2.egg-info/dependency_links.txt
[1.070s] writing top-level names to lecture2.egg-info/top_level.txt
[1.070s] writing manifest file 'lecture2.egg-info/SOURCES.txt'
[1.072s] reading manifest file 'lecture2.egg-info/SOURCES.txt'
[1.072s] writing manifest file 'lecture2.egg-info/SOURCES.txt'
[1.078s] [100%] [32m[1mLinking CXX executable cpp_node_test[0m
[1.092s] [100%] Built target ament_cmake_python_build_lecture2_egg
[1.144s] [100%] Built target cpp_node_test
[1.152s] Invoked command in '/home/farao/ros2_ws/src/build/lecture2' returned '0': CMAKE_PREFIX_PATH=${CMAKE_PREFIX_PATH}:/opt/ros/humble /usr/bin/cmake --build /home/farao/ros2_ws/src/build/lecture2 -- -j20 -l20
[1.171s] Invoking command in '/home/farao/ros2_ws/src/build/lecture2': CMAKE_PREFIX_PATH=${CMAKE_PREFIX_PATH}:/opt/ros/humble /usr/bin/cmake --install /home/farao/ros2_ws/src/build/lecture2
[1.177s] -- Install configuration: ""
[1.177s] -- Installing: /home/farao/ros2_ws/src/install/lecture2/share/lecture2/environment/pythonpath.sh
[1.177s] -- Installing: /home/farao/ros2_ws/src/install/lecture2/share/lecture2/environment/pythonpath.dsv
[1.177s] -- Installing: /home/farao/ros2_ws/src/install/lecture2/local/lib/python3.10/dist-packages/lecture2-0.0.0-py3.10.egg-info
[1.177s] -- Installing: /home/farao/ros2_ws/src/install/lecture2/local/lib/python3.10/dist-packages/lecture2-0.0.0-py3.10.egg-info/dependency_links.txt
[1.177s] -- Installing: /home/farao/ros2_ws/src/install/lecture2/local/lib/python3.10/dist-packages/lecture2-0.0.0-py3.10.egg-info/PKG-INFO
[1.177s] -- Installing: /home/farao/ros2_ws/src/install/lecture2/local/lib/python3.10/dist-packages/lecture2-0.0.0-py3.10.egg-info/top_level.txt
[1.177s] -- Installing: /home/farao/ros2_ws/src/install/lecture2/local/lib/python3.10/dist-packages/lecture2-0.0.0-py3.10.egg-info/SOURCES.txt
[1.177s] -- Installing: /home/farao/ros2_ws/src/install/lecture2/local/lib/python3.10/dist-packages/lecture2
[1.178s] -- Installing: /home/farao/ros2_ws/src/install/lecture2/local/lib/python3.10/dist-packages/lecture2/__init__.py
[1.178s] -- Installing: /home/farao/ros2_ws/src/install/lecture2/local/lib/python3.10/dist-packages/lecture2/dummy_module.py
[1.198s] Listing '/home/farao/ros2_ws/src/install/lecture2/local/lib/python3.10/dist-packages/lecture2'...
[1.198s] Compiling '/home/farao/ros2_ws/src/install/lecture2/local/lib/python3.10/dist-packages/lecture2/__init__.py'...
[1.199s] Compiling '/home/farao/ros2_ws/src/install/lecture2/local/lib/python3.10/dist-packages/lecture2/dummy_module.py'...
[1.201s] -- Installing: /home/farao/ros2_ws/src/install/lecture2/lib/lecture2/dummie.py
[1.201s] -- Installing: /home/farao/ros2_ws/src/install/lecture2/lib/lecture2/dummy_script.py
[1.202s] -- Installing: /home/farao/ros2_ws/src/install/lecture2/lib/lecture2/cpp_node_test
[1.202s] -- Set runtime path of "/home/farao/ros2_ws/src/install/lecture2/lib/lecture2/cpp_node_test" to ""
[1.202s] -- Up-to-date: /home/farao/ros2_ws/src/install/lecture2/share/lecture2
[1.202s] -- Installing: /home/farao/ros2_ws/src/install/lecture2/share/ament_index/resource_index/package_run_dependencies/lecture2
[1.202s] -- Installing: /home/farao/ros2_ws/src/install/lecture2/share/ament_index/resource_index/parent_prefix_path/lecture2
[1.202s] -- Installing: /home/farao/ros2_ws/src/install/lecture2/share/lecture2/environment/ament_prefix_path.sh
[1.202s] -- Installing: /home/farao/ros2_ws/src/install/lecture2/share/lecture2/environment/ament_prefix_path.dsv
[1.202s] -- Installing: /home/farao/ros2_ws/src/install/lecture2/share/lecture2/environment/path.sh
[1.202s] -- Installing: /home/farao/ros2_ws/src/install/lecture2/share/lecture2/environment/path.dsv
[1.202s] -- Installing: /home/farao/ros2_ws/src/install/lecture2/share/lecture2/local_setup.bash
[1.202s] -- Installing: /home/farao/ros2_ws/src/install/lecture2/share/lecture2/local_setup.sh
[1.203s] -- Installing: /home/farao/ros2_ws/src/install/lecture2/share/lecture2/local_setup.zsh
[1.203s] -- Installing: /home/farao/ros2_ws/src/install/lecture2/share/lecture2/local_setup.dsv
[1.203s] -- Installing: /home/farao/ros2_ws/src/install/lecture2/share/lecture2/package.dsv
[1.203s] -- Installing: /home/farao/ros2_ws/src/install/lecture2/share/ament_index/resource_index/packages/lecture2
[1.203s] -- Installing: /home/farao/ros2_ws/src/install/lecture2/share/lecture2/cmake/lecture2Config.cmake
[1.203s] -- Installing: /home/farao/ros2_ws/src/install/lecture2/share/lecture2/cmake/lecture2Config-version.cmake
[1.203s] -- Installing: /home/farao/ros2_ws/src/install/lecture2/share/lecture2/package.xml
[1.204s] Invoked command in '/home/farao/ros2_ws/src/build/lecture2' returned '0': CMAKE_PREFIX_PATH=${CMAKE_PREFIX_PATH}:/opt/ros/humble /usr/bin/cmake --install /home/farao/ros2_ws/src/build/lecture2
