[0.007s] Invoking command in '/home/farao/ros2_ws/src/lecture2/build/lecture2': CMAKE_PREFIX_PATH=${CMAKE_PREFIX_PATH}:/opt/ros/humble /usr/bin/cmake /home/farao/ros2_ws/src/lecture2 -DCMAKE_INSTALL_PREFIX=/home/farao/ros2_ws/src/lecture2/install/lecture2
[0.046s] -- The C compiler identification is GNU 11.4.0
[0.085s] -- The CXX compiler identification is GNU 11.4.0
[0.089s] -- Detecting C compiler ABI info
[0.141s] -- Detecting C compiler ABI info - done
[0.145s] -- Check for working C compiler: /usr/bin/cc - skipped
[0.145s] -- Detecting C compile features
[0.145s] -- Detecting C compile features - done
[0.147s] -- Detecting CXX compiler ABI info
[0.202s] -- Detecting CXX compiler ABI info - done
[0.207s] -- Check for working CXX compiler: /usr/bin/c++ - skipped
[0.207s] -- Detecting CXX compile features
[0.207s] -- Detecting CXX compile features - done
[0.209s] -- Found ament_cmake: 1.3.9 (/opt/ros/humble/share/ament_cmake/cmake)
[0.322s] -- Found Python3: /usr/bin/python3 (found version "3.10.12") found components: Interpreter 
[0.379s] -- Found rclcpp: 16.0.9 (/opt/ros/humble/share/rclcpp/cmake)
[0.404s] -- Found rosidl_generator_c: 3.1.5 (/opt/ros/humble/share/rosidl_generator_c/cmake)
[0.407s] -- Found rosidl_adapter: 3.1.5 (/opt/ros/humble/share/rosidl_adapter/cmake)
[0.412s] -- Found rosidl_generator_cpp: 3.1.5 (/opt/ros/humble/share/rosidl_generator_cpp/cmake)
[0.419s] -- Using all available rosidl_typesupport_c: rosidl_typesupport_fastrtps_c;rosidl_typesupport_introspection_c
[0.430s] -- Using all available rosidl_typesupport_cpp: rosidl_typesupport_fastrtps_cpp;rosidl_typesupport_introspection_cpp
[0.469s] -- Found rmw_implementation_cmake: 6.1.2 (/opt/ros/humble/share/rmw_implementation_cmake/cmake)
[0.470s] -- Found rmw_fastrtps_cpp: 6.2.6 (/opt/ros/humble/share/rmw_fastrtps_cpp/cmake)
[0.531s] -- Found OpenSSL: /usr/lib/x86_64-linux-gnu/libcrypto.so (found version "3.0.2")  
[0.547s] -- Found FastRTPS: /opt/ros/humble/include  
[0.576s] -- Using RMW implementation 'rmw_fastrtps_cpp' as default
[0.582s] -- Looking for pthread.h
[0.629s] -- Looking for pthread.h - found
[0.629s] -- Performing Test CMAKE_HAVE_LIBC_PTHREAD
[0.679s] -- Performing Test CMAKE_HAVE_LIBC_PTHREAD - Success
[0.680s] -- Found Threads: TRUE  
[0.768s] -- Found rclpy: 3.3.13 (/opt/ros/humble/share/rclpy/cmake)
[0.861s] -- Configuring done
[0.866s] -- Generating done
[0.867s] -- Build files have been written to: /home/farao/ros2_ws/src/lecture2/build/lecture2
[0.873s] Invoked command in '/home/farao/ros2_ws/src/lecture2/build/lecture2' returned '0': CMAKE_PREFIX_PATH=${CMAKE_PREFIX_PATH}:/opt/ros/humble /usr/bin/cmake /home/farao/ros2_ws/src/lecture2 -DCMAKE_INSTALL_PREFIX=/home/farao/ros2_ws/src/lecture2/install/lecture2
[0.874s] Invoking command in '/home/farao/ros2_ws/src/lecture2/build/lecture2': CMAKE_PREFIX_PATH=${CMAKE_PREFIX_PATH}:/opt/ros/humble /usr/bin/cmake --build /home/farao/ros2_ws/src/lecture2/build/lecture2 -- -j20 -l20
[0.909s] [ 50%] [32mBuilding CXX object CMakeFiles/cpp_node_test.dir/src/cpp_node.cpp.o[0m
[0.914s] [ 50%] Built target ament_cmake_python_copy_lecture2
[1.044s] running egg_info
[1.044s] creating lecture2.egg-info
[1.044s] writing lecture2.egg-info/PKG-INFO
[1.044s] writing dependency_links to lecture2.egg-info/dependency_links.txt
[1.044s] writing top-level names to lecture2.egg-info/top_level.txt
[1.044s] writing manifest file 'lecture2.egg-info/SOURCES.txt'
[1.046s] reading manifest file 'lecture2.egg-info/SOURCES.txt'
[1.046s] writing manifest file 'lecture2.egg-info/SOURCES.txt'
[1.047s] [100%] [32m[1mLinking CXX executable cpp_node_test[0m
[1.063s] [100%] Built target ament_cmake_python_build_lecture2_egg
[1.106s] [100%] Built target cpp_node_test
[1.114s] Invoked command in '/home/farao/ros2_ws/src/lecture2/build/lecture2' returned '0': CMAKE_PREFIX_PATH=${CMAKE_PREFIX_PATH}:/opt/ros/humble /usr/bin/cmake --build /home/farao/ros2_ws/src/lecture2/build/lecture2 -- -j20 -l20
[1.141s] Invoking command in '/home/farao/ros2_ws/src/lecture2/build/lecture2': CMAKE_PREFIX_PATH=${CMAKE_PREFIX_PATH}:/opt/ros/humble /usr/bin/cmake --install /home/farao/ros2_ws/src/lecture2/build/lecture2
[1.147s] -- Install configuration: ""
[1.147s] -- Installing: /home/farao/ros2_ws/src/lecture2/install/lecture2/share/lecture2/environment/pythonpath.sh
[1.147s] -- Installing: /home/farao/ros2_ws/src/lecture2/install/lecture2/share/lecture2/environment/pythonpath.dsv
[1.147s] -- Installing: /home/farao/ros2_ws/src/lecture2/install/lecture2/local/lib/python3.10/dist-packages/lecture2-0.0.0-py3.10.egg-info
[1.147s] -- Installing: /home/farao/ros2_ws/src/lecture2/install/lecture2/local/lib/python3.10/dist-packages/lecture2-0.0.0-py3.10.egg-info/dependency_links.txt
[1.148s] -- Installing: /home/farao/ros2_ws/src/lecture2/install/lecture2/local/lib/python3.10/dist-packages/lecture2-0.0.0-py3.10.egg-info/PKG-INFO
[1.148s] -- Installing: /home/farao/ros2_ws/src/lecture2/install/lecture2/local/lib/python3.10/dist-packages/lecture2-0.0.0-py3.10.egg-info/top_level.txt
[1.148s] -- Installing: /home/farao/ros2_ws/src/lecture2/install/lecture2/local/lib/python3.10/dist-packages/lecture2-0.0.0-py3.10.egg-info/SOURCES.txt
[1.148s] -- Installing: /home/farao/ros2_ws/src/lecture2/install/lecture2/local/lib/python3.10/dist-packages/lecture2
[1.148s] -- Installing: /home/farao/ros2_ws/src/lecture2/install/lecture2/local/lib/python3.10/dist-packages/lecture2/__init__.py
[1.148s] -- Installing: /home/farao/ros2_ws/src/lecture2/install/lecture2/local/lib/python3.10/dist-packages/lecture2/dummy_module.py
[1.171s] Listing '/home/farao/ros2_ws/src/lecture2/install/lecture2/local/lib/python3.10/dist-packages/lecture2'...
[1.171s] Compiling '/home/farao/ros2_ws/src/lecture2/install/lecture2/local/lib/python3.10/dist-packages/lecture2/__init__.py'...
[1.171s] Compiling '/home/farao/ros2_ws/src/lecture2/install/lecture2/local/lib/python3.10/dist-packages/lecture2/dummy_module.py'...
[1.174s] -- Installing: /home/farao/ros2_ws/src/lecture2/install/lecture2/lib/lecture2/dummie.py
[1.174s] -- Installing: /home/farao/ros2_ws/src/lecture2/install/lecture2/lib/lecture2/dummy_script.py
[1.174s] -- Installing: /home/farao/ros2_ws/src/lecture2/install/lecture2/lib/lecture2/cpp_node_test
[1.174s] -- Set runtime path of "/home/farao/ros2_ws/src/lecture2/install/lecture2/lib/lecture2/cpp_node_test" to ""
[1.174s] -- Up-to-date: /home/farao/ros2_ws/src/lecture2/install/lecture2/share/lecture2
[1.174s] -- Installing: /home/farao/ros2_ws/src/lecture2/install/lecture2/share/ament_index/resource_index/package_run_dependencies/lecture2
[1.174s] -- Installing: /home/farao/ros2_ws/src/lecture2/install/lecture2/share/ament_index/resource_index/parent_prefix_path/lecture2
[1.174s] -- Installing: /home/farao/ros2_ws/src/lecture2/install/lecture2/share/lecture2/environment/ament_prefix_path.sh
[1.174s] -- Installing: /home/farao/ros2_ws/src/lecture2/install/lecture2/share/lecture2/environment/ament_prefix_path.dsv
[1.174s] -- Installing: /home/farao/ros2_ws/src/lecture2/install/lecture2/share/lecture2/environment/path.sh
[1.174s] -- Installing: /home/farao/ros2_ws/src/lecture2/install/lecture2/share/lecture2/environment/path.dsv
[1.174s] -- Installing: /home/farao/ros2_ws/src/lecture2/install/lecture2/share/lecture2/local_setup.bash
[1.174s] -- Installing: /home/farao/ros2_ws/src/lecture2/install/lecture2/share/lecture2/local_setup.sh
[1.174s] -- Installing: /home/farao/ros2_ws/src/lecture2/install/lecture2/share/lecture2/local_setup.zsh
[1.175s] -- Installing: /home/farao/ros2_ws/src/lecture2/install/lecture2/share/lecture2/local_setup.dsv
[1.175s] -- Installing: /home/farao/ros2_ws/src/lecture2/install/lecture2/share/lecture2/package.dsv
[1.175s] -- Installing: /home/farao/ros2_ws/src/lecture2/install/lecture2/share/ament_index/resource_index/packages/lecture2
[1.175s] -- Installing: /home/farao/ros2_ws/src/lecture2/install/lecture2/share/lecture2/cmake/lecture2Config.cmake
[1.175s] -- Installing: /home/farao/ros2_ws/src/lecture2/install/lecture2/share/lecture2/cmake/lecture2Config-version.cmake
[1.175s] -- Installing: /home/farao/ros2_ws/src/lecture2/install/lecture2/share/lecture2/package.xml
[1.177s] Invoked command in '/home/farao/ros2_ws/src/lecture2/build/lecture2' returned '0': CMAKE_PREFIX_PATH=${CMAKE_PREFIX_PATH}:/opt/ros/humble /usr/bin/cmake --install /home/farao/ros2_ws/src/lecture2/build/lecture2
