[0.056s] DEBUG:colcon:Command line arguments: ['/usr/bin/colcon', 'build']
[0.056s] DEBUG:colcon:Parsed command line arguments: Namespace(log_base=None, log_level=None, verb_name='build', build_base='build', install_base='install', merge_install=False, symlink_install=False, test_result_base=None, continue_on_error=False, executor='parallel', parallel_workers=20, event_handlers=None, ignore_user_meta=False, metas=['./colcon.meta'], base_paths=['.'], packages_ignore=None, packages_ignore_regex=None, paths=None, packages_up_to=None, packages_up_to_regex=None, packages_above=None, packages_above_and_dependencies=None, packages_above_depth=None, packages_select_by_dep=None, packages_skip_by_dep=None, packages_skip_up_to=None, packages_select_build_failed=False, packages_skip_build_finished=False, packages_select_test_failures=False, packages_skip_test_passed=False, packages_select=None, packages_skip=None, packages_select_regex=None, packages_skip_regex=None, packages_start=None, packages_end=None, allow_overriding=[], cmake_args=None, cmake_target=None, cmake_target_skip_unavailable=False, cmake_clean_cache=False, cmake_clean_first=False, cmake_force_configure=False, ament_cmake_args=None, catkin_cmake_args=None, catkin_skip_building_tests=False, mixin_files=None, mixin=None, verb_parser=<colcon_mixin.mixin.mixin_argument.MixinArgumentDecorator object at 0x71965012fb50>, verb_extension=<colcon_core.verb.build.BuildVerb object at 0x71965012f5e0>, main=<bound method BuildVerb.main of <colcon_core.verb.build.BuildVerb object at 0x71965012f5e0>>, mixin_verb=('build',))
[0.135s] Level 1:colcon.colcon_core.package_discovery:discover_packages(colcon_meta) check parameters
[0.135s] Level 1:colcon.colcon_core.package_discovery:discover_packages(recursive) check parameters
[0.135s] Level 1:colcon.colcon_core.package_discovery:discover_packages(ignore) check parameters
[0.135s] Level 1:colcon.colcon_core.package_discovery:discover_packages(path) check parameters
[0.135s] Level 1:colcon.colcon_core.package_discovery:discover_packages(colcon_meta) discover
[0.135s] Level 1:colcon.colcon_core.package_discovery:discover_packages(recursive) discover
[0.135s] INFO:colcon.colcon_core.package_discovery:Crawling recursively for packages in '/home/farao/ros2_ws/src'
[0.135s] Level 1:colcon.colcon_core.package_identification:_identify(.) by extensions ['ignore', 'ignore_ament_install']
[0.135s] Level 1:colcon.colcon_core.package_identification:_identify(.) by extension 'ignore'
[0.135s] Level 1:colcon.colcon_core.package_identification:_identify(.) by extension 'ignore_ament_install'
[0.135s] Level 1:colcon.colcon_core.package_identification:_identify(.) by extensions ['colcon_pkg']
[0.135s] Level 1:colcon.colcon_core.package_identification:_identify(.) by extension 'colcon_pkg'
[0.135s] Level 1:colcon.colcon_core.package_identification:_identify(.) by extensions ['colcon_meta']
[0.135s] Level 1:colcon.colcon_core.package_identification:_identify(.) by extension 'colcon_meta'
[0.135s] Level 1:colcon.colcon_core.package_identification:_identify(.) by extensions ['ros']
[0.135s] Level 1:colcon.colcon_core.package_identification:_identify(.) by extension 'ros'
[0.141s] Level 1:colcon.colcon_core.package_identification:_identify(.) by extensions ['cmake', 'python']
[0.141s] Level 1:colcon.colcon_core.package_identification:_identify(.) by extension 'cmake'
[0.141s] Level 1:colcon.colcon_core.package_identification:_identify(.) by extension 'python'
[0.141s] Level 1:colcon.colcon_core.package_identification:_identify(.) by extensions ['python_setup_py']
[0.141s] Level 1:colcon.colcon_core.package_identification:_identify(.) by extension 'python_setup_py'
[0.142s] Level 1:colcon.colcon_core.package_identification:_identify(build) by extensions ['ignore', 'ignore_ament_install']
[0.142s] Level 1:colcon.colcon_core.package_identification:_identify(build) by extension 'ignore'
[0.142s] Level 1:colcon.colcon_core.package_identification:_identify(build) ignored
[0.142s] Level 1:colcon.colcon_core.package_identification:_identify(controller_interfaces) by extensions ['ignore', 'ignore_ament_install']
[0.142s] Level 1:colcon.colcon_core.package_identification:_identify(controller_interfaces) by extension 'ignore'
[0.142s] Level 1:colcon.colcon_core.package_identification:_identify(controller_interfaces) by extension 'ignore_ament_install'
[0.142s] Level 1:colcon.colcon_core.package_identification:_identify(controller_interfaces) by extensions ['colcon_pkg']
[0.142s] Level 1:colcon.colcon_core.package_identification:_identify(controller_interfaces) by extension 'colcon_pkg'
[0.142s] Level 1:colcon.colcon_core.package_identification:_identify(controller_interfaces) by extensions ['colcon_meta']
[0.142s] Level 1:colcon.colcon_core.package_identification:_identify(controller_interfaces) by extension 'colcon_meta'
[0.142s] Level 1:colcon.colcon_core.package_identification:_identify(controller_interfaces) by extensions ['ros']
[0.142s] Level 1:colcon.colcon_core.package_identification:_identify(controller_interfaces) by extension 'ros'
[0.143s] DEBUG:colcon.colcon_core.package_identification:Package 'controller_interfaces' with type 'ros.ament_cmake' and name 'controller_interfaces'
[0.143s] Level 1:colcon.colcon_core.package_identification:_identify(install) by extensions ['ignore', 'ignore_ament_install']
[0.143s] Level 1:colcon.colcon_core.package_identification:_identify(install) by extension 'ignore'
[0.143s] Level 1:colcon.colcon_core.package_identification:_identify(install) ignored
[0.143s] Level 1:colcon.colcon_core.package_identification:_identify(lab1) by extensions ['ignore', 'ignore_ament_install']
[0.143s] Level 1:colcon.colcon_core.package_identification:_identify(lab1) by extension 'ignore'
[0.143s] Level 1:colcon.colcon_core.package_identification:_identify(lab1) by extension 'ignore_ament_install'
[0.143s] Level 1:colcon.colcon_core.package_identification:_identify(lab1) by extensions ['colcon_pkg']
[0.143s] Level 1:colcon.colcon_core.package_identification:_identify(lab1) by extension 'colcon_pkg'
[0.143s] Level 1:colcon.colcon_core.package_identification:_identify(lab1) by extensions ['colcon_meta']
[0.143s] Level 1:colcon.colcon_core.package_identification:_identify(lab1) by extension 'colcon_meta'
[0.143s] Level 1:colcon.colcon_core.package_identification:_identify(lab1) by extensions ['ros']
[0.143s] Level 1:colcon.colcon_core.package_identification:_identify(lab1) by extension 'ros'
[0.144s] DEBUG:colcon.colcon_core.package_identification:Package 'lab1' with type 'ros.ament_cmake' and name 'lab1'
[0.144s] Level 1:colcon.colcon_core.package_identification:_identify(lab1_interface) by extensions ['ignore', 'ignore_ament_install']
[0.144s] Level 1:colcon.colcon_core.package_identification:_identify(lab1_interface) by extension 'ignore'
[0.144s] Level 1:colcon.colcon_core.package_identification:_identify(lab1_interface) by extension 'ignore_ament_install'
[0.144s] Level 1:colcon.colcon_core.package_identification:_identify(lab1_interface) by extensions ['colcon_pkg']
[0.144s] Level 1:colcon.colcon_core.package_identification:_identify(lab1_interface) by extension 'colcon_pkg'
[0.144s] Level 1:colcon.colcon_core.package_identification:_identify(lab1_interface) by extensions ['colcon_meta']
[0.144s] Level 1:colcon.colcon_core.package_identification:_identify(lab1_interface) by extension 'colcon_meta'
[0.144s] Level 1:colcon.colcon_core.package_identification:_identify(lab1_interface) by extensions ['ros']
[0.144s] Level 1:colcon.colcon_core.package_identification:_identify(lab1_interface) by extension 'ros'
[0.144s] DEBUG:colcon.colcon_core.package_identification:Package 'lab1_interface' with type 'ros.ament_cmake' and name 'lab1_interface'
[0.144s] Level 1:colcon.colcon_core.package_identification:_identify(lecture2) by extensions ['ignore', 'ignore_ament_install']
[0.144s] Level 1:colcon.colcon_core.package_identification:_identify(lecture2) by extension 'ignore'
[0.144s] Level 1:colcon.colcon_core.package_identification:_identify(lecture2) by extension 'ignore_ament_install'
[0.144s] Level 1:colcon.colcon_core.package_identification:_identify(lecture2) by extensions ['colcon_pkg']
[0.144s] Level 1:colcon.colcon_core.package_identification:_identify(lecture2) by extension 'colcon_pkg'
[0.144s] Level 1:colcon.colcon_core.package_identification:_identify(lecture2) by extensions ['colcon_meta']
[0.144s] Level 1:colcon.colcon_core.package_identification:_identify(lecture2) by extension 'colcon_meta'
[0.144s] Level 1:colcon.colcon_core.package_identification:_identify(lecture2) by extensions ['ros']
[0.144s] Level 1:colcon.colcon_core.package_identification:_identify(lecture2) by extension 'ros'
[0.145s] DEBUG:colcon.colcon_core.package_identification:Package 'lecture2' with type 'ros.ament_cmake' and name 'lecture2'
[0.145s] Level 1:colcon.colcon_core.package_identification:_identify(log) by extensions ['ignore', 'ignore_ament_install']
[0.145s] Level 1:colcon.colcon_core.package_identification:_identify(log) by extension 'ignore'
[0.145s] Level 1:colcon.colcon_core.package_identification:_identify(log) ignored
[0.145s] Level 1:colcon.colcon_core.package_identification:_identify(turtle_bringup) by extensions ['ignore', 'ignore_ament_install']
[0.145s] Level 1:colcon.colcon_core.package_identification:_identify(turtle_bringup) by extension 'ignore'
[0.145s] Level 1:colcon.colcon_core.package_identification:_identify(turtle_bringup) by extension 'ignore_ament_install'
[0.145s] Level 1:colcon.colcon_core.package_identification:_identify(turtle_bringup) by extensions ['colcon_pkg']
[0.145s] Level 1:colcon.colcon_core.package_identification:_identify(turtle_bringup) by extension 'colcon_pkg'
[0.145s] Level 1:colcon.colcon_core.package_identification:_identify(turtle_bringup) by extensions ['colcon_meta']
[0.145s] Level 1:colcon.colcon_core.package_identification:_identify(turtle_bringup) by extension 'colcon_meta'
[0.145s] Level 1:colcon.colcon_core.package_identification:_identify(turtle_bringup) by extensions ['ros']
[0.145s] Level 1:colcon.colcon_core.package_identification:_identify(turtle_bringup) by extension 'ros'
[0.145s] DEBUG:colcon.colcon_core.package_identification:Package 'turtle_bringup' with type 'ros.ament_cmake' and name 'turtle_bringup'
[0.145s] Level 1:colcon.colcon_core.package_identification:_identify(turtlesim_plus) by extensions ['ignore', 'ignore_ament_install']
[0.145s] Level 1:colcon.colcon_core.package_identification:_identify(turtlesim_plus) by extension 'ignore'
[0.145s] Level 1:colcon.colcon_core.package_identification:_identify(turtlesim_plus) by extension 'ignore_ament_install'
[0.146s] Level 1:colcon.colcon_core.package_identification:_identify(turtlesim_plus) by extensions ['colcon_pkg']
[0.146s] Level 1:colcon.colcon_core.package_identification:_identify(turtlesim_plus) by extension 'colcon_pkg'
[0.146s] Level 1:colcon.colcon_core.package_identification:_identify(turtlesim_plus) by extensions ['colcon_meta']
[0.146s] Level 1:colcon.colcon_core.package_identification:_identify(turtlesim_plus) by extension 'colcon_meta'
[0.146s] Level 1:colcon.colcon_core.package_identification:_identify(turtlesim_plus) by extensions ['ros']
[0.146s] Level 1:colcon.colcon_core.package_identification:_identify(turtlesim_plus) by extension 'ros'
[0.146s] Level 1:colcon.colcon_core.package_identification:_identify(turtlesim_plus) by extensions ['cmake', 'python']
[0.146s] Level 1:colcon.colcon_core.package_identification:_identify(turtlesim_plus) by extension 'cmake'
[0.146s] Level 1:colcon.colcon_core.package_identification:_identify(turtlesim_plus) by extension 'python'
[0.146s] Level 1:colcon.colcon_core.package_identification:_identify(turtlesim_plus) by extensions ['python_setup_py']
[0.146s] Level 1:colcon.colcon_core.package_identification:_identify(turtlesim_plus) by extension 'python_setup_py'
[0.146s] Level 1:colcon.colcon_core.package_identification:_identify(turtlesim_plus/turtlesim_plus) by extensions ['ignore', 'ignore_ament_install']
[0.146s] Level 1:colcon.colcon_core.package_identification:_identify(turtlesim_plus/turtlesim_plus) by extension 'ignore'
[0.146s] Level 1:colcon.colcon_core.package_identification:_identify(turtlesim_plus/turtlesim_plus) by extension 'ignore_ament_install'
[0.146s] Level 1:colcon.colcon_core.package_identification:_identify(turtlesim_plus/turtlesim_plus) by extensions ['colcon_pkg']
[0.146s] Level 1:colcon.colcon_core.package_identification:_identify(turtlesim_plus/turtlesim_plus) by extension 'colcon_pkg'
[0.146s] Level 1:colcon.colcon_core.package_identification:_identify(turtlesim_plus/turtlesim_plus) by extensions ['colcon_meta']
[0.146s] Level 1:colcon.colcon_core.package_identification:_identify(turtlesim_plus/turtlesim_plus) by extension 'colcon_meta'
[0.146s] Level 1:colcon.colcon_core.package_identification:_identify(turtlesim_plus/turtlesim_plus) by extensions ['ros']
[0.146s] Level 1:colcon.colcon_core.package_identification:_identify(turtlesim_plus/turtlesim_plus) by extension 'ros'
[0.146s] DEBUG:colcon.colcon_core.package_identification:Package 'turtlesim_plus/turtlesim_plus' with type 'ros.ament_cmake' and name 'turtlesim_plus'
[0.146s] Level 1:colcon.colcon_core.package_identification:_identify(turtlesim_plus/turtlesim_plus_interfaces) by extensions ['ignore', 'ignore_ament_install']
[0.146s] Level 1:colcon.colcon_core.package_identification:_identify(turtlesim_plus/turtlesim_plus_interfaces) by extension 'ignore'
[0.146s] Level 1:colcon.colcon_core.package_identification:_identify(turtlesim_plus/turtlesim_plus_interfaces) by extension 'ignore_ament_install'
[0.146s] Level 1:colcon.colcon_core.package_identification:_identify(turtlesim_plus/turtlesim_plus_interfaces) by extensions ['colcon_pkg']
[0.146s] Level 1:colcon.colcon_core.package_identification:_identify(turtlesim_plus/turtlesim_plus_interfaces) by extension 'colcon_pkg'
[0.146s] Level 1:colcon.colcon_core.package_identification:_identify(turtlesim_plus/turtlesim_plus_interfaces) by extensions ['colcon_meta']
[0.147s] Level 1:colcon.colcon_core.package_identification:_identify(turtlesim_plus/turtlesim_plus_interfaces) by extension 'colcon_meta'
[0.147s] Level 1:colcon.colcon_core.package_identification:_identify(turtlesim_plus/turtlesim_plus_interfaces) by extensions ['ros']
[0.147s] Level 1:colcon.colcon_core.package_identification:_identify(turtlesim_plus/turtlesim_plus_interfaces) by extension 'ros'
[0.147s] DEBUG:colcon.colcon_core.package_identification:Package 'turtlesim_plus/turtlesim_plus_interfaces' with type 'ros.ament_cmake' and name 'turtlesim_plus_interfaces'
[0.147s] Level 1:colcon.colcon_core.package_discovery:discover_packages(recursive) using defaults
[0.147s] Level 1:colcon.colcon_core.package_discovery:discover_packages(ignore) discover
[0.147s] Level 1:colcon.colcon_core.package_discovery:discover_packages(ignore) using defaults
[0.147s] Level 1:colcon.colcon_core.package_discovery:discover_packages(path) discover
[0.147s] Level 1:colcon.colcon_core.package_discovery:discover_packages(path) using defaults
[0.163s] Level 1:colcon.colcon_core.package_discovery:discover_packages(prefix_path) check parameters
[0.163s] Level 1:colcon.colcon_core.package_discovery:discover_packages(prefix_path) discover
[0.164s] DEBUG:colcon.colcon_installed_package_information.package_discovery:Found 7 installed packages in /home/farao/ros2_ws/src/install
[0.164s] DEBUG:colcon.colcon_installed_package_information.package_discovery:Found 7 installed packages in /home/farao/ros2_ws/install
[0.165s] DEBUG:colcon.colcon_installed_package_information.package_discovery:Found 1 installed packages in /home/farao/ros2_ws/src/lecture2/install
[0.165s] DEBUG:colcon.colcon_installed_package_information.package_discovery:Found 271 installed packages in /opt/ros/humble
[0.166s] Level 1:colcon.colcon_core.package_discovery:discover_packages(prefix_path) using defaults
[0.183s] Level 5:colcon.colcon_core.verb:set package 'controller_interfaces' build argument 'cmake_args' from command line to 'None'
[0.183s] Level 5:colcon.colcon_core.verb:set package 'controller_interfaces' build argument 'cmake_target' from command line to 'None'
[0.183s] Level 5:colcon.colcon_core.verb:set package 'controller_interfaces' build argument 'cmake_target_skip_unavailable' from command line to 'False'
[0.183s] Level 5:colcon.colcon_core.verb:set package 'controller_interfaces' build argument 'cmake_clean_cache' from command line to 'False'
[0.183s] Level 5:colcon.colcon_core.verb:set package 'controller_interfaces' build argument 'cmake_clean_first' from command line to 'False'
[0.183s] Level 5:colcon.colcon_core.verb:set package 'controller_interfaces' build argument 'cmake_force_configure' from command line to 'False'
[0.183s] Level 5:colcon.colcon_core.verb:set package 'controller_interfaces' build argument 'ament_cmake_args' from command line to 'None'
[0.183s] Level 5:colcon.colcon_core.verb:set package 'controller_interfaces' build argument 'catkin_cmake_args' from command line to 'None'
[0.183s] Level 5:colcon.colcon_core.verb:set package 'controller_interfaces' build argument 'catkin_skip_building_tests' from command line to 'False'
[0.183s] DEBUG:colcon.colcon_core.verb:Building package 'controller_interfaces' with the following arguments: {'ament_cmake_args': None, 'build_base': '/home/farao/ros2_ws/src/build/controller_interfaces', 'catkin_cmake_args': None, 'catkin_skip_building_tests': False, 'cmake_args': None, 'cmake_clean_cache': False, 'cmake_clean_first': False, 'cmake_force_configure': False, 'cmake_target': None, 'cmake_target_skip_unavailable': False, 'install_base': '/home/farao/ros2_ws/src/install/controller_interfaces', 'merge_install': False, 'path': '/home/farao/ros2_ws/src/controller_interfaces', 'symlink_install': False, 'test_result_base': None}
[0.184s] Level 5:colcon.colcon_core.verb:set package 'lab1' build argument 'cmake_args' from command line to 'None'
[0.184s] Level 5:colcon.colcon_core.verb:set package 'lab1' build argument 'cmake_target' from command line to 'None'
[0.184s] Level 5:colcon.colcon_core.verb:set package 'lab1' build argument 'cmake_target_skip_unavailable' from command line to 'False'
[0.184s] Level 5:colcon.colcon_core.verb:set package 'lab1' build argument 'cmake_clean_cache' from command line to 'False'
[0.184s] Level 5:colcon.colcon_core.verb:set package 'lab1' build argument 'cmake_clean_first' from command line to 'False'
[0.184s] Level 5:colcon.colcon_core.verb:set package 'lab1' build argument 'cmake_force_configure' from command line to 'False'
[0.184s] Level 5:colcon.colcon_core.verb:set package 'lab1' build argument 'ament_cmake_args' from command line to 'None'
[0.184s] Level 5:colcon.colcon_core.verb:set package 'lab1' build argument 'catkin_cmake_args' from command line to 'None'
[0.184s] Level 5:colcon.colcon_core.verb:set package 'lab1' build argument 'catkin_skip_building_tests' from command line to 'False'
[0.184s] DEBUG:colcon.colcon_core.verb:Building package 'lab1' with the following arguments: {'ament_cmake_args': None, 'build_base': '/home/farao/ros2_ws/src/build/lab1', 'catkin_cmake_args': None, 'catkin_skip_building_tests': False, 'cmake_args': None, 'cmake_clean_cache': False, 'cmake_clean_first': False, 'cmake_force_configure': False, 'cmake_target': None, 'cmake_target_skip_unavailable': False, 'install_base': '/home/farao/ros2_ws/src/install/lab1', 'merge_install': False, 'path': '/home/farao/ros2_ws/src/lab1', 'symlink_install': False, 'test_result_base': None}
[0.184s] Level 5:colcon.colcon_core.verb:set package 'lab1_interface' build argument 'cmake_args' from command line to 'None'
[0.184s] Level 5:colcon.colcon_core.verb:set package 'lab1_interface' build argument 'cmake_target' from command line to 'None'
[0.184s] Level 5:colcon.colcon_core.verb:set package 'lab1_interface' build argument 'cmake_target_skip_unavailable' from command line to 'False'
[0.184s] Level 5:colcon.colcon_core.verb:set package 'lab1_interface' build argument 'cmake_clean_cache' from command line to 'False'
[0.184s] Level 5:colcon.colcon_core.verb:set package 'lab1_interface' build argument 'cmake_clean_first' from command line to 'False'
[0.184s] Level 5:colcon.colcon_core.verb:set package 'lab1_interface' build argument 'cmake_force_configure' from command line to 'False'
[0.184s] Level 5:colcon.colcon_core.verb:set package 'lab1_interface' build argument 'ament_cmake_args' from command line to 'None'
[0.184s] Level 5:colcon.colcon_core.verb:set package 'lab1_interface' build argument 'catkin_cmake_args' from command line to 'None'
[0.184s] Level 5:colcon.colcon_core.verb:set package 'lab1_interface' build argument 'catkin_skip_building_tests' from command line to 'False'
[0.184s] DEBUG:colcon.colcon_core.verb:Building package 'lab1_interface' with the following arguments: {'ament_cmake_args': None, 'build_base': '/home/farao/ros2_ws/src/build/lab1_interface', 'catkin_cmake_args': None, 'catkin_skip_building_tests': False, 'cmake_args': None, 'cmake_clean_cache': False, 'cmake_clean_first': False, 'cmake_force_configure': False, 'cmake_target': None, 'cmake_target_skip_unavailable': False, 'install_base': '/home/farao/ros2_ws/src/install/lab1_interface', 'merge_install': False, 'path': '/home/farao/ros2_ws/src/lab1_interface', 'symlink_install': False, 'test_result_base': None}
[0.184s] Level 5:colcon.colcon_core.verb:set package 'lecture2' build argument 'cmake_args' from command line to 'None'
[0.184s] Level 5:colcon.colcon_core.verb:set package 'lecture2' build argument 'cmake_target' from command line to 'None'
[0.184s] Level 5:colcon.colcon_core.verb:set package 'lecture2' build argument 'cmake_target_skip_unavailable' from command line to 'False'
[0.184s] Level 5:colcon.colcon_core.verb:set package 'lecture2' build argument 'cmake_clean_cache' from command line to 'False'
[0.184s] Level 5:colcon.colcon_core.verb:set package 'lecture2' build argument 'cmake_clean_first' from command line to 'False'
[0.184s] Level 5:colcon.colcon_core.verb:set package 'lecture2' build argument 'cmake_force_configure' from command line to 'False'
[0.184s] Level 5:colcon.colcon_core.verb:set package 'lecture2' build argument 'ament_cmake_args' from command line to 'None'
[0.184s] Level 5:colcon.colcon_core.verb:set package 'lecture2' build argument 'catkin_cmake_args' from command line to 'None'
[0.184s] Level 5:colcon.colcon_core.verb:set package 'lecture2' build argument 'catkin_skip_building_tests' from command line to 'False'
[0.184s] DEBUG:colcon.colcon_core.verb:Building package 'lecture2' with the following arguments: {'ament_cmake_args': None, 'build_base': '/home/farao/ros2_ws/src/build/lecture2', 'catkin_cmake_args': None, 'catkin_skip_building_tests': False, 'cmake_args': None, 'cmake_clean_cache': False, 'cmake_clean_first': False, 'cmake_force_configure': False, 'cmake_target': None, 'cmake_target_skip_unavailable': False, 'install_base': '/home/farao/ros2_ws/src/install/lecture2', 'merge_install': False, 'path': '/home/farao/ros2_ws/src/lecture2', 'symlink_install': False, 'test_result_base': None}
[0.184s] Level 5:colcon.colcon_core.verb:set package 'turtle_bringup' build argument 'cmake_args' from command line to 'None'
[0.184s] Level 5:colcon.colcon_core.verb:set package 'turtle_bringup' build argument 'cmake_target' from command line to 'None'
[0.184s] Level 5:colcon.colcon_core.verb:set package 'turtle_bringup' build argument 'cmake_target_skip_unavailable' from command line to 'False'
[0.184s] Level 5:colcon.colcon_core.verb:set package 'turtle_bringup' build argument 'cmake_clean_cache' from command line to 'False'
[0.184s] Level 5:colcon.colcon_core.verb:set package 'turtle_bringup' build argument 'cmake_clean_first' from command line to 'False'
[0.184s] Level 5:colcon.colcon_core.verb:set package 'turtle_bringup' build argument 'cmake_force_configure' from command line to 'False'
[0.184s] Level 5:colcon.colcon_core.verb:set package 'turtle_bringup' build argument 'ament_cmake_args' from command line to 'None'
[0.184s] Level 5:colcon.colcon_core.verb:set package 'turtle_bringup' build argument 'catkin_cmake_args' from command line to 'None'
[0.184s] Level 5:colcon.colcon_core.verb:set package 'turtle_bringup' build argument 'catkin_skip_building_tests' from command line to 'False'
[0.184s] DEBUG:colcon.colcon_core.verb:Building package 'turtle_bringup' with the following arguments: {'ament_cmake_args': None, 'build_base': '/home/farao/ros2_ws/src/build/turtle_bringup', 'catkin_cmake_args': None, 'catkin_skip_building_tests': False, 'cmake_args': None, 'cmake_clean_cache': False, 'cmake_clean_first': False, 'cmake_force_configure': False, 'cmake_target': None, 'cmake_target_skip_unavailable': False, 'install_base': '/home/farao/ros2_ws/src/install/turtle_bringup', 'merge_install': False, 'path': '/home/farao/ros2_ws/src/turtle_bringup', 'symlink_install': False, 'test_result_base': None}
[0.185s] Level 5:colcon.colcon_core.verb:set package 'turtlesim_plus' build argument 'cmake_args' from command line to 'None'
[0.185s] Level 5:colcon.colcon_core.verb:set package 'turtlesim_plus' build argument 'cmake_target' from command line to 'None'
[0.185s] Level 5:colcon.colcon_core.verb:set package 'turtlesim_plus' build argument 'cmake_target_skip_unavailable' from command line to 'False'
[0.185s] Level 5:colcon.colcon_core.verb:set package 'turtlesim_plus' build argument 'cmake_clean_cache' from command line to 'False'
[0.185s] Level 5:colcon.colcon_core.verb:set package 'turtlesim_plus' build argument 'cmake_clean_first' from command line to 'False'
[0.185s] Level 5:colcon.colcon_core.verb:set package 'turtlesim_plus' build argument 'cmake_force_configure' from command line to 'False'
[0.185s] Level 5:colcon.colcon_core.verb:set package 'turtlesim_plus' build argument 'ament_cmake_args' from command line to 'None'
[0.185s] Level 5:colcon.colcon_core.verb:set package 'turtlesim_plus' build argument 'catkin_cmake_args' from command line to 'None'
[0.185s] Level 5:colcon.colcon_core.verb:set package 'turtlesim_plus' build argument 'catkin_skip_building_tests' from command line to 'False'
[0.185s] DEBUG:colcon.colcon_core.verb:Building package 'turtlesim_plus' with the following arguments: {'ament_cmake_args': None, 'build_base': '/home/farao/ros2_ws/src/build/turtlesim_plus', 'catkin_cmake_args': None, 'catkin_skip_building_tests': False, 'cmake_args': None, 'cmake_clean_cache': False, 'cmake_clean_first': False, 'cmake_force_configure': False, 'cmake_target': None, 'cmake_target_skip_unavailable': False, 'install_base': '/home/farao/ros2_ws/src/install/turtlesim_plus', 'merge_install': False, 'path': '/home/farao/ros2_ws/src/turtlesim_plus/turtlesim_plus', 'symlink_install': False, 'test_result_base': None}
[0.185s] Level 5:colcon.colcon_core.verb:set package 'turtlesim_plus_interfaces' build argument 'cmake_args' from command line to 'None'
[0.185s] Level 5:colcon.colcon_core.verb:set package 'turtlesim_plus_interfaces' build argument 'cmake_target' from command line to 'None'
[0.185s] Level 5:colcon.colcon_core.verb:set package 'turtlesim_plus_interfaces' build argument 'cmake_target_skip_unavailable' from command line to 'False'
[0.185s] Level 5:colcon.colcon_core.verb:set package 'turtlesim_plus_interfaces' build argument 'cmake_clean_cache' from command line to 'False'
[0.185s] Level 5:colcon.colcon_core.verb:set package 'turtlesim_plus_interfaces' build argument 'cmake_clean_first' from command line to 'False'
[0.185s] Level 5:colcon.colcon_core.verb:set package 'turtlesim_plus_interfaces' build argument 'cmake_force_configure' from command line to 'False'
[0.185s] Level 5:colcon.colcon_core.verb:set package 'turtlesim_plus_interfaces' build argument 'ament_cmake_args' from command line to 'None'
[0.185s] Level 5:colcon.colcon_core.verb:set package 'turtlesim_plus_interfaces' build argument 'catkin_cmake_args' from command line to 'None'
[0.185s] Level 5:colcon.colcon_core.verb:set package 'turtlesim_plus_interfaces' build argument 'catkin_skip_building_tests' from command line to 'False'
[0.185s] DEBUG:colcon.colcon_core.verb:Building package 'turtlesim_plus_interfaces' with the following arguments: {'ament_cmake_args': None, 'build_base': '/home/farao/ros2_ws/src/build/turtlesim_plus_interfaces', 'catkin_cmake_args': None, 'catkin_skip_building_tests': False, 'cmake_args': None, 'cmake_clean_cache': False, 'cmake_clean_first': False, 'cmake_force_configure': False, 'cmake_target': None, 'cmake_target_skip_unavailable': False, 'install_base': '/home/farao/ros2_ws/src/install/turtlesim_plus_interfaces', 'merge_install': False, 'path': '/home/farao/ros2_ws/src/turtlesim_plus/turtlesim_plus_interfaces', 'symlink_install': False, 'test_result_base': None}
[0.185s] INFO:colcon.colcon_core.executor:Executing jobs using 'parallel' executor
[0.185s] DEBUG:colcon.colcon_parallel_executor.executor.parallel:run_until_complete
[0.186s] INFO:colcon.colcon_ros.task.ament_cmake.build:Building ROS package in '/home/farao/ros2_ws/src/controller_interfaces' with build type 'ament_cmake'
[0.186s] INFO:colcon.colcon_cmake.task.cmake.build:Building CMake package in '/home/farao/ros2_ws/src/controller_interfaces'
[0.187s] INFO:colcon.colcon_core.plugin_system:Skipping extension 'colcon_core.shell.bat': Not used on non-Windows systems
[0.187s] INFO:colcon.colcon_core.shell:Skip shell extension 'powershell' for command environment: Not usable outside of PowerShell
[0.187s] DEBUG:colcon.colcon_core.shell:Skip shell extension 'dsv' for command environment
[0.189s] INFO:colcon.colcon_ros.task.ament_cmake.build:Building ROS package in '/home/farao/ros2_ws/src/lab1' with build type 'ament_cmake'
[0.189s] INFO:colcon.colcon_cmake.task.cmake.build:Building CMake package in '/home/farao/ros2_ws/src/lab1'
[0.189s] INFO:colcon.colcon_core.shell:Skip shell extension 'powershell' for command environment: Not usable outside of PowerShell
[0.189s] DEBUG:colcon.colcon_core.shell:Skip shell extension 'dsv' for command environment
[0.191s] INFO:colcon.colcon_ros.task.ament_cmake.build:Building ROS package in '/home/farao/ros2_ws/src/lab1_interface' with build type 'ament_cmake'
[0.191s] INFO:colcon.colcon_cmake.task.cmake.build:Building CMake package in '/home/farao/ros2_ws/src/lab1_interface'
[0.192s] INFO:colcon.colcon_core.shell:Skip shell extension 'powershell' for command environment: Not usable outside of PowerShell
[0.192s] DEBUG:colcon.colcon_core.shell:Skip shell extension 'dsv' for command environment
[0.194s] INFO:colcon.colcon_ros.task.ament_cmake.build:Building ROS package in '/home/farao/ros2_ws/src/lecture2' with build type 'ament_cmake'
[0.194s] INFO:colcon.colcon_cmake.task.cmake.build:Building CMake package in '/home/farao/ros2_ws/src/lecture2'
[0.194s] INFO:colcon.colcon_core.shell:Skip shell extension 'powershell' for command environment: Not usable outside of PowerShell
[0.194s] DEBUG:colcon.colcon_core.shell:Skip shell extension 'dsv' for command environment
[0.196s] INFO:colcon.colcon_ros.task.ament_cmake.build:Building ROS package in '/home/farao/ros2_ws/src/turtle_bringup' with build type 'ament_cmake'
[0.196s] INFO:colcon.colcon_cmake.task.cmake.build:Building CMake package in '/home/farao/ros2_ws/src/turtle_bringup'
[0.196s] INFO:colcon.colcon_core.shell:Skip shell extension 'powershell' for command environment: Not usable outside of PowerShell
[0.196s] DEBUG:colcon.colcon_core.shell:Skip shell extension 'dsv' for command environment
[0.199s] INFO:colcon.colcon_ros.task.ament_cmake.build:Building ROS package in '/home/farao/ros2_ws/src/turtlesim_plus/turtlesim_plus' with build type 'ament_cmake'
[0.199s] INFO:colcon.colcon_cmake.task.cmake.build:Building CMake package in '/home/farao/ros2_ws/src/turtlesim_plus/turtlesim_plus'
[0.199s] INFO:colcon.colcon_core.shell:Skip shell extension 'powershell' for command environment: Not usable outside of PowerShell
[0.199s] DEBUG:colcon.colcon_core.shell:Skip shell extension 'dsv' for command environment
[0.201s] INFO:colcon.colcon_ros.task.ament_cmake.build:Building ROS package in '/home/farao/ros2_ws/src/turtlesim_plus/turtlesim_plus_interfaces' with build type 'ament_cmake'
[0.201s] INFO:colcon.colcon_cmake.task.cmake.build:Building CMake package in '/home/farao/ros2_ws/src/turtlesim_plus/turtlesim_plus_interfaces'
[0.201s] INFO:colcon.colcon_core.shell:Skip shell extension 'powershell' for command environment: Not usable outside of PowerShell
[0.201s] DEBUG:colcon.colcon_core.shell:Skip shell extension 'dsv' for command environment
[0.206s] DEBUG:colcon.colcon_core.event_handler.log_command:Invoking command in '/home/farao/ros2_ws/src/build/controller_interfaces': CMAKE_PREFIX_PATH=${CMAKE_PREFIX_PATH}:/opt/ros/humble /usr/bin/cmake --build /home/farao/ros2_ws/src/build/controller_interfaces -- -j20 -l20
[0.209s] DEBUG:colcon.colcon_core.event_handler.log_command:Invoking command in '/home/farao/ros2_ws/src/build/lab1': CMAKE_PREFIX_PATH=${CMAKE_PREFIX_PATH}:/opt/ros/humble /usr/bin/cmake --build /home/farao/ros2_ws/src/build/lab1 -- -j20 -l20
[0.211s] DEBUG:colcon.colcon_core.event_handler.log_command:Invoking command in '/home/farao/ros2_ws/src/build/lab1_interface': CMAKE_PREFIX_PATH=${CMAKE_PREFIX_PATH}:/opt/ros/humble /usr/bin/cmake --build /home/farao/ros2_ws/src/build/lab1_interface -- -j20 -l20
[0.212s] DEBUG:colcon.colcon_core.event_handler.log_command:Invoking command in '/home/farao/ros2_ws/src/build/lecture2': CMAKE_PREFIX_PATH=${CMAKE_PREFIX_PATH}:/opt/ros/humble /usr/bin/cmake --build /home/farao/ros2_ws/src/build/lecture2 -- -j20 -l20
[0.215s] DEBUG:colcon.colcon_core.event_handler.log_command:Invoking command in '/home/farao/ros2_ws/src/build/turtle_bringup': CMAKE_PREFIX_PATH=${CMAKE_PREFIX_PATH}:/opt/ros/humble /usr/bin/cmake --build /home/farao/ros2_ws/src/build/turtle_bringup -- -j20 -l20
[0.218s] DEBUG:colcon.colcon_core.event_handler.log_command:Invoking command in '/home/farao/ros2_ws/src/build/turtlesim_plus': CMAKE_PREFIX_PATH=${CMAKE_PREFIX_PATH}:/opt/ros/humble /usr/bin/cmake --build /home/farao/ros2_ws/src/build/turtlesim_plus -- -j20 -l20
[0.224s] DEBUG:colcon.colcon_core.event_handler.log_command:Invoking command in '/home/farao/ros2_ws/src/build/turtlesim_plus_interfaces': CMAKE_PREFIX_PATH=${CMAKE_PREFIX_PATH}:/opt/ros/humble /usr/bin/cmake --build /home/farao/ros2_ws/src/build/turtlesim_plus_interfaces -- -j20 -l20
[0.443s] DEBUG:colcon.colcon_core.event_handler.log_command:Invoked command in '/home/farao/ros2_ws/src/build/lab1' returned '0': CMAKE_PREFIX_PATH=${CMAKE_PREFIX_PATH}:/opt/ros/humble /usr/bin/cmake --build /home/farao/ros2_ws/src/build/lab1 -- -j20 -l20
[0.449s] DEBUG:colcon.colcon_core.event_handler.log_command:Invoked command in '/home/farao/ros2_ws/src/build/turtlesim_plus' returned '0': CMAKE_PREFIX_PATH=${CMAKE_PREFIX_PATH}:/opt/ros/humble /usr/bin/cmake --build /home/farao/ros2_ws/src/build/turtlesim_plus -- -j20 -l20
[0.451s] DEBUG:colcon.colcon_core.event_handler.log_command:Invoked command in '/home/farao/ros2_ws/src/build/turtlesim_plus_interfaces' returned '0': CMAKE_PREFIX_PATH=${CMAKE_PREFIX_PATH}:/opt/ros/humble /usr/bin/cmake --build /home/farao/ros2_ws/src/build/turtlesim_plus_interfaces -- -j20 -l20
[0.452s] DEBUG:colcon.colcon_core.event_handler.log_command:Invoked command in '/home/farao/ros2_ws/src/build/controller_interfaces' returned '0': CMAKE_PREFIX_PATH=${CMAKE_PREFIX_PATH}:/opt/ros/humble /usr/bin/cmake --build /home/farao/ros2_ws/src/build/controller_interfaces -- -j20 -l20
[0.472s] DEBUG:colcon.colcon_core.event_handler.log_command:Invoking command in '/home/farao/ros2_ws/src/build/lab1': CMAKE_PREFIX_PATH=${CMAKE_PREFIX_PATH}:/opt/ros/humble /usr/bin/cmake --install /home/farao/ros2_ws/src/build/lab1
[0.473s] DEBUG:colcon.colcon_core.event_handler.log_command:Invoking command in '/home/farao/ros2_ws/src/build/turtlesim_plus': CMAKE_PREFIX_PATH=${CMAKE_PREFIX_PATH}:/opt/ros/humble /usr/bin/cmake --install /home/farao/ros2_ws/src/build/turtlesim_plus
[0.474s] DEBUG:colcon.colcon_core.event_handler.log_command:Invoked command in '/home/farao/ros2_ws/src/build/lab1_interface' returned '0': CMAKE_PREFIX_PATH=${CMAKE_PREFIX_PATH}:/opt/ros/humble /usr/bin/cmake --build /home/farao/ros2_ws/src/build/lab1_interface -- -j20 -l20
[0.504s] Level 1:colcon.colcon_core.environment:create_environment_scripts_only(lab1)
[0.504s] DEBUG:colcon.colcon_core.event_handler.log_command:Invoked command in '/home/farao/ros2_ws/src/build/lab1' returned '0': CMAKE_PREFIX_PATH=${CMAKE_PREFIX_PATH}:/opt/ros/humble /usr/bin/cmake --install /home/farao/ros2_ws/src/build/lab1
[0.506s] Level 1:colcon.colcon_core.environment:checking '/home/farao/ros2_ws/src/install/lab1' for CMake module files
[0.507s] Level 1:colcon.colcon_core.environment:checking '/home/farao/ros2_ws/src/install/lab1' for CMake config files
[0.507s] Level 1:colcon.colcon_core.shell:create_environment_hook('lab1', 'cmake_prefix_path')
[0.507s] INFO:colcon.colcon_core.shell:Creating environment hook '/home/farao/ros2_ws/src/install/lab1/share/lab1/hook/cmake_prefix_path.ps1'
[0.507s] INFO:colcon.colcon_core.shell:Creating environment descriptor '/home/farao/ros2_ws/src/install/lab1/share/lab1/hook/cmake_prefix_path.dsv'
[0.507s] INFO:colcon.colcon_core.shell:Creating environment hook '/home/farao/ros2_ws/src/install/lab1/share/lab1/hook/cmake_prefix_path.sh'
[0.508s] Level 1:colcon.colcon_core.environment:checking '/home/farao/ros2_ws/src/install/lab1/lib'
[0.508s] Level 1:colcon.colcon_core.environment:checking '/home/farao/ros2_ws/src/install/lab1/bin'
[0.508s] Level 1:colcon.colcon_core.environment:checking '/home/farao/ros2_ws/src/install/lab1/lib/pkgconfig/lab1.pc'
[0.508s] Level 1:colcon.colcon_core.environment:checking '/home/farao/ros2_ws/src/install/lab1/lib/python3.10/site-packages'
[0.509s] Level 1:colcon.colcon_core.environment:checking '/home/farao/ros2_ws/src/install/lab1/bin'
[0.509s] INFO:colcon.colcon_core.shell:Creating package script '/home/farao/ros2_ws/src/install/lab1/share/lab1/package.ps1'
[0.509s] INFO:colcon.colcon_core.shell:Creating package descriptor '/home/farao/ros2_ws/src/install/lab1/share/lab1/package.dsv'
[0.509s] INFO:colcon.colcon_core.shell:Creating package script '/home/farao/ros2_ws/src/install/lab1/share/lab1/package.sh'
[0.510s] INFO:colcon.colcon_core.shell:Creating package script '/home/farao/ros2_ws/src/install/lab1/share/lab1/package.bash'
[0.510s] INFO:colcon.colcon_core.shell:Creating package script '/home/farao/ros2_ws/src/install/lab1/share/lab1/package.zsh'
[0.510s] Level 1:colcon.colcon_core.environment:create_file_with_runtime_dependencies(/home/farao/ros2_ws/src/install/lab1/share/colcon-core/packages/lab1)
[0.513s] DEBUG:colcon.colcon_core.event_handler.log_command:Invoking command in '/home/farao/ros2_ws/src/build/controller_interfaces': CMAKE_PREFIX_PATH=${CMAKE_PREFIX_PATH}:/opt/ros/humble /usr/bin/cmake --install /home/farao/ros2_ws/src/build/controller_interfaces
[0.513s] Level 1:colcon.colcon_core.environment:create_environment_scripts_only(turtlesim_plus)
[0.513s] Level 1:colcon.colcon_core.environment:checking '/home/farao/ros2_ws/src/install/turtlesim_plus' for CMake module files
[0.514s] DEBUG:colcon.colcon_core.event_handler.log_command:Invoked command in '/home/farao/ros2_ws/src/build/turtlesim_plus' returned '0': CMAKE_PREFIX_PATH=${CMAKE_PREFIX_PATH}:/opt/ros/humble /usr/bin/cmake --install /home/farao/ros2_ws/src/build/turtlesim_plus
[0.514s] Level 1:colcon.colcon_core.environment:checking '/home/farao/ros2_ws/src/install/turtlesim_plus' for CMake config files
[0.515s] Level 1:colcon.colcon_core.shell:create_environment_hook('turtlesim_plus', 'cmake_prefix_path')
[0.515s] INFO:colcon.colcon_core.shell:Creating environment hook '/home/farao/ros2_ws/src/install/turtlesim_plus/share/turtlesim_plus/hook/cmake_prefix_path.ps1'
[0.515s] INFO:colcon.colcon_core.shell:Creating environment descriptor '/home/farao/ros2_ws/src/install/turtlesim_plus/share/turtlesim_plus/hook/cmake_prefix_path.dsv'
[0.516s] INFO:colcon.colcon_core.shell:Creating environment hook '/home/farao/ros2_ws/src/install/turtlesim_plus/share/turtlesim_plus/hook/cmake_prefix_path.sh'
[0.516s] Level 1:colcon.colcon_core.environment:checking '/home/farao/ros2_ws/src/install/turtlesim_plus/lib'
[0.516s] Level 1:colcon.colcon_core.environment:checking '/home/farao/ros2_ws/src/install/turtlesim_plus/bin'
[0.517s] Level 1:colcon.colcon_core.environment:checking '/home/farao/ros2_ws/src/install/turtlesim_plus/lib/pkgconfig/turtlesim_plus.pc'
[0.517s] Level 1:colcon.colcon_core.environment:checking '/home/farao/ros2_ws/src/install/turtlesim_plus/lib/python3.10/site-packages'
[0.517s] Level 1:colcon.colcon_core.environment:checking '/home/farao/ros2_ws/src/install/turtlesim_plus/bin'
[0.517s] INFO:colcon.colcon_core.shell:Creating package script '/home/farao/ros2_ws/src/install/turtlesim_plus/share/turtlesim_plus/package.ps1'
[0.518s] INFO:colcon.colcon_core.shell:Creating package descriptor '/home/farao/ros2_ws/src/install/turtlesim_plus/share/turtlesim_plus/package.dsv'
[0.518s] INFO:colcon.colcon_core.shell:Creating package script '/home/farao/ros2_ws/src/install/turtlesim_plus/share/turtlesim_plus/package.sh'
[0.519s] INFO:colcon.colcon_core.shell:Creating package script '/home/farao/ros2_ws/src/install/turtlesim_plus/share/turtlesim_plus/package.bash'
[0.519s] INFO:colcon.colcon_core.shell:Creating package script '/home/farao/ros2_ws/src/install/turtlesim_plus/share/turtlesim_plus/package.zsh'
[0.520s] Level 1:colcon.colcon_core.environment:create_file_with_runtime_dependencies(/home/farao/ros2_ws/src/install/turtlesim_plus/share/colcon-core/packages/turtlesim_plus)
[0.527s] DEBUG:colcon.colcon_core.event_handler.log_command:Invoking command in '/home/farao/ros2_ws/src/build/lab1_interface': CMAKE_PREFIX_PATH=${CMAKE_PREFIX_PATH}:/opt/ros/humble /usr/bin/cmake --install /home/farao/ros2_ws/src/build/lab1_interface
[0.529s] Level 1:colcon.colcon_core.environment:create_environment_scripts_only(lab1)
[0.529s] Level 1:colcon.colcon_core.environment:checking '/home/farao/ros2_ws/src/install/lab1' for CMake module files
[0.531s] DEBUG:colcon.colcon_core.event_handler.log_command:Invoked command in '/home/farao/ros2_ws/src/build/lecture2' returned '0': CMAKE_PREFIX_PATH=${CMAKE_PREFIX_PATH}:/opt/ros/humble /usr/bin/cmake --build /home/farao/ros2_ws/src/build/lecture2 -- -j20 -l20
[0.531s] Level 1:colcon.colcon_core.environment:checking '/home/farao/ros2_ws/src/install/lab1' for CMake config files
[0.535s] Level 1:colcon.colcon_core.shell:create_environment_hook('lab1', 'cmake_prefix_path')
[0.535s] INFO:colcon.colcon_core.shell:Creating environment hook '/home/farao/ros2_ws/src/install/lab1/share/lab1/hook/cmake_prefix_path.ps1'
[0.537s] INFO:colcon.colcon_core.shell:Creating environment descriptor '/home/farao/ros2_ws/src/install/lab1/share/lab1/hook/cmake_prefix_path.dsv'
[0.537s] INFO:colcon.colcon_core.shell:Creating environment hook '/home/farao/ros2_ws/src/install/lab1/share/lab1/hook/cmake_prefix_path.sh'
[0.538s] Level 1:colcon.colcon_core.environment:checking '/home/farao/ros2_ws/src/install/lab1/lib'
[0.538s] Level 1:colcon.colcon_core.environment:checking '/home/farao/ros2_ws/src/install/lab1/bin'
[0.538s] Level 1:colcon.colcon_core.environment:checking '/home/farao/ros2_ws/src/install/lab1/lib/pkgconfig/lab1.pc'
[0.538s] Level 1:colcon.colcon_core.environment:checking '/home/farao/ros2_ws/src/install/lab1/lib/python3.10/site-packages'
[0.538s] Level 1:colcon.colcon_core.environment:checking '/home/farao/ros2_ws/src/install/lab1/bin'
[0.539s] INFO:colcon.colcon_core.shell:Creating package script '/home/farao/ros2_ws/src/install/lab1/share/lab1/package.ps1'
[0.539s] INFO:colcon.colcon_core.shell:Creating package descriptor '/home/farao/ros2_ws/src/install/lab1/share/lab1/package.dsv'
[0.539s] INFO:colcon.colcon_core.shell:Creating package script '/home/farao/ros2_ws/src/install/lab1/share/lab1/package.sh'
[0.540s] INFO:colcon.colcon_core.shell:Creating package script '/home/farao/ros2_ws/src/install/lab1/share/lab1/package.bash'
[0.540s] INFO:colcon.colcon_core.shell:Creating package script '/home/farao/ros2_ws/src/install/lab1/share/lab1/package.zsh'
[0.541s] Level 1:colcon.colcon_core.environment:create_file_with_runtime_dependencies(/home/farao/ros2_ws/src/install/lab1/share/colcon-core/packages/lab1)
[0.542s] DEBUG:colcon.colcon_core.event_handler.log_command:Invoking command in '/home/farao/ros2_ws/src/build/turtlesim_plus_interfaces': CMAKE_PREFIX_PATH=${CMAKE_PREFIX_PATH}:/opt/ros/humble /usr/bin/cmake --install /home/farao/ros2_ws/src/build/turtlesim_plus_interfaces
[0.543s] Level 1:colcon.colcon_core.environment:create_environment_scripts_only(turtlesim_plus)
[0.543s] Level 1:colcon.colcon_core.environment:checking '/home/farao/ros2_ws/src/install/turtlesim_plus' for CMake module files
[0.543s] Level 1:colcon.colcon_core.environment:checking '/home/farao/ros2_ws/src/install/turtlesim_plus' for CMake config files
[0.544s] Level 1:colcon.colcon_core.shell:create_environment_hook('turtlesim_plus', 'cmake_prefix_path')
[0.544s] INFO:colcon.colcon_core.shell:Creating environment hook '/home/farao/ros2_ws/src/install/turtlesim_plus/share/turtlesim_plus/hook/cmake_prefix_path.ps1'
[0.544s] INFO:colcon.colcon_core.shell:Creating environment descriptor '/home/farao/ros2_ws/src/install/turtlesim_plus/share/turtlesim_plus/hook/cmake_prefix_path.dsv'
[0.545s] INFO:colcon.colcon_core.shell:Creating environment hook '/home/farao/ros2_ws/src/install/turtlesim_plus/share/turtlesim_plus/hook/cmake_prefix_path.sh'
[0.545s] Level 1:colcon.colcon_core.environment:checking '/home/farao/ros2_ws/src/install/turtlesim_plus/lib'
[0.545s] Level 1:colcon.colcon_core.environment:checking '/home/farao/ros2_ws/src/install/turtlesim_plus/bin'
[0.545s] Level 1:colcon.colcon_core.environment:checking '/home/farao/ros2_ws/src/install/turtlesim_plus/lib/pkgconfig/turtlesim_plus.pc'
[0.546s] Level 1:colcon.colcon_core.environment:checking '/home/farao/ros2_ws/src/install/turtlesim_plus/lib/python3.10/site-packages'
[0.546s] Level 1:colcon.colcon_core.environment:checking '/home/farao/ros2_ws/src/install/turtlesim_plus/bin'
[0.546s] INFO:colcon.colcon_core.shell:Creating package script '/home/farao/ros2_ws/src/install/turtlesim_plus/share/turtlesim_plus/package.ps1'
[0.547s] INFO:colcon.colcon_core.shell:Creating package descriptor '/home/farao/ros2_ws/src/install/turtlesim_plus/share/turtlesim_plus/package.dsv'
[0.547s] INFO:colcon.colcon_core.shell:Creating package script '/home/farao/ros2_ws/src/install/turtlesim_plus/share/turtlesim_plus/package.sh'
[0.548s] INFO:colcon.colcon_core.shell:Creating package script '/home/farao/ros2_ws/src/install/turtlesim_plus/share/turtlesim_plus/package.bash'
[0.548s] INFO:colcon.colcon_core.shell:Creating package script '/home/farao/ros2_ws/src/install/turtlesim_plus/share/turtlesim_plus/package.zsh'
[0.548s] Level 1:colcon.colcon_core.environment:create_file_with_runtime_dependencies(/home/farao/ros2_ws/src/install/turtlesim_plus/share/colcon-core/packages/turtlesim_plus)
[0.550s] DEBUG:colcon.colcon_core.event_handler.log_command:Invoking command in '/home/farao/ros2_ws/src/build/lecture2': CMAKE_PREFIX_PATH=${CMAKE_PREFIX_PATH}:/opt/ros/humble /usr/bin/cmake --install /home/farao/ros2_ws/src/build/lecture2
[0.557s] Level 1:colcon.colcon_core.environment:create_environment_scripts_only(lab1_interface)
[0.558s] Level 1:colcon.colcon_core.environment:checking '/home/farao/ros2_ws/src/install/lab1_interface' for CMake module files
[0.558s] Level 1:colcon.colcon_core.environment:checking '/home/farao/ros2_ws/src/install/lab1_interface' for CMake config files
[0.560s] Level 1:colcon.colcon_core.shell:create_environment_hook('lab1_interface', 'cmake_prefix_path')
[0.560s] INFO:colcon.colcon_core.shell:Creating environment hook '/home/farao/ros2_ws/src/install/lab1_interface/share/lab1_interface/hook/cmake_prefix_path.ps1'
[0.561s] INFO:colcon.colcon_core.shell:Creating environment descriptor '/home/farao/ros2_ws/src/install/lab1_interface/share/lab1_interface/hook/cmake_prefix_path.dsv'
[0.561s] INFO:colcon.colcon_core.shell:Creating environment hook '/home/farao/ros2_ws/src/install/lab1_interface/share/lab1_interface/hook/cmake_prefix_path.sh'
[0.561s] Level 1:colcon.colcon_core.environment:checking '/home/farao/ros2_ws/src/install/lab1_interface/lib'
[0.562s] Level 1:colcon.colcon_core.shell:create_environment_hook('lab1_interface', 'ld_library_path_lib')
[0.562s] INFO:colcon.colcon_core.shell:Creating environment hook '/home/farao/ros2_ws/src/install/lab1_interface/share/lab1_interface/hook/ld_library_path_lib.ps1'
[0.562s] INFO:colcon.colcon_core.shell:Creating environment descriptor '/home/farao/ros2_ws/src/install/lab1_interface/share/lab1_interface/hook/ld_library_path_lib.dsv'
[0.562s] INFO:colcon.colcon_core.shell:Creating environment hook '/home/farao/ros2_ws/src/install/lab1_interface/share/lab1_interface/hook/ld_library_path_lib.sh'
[0.563s] Level 1:colcon.colcon_core.environment:checking '/home/farao/ros2_ws/src/install/lab1_interface/bin'
[0.563s] Level 1:colcon.colcon_core.environment:checking '/home/farao/ros2_ws/src/install/lab1_interface/lib/pkgconfig/lab1_interface.pc'
[0.563s] Level 1:colcon.colcon_core.environment:checking '/home/farao/ros2_ws/src/install/lab1_interface/lib/python3.10/site-packages'
[0.563s] Level 1:colcon.colcon_core.environment:checking '/home/farao/ros2_ws/src/install/lab1_interface/bin'
[0.563s] INFO:colcon.colcon_core.shell:Creating package script '/home/farao/ros2_ws/src/install/lab1_interface/share/lab1_interface/package.ps1'
[0.564s] INFO:colcon.colcon_core.shell:Creating package descriptor '/home/farao/ros2_ws/src/install/lab1_interface/share/lab1_interface/package.dsv'
[0.564s] INFO:colcon.colcon_core.shell:Creating package script '/home/farao/ros2_ws/src/install/lab1_interface/share/lab1_interface/package.sh'
[0.564s] INFO:colcon.colcon_core.shell:Creating package script '/home/farao/ros2_ws/src/install/lab1_interface/share/lab1_interface/package.bash'
[0.564s] INFO:colcon.colcon_core.shell:Creating package script '/home/farao/ros2_ws/src/install/lab1_interface/share/lab1_interface/package.zsh'
[0.565s] Level 1:colcon.colcon_core.environment:create_file_with_runtime_dependencies(/home/farao/ros2_ws/src/install/lab1_interface/share/colcon-core/packages/lab1_interface)
[0.566s] Level 1:colcon.colcon_core.environment:create_environment_scripts_only(controller_interfaces)
[0.566s] Level 1:colcon.colcon_core.environment:checking '/home/farao/ros2_ws/src/install/controller_interfaces' for CMake module files
[0.567s] Level 1:colcon.colcon_core.environment:checking '/home/farao/ros2_ws/src/install/controller_interfaces' for CMake config files
[0.569s] Level 1:colcon.colcon_core.shell:create_environment_hook('controller_interfaces', 'cmake_prefix_path')
[0.569s] INFO:colcon.colcon_core.shell:Creating environment hook '/home/farao/ros2_ws/src/install/controller_interfaces/share/controller_interfaces/hook/cmake_prefix_path.ps1'
[0.569s] INFO:colcon.colcon_core.shell:Creating environment descriptor '/home/farao/ros2_ws/src/install/controller_interfaces/share/controller_interfaces/hook/cmake_prefix_path.dsv'
[0.570s] INFO:colcon.colcon_core.shell:Creating environment hook '/home/farao/ros2_ws/src/install/controller_interfaces/share/controller_interfaces/hook/cmake_prefix_path.sh'
[0.570s] Level 1:colcon.colcon_core.environment:checking '/home/farao/ros2_ws/src/install/controller_interfaces/lib'
[0.570s] Level 1:colcon.colcon_core.shell:create_environment_hook('controller_interfaces', 'ld_library_path_lib')
[0.570s] INFO:colcon.colcon_core.shell:Creating environment hook '/home/farao/ros2_ws/src/install/controller_interfaces/share/controller_interfaces/hook/ld_library_path_lib.ps1'
[0.571s] INFO:colcon.colcon_core.shell:Creating environment descriptor '/home/farao/ros2_ws/src/install/controller_interfaces/share/controller_interfaces/hook/ld_library_path_lib.dsv'
[0.571s] INFO:colcon.colcon_core.shell:Creating environment hook '/home/farao/ros2_ws/src/install/controller_interfaces/share/controller_interfaces/hook/ld_library_path_lib.sh'
[0.571s] Level 1:colcon.colcon_core.environment:checking '/home/farao/ros2_ws/src/install/controller_interfaces/bin'
[0.571s] Level 1:colcon.colcon_core.environment:checking '/home/farao/ros2_ws/src/install/controller_interfaces/lib/pkgconfig/controller_interfaces.pc'
[0.571s] Level 1:colcon.colcon_core.environment:checking '/home/farao/ros2_ws/src/install/controller_interfaces/lib/python3.10/site-packages'
[0.571s] Level 1:colcon.colcon_core.environment:checking '/home/farao/ros2_ws/src/install/controller_interfaces/bin'
[0.572s] INFO:colcon.colcon_core.shell:Creating package script '/home/farao/ros2_ws/src/install/controller_interfaces/share/controller_interfaces/package.ps1'
[0.572s] INFO:colcon.colcon_core.shell:Creating package descriptor '/home/farao/ros2_ws/src/install/controller_interfaces/share/controller_interfaces/package.dsv'
[0.572s] INFO:colcon.colcon_core.shell:Creating package script '/home/farao/ros2_ws/src/install/controller_interfaces/share/controller_interfaces/package.sh'
[0.573s] INFO:colcon.colcon_core.shell:Creating package script '/home/farao/ros2_ws/src/install/controller_interfaces/share/controller_interfaces/package.bash'
[0.573s] INFO:colcon.colcon_core.shell:Creating package script '/home/farao/ros2_ws/src/install/controller_interfaces/share/controller_interfaces/package.zsh'
[0.573s] Level 1:colcon.colcon_core.environment:create_file_with_runtime_dependencies(/home/farao/ros2_ws/src/install/controller_interfaces/share/colcon-core/packages/controller_interfaces)
[0.579s] DEBUG:colcon.colcon_core.event_handler.log_command:Invoked command in '/home/farao/ros2_ws/src/build/lab1_interface' returned '0': CMAKE_PREFIX_PATH=${CMAKE_PREFIX_PATH}:/opt/ros/humble /usr/bin/cmake --install /home/farao/ros2_ws/src/build/lab1_interface
[0.579s] DEBUG:colcon.colcon_core.event_handler.log_command:Invoked command in '/home/farao/ros2_ws/src/build/controller_interfaces' returned '0': CMAKE_PREFIX_PATH=${CMAKE_PREFIX_PATH}:/opt/ros/humble /usr/bin/cmake --install /home/farao/ros2_ws/src/build/controller_interfaces
[0.582s] Level 1:colcon.colcon_core.environment:create_environment_scripts_only(turtlesim_plus_interfaces)
[0.582s] Level 1:colcon.colcon_core.environment:checking '/home/farao/ros2_ws/src/install/turtlesim_plus_interfaces' for CMake module files
[0.583s] Level 1:colcon.colcon_core.environment:checking '/home/farao/ros2_ws/src/install/turtlesim_plus_interfaces' for CMake config files
[0.585s] DEBUG:colcon.colcon_core.event_handler.log_command:Invoked command in '/home/farao/ros2_ws/src/build/turtlesim_plus_interfaces' returned '0': CMAKE_PREFIX_PATH=${CMAKE_PREFIX_PATH}:/opt/ros/humble /usr/bin/cmake --install /home/farao/ros2_ws/src/build/turtlesim_plus_interfaces
[0.586s] Level 1:colcon.colcon_core.shell:create_environment_hook('turtlesim_plus_interfaces', 'cmake_prefix_path')
[0.586s] INFO:colcon.colcon_core.shell:Creating environment hook '/home/farao/ros2_ws/src/install/turtlesim_plus_interfaces/share/turtlesim_plus_interfaces/hook/cmake_prefix_path.ps1'
[0.587s] INFO:colcon.colcon_core.shell:Creating environment descriptor '/home/farao/ros2_ws/src/install/turtlesim_plus_interfaces/share/turtlesim_plus_interfaces/hook/cmake_prefix_path.dsv'
[0.587s] INFO:colcon.colcon_core.shell:Creating environment hook '/home/farao/ros2_ws/src/install/turtlesim_plus_interfaces/share/turtlesim_plus_interfaces/hook/cmake_prefix_path.sh'
[0.588s] Level 1:colcon.colcon_core.environment:checking '/home/farao/ros2_ws/src/install/turtlesim_plus_interfaces/lib'
[0.588s] Level 1:colcon.colcon_core.shell:create_environment_hook('turtlesim_plus_interfaces', 'ld_library_path_lib')
[0.588s] INFO:colcon.colcon_core.shell:Creating environment hook '/home/farao/ros2_ws/src/install/turtlesim_plus_interfaces/share/turtlesim_plus_interfaces/hook/ld_library_path_lib.ps1'
[0.588s] INFO:colcon.colcon_core.shell:Creating environment descriptor '/home/farao/ros2_ws/src/install/turtlesim_plus_interfaces/share/turtlesim_plus_interfaces/hook/ld_library_path_lib.dsv'
[0.589s] INFO:colcon.colcon_core.shell:Creating environment hook '/home/farao/ros2_ws/src/install/turtlesim_plus_interfaces/share/turtlesim_plus_interfaces/hook/ld_library_path_lib.sh'
[0.589s] Level 1:colcon.colcon_core.environment:checking '/home/farao/ros2_ws/src/install/turtlesim_plus_interfaces/bin'
[0.589s] Level 1:colcon.colcon_core.environment:checking '/home/farao/ros2_ws/src/install/turtlesim_plus_interfaces/lib/pkgconfig/turtlesim_plus_interfaces.pc'
[0.589s] Level 1:colcon.colcon_core.environment:checking '/home/farao/ros2_ws/src/install/turtlesim_plus_interfaces/lib/python3.10/site-packages'
[0.590s] Level 1:colcon.colcon_core.environment:checking '/home/farao/ros2_ws/src/install/turtlesim_plus_interfaces/bin'
[0.590s] INFO:colcon.colcon_core.shell:Creating package script '/home/farao/ros2_ws/src/install/turtlesim_plus_interfaces/share/turtlesim_plus_interfaces/package.ps1'
[0.590s] INFO:colcon.colcon_core.shell:Creating package descriptor '/home/farao/ros2_ws/src/install/turtlesim_plus_interfaces/share/turtlesim_plus_interfaces/package.dsv'
[0.591s] INFO:colcon.colcon_core.shell:Creating package script '/home/farao/ros2_ws/src/install/turtlesim_plus_interfaces/share/turtlesim_plus_interfaces/package.sh'
[0.591s] INFO:colcon.colcon_core.shell:Creating package script '/home/farao/ros2_ws/src/install/turtlesim_plus_interfaces/share/turtlesim_plus_interfaces/package.bash'
[0.591s] INFO:colcon.colcon_core.shell:Creating package script '/home/farao/ros2_ws/src/install/turtlesim_plus_interfaces/share/turtlesim_plus_interfaces/package.zsh'
[0.592s] Level 1:colcon.colcon_core.environment:create_file_with_runtime_dependencies(/home/farao/ros2_ws/src/install/turtlesim_plus_interfaces/share/colcon-core/packages/turtlesim_plus_interfaces)
[0.593s] Level 1:colcon.colcon_core.environment:create_environment_scripts_only(lecture2)
[0.593s] DEBUG:colcon.colcon_core.event_handler.log_command:Invoked command in '/home/farao/ros2_ws/src/build/lecture2' returned '0': CMAKE_PREFIX_PATH=${CMAKE_PREFIX_PATH}:/opt/ros/humble /usr/bin/cmake --install /home/farao/ros2_ws/src/build/lecture2
[0.594s] Level 1:colcon.colcon_core.environment:checking '/home/farao/ros2_ws/src/install/lecture2' for CMake module files
[0.594s] Level 1:colcon.colcon_core.environment:checking '/home/farao/ros2_ws/src/install/lecture2' for CMake config files
[0.594s] Level 1:colcon.colcon_core.shell:create_environment_hook('lecture2', 'cmake_prefix_path')
[0.595s] INFO:colcon.colcon_core.shell:Creating environment hook '/home/farao/ros2_ws/src/install/lecture2/share/lecture2/hook/cmake_prefix_path.ps1'
[0.595s] INFO:colcon.colcon_core.shell:Creating environment descriptor '/home/farao/ros2_ws/src/install/lecture2/share/lecture2/hook/cmake_prefix_path.dsv'
[0.595s] INFO:colcon.colcon_core.shell:Creating environment hook '/home/farao/ros2_ws/src/install/lecture2/share/lecture2/hook/cmake_prefix_path.sh'
[0.596s] Level 1:colcon.colcon_core.environment:checking '/home/farao/ros2_ws/src/install/lecture2/lib'
[0.596s] Level 1:colcon.colcon_core.environment:checking '/home/farao/ros2_ws/src/install/lecture2/bin'
[0.596s] Level 1:colcon.colcon_core.environment:checking '/home/farao/ros2_ws/src/install/lecture2/lib/pkgconfig/lecture2.pc'
[0.596s] Level 1:colcon.colcon_core.environment:checking '/home/farao/ros2_ws/src/install/lecture2/lib/python3.10/site-packages'
[0.596s] Level 1:colcon.colcon_core.environment:checking '/home/farao/ros2_ws/src/install/lecture2/bin'
[0.597s] INFO:colcon.colcon_core.shell:Creating package script '/home/farao/ros2_ws/src/install/lecture2/share/lecture2/package.ps1'
[0.597s] INFO:colcon.colcon_core.shell:Creating package descriptor '/home/farao/ros2_ws/src/install/lecture2/share/lecture2/package.dsv'
[0.597s] INFO:colcon.colcon_core.shell:Creating package script '/home/farao/ros2_ws/src/install/lecture2/share/lecture2/package.sh'
[0.598s] INFO:colcon.colcon_core.shell:Creating package script '/home/farao/ros2_ws/src/install/lecture2/share/lecture2/package.bash'
[0.598s] INFO:colcon.colcon_core.shell:Creating package script '/home/farao/ros2_ws/src/install/lecture2/share/lecture2/package.zsh'
[0.599s] Level 1:colcon.colcon_core.environment:create_file_with_runtime_dependencies(/home/farao/ros2_ws/src/install/lecture2/share/colcon-core/packages/lecture2)
[0.614s] Level 1:colcon.colcon_core.environment:create_environment_scripts_only(lab1_interface)
[0.614s] Level 1:colcon.colcon_core.environment:checking '/home/farao/ros2_ws/src/install/lab1_interface' for CMake module files
[0.614s] Level 1:colcon.colcon_core.environment:checking '/home/farao/ros2_ws/src/install/lab1_interface' for CMake config files
[0.615s] Level 1:colcon.colcon_core.shell:create_environment_hook('lab1_interface', 'cmake_prefix_path')
[0.615s] INFO:colcon.colcon_core.shell:Creating environment hook '/home/farao/ros2_ws/src/install/lab1_interface/share/lab1_interface/hook/cmake_prefix_path.ps1'
[0.615s] INFO:colcon.colcon_core.shell:Creating environment descriptor '/home/farao/ros2_ws/src/install/lab1_interface/share/lab1_interface/hook/cmake_prefix_path.dsv'
[0.615s] INFO:colcon.colcon_core.shell:Creating environment hook '/home/farao/ros2_ws/src/install/lab1_interface/share/lab1_interface/hook/cmake_prefix_path.sh'
[0.616s] Level 1:colcon.colcon_core.environment:checking '/home/farao/ros2_ws/src/install/lab1_interface/lib'
[0.616s] Level 1:colcon.colcon_core.shell:create_environment_hook('lab1_interface', 'ld_library_path_lib')
[0.616s] INFO:colcon.colcon_core.shell:Creating environment hook '/home/farao/ros2_ws/src/install/lab1_interface/share/lab1_interface/hook/ld_library_path_lib.ps1'
[0.616s] INFO:colcon.colcon_core.shell:Creating environment descriptor '/home/farao/ros2_ws/src/install/lab1_interface/share/lab1_interface/hook/ld_library_path_lib.dsv'
[0.616s] INFO:colcon.colcon_core.shell:Creating environment hook '/home/farao/ros2_ws/src/install/lab1_interface/share/lab1_interface/hook/ld_library_path_lib.sh'
[0.616s] Level 1:colcon.colcon_core.environment:checking '/home/farao/ros2_ws/src/install/lab1_interface/bin'
[0.616s] Level 1:colcon.colcon_core.environment:checking '/home/farao/ros2_ws/src/install/lab1_interface/lib/pkgconfig/lab1_interface.pc'
[0.616s] Level 1:colcon.colcon_core.environment:checking '/home/farao/ros2_ws/src/install/lab1_interface/lib/python3.10/site-packages'
[0.617s] Level 1:colcon.colcon_core.environment:checking '/home/farao/ros2_ws/src/install/lab1_interface/bin'
[0.617s] INFO:colcon.colcon_core.shell:Creating package script '/home/farao/ros2_ws/src/install/lab1_interface/share/lab1_interface/package.ps1'
[0.617s] INFO:colcon.colcon_core.shell:Creating package descriptor '/home/farao/ros2_ws/src/install/lab1_interface/share/lab1_interface/package.dsv'
[0.617s] INFO:colcon.colcon_core.shell:Creating package script '/home/farao/ros2_ws/src/install/lab1_interface/share/lab1_interface/package.sh'
[0.617s] INFO:colcon.colcon_core.shell:Creating package script '/home/farao/ros2_ws/src/install/lab1_interface/share/lab1_interface/package.bash'
[0.618s] INFO:colcon.colcon_core.shell:Creating package script '/home/farao/ros2_ws/src/install/lab1_interface/share/lab1_interface/package.zsh'
[0.618s] Level 1:colcon.colcon_core.environment:create_file_with_runtime_dependencies(/home/farao/ros2_ws/src/install/lab1_interface/share/colcon-core/packages/lab1_interface)
[0.619s] Level 1:colcon.colcon_core.environment:create_environment_scripts_only(lecture2)
[0.619s] Level 1:colcon.colcon_core.environment:checking '/home/farao/ros2_ws/src/install/lecture2' for CMake module files
[0.619s] Level 1:colcon.colcon_core.environment:checking '/home/farao/ros2_ws/src/install/lecture2' for CMake config files
[0.619s] Level 1:colcon.colcon_core.shell:create_environment_hook('lecture2', 'cmake_prefix_path')
[0.619s] INFO:colcon.colcon_core.shell:Creating environment hook '/home/farao/ros2_ws/src/install/lecture2/share/lecture2/hook/cmake_prefix_path.ps1'
[0.619s] INFO:colcon.colcon_core.shell:Creating environment descriptor '/home/farao/ros2_ws/src/install/lecture2/share/lecture2/hook/cmake_prefix_path.dsv'
[0.620s] INFO:colcon.colcon_core.shell:Creating environment hook '/home/farao/ros2_ws/src/install/lecture2/share/lecture2/hook/cmake_prefix_path.sh'
[0.620s] Level 1:colcon.colcon_core.environment:checking '/home/farao/ros2_ws/src/install/lecture2/lib'
[0.620s] Level 1:colcon.colcon_core.environment:checking '/home/farao/ros2_ws/src/install/lecture2/bin'
[0.620s] Level 1:colcon.colcon_core.environment:checking '/home/farao/ros2_ws/src/install/lecture2/lib/pkgconfig/lecture2.pc'
[0.620s] Level 1:colcon.colcon_core.environment:checking '/home/farao/ros2_ws/src/install/lecture2/lib/python3.10/site-packages'
[0.620s] Level 1:colcon.colcon_core.environment:checking '/home/farao/ros2_ws/src/install/lecture2/bin'
[0.620s] INFO:colcon.colcon_core.shell:Creating package script '/home/farao/ros2_ws/src/install/lecture2/share/lecture2/package.ps1'
[0.621s] INFO:colcon.colcon_core.shell:Creating package descriptor '/home/farao/ros2_ws/src/install/lecture2/share/lecture2/package.dsv'
[0.621s] INFO:colcon.colcon_core.shell:Creating package script '/home/farao/ros2_ws/src/install/lecture2/share/lecture2/package.sh'
[0.621s] INFO:colcon.colcon_core.shell:Creating package script '/home/farao/ros2_ws/src/install/lecture2/share/lecture2/package.bash'
[0.621s] INFO:colcon.colcon_core.shell:Creating package script '/home/farao/ros2_ws/src/install/lecture2/share/lecture2/package.zsh'
[0.621s] Level 1:colcon.colcon_core.environment:create_file_with_runtime_dependencies(/home/farao/ros2_ws/src/install/lecture2/share/colcon-core/packages/lecture2)
[0.639s] Level 1:colcon.colcon_core.environment:create_environment_scripts_only(controller_interfaces)
[0.639s] Level 1:colcon.colcon_core.environment:checking '/home/farao/ros2_ws/src/install/controller_interfaces' for CMake module files
[0.640s] Level 1:colcon.colcon_core.environment:checking '/home/farao/ros2_ws/src/install/controller_interfaces' for CMake config files
[0.640s] Level 1:colcon.colcon_core.shell:create_environment_hook('controller_interfaces', 'cmake_prefix_path')
[0.640s] INFO:colcon.colcon_core.shell:Creating environment hook '/home/farao/ros2_ws/src/install/controller_interfaces/share/controller_interfaces/hook/cmake_prefix_path.ps1'
[0.640s] INFO:colcon.colcon_core.shell:Creating environment descriptor '/home/farao/ros2_ws/src/install/controller_interfaces/share/controller_interfaces/hook/cmake_prefix_path.dsv'
[0.640s] INFO:colcon.colcon_core.shell:Creating environment hook '/home/farao/ros2_ws/src/install/controller_interfaces/share/controller_interfaces/hook/cmake_prefix_path.sh'
[0.641s] Level 1:colcon.colcon_core.environment:checking '/home/farao/ros2_ws/src/install/controller_interfaces/lib'
[0.641s] Level 1:colcon.colcon_core.shell:create_environment_hook('controller_interfaces', 'ld_library_path_lib')
[0.641s] INFO:colcon.colcon_core.shell:Creating environment hook '/home/farao/ros2_ws/src/install/controller_interfaces/share/controller_interfaces/hook/ld_library_path_lib.ps1'
[0.641s] INFO:colcon.colcon_core.shell:Creating environment descriptor '/home/farao/ros2_ws/src/install/controller_interfaces/share/controller_interfaces/hook/ld_library_path_lib.dsv'
[0.641s] INFO:colcon.colcon_core.shell:Creating environment hook '/home/farao/ros2_ws/src/install/controller_interfaces/share/controller_interfaces/hook/ld_library_path_lib.sh'
[0.641s] Level 1:colcon.colcon_core.environment:checking '/home/farao/ros2_ws/src/install/controller_interfaces/bin'
[0.642s] Level 1:colcon.colcon_core.environment:checking '/home/farao/ros2_ws/src/install/controller_interfaces/lib/pkgconfig/controller_interfaces.pc'
[0.642s] Level 1:colcon.colcon_core.environment:checking '/home/farao/ros2_ws/src/install/controller_interfaces/lib/python3.10/site-packages'
[0.642s] Level 1:colcon.colcon_core.environment:checking '/home/farao/ros2_ws/src/install/controller_interfaces/bin'
[0.642s] INFO:colcon.colcon_core.shell:Creating package script '/home/farao/ros2_ws/src/install/controller_interfaces/share/controller_interfaces/package.ps1'
[0.642s] INFO:colcon.colcon_core.shell:Creating package descriptor '/home/farao/ros2_ws/src/install/controller_interfaces/share/controller_interfaces/package.dsv'
[0.643s] INFO:colcon.colcon_core.shell:Creating package script '/home/farao/ros2_ws/src/install/controller_interfaces/share/controller_interfaces/package.sh'
[0.643s] INFO:colcon.colcon_core.shell:Creating package script '/home/farao/ros2_ws/src/install/controller_interfaces/share/controller_interfaces/package.bash'
[0.643s] INFO:colcon.colcon_core.shell:Creating package script '/home/farao/ros2_ws/src/install/controller_interfaces/share/controller_interfaces/package.zsh'
[0.643s] Level 1:colcon.colcon_core.environment:create_file_with_runtime_dependencies(/home/farao/ros2_ws/src/install/controller_interfaces/share/colcon-core/packages/controller_interfaces)
[0.694s] Level 1:colcon.colcon_core.environment:create_environment_scripts_only(turtlesim_plus_interfaces)
[0.694s] Level 1:colcon.colcon_core.environment:checking '/home/farao/ros2_ws/src/install/turtlesim_plus_interfaces' for CMake module files
[0.695s] Level 1:colcon.colcon_core.environment:checking '/home/farao/ros2_ws/src/install/turtlesim_plus_interfaces' for CMake config files
[0.696s] Level 1:colcon.colcon_core.shell:create_environment_hook('turtlesim_plus_interfaces', 'cmake_prefix_path')
[0.697s] INFO:colcon.colcon_core.shell:Creating environment hook '/home/farao/ros2_ws/src/install/turtlesim_plus_interfaces/share/turtlesim_plus_interfaces/hook/cmake_prefix_path.ps1'
[0.697s] INFO:colcon.colcon_core.shell:Creating environment descriptor '/home/farao/ros2_ws/src/install/turtlesim_plus_interfaces/share/turtlesim_plus_interfaces/hook/cmake_prefix_path.dsv'
[0.697s] INFO:colcon.colcon_core.shell:Creating environment hook '/home/farao/ros2_ws/src/install/turtlesim_plus_interfaces/share/turtlesim_plus_interfaces/hook/cmake_prefix_path.sh'
[0.698s] Level 1:colcon.colcon_core.environment:checking '/home/farao/ros2_ws/src/install/turtlesim_plus_interfaces/lib'
[0.698s] Level 1:colcon.colcon_core.shell:create_environment_hook('turtlesim_plus_interfaces', 'ld_library_path_lib')
[0.698s] INFO:colcon.colcon_core.shell:Creating environment hook '/home/farao/ros2_ws/src/install/turtlesim_plus_interfaces/share/turtlesim_plus_interfaces/hook/ld_library_path_lib.ps1'
[0.698s] INFO:colcon.colcon_core.shell:Creating environment descriptor '/home/farao/ros2_ws/src/install/turtlesim_plus_interfaces/share/turtlesim_plus_interfaces/hook/ld_library_path_lib.dsv'
[0.698s] INFO:colcon.colcon_core.shell:Creating environment hook '/home/farao/ros2_ws/src/install/turtlesim_plus_interfaces/share/turtlesim_plus_interfaces/hook/ld_library_path_lib.sh'
[0.698s] Level 1:colcon.colcon_core.environment:checking '/home/farao/ros2_ws/src/install/turtlesim_plus_interfaces/bin'
[0.699s] Level 1:colcon.colcon_core.environment:checking '/home/farao/ros2_ws/src/install/turtlesim_plus_interfaces/lib/pkgconfig/turtlesim_plus_interfaces.pc'
[0.699s] Level 1:colcon.colcon_core.environment:checking '/home/farao/ros2_ws/src/install/turtlesim_plus_interfaces/lib/python3.10/site-packages'
[0.699s] Level 1:colcon.colcon_core.environment:checking '/home/farao/ros2_ws/src/install/turtlesim_plus_interfaces/bin'
[0.699s] INFO:colcon.colcon_core.shell:Creating package script '/home/farao/ros2_ws/src/install/turtlesim_plus_interfaces/share/turtlesim_plus_interfaces/package.ps1'
[0.699s] INFO:colcon.colcon_core.shell:Creating package descriptor '/home/farao/ros2_ws/src/install/turtlesim_plus_interfaces/share/turtlesim_plus_interfaces/package.dsv'
[0.700s] INFO:colcon.colcon_core.shell:Creating package script '/home/farao/ros2_ws/src/install/turtlesim_plus_interfaces/share/turtlesim_plus_interfaces/package.sh'
[0.700s] INFO:colcon.colcon_core.shell:Creating package script '/home/farao/ros2_ws/src/install/turtlesim_plus_interfaces/share/turtlesim_plus_interfaces/package.bash'
[0.700s] INFO:colcon.colcon_core.shell:Creating package script '/home/farao/ros2_ws/src/install/turtlesim_plus_interfaces/share/turtlesim_plus_interfaces/package.zsh'
[0.700s] Level 1:colcon.colcon_core.environment:create_file_with_runtime_dependencies(/home/farao/ros2_ws/src/install/turtlesim_plus_interfaces/share/colcon-core/packages/turtlesim_plus_interfaces)
[0.896s] DEBUG:colcon.colcon_core.event_handler.log_command:Invoked command in '/home/farao/ros2_ws/src/build/turtle_bringup' returned '0': CMAKE_PREFIX_PATH=${CMAKE_PREFIX_PATH}:/opt/ros/humble /usr/bin/cmake --build /home/farao/ros2_ws/src/build/turtle_bringup -- -j20 -l20
[0.921s] DEBUG:colcon.colcon_core.event_handler.log_command:Invoking command in '/home/farao/ros2_ws/src/build/turtle_bringup': CMAKE_PREFIX_PATH=${CMAKE_PREFIX_PATH}:/opt/ros/humble /usr/bin/cmake --install /home/farao/ros2_ws/src/build/turtle_bringup
[0.954s] Level 1:colcon.colcon_core.environment:create_environment_scripts_only(turtle_bringup)
[0.955s] Level 1:colcon.colcon_core.environment:checking '/home/farao/ros2_ws/src/install/turtle_bringup' for CMake module files
[0.955s] DEBUG:colcon.colcon_core.event_handler.log_command:Invoked command in '/home/farao/ros2_ws/src/build/turtle_bringup' returned '0': CMAKE_PREFIX_PATH=${CMAKE_PREFIX_PATH}:/opt/ros/humble /usr/bin/cmake --install /home/farao/ros2_ws/src/build/turtle_bringup
[0.955s] Level 1:colcon.colcon_core.environment:checking '/home/farao/ros2_ws/src/install/turtle_bringup' for CMake config files
[0.955s] Level 1:colcon.colcon_core.shell:create_environment_hook('turtle_bringup', 'cmake_prefix_path')
[0.955s] INFO:colcon.colcon_core.shell:Creating environment hook '/home/farao/ros2_ws/src/install/turtle_bringup/share/turtle_bringup/hook/cmake_prefix_path.ps1'
[0.956s] INFO:colcon.colcon_core.shell:Creating environment descriptor '/home/farao/ros2_ws/src/install/turtle_bringup/share/turtle_bringup/hook/cmake_prefix_path.dsv'
[0.956s] INFO:colcon.colcon_core.shell:Creating environment hook '/home/farao/ros2_ws/src/install/turtle_bringup/share/turtle_bringup/hook/cmake_prefix_path.sh'
[0.956s] Level 1:colcon.colcon_core.environment:checking '/home/farao/ros2_ws/src/install/turtle_bringup/lib'
[0.956s] Level 1:colcon.colcon_core.environment:checking '/home/farao/ros2_ws/src/install/turtle_bringup/bin'
[0.956s] Level 1:colcon.colcon_core.environment:checking '/home/farao/ros2_ws/src/install/turtle_bringup/lib/pkgconfig/turtle_bringup.pc'
[0.956s] Level 1:colcon.colcon_core.environment:checking '/home/farao/ros2_ws/src/install/turtle_bringup/lib/python3.10/site-packages'
[0.957s] Level 1:colcon.colcon_core.environment:checking '/home/farao/ros2_ws/src/install/turtle_bringup/bin'
[0.957s] INFO:colcon.colcon_core.shell:Creating package script '/home/farao/ros2_ws/src/install/turtle_bringup/share/turtle_bringup/package.ps1'
[0.957s] INFO:colcon.colcon_core.shell:Creating package descriptor '/home/farao/ros2_ws/src/install/turtle_bringup/share/turtle_bringup/package.dsv'
[0.957s] INFO:colcon.colcon_core.shell:Creating package script '/home/farao/ros2_ws/src/install/turtle_bringup/share/turtle_bringup/package.sh'
[0.957s] INFO:colcon.colcon_core.shell:Creating package script '/home/farao/ros2_ws/src/install/turtle_bringup/share/turtle_bringup/package.bash'
[0.957s] INFO:colcon.colcon_core.shell:Creating package script '/home/farao/ros2_ws/src/install/turtle_bringup/share/turtle_bringup/package.zsh'
[0.957s] Level 1:colcon.colcon_core.environment:create_file_with_runtime_dependencies(/home/farao/ros2_ws/src/install/turtle_bringup/share/colcon-core/packages/turtle_bringup)
[0.977s] Level 1:colcon.colcon_core.environment:create_environment_scripts_only(turtle_bringup)
[0.977s] Level 1:colcon.colcon_core.environment:checking '/home/farao/ros2_ws/src/install/turtle_bringup' for CMake module files
[0.978s] Level 1:colcon.colcon_core.environment:checking '/home/farao/ros2_ws/src/install/turtle_bringup' for CMake config files
[0.978s] Level 1:colcon.colcon_core.shell:create_environment_hook('turtle_bringup', 'cmake_prefix_path')
[0.978s] INFO:colcon.colcon_core.shell:Creating environment hook '/home/farao/ros2_ws/src/install/turtle_bringup/share/turtle_bringup/hook/cmake_prefix_path.ps1'
[0.978s] INFO:colcon.colcon_core.shell:Creating environment descriptor '/home/farao/ros2_ws/src/install/turtle_bringup/share/turtle_bringup/hook/cmake_prefix_path.dsv'
[0.978s] INFO:colcon.colcon_core.shell:Creating environment hook '/home/farao/ros2_ws/src/install/turtle_bringup/share/turtle_bringup/hook/cmake_prefix_path.sh'
[0.979s] Level 1:colcon.colcon_core.environment:checking '/home/farao/ros2_ws/src/install/turtle_bringup/lib'
[0.979s] Level 1:colcon.colcon_core.environment:checking '/home/farao/ros2_ws/src/install/turtle_bringup/bin'
[0.979s] Level 1:colcon.colcon_core.environment:checking '/home/farao/ros2_ws/src/install/turtle_bringup/lib/pkgconfig/turtle_bringup.pc'
[0.979s] Level 1:colcon.colcon_core.environment:checking '/home/farao/ros2_ws/src/install/turtle_bringup/lib/python3.10/site-packages'
[0.979s] Level 1:colcon.colcon_core.environment:checking '/home/farao/ros2_ws/src/install/turtle_bringup/bin'
[0.979s] INFO:colcon.colcon_core.shell:Creating package script '/home/farao/ros2_ws/src/install/turtle_bringup/share/turtle_bringup/package.ps1'
[0.979s] INFO:colcon.colcon_core.shell:Creating package descriptor '/home/farao/ros2_ws/src/install/turtle_bringup/share/turtle_bringup/package.dsv'
[0.979s] INFO:colcon.colcon_core.shell:Creating package script '/home/farao/ros2_ws/src/install/turtle_bringup/share/turtle_bringup/package.sh'
[0.980s] INFO:colcon.colcon_core.shell:Creating package script '/home/farao/ros2_ws/src/install/turtle_bringup/share/turtle_bringup/package.bash'
[0.980s] INFO:colcon.colcon_core.shell:Creating package script '/home/farao/ros2_ws/src/install/turtle_bringup/share/turtle_bringup/package.zsh'
[0.980s] Level 1:colcon.colcon_core.environment:create_file_with_runtime_dependencies(/home/farao/ros2_ws/src/install/turtle_bringup/share/colcon-core/packages/turtle_bringup)
[0.980s] DEBUG:colcon.colcon_parallel_executor.executor.parallel:closing loop
[0.980s] DEBUG:colcon.colcon_parallel_executor.executor.parallel:loop closed
[0.980s] DEBUG:colcon.colcon_parallel_executor.executor.parallel:run_until_complete finished with '0'
[0.980s] DEBUG:colcon.colcon_core.event_reactor:joining thread
[0.984s] INFO:colcon.colcon_core.plugin_system:Skipping extension 'colcon_notification.desktop_notification.terminal_notifier': Not used on non-Darwin systems
[0.984s] INFO:colcon.colcon_core.plugin_system:Skipping extension 'colcon_notification.desktop_notification.win32': Not used on non-Windows systems
[0.984s] INFO:colcon.colcon_notification.desktop_notification:Sending desktop notification using 'notify2'
[0.994s] DEBUG:colcon.colcon_core.event_reactor:joined thread
[0.994s] INFO:colcon.colcon_core.shell:Creating prefix script '/home/farao/ros2_ws/src/install/local_setup.ps1'
[0.995s] INFO:colcon.colcon_core.shell:Creating prefix util module '/home/farao/ros2_ws/src/install/_local_setup_util_ps1.py'
[0.996s] INFO:colcon.colcon_core.shell:Creating prefix chain script '/home/farao/ros2_ws/src/install/setup.ps1'
[0.997s] INFO:colcon.colcon_core.shell:Creating prefix script '/home/farao/ros2_ws/src/install/local_setup.sh'
[0.998s] INFO:colcon.colcon_core.shell:Creating prefix util module '/home/farao/ros2_ws/src/install/_local_setup_util_sh.py'
[0.998s] INFO:colcon.colcon_core.shell:Creating prefix chain script '/home/farao/ros2_ws/src/install/setup.sh'
[0.999s] INFO:colcon.colcon_core.shell:Creating prefix script '/home/farao/ros2_ws/src/install/local_setup.bash'
[0.999s] INFO:colcon.colcon_core.shell:Creating prefix chain script '/home/farao/ros2_ws/src/install/setup.bash'
[1.000s] INFO:colcon.colcon_core.shell:Creating prefix script '/home/farao/ros2_ws/src/install/local_setup.zsh'
[1.000s] INFO:colcon.colcon_core.shell:Creating prefix chain script '/home/farao/ros2_ws/src/install/setup.zsh'
