[0.019s] Invoking command in '/home/farao/ros2_ws/build/turtle_bringup': CMAKE_PREFIX_PATH=${CMAKE_PREFIX_PATH}:/opt/ros/humble /usr/bin/cmake --build /home/farao/ros2_ws/build/turtle_bringup -- -j20 -l20
[0.060s] [100%] Built target cpp_node_test
[0.064s] [100%] Built target ament_cmake_python_copy_turtle_bringup
[0.320s] running egg_info
[0.320s] writing turtle_bringup.egg-info/PKG-INFO
[0.320s] writing dependency_links to turtle_bringup.egg-info/dependency_links.txt
[0.320s] writing top-level names to turtle_bringup.egg-info/top_level.txt
[0.320s] reading manifest file 'turtle_bringup.egg-info/SOURCES.txt'
[0.320s] writing manifest file 'turtle_bringup.egg-info/SOURCES.txt'
[0.335s] [100%] Built target ament_cmake_python_build_turtle_bringup_egg
[0.373s] Invoked command in '/home/farao/ros2_ws/build/turtle_bringup' returned '0': CMAKE_PREFIX_PATH=${CMAKE_PREFIX_PATH}:/opt/ros/humble /usr/bin/cmake --build /home/farao/ros2_ws/build/turtle_bringup -- -j20 -l20
[0.395s] Invoking command in '/home/farao/ros2_ws/build/turtle_bringup': CMAKE_PREFIX_PATH=${CMAKE_PREFIX_PATH}:/opt/ros/humble /usr/bin/cmake --install /home/farao/ros2_ws/build/turtle_bringup
[0.403s] -- Install configuration: ""
[0.403s] -- Up-to-date: /home/farao/ros2_ws/install/turtle_bringup/share/turtle_bringup/environment/pythonpath.sh
[0.404s] -- Up-to-date: /home/farao/ros2_ws/install/turtle_bringup/share/turtle_bringup/environment/pythonpath.dsv
[0.404s] -- Up-to-date: /home/farao/ros2_ws/install/turtle_bringup/local/lib/python3.10/dist-packages/turtle_bringup-0.0.0-py3.10.egg-info
[0.404s] -- Installing: /home/farao/ros2_ws/install/turtle_bringup/local/lib/python3.10/dist-packages/turtle_bringup-0.0.0-py3.10.egg-info/dependency_links.txt
[0.404s] -- Installing: /home/farao/ros2_ws/install/turtle_bringup/local/lib/python3.10/dist-packages/turtle_bringup-0.0.0-py3.10.egg-info/PKG-INFO
[0.404s] -- Installing: /home/farao/ros2_ws/install/turtle_bringup/local/lib/python3.10/dist-packages/turtle_bringup-0.0.0-py3.10.egg-info/top_level.txt
[0.404s] -- Installing: /home/farao/ros2_ws/install/turtle_bringup/local/lib/python3.10/dist-packages/turtle_bringup-0.0.0-py3.10.egg-info/SOURCES.txt
[0.405s] -- Up-to-date: /home/farao/ros2_ws/install/turtle_bringup/local/lib/python3.10/dist-packages/turtle_bringup
[0.405s] -- Up-to-date: /home/farao/ros2_ws/install/turtle_bringup/local/lib/python3.10/dist-packages/turtle_bringup/__init__.py
[0.405s] -- Up-to-date: /home/farao/ros2_ws/install/turtle_bringup/local/lib/python3.10/dist-packages/turtle_bringup/dummy_module.py
[0.428s] Listing '/home/farao/ros2_ws/install/turtle_bringup/local/lib/python3.10/dist-packages/turtle_bringup'...
[0.430s] -- Installing: /home/farao/ros2_ws/install/turtle_bringup/lib/turtle_bringup/controller.py
[0.430s] -- Up-to-date: /home/farao/ros2_ws/install/turtle_bringup/lib/turtle_bringup/crazy_turtle.py
[0.430s] -- Up-to-date: /home/farao/ros2_ws/install/turtle_bringup/lib/turtle_bringup/crazy_pizza.py
[0.431s] -- Up-to-date: /home/farao/ros2_ws/install/turtle_bringup/lib/turtle_bringup/odom_publisher.py
[0.431s] -- Up-to-date: /home/farao/ros2_ws/install/turtle_bringup/lib/turtle_bringup/cpp_node_test
[0.431s] -- Up-to-date: /home/farao/ros2_ws/install/turtle_bringup/share/turtle_bringup/launch
[0.431s] -- Up-to-date: /home/farao/ros2_ws/install/turtle_bringup/share/turtle_bringup/launch/turtle_bringup.launch.py
[0.431s] -- Up-to-date: /home/farao/ros2_ws/install/turtle_bringup/share/turtle_bringup/launch/__pycache__
[0.431s] -- Installing: /home/farao/ros2_ws/install/turtle_bringup/share/turtle_bringup/launch/__pycache__/turtle_bringup.launch.cpython-310.pyc
[0.431s] -- Up-to-date: /home/farao/ros2_ws/install/turtle_bringup/share/ament_index/resource_index/package_run_dependencies/turtle_bringup
[0.431s] -- Up-to-date: /home/farao/ros2_ws/install/turtle_bringup/share/ament_index/resource_index/parent_prefix_path/turtle_bringup
[0.431s] -- Up-to-date: /home/farao/ros2_ws/install/turtle_bringup/share/turtle_bringup/environment/ament_prefix_path.sh
[0.431s] -- Up-to-date: /home/farao/ros2_ws/install/turtle_bringup/share/turtle_bringup/environment/ament_prefix_path.dsv
[0.431s] -- Up-to-date: /home/farao/ros2_ws/install/turtle_bringup/share/turtle_bringup/environment/path.sh
[0.431s] -- Up-to-date: /home/farao/ros2_ws/install/turtle_bringup/share/turtle_bringup/environment/path.dsv
[0.431s] -- Up-to-date: /home/farao/ros2_ws/install/turtle_bringup/share/turtle_bringup/local_setup.bash
[0.431s] -- Up-to-date: /home/farao/ros2_ws/install/turtle_bringup/share/turtle_bringup/local_setup.sh
[0.431s] -- Up-to-date: /home/farao/ros2_ws/install/turtle_bringup/share/turtle_bringup/local_setup.zsh
[0.431s] -- Up-to-date: /home/farao/ros2_ws/install/turtle_bringup/share/turtle_bringup/local_setup.dsv
[0.431s] -- Installing: /home/farao/ros2_ws/install/turtle_bringup/share/turtle_bringup/package.dsv
[0.431s] -- Up-to-date: /home/farao/ros2_ws/install/turtle_bringup/share/ament_index/resource_index/packages/turtle_bringup
[0.432s] -- Up-to-date: /home/farao/ros2_ws/install/turtle_bringup/share/turtle_bringup/cmake/turtle_bringupConfig.cmake
[0.432s] -- Up-to-date: /home/farao/ros2_ws/install/turtle_bringup/share/turtle_bringup/cmake/turtle_bringupConfig-version.cmake
[0.432s] -- Up-to-date: /home/farao/ros2_ws/install/turtle_bringup/share/turtle_bringup/package.xml
[0.433s] Invoked command in '/home/farao/ros2_ws/build/turtle_bringup' returned '0': CMAKE_PREFIX_PATH=${CMAKE_PREFIX_PATH}:/opt/ros/humble /usr/bin/cmake --install /home/farao/ros2_ws/build/turtle_bringup
