-- Found ament_cmake: 1.3.9 (/opt/ros/humble/share/ament_cmake/cmake)
-- Found std_msgs: 4.2.4 (/opt/ros/humble/share/std_msgs/cmake)
-- Found rosidl_generator_c: 3.1.5 (/opt/ros/humble/share/rosidl_generator_c/cmake)
-- Found rosidl_adapter: 3.1.5 (/opt/ros/humble/share/rosidl_adapter/cmake)
-- Found rosidl_generator_cpp: 3.1.5 (/opt/ros/humble/share/rosidl_generator_cpp/cmake)
-- Using all available rosidl_typesupport_c: rosidl_typesupport_fastrtps_c;rosidl_typesupport_introspection_c
-- Using all available rosidl_typesupport_cpp: rosidl_typesupport_fastrtps_cpp;rosidl_typesupport_introspection_cpp
-- Found rosidl_default_generators: 1.2.0 (/opt/ros/humble/share/rosidl_default_generators/cmake)
-- Found ament_lint_auto: 0.12.11 (/opt/ros/humble/share/ament_lint_auto/cmake)
-- Found ament_cmake_ros: 0.10.0 (/opt/ros/humble/share/ament_cmake_ros/cmake)
-- Using all available rosidl_typesupport_c: rosidl_typesupport_fastrtps_c;rosidl_typesupport_introspection_c
-- Using all available rosidl_typesupport_cpp: rosidl_typesupport_fastrtps_cpp;rosidl_typesupport_introspection_cpp
-- Found python_cmake_module: 0.10.0 (/opt/ros/humble/share/python_cmake_module/cmake)
-- Using PYTHON_EXECUTABLE: /usr/bin/python3
-- Using PYTHON_INCLUDE_DIRS: /usr/include/python3.10
-- Using PYTHON_LIBRARIES: /usr/lib/x86_64-linux-gnu/libpython3.10.so
-- Added test 'lint_cmake' to check CMake code style
-- Added test 'xmllint' to check XML markup files
-- Configuring done
-- Generating done
-- Build files have been written to: /home/farao/ros2_ws/build/lab1_interface
[35m[1mConsolidate compiler generated dependencies of target lab1_interface__rosidl_generator_c[0m
[  3%] Built target lab1_interface__cpp
[ 12%] Built target lab1_interface__rosidl_generator_c
[35m[1mConsolidate compiler generated dependencies of target lab1_interface__rosidl_typesupport_cpp[0m
[ 12%] Built target ament_cmake_python_copy_lab1_interface
[35m[1mConsolidate compiler generated dependencies of target lab1_interface__rosidl_typesupport_fastrtps_cpp[0m
[35m[1mConsolidate compiler generated dependencies of target lab1_interface__rosidl_typesupport_introspection_cpp[0m
[35m[1mConsolidate compiler generated dependencies of target lab1_interface__rosidl_typesupport_c[0m
[35m[1mConsolidate compiler generated dependencies of target lab1_interface__rosidl_typesupport_introspection_c[0m
[35m[1mConsolidate compiler generated dependencies of target lab1_interface__rosidl_typesupport_fastrtps_c[0m
[ 22%] Built target lab1_interface__rosidl_typesupport_cpp
[ 32%] Built target lab1_interface__rosidl_typesupport_introspection_cpp
[ 41%] Built target lab1_interface__rosidl_typesupport_fastrtps_cpp
[ 51%] Built target lab1_interface__rosidl_typesupport_c
[ 61%] Built target lab1_interface__rosidl_typesupport_introspection_c
[ 70%] Built target lab1_interface__rosidl_typesupport_fastrtps_c
[ 70%] Built target lab1_interface
[ 74%] Built target lab1_interface__py
[35m[1mConsolidate compiler generated dependencies of target lab1_interface__rosidl_generator_py[0m
[ 80%] Built target lab1_interface__rosidl_generator_py
[35m[1mConsolidate compiler generated dependencies of target lab1_interface__rosidl_typesupport_fastrtps_c__pyext[0m
[35m[1mConsolidate compiler generated dependencies of target lab1_interface__rosidl_typesupport_c__pyext[0m
[35m[1mConsolidate compiler generated dependencies of target lab1_interface__rosidl_typesupport_introspection_c__pyext[0m
[ 96%] Built target lab1_interface__rosidl_typesupport_c__pyext
[100%] Built target lab1_interface__rosidl_typesupport_fastrtps_c__pyext
[100%] Built target lab1_interface__rosidl_typesupport_introspection_c__pyext
running egg_info
writing lab1_interface.egg-info/PKG-INFO
writing dependency_links to lab1_interface.egg-info/dependency_links.txt
writing top-level names to lab1_interface.egg-info/top_level.txt
reading manifest file 'lab1_interface.egg-info/SOURCES.txt'
writing manifest file 'lab1_interface.egg-info/SOURCES.txt'
[100%] Built target ament_cmake_python_build_lab1_interface_egg
