[0.017s] Invoking command in '/home/farao/ros2_ws/build/lab1_interface': CMAKE_PREFIX_PATH=${CMAKE_PREFIX_PATH}:/opt/ros/humble /usr/bin/cmake --build /home/farao/ros2_ws/build/lab1_interface -- -j20 -l20
[0.031s] -- Found ament_cmake: 1.3.9 (/opt/ros/humble/share/ament_cmake/cmake)
[0.147s] -- Found std_msgs: 4.2.4 (/opt/ros/humble/share/std_msgs/cmake)
[0.170s] -- Found rosidl_generator_c: 3.1.5 (/opt/ros/humble/share/rosidl_generator_c/cmake)
[0.173s] -- Found rosidl_adapter: 3.1.5 (/opt/ros/humble/share/rosidl_adapter/cmake)
[0.178s] -- Found rosidl_generator_cpp: 3.1.5 (/opt/ros/humble/share/rosidl_generator_cpp/cmake)
[0.188s] -- Using all available rosidl_typesupport_c: rosidl_typesupport_fastrtps_c;rosidl_typesupport_introspection_c
[0.203s] -- Using all available rosidl_typesupport_cpp: rosidl_typesupport_fastrtps_cpp;rosidl_typesupport_introspection_cpp
[0.257s] -- Found rosidl_default_generators: 1.2.0 (/opt/ros/humble/share/rosidl_default_generators/cmake)
[0.265s] -- Found ament_lint_auto: 0.12.11 (/opt/ros/humble/share/ament_lint_auto/cmake)
[0.456s] -- Found ament_cmake_ros: 0.10.0 (/opt/ros/humble/share/ament_cmake_ros/cmake)
[0.681s] -- Using all available rosidl_typesupport_c: rosidl_typesupport_fastrtps_c;rosidl_typesupport_introspection_c
[0.764s] -- Using all available rosidl_typesupport_cpp: rosidl_typesupport_fastrtps_cpp;rosidl_typesupport_introspection_cpp
[0.780s] -- Found python_cmake_module: 0.10.0 (/opt/ros/humble/share/python_cmake_module/cmake)
[0.795s] -- Using PYTHON_EXECUTABLE: /usr/bin/python3
[0.795s] -- Using PYTHON_INCLUDE_DIRS: /usr/include/python3.10
[0.795s] -- Using PYTHON_LIBRARIES: /usr/lib/x86_64-linux-gnu/libpython3.10.so
[0.814s] -- Added test 'lint_cmake' to check CMake code style
[0.815s] -- Added test 'xmllint' to check XML markup files
[0.820s] -- Configuring done
[0.840s] -- Generating done
[0.842s] -- Build files have been written to: /home/farao/ros2_ws/build/lab1_interface
[0.862s] [35m[1mConsolidate compiler generated dependencies of target lab1_interface__rosidl_generator_c[0m
[0.868s] [  3%] Built target lab1_interface__cpp
[0.870s] [ 12%] Built target lab1_interface__rosidl_generator_c
[0.876s] [35m[1mConsolidate compiler generated dependencies of target lab1_interface__rosidl_typesupport_cpp[0m
[0.876s] [ 12%] Built target ament_cmake_python_copy_lab1_interface
[0.877s] [35m[1mConsolidate compiler generated dependencies of target lab1_interface__rosidl_typesupport_fastrtps_cpp[0m
[0.877s] [35m[1mConsolidate compiler generated dependencies of target lab1_interface__rosidl_typesupport_introspection_cpp[0m
[0.879s] [35m[1mConsolidate compiler generated dependencies of target lab1_interface__rosidl_typesupport_c[0m
[0.881s] [35m[1mConsolidate compiler generated dependencies of target lab1_interface__rosidl_typesupport_introspection_c[0m
[0.882s] [35m[1mConsolidate compiler generated dependencies of target lab1_interface__rosidl_typesupport_fastrtps_c[0m
[0.885s] [ 22%] Built target lab1_interface__rosidl_typesupport_cpp
[0.887s] [ 32%] Built target lab1_interface__rosidl_typesupport_introspection_cpp
[0.888s] [ 41%] Built target lab1_interface__rosidl_typesupport_fastrtps_cpp
[0.890s] [ 51%] Built target lab1_interface__rosidl_typesupport_c
[0.891s] [ 61%] Built target lab1_interface__rosidl_typesupport_introspection_c
[0.892s] [ 70%] Built target lab1_interface__rosidl_typesupport_fastrtps_c
[0.903s] [ 70%] Built target lab1_interface
[0.917s] [ 74%] Built target lab1_interface__py
[0.925s] [35m[1mConsolidate compiler generated dependencies of target lab1_interface__rosidl_generator_py[0m
[0.934s] [ 80%] Built target lab1_interface__rosidl_generator_py
[0.943s] [35m[1mConsolidate compiler generated dependencies of target lab1_interface__rosidl_typesupport_fastrtps_c__pyext[0m
[0.943s] [35m[1mConsolidate compiler generated dependencies of target lab1_interface__rosidl_typesupport_c__pyext[0m
[0.943s] [35m[1mConsolidate compiler generated dependencies of target lab1_interface__rosidl_typesupport_introspection_c__pyext[0m
[0.953s] [ 96%] Built target lab1_interface__rosidl_typesupport_c__pyext
[0.954s] [100%] Built target lab1_interface__rosidl_typesupport_fastrtps_c__pyext
[0.954s] [100%] Built target lab1_interface__rosidl_typesupport_introspection_c__pyext
[1.005s] running egg_info
[1.006s] writing lab1_interface.egg-info/PKG-INFO
[1.006s] writing dependency_links to lab1_interface.egg-info/dependency_links.txt
[1.006s] writing top-level names to lab1_interface.egg-info/top_level.txt
[1.007s] reading manifest file 'lab1_interface.egg-info/SOURCES.txt'
[1.007s] writing manifest file 'lab1_interface.egg-info/SOURCES.txt'
[1.024s] [100%] Built target ament_cmake_python_build_lab1_interface_egg
