[0.017s] Invoking command in '/home/farao/ros2_ws/build/lecture2': CMAKE_PREFIX_PATH=${CMAKE_PREFIX_PATH}:/opt/ros/humble /usr/bin/cmake --build /home/farao/ros2_ws/build/lecture2 -- -j20 -l20
[0.043s] [100%] Built target cpp_node_test
[0.047s] [100%] Built target ament_cmake_python_copy_lecture2
[0.197s] running egg_info
[0.197s] writing lecture2.egg-info/PKG-INFO
[0.197s] writing dependency_links to lecture2.egg-info/dependency_links.txt
[0.197s] writing top-level names to lecture2.egg-info/top_level.txt
[0.199s] reading manifest file 'lecture2.egg-info/SOURCES.txt'
[0.199s] writing manifest file 'lecture2.egg-info/SOURCES.txt'
[0.218s] [100%] Built target ament_cmake_python_build_lecture2_egg
[0.229s] Invoked command in '/home/farao/ros2_ws/build/lecture2' returned '0': CMAKE_PREFIX_PATH=${CMAKE_PREFIX_PATH}:/opt/ros/humble /usr/bin/cmake --build /home/farao/ros2_ws/build/lecture2 -- -j20 -l20
[0.259s] Invoking command in '/home/farao/ros2_ws/build/lecture2': CMAKE_PREFIX_PATH=${CMAKE_PREFIX_PATH}:/opt/ros/humble /usr/bin/cmake --install /home/farao/ros2_ws/build/lecture2
[0.268s] -- Install configuration: ""
[0.268s] -- Up-to-date: /home/farao/ros2_ws/install/lecture2/share/lecture2/environment/pythonpath.sh
[0.268s] -- Up-to-date: /home/farao/ros2_ws/install/lecture2/share/lecture2/environment/pythonpath.dsv
[0.268s] -- Up-to-date: /home/farao/ros2_ws/install/lecture2/local/lib/python3.10/dist-packages/lecture2-0.0.0-py3.10.egg-info
[0.268s] -- Installing: /home/farao/ros2_ws/install/lecture2/local/lib/python3.10/dist-packages/lecture2-0.0.0-py3.10.egg-info/dependency_links.txt
[0.268s] -- Installing: /home/farao/ros2_ws/install/lecture2/local/lib/python3.10/dist-packages/lecture2-0.0.0-py3.10.egg-info/PKG-INFO
[0.268s] -- Installing: /home/farao/ros2_ws/install/lecture2/local/lib/python3.10/dist-packages/lecture2-0.0.0-py3.10.egg-info/top_level.txt
[0.268s] -- Installing: /home/farao/ros2_ws/install/lecture2/local/lib/python3.10/dist-packages/lecture2-0.0.0-py3.10.egg-info/SOURCES.txt
[0.268s] -- Up-to-date: /home/farao/ros2_ws/install/lecture2/local/lib/python3.10/dist-packages/lecture2
[0.268s] -- Up-to-date: /home/farao/ros2_ws/install/lecture2/local/lib/python3.10/dist-packages/lecture2/__init__.py
[0.268s] -- Up-to-date: /home/farao/ros2_ws/install/lecture2/local/lib/python3.10/dist-packages/lecture2/dummy_module.py
[0.301s] Listing '/home/farao/ros2_ws/install/lecture2/local/lib/python3.10/dist-packages/lecture2'...
[0.304s] -- Up-to-date: /home/farao/ros2_ws/install/lecture2/lib/lecture2/dummy_script.py
[0.304s] -- Up-to-date: /home/farao/ros2_ws/install/lecture2/lib/lecture2/cpp_node_test
[0.305s] -- Up-to-date: /home/farao/ros2_ws/install/lecture2/share/lecture2
[0.305s] -- Up-to-date: /home/farao/ros2_ws/install/lecture2/share/ament_index/resource_index/package_run_dependencies/lecture2
[0.305s] -- Up-to-date: /home/farao/ros2_ws/install/lecture2/share/ament_index/resource_index/parent_prefix_path/lecture2
[0.306s] -- Up-to-date: /home/farao/ros2_ws/install/lecture2/share/lecture2/environment/ament_prefix_path.sh
[0.306s] -- Up-to-date: /home/farao/ros2_ws/install/lecture2/share/lecture2/environment/ament_prefix_path.dsv
[0.306s] -- Up-to-date: /home/farao/ros2_ws/install/lecture2/share/lecture2/environment/path.sh
[0.306s] -- Up-to-date: /home/farao/ros2_ws/install/lecture2/share/lecture2/environment/path.dsv
[0.306s] -- Up-to-date: /home/farao/ros2_ws/install/lecture2/share/lecture2/local_setup.bash
[0.307s] -- Up-to-date: /home/farao/ros2_ws/install/lecture2/share/lecture2/local_setup.sh
[0.307s] -- Up-to-date: /home/farao/ros2_ws/install/lecture2/share/lecture2/local_setup.zsh
[0.307s] -- Up-to-date: /home/farao/ros2_ws/install/lecture2/share/lecture2/local_setup.dsv
[0.307s] -- Installing: /home/farao/ros2_ws/install/lecture2/share/lecture2/package.dsv
[0.307s] -- Up-to-date: /home/farao/ros2_ws/install/lecture2/share/ament_index/resource_index/packages/lecture2
[0.307s] -- Up-to-date: /home/farao/ros2_ws/install/lecture2/share/lecture2/cmake/lecture2Config.cmake
[0.307s] -- Up-to-date: /home/farao/ros2_ws/install/lecture2/share/lecture2/cmake/lecture2Config-version.cmake
[0.307s] -- Up-to-date: /home/farao/ros2_ws/install/lecture2/share/lecture2/package.xml
[0.312s] Invoked command in '/home/farao/ros2_ws/build/lecture2' returned '0': CMAKE_PREFIX_PATH=${CMAKE_PREFIX_PATH}:/opt/ros/humble /usr/bin/cmake --install /home/farao/ros2_ws/build/lecture2
