[  3%] Built target lab1_interface__cpp
[ 12%] Built target lab1_interface__rosidl_generator_c
[ 12%] Built target ament_cmake_python_copy_lab1_interface
[ 32%] Built target lab1_interface__rosidl_typesupport_introspection_cpp
[ 32%] Built target lab1_interface__rosidl_typesupport_cpp
[ 41%] Built target lab1_interface__rosidl_typesupport_fastrtps_cpp
[ 51%] Built target lab1_interface__rosidl_typesupport_introspection_c
[ 70%] Built target lab1_interface__rosidl_typesupport_c
[ 70%] Built target lab1_interface__rosidl_typesupport_fastrtps_c
[ 70%] Built target lab1_interface
[ 74%] Built target lab1_interface__py
[ 80%] Built target lab1_interface__rosidl_generator_py
[ 87%] Built target lab1_interface__rosidl_typesupport_c__pyext
[100%] Built target lab1_interface__rosidl_typesupport_fastrtps_c__pyext
[100%] Built target lab1_interface__rosidl_typesupport_introspection_c__pyext
running egg_info
writing lab1_interface.egg-info/PKG-INFO
writing dependency_links to lab1_interface.egg-info/dependency_links.txt
writing top-level names to lab1_interface.egg-info/top_level.txt
reading manifest file 'lab1_interface.egg-info/SOURCES.txt'
writing manifest file 'lab1_interface.egg-info/SOURCES.txt'
[100%] Built target ament_cmake_python_build_lab1_interface_egg
