[0.019s] Invoking command in '/home/farao/ros2_ws/build/lab1_interface': CMAKE_PREFIX_PATH=${CMAKE_PREFIX_PATH}:/opt/ros/humble /usr/bin/cmake --build /home/farao/ros2_ws/build/lab1_interface -- -j20 -l20
[0.055s] [  9%] Built target lab1_interface__rosidl_generator_c
[0.055s] [ 12%] Built target lab1_interface__cpp
[0.058s] [ 12%] Built target ament_cmake_python_copy_lab1_interface
[0.072s] [ 22%] Built target lab1_interface__rosidl_typesupport_c
[0.073s] [ 32%] Built target lab1_interface__rosidl_typesupport_introspection_c
[0.075s] [ 41%] Built target lab1_interface__rosidl_typesupport_fastrtps_c
[0.076s] [ 51%] Built target lab1_interface__rosidl_typesupport_fastrtps_cpp
[0.077s] [ 61%] Built target lab1_interface__rosidl_typesupport_cpp
[0.079s] [ 70%] Built target lab1_interface__rosidl_typesupport_introspection_cpp
[0.093s] [ 70%] Built target lab1_interface
[0.109s] [ 74%] Built target lab1_interface__py
[0.127s] [ 80%] Built target lab1_interface__rosidl_generator_py
[0.143s] [ 87%] Built target lab1_interface__rosidl_typesupport_fastrtps_c__pyext
[0.146s] [ 93%] Built target lab1_interface__rosidl_typesupport_c__pyext
[0.146s] [100%] Built target lab1_interface__rosidl_typesupport_introspection_c__pyext
[0.304s] running egg_info
[0.306s] writing lab1_interface.egg-info/PKG-INFO
[0.306s] writing dependency_links to lab1_interface.egg-info/dependency_links.txt
[0.306s] writing top-level names to lab1_interface.egg-info/top_level.txt
[0.307s] reading manifest file 'lab1_interface.egg-info/SOURCES.txt'
[0.307s] writing manifest file 'lab1_interface.egg-info/SOURCES.txt'
[0.323s] [100%] Built target ament_cmake_python_build_lab1_interface_egg
[0.329s] Invoked command in '/home/farao/ros2_ws/build/lab1_interface' returned '0': CMAKE_PREFIX_PATH=${CMAKE_PREFIX_PATH}:/opt/ros/humble /usr/bin/cmake --build /home/farao/ros2_ws/build/lab1_interface -- -j20 -l20
[0.380s] Invoking command in '/home/farao/ros2_ws/build/lab1_interface': CMAKE_PREFIX_PATH=${CMAKE_PREFIX_PATH}:/opt/ros/humble /usr/bin/cmake --install /home/farao/ros2_ws/build/lab1_interface
[0.386s] -- Install configuration: ""
[0.386s] -- Up-to-date: /home/farao/ros2_ws/install/lab1_interface/share/ament_index/resource_index/rosidl_interfaces/lab1_interface
[0.387s] -- Up-to-date: /home/farao/ros2_ws/install/lab1_interface/include/lab1_interface/lab1_interface
[0.387s] -- Up-to-date: /home/farao/ros2_ws/install/lab1_interface/include/lab1_interface/lab1_interface/srv
[0.387s] -- Up-to-date: /home/farao/ros2_ws/install/lab1_interface/include/lab1_interface/lab1_interface/srv/set_noise.h
[0.387s] -- Up-to-date: /home/farao/ros2_ws/install/lab1_interface/include/lab1_interface/lab1_interface/srv/detail
[0.387s] -- Up-to-date: /home/farao/ros2_ws/install/lab1_interface/include/lab1_interface/lab1_interface/srv/detail/set_noise__type_support.h
[0.387s] -- Up-to-date: /home/farao/ros2_ws/install/lab1_interface/include/lab1_interface/lab1_interface/srv/detail/set_noise__functions.h
[0.387s] -- Up-to-date: /home/farao/ros2_ws/install/lab1_interface/include/lab1_interface/lab1_interface/srv/detail/set_noise__functions.c
[0.387s] -- Up-to-date: /home/farao/ros2_ws/install/lab1_interface/include/lab1_interface/lab1_interface/srv/detail/set_noise__struct.h
[0.387s] -- Up-to-date: /home/farao/ros2_ws/install/lab1_interface/include/lab1_interface/lab1_interface/msg
[0.387s] -- Up-to-date: /home/farao/ros2_ws/install/lab1_interface/include/lab1_interface/lab1_interface/msg/rosidl_generator_c__visibility_control.h
[0.387s] -- Up-to-date: /home/farao/ros2_ws/install/lab1_interface/share/lab1_interface/environment/library_path.sh
[0.387s] -- Up-to-date: /home/farao/ros2_ws/install/lab1_interface/share/lab1_interface/environment/library_path.dsv
[0.387s] -- Up-to-date: /home/farao/ros2_ws/install/lab1_interface/lib/liblab1_interface__rosidl_generator_c.so
[0.387s] -- Up-to-date: /home/farao/ros2_ws/install/lab1_interface/include/lab1_interface/lab1_interface
[0.387s] -- Up-to-date: /home/farao/ros2_ws/install/lab1_interface/include/lab1_interface/lab1_interface/srv
[0.387s] -- Up-to-date: /home/farao/ros2_ws/install/lab1_interface/include/lab1_interface/lab1_interface/srv/detail
[0.387s] -- Up-to-date: /home/farao/ros2_ws/install/lab1_interface/include/lab1_interface/lab1_interface/srv/detail/set_noise__rosidl_typesupport_fastrtps_c.h
[0.387s] -- Up-to-date: /home/farao/ros2_ws/install/lab1_interface/include/lab1_interface/lab1_interface/msg
[0.387s] -- Up-to-date: /home/farao/ros2_ws/install/lab1_interface/include/lab1_interface/lab1_interface/msg/rosidl_typesupport_fastrtps_c__visibility_control.h
[0.387s] -- Up-to-date: /home/farao/ros2_ws/install/lab1_interface/lib/liblab1_interface__rosidl_typesupport_fastrtps_c.so
[0.388s] -- Up-to-date: /home/farao/ros2_ws/install/lab1_interface/include/lab1_interface/lab1_interface
[0.388s] -- Up-to-date: /home/farao/ros2_ws/install/lab1_interface/include/lab1_interface/lab1_interface/srv
[0.388s] -- Up-to-date: /home/farao/ros2_ws/install/lab1_interface/include/lab1_interface/lab1_interface/srv/set_noise.hpp
[0.388s] -- Up-to-date: /home/farao/ros2_ws/install/lab1_interface/include/lab1_interface/lab1_interface/srv/detail
[0.388s] -- Up-to-date: /home/farao/ros2_ws/install/lab1_interface/include/lab1_interface/lab1_interface/srv/detail/set_noise__traits.hpp
[0.388s] -- Up-to-date: /home/farao/ros2_ws/install/lab1_interface/include/lab1_interface/lab1_interface/srv/detail/set_noise__struct.hpp
[0.388s] -- Up-to-date: /home/farao/ros2_ws/install/lab1_interface/include/lab1_interface/lab1_interface/srv/detail/set_noise__builder.hpp
[0.388s] -- Up-to-date: /home/farao/ros2_ws/install/lab1_interface/include/lab1_interface/lab1_interface
[0.388s] -- Up-to-date: /home/farao/ros2_ws/install/lab1_interface/include/lab1_interface/lab1_interface/srv
[0.388s] -- Up-to-date: /home/farao/ros2_ws/install/lab1_interface/include/lab1_interface/lab1_interface/srv/detail
[0.388s] -- Up-to-date: /home/farao/ros2_ws/install/lab1_interface/include/lab1_interface/lab1_interface/srv/detail/dds_fastrtps
[0.388s] -- Up-to-date: /home/farao/ros2_ws/install/lab1_interface/include/lab1_interface/lab1_interface/srv/detail/set_noise__rosidl_typesupport_fastrtps_cpp.hpp
[0.388s] -- Up-to-date: /home/farao/ros2_ws/install/lab1_interface/include/lab1_interface/lab1_interface/msg
[0.388s] -- Up-to-date: /home/farao/ros2_ws/install/lab1_interface/include/lab1_interface/lab1_interface/msg/rosidl_typesupport_fastrtps_cpp__visibility_control.h
[0.388s] -- Up-to-date: /home/farao/ros2_ws/install/lab1_interface/lib/liblab1_interface__rosidl_typesupport_fastrtps_cpp.so
[0.388s] -- Up-to-date: /home/farao/ros2_ws/install/lab1_interface/include/lab1_interface/lab1_interface
[0.388s] -- Up-to-date: /home/farao/ros2_ws/install/lab1_interface/include/lab1_interface/lab1_interface/srv
[0.388s] -- Up-to-date: /home/farao/ros2_ws/install/lab1_interface/include/lab1_interface/lab1_interface/srv/detail
[0.388s] -- Up-to-date: /home/farao/ros2_ws/install/lab1_interface/include/lab1_interface/lab1_interface/srv/detail/set_noise__rosidl_typesupport_introspection_c.h
[0.389s] -- Up-to-date: /home/farao/ros2_ws/install/lab1_interface/include/lab1_interface/lab1_interface/srv/detail/set_noise__type_support.c
[0.389s] -- Up-to-date: /home/farao/ros2_ws/install/lab1_interface/include/lab1_interface/lab1_interface/msg
[0.389s] -- Up-to-date: /home/farao/ros2_ws/install/lab1_interface/include/lab1_interface/lab1_interface/msg/rosidl_typesupport_introspection_c__visibility_control.h
[0.389s] -- Up-to-date: /home/farao/ros2_ws/install/lab1_interface/lib/liblab1_interface__rosidl_typesupport_introspection_c.so
[0.389s] -- Up-to-date: /home/farao/ros2_ws/install/lab1_interface/lib/liblab1_interface__rosidl_typesupport_c.so
[0.389s] -- Up-to-date: /home/farao/ros2_ws/install/lab1_interface/include/lab1_interface/lab1_interface
[0.389s] -- Up-to-date: /home/farao/ros2_ws/install/lab1_interface/include/lab1_interface/lab1_interface/srv
[0.389s] -- Up-to-date: /home/farao/ros2_ws/install/lab1_interface/include/lab1_interface/lab1_interface/srv/detail
[0.389s] -- Up-to-date: /home/farao/ros2_ws/install/lab1_interface/include/lab1_interface/lab1_interface/srv/detail/set_noise__type_support.cpp
[0.389s] -- Up-to-date: /home/farao/ros2_ws/install/lab1_interface/include/lab1_interface/lab1_interface/srv/detail/set_noise__rosidl_typesupport_introspection_cpp.hpp
[0.389s] -- Up-to-date: /home/farao/ros2_ws/install/lab1_interface/lib/liblab1_interface__rosidl_typesupport_introspection_cpp.so
[0.390s] -- Up-to-date: /home/farao/ros2_ws/install/lab1_interface/lib/liblab1_interface__rosidl_typesupport_cpp.so
[0.390s] -- Up-to-date: /home/farao/ros2_ws/install/lab1_interface/share/lab1_interface/environment/pythonpath.sh
[0.390s] -- Up-to-date: /home/farao/ros2_ws/install/lab1_interface/share/lab1_interface/environment/pythonpath.dsv
[0.390s] -- Up-to-date: /home/farao/ros2_ws/install/lab1_interface/local/lib/python3.10/dist-packages/lab1_interface-0.0.0-py3.10.egg-info
[0.390s] -- Installing: /home/farao/ros2_ws/install/lab1_interface/local/lib/python3.10/dist-packages/lab1_interface-0.0.0-py3.10.egg-info/dependency_links.txt
[0.390s] -- Installing: /home/farao/ros2_ws/install/lab1_interface/local/lib/python3.10/dist-packages/lab1_interface-0.0.0-py3.10.egg-info/PKG-INFO
[0.390s] -- Installing: /home/farao/ros2_ws/install/lab1_interface/local/lib/python3.10/dist-packages/lab1_interface-0.0.0-py3.10.egg-info/top_level.txt
[0.390s] -- Installing: /home/farao/ros2_ws/install/lab1_interface/local/lib/python3.10/dist-packages/lab1_interface-0.0.0-py3.10.egg-info/SOURCES.txt
[0.391s] -- Up-to-date: /home/farao/ros2_ws/install/lab1_interface/local/lib/python3.10/dist-packages/lab1_interface
[0.391s] -- Up-to-date: /home/farao/ros2_ws/install/lab1_interface/local/lib/python3.10/dist-packages/lab1_interface/_lab1_interface_s.ep.rosidl_typesupport_introspection_c.c
[0.391s] -- Up-to-date: /home/farao/ros2_ws/install/lab1_interface/local/lib/python3.10/dist-packages/lab1_interface/lab1_interface_s__rosidl_typesupport_fastrtps_c.cpython-310-x86_64-linux-gnu.so
[0.391s] -- Up-to-date: /home/farao/ros2_ws/install/lab1_interface/local/lib/python3.10/dist-packages/lab1_interface/lab1_interface_s__rosidl_typesupport_c.cpython-310-x86_64-linux-gnu.so
[0.391s] -- Up-to-date: /home/farao/ros2_ws/install/lab1_interface/local/lib/python3.10/dist-packages/lab1_interface/_lab1_interface_s.ep.rosidl_typesupport_c.c
[0.391s] -- Up-to-date: /home/farao/ros2_ws/install/lab1_interface/local/lib/python3.10/dist-packages/lab1_interface/__init__.py
[0.391s] -- Up-to-date: /home/farao/ros2_ws/install/lab1_interface/local/lib/python3.10/dist-packages/lab1_interface/srv
[0.391s] -- Up-to-date: /home/farao/ros2_ws/install/lab1_interface/local/lib/python3.10/dist-packages/lab1_interface/srv/__init__.py
[0.391s] -- Up-to-date: /home/farao/ros2_ws/install/lab1_interface/local/lib/python3.10/dist-packages/lab1_interface/srv/_set_noise_s.c
[0.391s] -- Up-to-date: /home/farao/ros2_ws/install/lab1_interface/local/lib/python3.10/dist-packages/lab1_interface/srv/_set_noise.py
[0.392s] -- Up-to-date: /home/farao/ros2_ws/install/lab1_interface/local/lib/python3.10/dist-packages/lab1_interface/_lab1_interface_s.ep.rosidl_typesupport_fastrtps_c.c
[0.392s] -- Up-to-date: /home/farao/ros2_ws/install/lab1_interface/local/lib/python3.10/dist-packages/lab1_interface/liblab1_interface__rosidl_generator_py.so
[0.392s] -- Up-to-date: /home/farao/ros2_ws/install/lab1_interface/local/lib/python3.10/dist-packages/lab1_interface/lab1_interface_s__rosidl_typesupport_introspection_c.cpython-310-x86_64-linux-gnu.so
[0.412s] Listing '/home/farao/ros2_ws/install/lab1_interface/local/lib/python3.10/dist-packages/lab1_interface'...
[0.412s] Listing '/home/farao/ros2_ws/install/lab1_interface/local/lib/python3.10/dist-packages/lab1_interface/srv'...
[0.415s] -- Up-to-date: /home/farao/ros2_ws/install/lab1_interface/local/lib/python3.10/dist-packages/lab1_interface/lab1_interface_s__rosidl_typesupport_fastrtps_c.cpython-310-x86_64-linux-gnu.so
[0.415s] -- Up-to-date: /home/farao/ros2_ws/install/lab1_interface/local/lib/python3.10/dist-packages/lab1_interface/lab1_interface_s__rosidl_typesupport_introspection_c.cpython-310-x86_64-linux-gnu.so
[0.416s] -- Up-to-date: /home/farao/ros2_ws/install/lab1_interface/local/lib/python3.10/dist-packages/lab1_interface/lab1_interface_s__rosidl_typesupport_c.cpython-310-x86_64-linux-gnu.so
[0.416s] -- Up-to-date: /home/farao/ros2_ws/install/lab1_interface/lib/liblab1_interface__rosidl_generator_py.so
[0.416s] -- Up-to-date: /home/farao/ros2_ws/install/lab1_interface/share/lab1_interface/srv/SetNoise.idl
[0.416s] -- Up-to-date: /home/farao/ros2_ws/install/lab1_interface/share/lab1_interface/srv/SetNoise.srv
[0.416s] -- Up-to-date: /home/farao/ros2_ws/install/lab1_interface/share/lab1_interface/srv/SetNoise_Request.msg
[0.416s] -- Up-to-date: /home/farao/ros2_ws/install/lab1_interface/share/lab1_interface/srv/SetNoise_Response.msg
[0.416s] -- Up-to-date: /home/farao/ros2_ws/install/lab1_interface/share/ament_index/resource_index/package_run_dependencies/lab1_interface
[0.416s] -- Up-to-date: /home/farao/ros2_ws/install/lab1_interface/share/ament_index/resource_index/parent_prefix_path/lab1_interface
[0.416s] -- Up-to-date: /home/farao/ros2_ws/install/lab1_interface/share/lab1_interface/environment/ament_prefix_path.sh
[0.417s] -- Up-to-date: /home/farao/ros2_ws/install/lab1_interface/share/lab1_interface/environment/ament_prefix_path.dsv
[0.417s] -- Up-to-date: /home/farao/ros2_ws/install/lab1_interface/share/lab1_interface/environment/path.sh
[0.417s] -- Up-to-date: /home/farao/ros2_ws/install/lab1_interface/share/lab1_interface/environment/path.dsv
[0.417s] -- Up-to-date: /home/farao/ros2_ws/install/lab1_interface/share/lab1_interface/local_setup.bash
[0.417s] -- Up-to-date: /home/farao/ros2_ws/install/lab1_interface/share/lab1_interface/local_setup.sh
[0.417s] -- Up-to-date: /home/farao/ros2_ws/install/lab1_interface/share/lab1_interface/local_setup.zsh
[0.417s] -- Up-to-date: /home/farao/ros2_ws/install/lab1_interface/share/lab1_interface/local_setup.dsv
[0.417s] -- Installing: /home/farao/ros2_ws/install/lab1_interface/share/lab1_interface/package.dsv
[0.417s] -- Up-to-date: /home/farao/ros2_ws/install/lab1_interface/share/ament_index/resource_index/packages/lab1_interface
[0.417s] -- Up-to-date: /home/farao/ros2_ws/install/lab1_interface/share/lab1_interface/cmake/export_lab1_interface__rosidl_generator_cExport.cmake
[0.417s] -- Up-to-date: /home/farao/ros2_ws/install/lab1_interface/share/lab1_interface/cmake/export_lab1_interface__rosidl_generator_cExport-noconfig.cmake
[0.417s] -- Up-to-date: /home/farao/ros2_ws/install/lab1_interface/share/lab1_interface/cmake/export_lab1_interface__rosidl_typesupport_fastrtps_cExport.cmake
[0.418s] -- Up-to-date: /home/farao/ros2_ws/install/lab1_interface/share/lab1_interface/cmake/export_lab1_interface__rosidl_typesupport_fastrtps_cExport-noconfig.cmake
[0.418s] -- Up-to-date: /home/farao/ros2_ws/install/lab1_interface/share/lab1_interface/cmake/export_lab1_interface__rosidl_generator_cppExport.cmake
[0.418s] -- Up-to-date: /home/farao/ros2_ws/install/lab1_interface/share/lab1_interface/cmake/export_lab1_interface__rosidl_typesupport_fastrtps_cppExport.cmake
[0.418s] -- Up-to-date: /home/farao/ros2_ws/install/lab1_interface/share/lab1_interface/cmake/export_lab1_interface__rosidl_typesupport_fastrtps_cppExport-noconfig.cmake
[0.418s] -- Up-to-date: /home/farao/ros2_ws/install/lab1_interface/share/lab1_interface/cmake/lab1_interface__rosidl_typesupport_introspection_cExport.cmake
[0.418s] -- Up-to-date: /home/farao/ros2_ws/install/lab1_interface/share/lab1_interface/cmake/lab1_interface__rosidl_typesupport_introspection_cExport-noconfig.cmake
[0.418s] -- Up-to-date: /home/farao/ros2_ws/install/lab1_interface/share/lab1_interface/cmake/lab1_interface__rosidl_typesupport_cExport.cmake
[0.418s] -- Up-to-date: /home/farao/ros2_ws/install/lab1_interface/share/lab1_interface/cmake/lab1_interface__rosidl_typesupport_cExport-noconfig.cmake
[0.418s] -- Up-to-date: /home/farao/ros2_ws/install/lab1_interface/share/lab1_interface/cmake/lab1_interface__rosidl_typesupport_introspection_cppExport.cmake
[0.418s] -- Up-to-date: /home/farao/ros2_ws/install/lab1_interface/share/lab1_interface/cmake/lab1_interface__rosidl_typesupport_introspection_cppExport-noconfig.cmake
[0.418s] -- Up-to-date: /home/farao/ros2_ws/install/lab1_interface/share/lab1_interface/cmake/lab1_interface__rosidl_typesupport_cppExport.cmake
[0.418s] -- Up-to-date: /home/farao/ros2_ws/install/lab1_interface/share/lab1_interface/cmake/lab1_interface__rosidl_typesupport_cppExport-noconfig.cmake
[0.418s] -- Up-to-date: /home/farao/ros2_ws/install/lab1_interface/share/lab1_interface/cmake/export_lab1_interface__rosidl_generator_pyExport.cmake
[0.418s] -- Up-to-date: /home/farao/ros2_ws/install/lab1_interface/share/lab1_interface/cmake/export_lab1_interface__rosidl_generator_pyExport-noconfig.cmake
[0.418s] -- Up-to-date: /home/farao/ros2_ws/install/lab1_interface/share/lab1_interface/cmake/rosidl_cmake-extras.cmake
[0.418s] -- Up-to-date: /home/farao/ros2_ws/install/lab1_interface/share/lab1_interface/cmake/ament_cmake_export_dependencies-extras.cmake
[0.418s] -- Up-to-date: /home/farao/ros2_ws/install/lab1_interface/share/lab1_interface/cmake/ament_cmake_export_include_directories-extras.cmake
[0.418s] -- Up-to-date: /home/farao/ros2_ws/install/lab1_interface/share/lab1_interface/cmake/ament_cmake_export_libraries-extras.cmake
[0.418s] -- Up-to-date: /home/farao/ros2_ws/install/lab1_interface/share/lab1_interface/cmake/ament_cmake_export_targets-extras.cmake
[0.418s] -- Up-to-date: /home/farao/ros2_ws/install/lab1_interface/share/lab1_interface/cmake/rosidl_cmake_export_typesupport_targets-extras.cmake
[0.418s] -- Up-to-date: /home/farao/ros2_ws/install/lab1_interface/share/lab1_interface/cmake/rosidl_cmake_export_typesupport_libraries-extras.cmake
[0.418s] -- Up-to-date: /home/farao/ros2_ws/install/lab1_interface/share/lab1_interface/cmake/lab1_interfaceConfig.cmake
[0.418s] -- Up-to-date: /home/farao/ros2_ws/install/lab1_interface/share/lab1_interface/cmake/lab1_interfaceConfig-version.cmake
[0.418s] -- Up-to-date: /home/farao/ros2_ws/install/lab1_interface/share/lab1_interface/package.xml
[0.419s] Invoked command in '/home/farao/ros2_ws/build/lab1_interface' returned '0': CMAKE_PREFIX_PATH=${CMAKE_PREFIX_PATH}:/opt/ros/humble /usr/bin/cmake --install /home/farao/ros2_ws/build/lab1_interface
