[0.009s] Invoking command in '/home/farao/ros2_ws/build/turtlesim_plus': CMAKE_PREFIX_PATH=${CMAKE_PREFIX_PATH}:/home/farao/ros2_ws/install/launch_testing_examples:/home/farao/ros2_ws/install/examples_rclpy_pointcloud_publisher:/home/farao/ros2_ws/install/examples_rclpy_minimal_subscriber:/home/farao/ros2_ws/install/examples_rclpy_minimal_service:/home/farao/ros2_ws/install/examples_rclpy_minimal_publisher:/home/farao/ros2_ws/install/examples_rclpy_minimal_client:/home/farao/ros2_ws/install/examples_rclpy_minimal_action_server:/home/farao/ros2_ws/install/examples_rclpy_minimal_action_client:/home/farao/ros2_ws/install/examples_rclpy_guard_conditions:/home/farao/ros2_ws/install/examples_rclpy_executors:/opt/ros/humble /usr/bin/cmake /home/farao/ros2_ws/src/turtlesim_plus/turtlesim_plus -DCMAKE_INSTALL_PREFIX=/home/farao/ros2_ws/install/turtlesim_plus
[0.059s] -- The C compiler identification is GNU 11.4.0
[0.095s] -- The CXX compiler identification is GNU 11.4.0
[0.099s] -- Detecting C compiler ABI info
[0.145s] -- Detecting C compiler ABI info - done
[0.149s] -- Check for working C compiler: /usr/bin/cc - skipped
[0.149s] -- Detecting C compile features
[0.149s] -- Detecting C compile features - done
[0.151s] -- Detecting CXX compiler ABI info
[0.203s] -- Detecting CXX compiler ABI info - done
[0.207s] -- Check for working CXX compiler: /usr/bin/c++ - skipped
[0.207s] -- Detecting CXX compile features
[0.208s] -- Detecting CXX compile features - done
[0.209s] -- Found ament_cmake: 1.3.9 (/opt/ros/humble/share/ament_cmake/cmake)
[0.313s] -- Found Python3: /usr/bin/python3 (found version "3.10.12") found components: Interpreter 
[0.361s] -- Found rclcpp: 16.0.9 (/opt/ros/humble/share/rclcpp/cmake)
[0.383s] -- Found rosidl_generator_c: 3.1.5 (/opt/ros/humble/share/rosidl_generator_c/cmake)
[0.385s] -- Found rosidl_adapter: 3.1.5 (/opt/ros/humble/share/rosidl_adapter/cmake)
[0.389s] -- Found rosidl_generator_cpp: 3.1.5 (/opt/ros/humble/share/rosidl_generator_cpp/cmake)
[0.397s] -- Using all available rosidl_typesupport_c: rosidl_typesupport_fastrtps_c;rosidl_typesupport_introspection_c
[0.407s] -- Using all available rosidl_typesupport_cpp: rosidl_typesupport_fastrtps_cpp;rosidl_typesupport_introspection_cpp
[0.447s] -- Found rmw_implementation_cmake: 6.1.2 (/opt/ros/humble/share/rmw_implementation_cmake/cmake)
[0.449s] -- Found rmw_fastrtps_cpp: 6.2.6 (/opt/ros/humble/share/rmw_fastrtps_cpp/cmake)
[0.511s] -- Found OpenSSL: /usr/lib/x86_64-linux-gnu/libcrypto.so (found version "3.0.2")  
[0.526s] -- Found FastRTPS: /opt/ros/humble/include  
[0.555s] -- Using RMW implementation 'rmw_fastrtps_cpp' as default
[0.561s] -- Looking for pthread.h
[0.612s] -- Looking for pthread.h - found
[0.613s] -- Performing Test CMAKE_HAVE_LIBC_PTHREAD
[0.660s] -- Performing Test CMAKE_HAVE_LIBC_PTHREAD - Success
[0.661s] -- Found Threads: TRUE  
[0.753s] -- Found rclpy: 3.3.13 (/opt/ros/humble/share/rclpy/cmake)
[0.844s] -- Configuring done
[0.846s] -- Generating done
[0.847s] -- Build files have been written to: /home/farao/ros2_ws/build/turtlesim_plus
[0.857s] Invoked command in '/home/farao/ros2_ws/build/turtlesim_plus' returned '0': CMAKE_PREFIX_PATH=${CMAKE_PREFIX_PATH}:/home/farao/ros2_ws/install/launch_testing_examples:/home/farao/ros2_ws/install/examples_rclpy_pointcloud_publisher:/home/farao/ros2_ws/install/examples_rclpy_minimal_subscriber:/home/farao/ros2_ws/install/examples_rclpy_minimal_service:/home/farao/ros2_ws/install/examples_rclpy_minimal_publisher:/home/farao/ros2_ws/install/examples_rclpy_minimal_client:/home/farao/ros2_ws/install/examples_rclpy_minimal_action_server:/home/farao/ros2_ws/install/examples_rclpy_minimal_action_client:/home/farao/ros2_ws/install/examples_rclpy_guard_conditions:/home/farao/ros2_ws/install/examples_rclpy_executors:/opt/ros/humble /usr/bin/cmake /home/farao/ros2_ws/src/turtlesim_plus/turtlesim_plus -DCMAKE_INSTALL_PREFIX=/home/farao/ros2_ws/install/turtlesim_plus
[0.858s] Invoking command in '/home/farao/ros2_ws/build/turtlesim_plus': CMAKE_PREFIX_PATH=${CMAKE_PREFIX_PATH}:/home/farao/ros2_ws/install/launch_testing_examples:/home/farao/ros2_ws/install/examples_rclpy_pointcloud_publisher:/home/farao/ros2_ws/install/examples_rclpy_minimal_subscriber:/home/farao/ros2_ws/install/examples_rclpy_minimal_service:/home/farao/ros2_ws/install/examples_rclpy_minimal_publisher:/home/farao/ros2_ws/install/examples_rclpy_minimal_client:/home/farao/ros2_ws/install/examples_rclpy_minimal_action_server:/home/farao/ros2_ws/install/examples_rclpy_minimal_action_client:/home/farao/ros2_ws/install/examples_rclpy_guard_conditions:/home/farao/ros2_ws/install/examples_rclpy_executors:/opt/ros/humble /usr/bin/cmake --build /home/farao/ros2_ws/build/turtlesim_plus -- -j20 -l20
[0.900s] Built target ament_cmake_python_copy_turtlesim_plus
[1.035s] running egg_info
[1.036s] creating turtlesim_plus.egg-info
[1.036s] writing turtlesim_plus.egg-info/PKG-INFO
[1.036s] writing dependency_links to turtlesim_plus.egg-info/dependency_links.txt
[1.036s] writing top-level names to turtlesim_plus.egg-info/top_level.txt
[1.036s] writing manifest file 'turtlesim_plus.egg-info/SOURCES.txt'
[1.037s] reading manifest file 'turtlesim_plus.egg-info/SOURCES.txt'
[1.037s] writing manifest file 'turtlesim_plus.egg-info/SOURCES.txt'
[1.055s] Built target ament_cmake_python_build_turtlesim_plus_egg
[1.063s] Invoked command in '/home/farao/ros2_ws/build/turtlesim_plus' returned '0': CMAKE_PREFIX_PATH=${CMAKE_PREFIX_PATH}:/home/farao/ros2_ws/install/launch_testing_examples:/home/farao/ros2_ws/install/examples_rclpy_pointcloud_publisher:/home/farao/ros2_ws/install/examples_rclpy_minimal_subscriber:/home/farao/ros2_ws/install/examples_rclpy_minimal_service:/home/farao/ros2_ws/install/examples_rclpy_minimal_publisher:/home/farao/ros2_ws/install/examples_rclpy_minimal_client:/home/farao/ros2_ws/install/examples_rclpy_minimal_action_server:/home/farao/ros2_ws/install/examples_rclpy_minimal_action_client:/home/farao/ros2_ws/install/examples_rclpy_guard_conditions:/home/farao/ros2_ws/install/examples_rclpy_executors:/opt/ros/humble /usr/bin/cmake --build /home/farao/ros2_ws/build/turtlesim_plus -- -j20 -l20
[1.087s] Invoking command in '/home/farao/ros2_ws/build/turtlesim_plus': CMAKE_PREFIX_PATH=${CMAKE_PREFIX_PATH}:/home/farao/ros2_ws/install/launch_testing_examples:/home/farao/ros2_ws/install/examples_rclpy_pointcloud_publisher:/home/farao/ros2_ws/install/examples_rclpy_minimal_subscriber:/home/farao/ros2_ws/install/examples_rclpy_minimal_service:/home/farao/ros2_ws/install/examples_rclpy_minimal_publisher:/home/farao/ros2_ws/install/examples_rclpy_minimal_client:/home/farao/ros2_ws/install/examples_rclpy_minimal_action_server:/home/farao/ros2_ws/install/examples_rclpy_minimal_action_client:/home/farao/ros2_ws/install/examples_rclpy_guard_conditions:/home/farao/ros2_ws/install/examples_rclpy_executors:/opt/ros/humble /usr/bin/cmake --install /home/farao/ros2_ws/build/turtlesim_plus
[1.091s] -- Install configuration: ""
[1.092s] -- Installing: /home/farao/ros2_ws/install/turtlesim_plus/share/turtlesim_plus/environment/pythonpath.sh
[1.092s] -- Installing: /home/farao/ros2_ws/install/turtlesim_plus/share/turtlesim_plus/environment/pythonpath.dsv
[1.092s] -- Installing: /home/farao/ros2_ws/install/turtlesim_plus/local/lib/python3.10/dist-packages/turtlesim_plus-1.0.0-py3.10.egg-info
[1.092s] -- Installing: /home/farao/ros2_ws/install/turtlesim_plus/local/lib/python3.10/dist-packages/turtlesim_plus-1.0.0-py3.10.egg-info/dependency_links.txt
[1.092s] -- Installing: /home/farao/ros2_ws/install/turtlesim_plus/local/lib/python3.10/dist-packages/turtlesim_plus-1.0.0-py3.10.egg-info/PKG-INFO
[1.092s] -- Installing: /home/farao/ros2_ws/install/turtlesim_plus/local/lib/python3.10/dist-packages/turtlesim_plus-1.0.0-py3.10.egg-info/top_level.txt
[1.092s] -- Installing: /home/farao/ros2_ws/install/turtlesim_plus/local/lib/python3.10/dist-packages/turtlesim_plus-1.0.0-py3.10.egg-info/SOURCES.txt
[1.092s] -- Installing: /home/farao/ros2_ws/install/turtlesim_plus/local/lib/python3.10/dist-packages/turtlesim_plus
[1.092s] -- Installing: /home/farao/ros2_ws/install/turtlesim_plus/local/lib/python3.10/dist-packages/turtlesim_plus/image
[1.092s] -- Installing: /home/farao/ros2_ws/install/turtlesim_plus/local/lib/python3.10/dist-packages/turtlesim_plus/image/turtle
[1.092s] -- Installing: /home/farao/ros2_ws/install/turtlesim_plus/local/lib/python3.10/dist-packages/turtlesim_plus/image/turtle/foxy.png
[1.092s] -- Installing: /home/farao/ros2_ws/install/turtlesim_plus/local/lib/python3.10/dist-packages/turtlesim_plus/image/turtle/galactic.png
[1.092s] -- Installing: /home/farao/ros2_ws/install/turtlesim_plus/local/lib/python3.10/dist-packages/turtlesim_plus/image/turtle/humble.png
[1.092s] -- Installing: /home/farao/ros2_ws/install/turtlesim_plus/local/lib/python3.10/dist-packages/turtlesim_plus/image/turtle/bouncy.png
[1.092s] -- Installing: /home/farao/ros2_ws/install/turtlesim_plus/local/lib/python3.10/dist-packages/turtlesim_plus/image/turtle/eloquent.png
[1.092s] -- Installing: /home/farao/ros2_ws/install/turtlesim_plus/local/lib/python3.10/dist-packages/turtlesim_plus/image/turtle/otto.png
[1.092s] -- Installing: /home/farao/ros2_ws/install/turtlesim_plus/local/lib/python3.10/dist-packages/turtlesim_plus/image/turtle/ardent.png
[1.092s] -- Installing: /home/farao/ros2_ws/install/turtlesim_plus/local/lib/python3.10/dist-packages/turtlesim_plus/image/turtle/crystal.png
[1.092s] -- Installing: /home/farao/ros2_ws/install/turtlesim_plus/local/lib/python3.10/dist-packages/turtlesim_plus/image/turtle/dashing.png
[1.092s] -- Installing: /home/farao/ros2_ws/install/turtlesim_plus/local/lib/python3.10/dist-packages/turtlesim_plus/image/turtle/rolling.png
[1.092s] -- Installing: /home/farao/ros2_ws/install/turtlesim_plus/local/lib/python3.10/dist-packages/turtlesim_plus/image/map
[1.092s] -- Installing: /home/farao/ros2_ws/install/turtlesim_plus/local/lib/python3.10/dist-packages/turtlesim_plus/image/map/map.png
[1.092s] -- Installing: /home/farao/ros2_ws/install/turtlesim_plus/local/lib/python3.10/dist-packages/turtlesim_plus/image/object
[1.092s] -- Installing: /home/farao/ros2_ws/install/turtlesim_plus/local/lib/python3.10/dist-packages/turtlesim_plus/image/object/pizza.png
[1.092s] -- Installing: /home/farao/ros2_ws/install/turtlesim_plus/local/lib/python3.10/dist-packages/turtlesim_plus/image/object/parcel.png
[1.092s] -- Installing: /home/farao/ros2_ws/install/turtlesim_plus/local/lib/python3.10/dist-packages/turtlesim_plus/__init__.py
[1.092s] -- Installing: /home/farao/ros2_ws/install/turtlesim_plus/local/lib/python3.10/dist-packages/turtlesim_plus/ros2_plugins.py
[1.092s] -- Installing: /home/farao/ros2_ws/install/turtlesim_plus/local/lib/python3.10/dist-packages/turtlesim_plus/entity.py
[1.118s] Listing '/home/farao/ros2_ws/install/turtlesim_plus/local/lib/python3.10/dist-packages/turtlesim_plus'...
[1.118s] Compiling '/home/farao/ros2_ws/install/turtlesim_plus/local/lib/python3.10/dist-packages/turtlesim_plus/__init__.py'...
[1.118s] Compiling '/home/farao/ros2_ws/install/turtlesim_plus/local/lib/python3.10/dist-packages/turtlesim_plus/entity.py'...
[1.118s] Listing '/home/farao/ros2_ws/install/turtlesim_plus/local/lib/python3.10/dist-packages/turtlesim_plus/image'...
[1.119s] Listing '/home/farao/ros2_ws/install/turtlesim_plus/local/lib/python3.10/dist-packages/turtlesim_plus/image/map'...
[1.119s] Listing '/home/farao/ros2_ws/install/turtlesim_plus/local/lib/python3.10/dist-packages/turtlesim_plus/image/object'...
[1.119s] Listing '/home/farao/ros2_ws/install/turtlesim_plus/local/lib/python3.10/dist-packages/turtlesim_plus/image/turtle'...
[1.119s] Compiling '/home/farao/ros2_ws/install/turtlesim_plus/local/lib/python3.10/dist-packages/turtlesim_plus/ros2_plugins.py'...
[1.122s] -- Installing: /home/farao/ros2_ws/install/turtlesim_plus/lib/turtlesim_plus/turtlesim_plus_node.py
[1.122s] -- Installing: /home/farao/ros2_ws/install/turtlesim_plus/lib/turtlesim_plus/pizza_on_click.py
[1.123s] -- Up-to-date: /home/farao/ros2_ws/install/turtlesim_plus/share/turtlesim_plus
[1.123s] -- Installing: /home/farao/ros2_ws/install/turtlesim_plus/share/ament_index/resource_index/package_run_dependencies/turtlesim_plus
[1.123s] -- Installing: /home/farao/ros2_ws/install/turtlesim_plus/share/ament_index/resource_index/parent_prefix_path/turtlesim_plus
[1.123s] -- Installing: /home/farao/ros2_ws/install/turtlesim_plus/share/turtlesim_plus/environment/ament_prefix_path.sh
[1.123s] -- Installing: /home/farao/ros2_ws/install/turtlesim_plus/share/turtlesim_plus/environment/ament_prefix_path.dsv
[1.123s] -- Installing: /home/farao/ros2_ws/install/turtlesim_plus/share/turtlesim_plus/environment/path.sh
[1.123s] -- Installing: /home/farao/ros2_ws/install/turtlesim_plus/share/turtlesim_plus/environment/path.dsv
[1.123s] -- Installing: /home/farao/ros2_ws/install/turtlesim_plus/share/turtlesim_plus/local_setup.bash
[1.123s] -- Installing: /home/farao/ros2_ws/install/turtlesim_plus/share/turtlesim_plus/local_setup.sh
[1.123s] -- Installing: /home/farao/ros2_ws/install/turtlesim_plus/share/turtlesim_plus/local_setup.zsh
[1.123s] -- Installing: /home/farao/ros2_ws/install/turtlesim_plus/share/turtlesim_plus/local_setup.dsv
[1.124s] -- Installing: /home/farao/ros2_ws/install/turtlesim_plus/share/turtlesim_plus/package.dsv
[1.124s] -- Installing: /home/farao/ros2_ws/install/turtlesim_plus/share/ament_index/resource_index/packages/turtlesim_plus
[1.124s] -- Installing: /home/farao/ros2_ws/install/turtlesim_plus/share/turtlesim_plus/cmake/turtlesim_plusConfig.cmake
[1.124s] -- Installing: /home/farao/ros2_ws/install/turtlesim_plus/share/turtlesim_plus/cmake/turtlesim_plusConfig-version.cmake
[1.124s] -- Installing: /home/farao/ros2_ws/install/turtlesim_plus/share/turtlesim_plus/package.xml
[1.124s] Invoked command in '/home/farao/ros2_ws/build/turtlesim_plus' returned '0': CMAKE_PREFIX_PATH=${CMAKE_PREFIX_PATH}:/home/farao/ros2_ws/install/launch_testing_examples:/home/farao/ros2_ws/install/examples_rclpy_pointcloud_publisher:/home/farao/ros2_ws/install/examples_rclpy_minimal_subscriber:/home/farao/ros2_ws/install/examples_rclpy_minimal_service:/home/farao/ros2_ws/install/examples_rclpy_minimal_publisher:/home/farao/ros2_ws/install/examples_rclpy_minimal_client:/home/farao/ros2_ws/install/examples_rclpy_minimal_action_server:/home/farao/ros2_ws/install/examples_rclpy_minimal_action_client:/home/farao/ros2_ws/install/examples_rclpy_guard_conditions:/home/farao/ros2_ws/install/examples_rclpy_executors:/opt/ros/humble /usr/bin/cmake --install /home/farao/ros2_ws/build/turtlesim_plus
