-- Found ament_cmake: 1.3.10 (/opt/ros/humble/share/ament_cmake/cmake)
-- Found rclcpp: 16.0.10 (/opt/ros/humble/share/rclcpp/cmake)
-- Found rosidl_generator_c: 3.1.5 (/opt/ros/humble/share/rosidl_generator_c/cmake)
-- Found rosidl_adapter: 3.1.5 (/opt/ros/humble/share/rosidl_adapter/cmake)
-- Found rosidl_generator_cpp: 3.1.5 (/opt/ros/humble/share/rosidl_generator_cpp/cmake)
-- Using all available rosidl_typesupport_c: rosidl_typesupport_fastrtps_c;rosidl_typesupport_introspection_c
-- Using all available rosidl_typesupport_cpp: rosidl_typesupport_fastrtps_cpp;rosidl_typesupport_introspection_cpp
-- Found rmw_implementation_cmake: 6.1.2 (/opt/ros/humble/share/rmw_implementation_cmake/cmake)
-- Found rmw_fastrtps_cpp: 6.2.7 (/opt/ros/humble/share/rmw_fastrtps_cpp/cmake)
-- Using RMW implementation 'rmw_fastrtps_cpp' as default
-- Found rclpy: 3.3.14 (/opt/ros/humble/share/rclpy/cmake)
-- Configuring done
-- Generating done
-- Build files have been written to: /home/farao/ros2_ws/build/lecture2
[35m[1mConsolidate compiler generated dependencies of target cpp_node_test[0m
[100%] Built target cpp_node_test
[100%] Built target ament_cmake_python_copy_lecture2
running egg_info
writing lecture2.egg-info/PKG-INFO
writing dependency_links to lecture2.egg-info/dependency_links.txt
writing top-level names to lecture2.egg-info/top_level.txt
reading manifest file 'lecture2.egg-info/SOURCES.txt'
writing manifest file 'lecture2.egg-info/SOURCES.txt'
[100%] Built target ament_cmake_python_build_lecture2_egg
-- Install configuration: ""
-- Up-to-date: /home/farao/ros2_ws/install/lecture2/share/lecture2/environment/pythonpath.sh
-- Installing: /home/farao/ros2_ws/install/lecture2/share/lecture2/environment/pythonpath.dsv
-- Up-to-date: /home/farao/ros2_ws/install/lecture2/local/lib/python3.10/dist-packages/lecture2-0.0.0-py3.10.egg-info
-- Installing: /home/farao/ros2_ws/install/lecture2/local/lib/python3.10/dist-packages/lecture2-0.0.0-py3.10.egg-info/dependency_links.txt
-- Installing: /home/farao/ros2_ws/install/lecture2/local/lib/python3.10/dist-packages/lecture2-0.0.0-py3.10.egg-info/PKG-INFO
-- Installing: /home/farao/ros2_ws/install/lecture2/local/lib/python3.10/dist-packages/lecture2-0.0.0-py3.10.egg-info/top_level.txt
-- Installing: /home/farao/ros2_ws/install/lecture2/local/lib/python3.10/dist-packages/lecture2-0.0.0-py3.10.egg-info/SOURCES.txt
-- Up-to-date: /home/farao/ros2_ws/install/lecture2/local/lib/python3.10/dist-packages/lecture2
-- Up-to-date: /home/farao/ros2_ws/install/lecture2/local/lib/python3.10/dist-packages/lecture2/__init__.py
-- Up-to-date: /home/farao/ros2_ws/install/lecture2/local/lib/python3.10/dist-packages/lecture2/dummy_module.py
Listing '/home/farao/ros2_ws/install/lecture2/local/lib/python3.10/dist-packages/lecture2'...
-- Up-to-date: /home/farao/ros2_ws/install/lecture2/lib/lecture2/dummy_script.py
-- Up-to-date: /home/farao/ros2_ws/install/lecture2/lib/lecture2/cpp_node_test
-- Up-to-date: /home/farao/ros2_ws/install/lecture2/share/lecture2
-- Up-to-date: /home/farao/ros2_ws/install/lecture2/share/ament_index/resource_index/package_run_dependencies/lecture2
-- Installing: /home/farao/ros2_ws/install/lecture2/share/ament_index/resource_index/parent_prefix_path/lecture2
-- Installing: /home/farao/ros2_ws/install/lecture2/share/lecture2/environment/ament_prefix_path.sh
-- Installing: /home/farao/ros2_ws/install/lecture2/share/lecture2/environment/ament_prefix_path.dsv
-- Installing: /home/farao/ros2_ws/install/lecture2/share/lecture2/environment/path.sh
-- Installing: /home/farao/ros2_ws/install/lecture2/share/lecture2/environment/path.dsv
-- Up-to-date: /home/farao/ros2_ws/install/lecture2/share/lecture2/local_setup.bash
-- Up-to-date: /home/farao/ros2_ws/install/lecture2/share/lecture2/local_setup.sh
-- Up-to-date: /home/farao/ros2_ws/install/lecture2/share/lecture2/local_setup.zsh
-- Installing: /home/farao/ros2_ws/install/lecture2/share/lecture2/local_setup.dsv
-- Installing: /home/farao/ros2_ws/install/lecture2/share/lecture2/package.dsv
-- Up-to-date: /home/farao/ros2_ws/install/lecture2/share/ament_index/resource_index/packages/lecture2
-- Up-to-date: /home/farao/ros2_ws/install/lecture2/share/lecture2/cmake/lecture2Config.cmake
-- Up-to-date: /home/farao/ros2_ws/install/lecture2/share/lecture2/cmake/lecture2Config-version.cmake
-- Up-to-date: /home/farao/ros2_ws/install/lecture2/share/lecture2/package.xml
