[0.016s] Invoking command in '/home/farao/ros2_ws/src/build/lecture2': CMAKE_PREFIX_PATH=${CMAKE_PREFIX_PATH}:/opt/ros/humble /usr/bin/cmake --build /home/farao/ros2_ws/src/build/lecture2 -- -j20 -l20
[0.040s] -- Found ament_cmake: 1.3.9 (/opt/ros/humble/share/ament_cmake/cmake)
[0.145s] -- Found rclcpp: 16.0.9 (/opt/ros/humble/share/rclcpp/cmake)
[0.172s] -- Found rosidl_generator_c: 3.1.5 (/opt/ros/humble/share/rosidl_generator_c/cmake)
[0.173s] -- Found rosidl_adapter: 3.1.5 (/opt/ros/humble/share/rosidl_adapter/cmake)
[0.177s] -- Found rosidl_generator_cpp: 3.1.5 (/opt/ros/humble/share/rosidl_generator_cpp/cmake)
[0.183s] -- Using all available rosidl_typesupport_c: rosidl_typesupport_fastrtps_c;rosidl_typesupport_introspection_c
[0.193s] -- Using all available rosidl_typesupport_cpp: rosidl_typesupport_fastrtps_cpp;rosidl_typesupport_introspection_cpp
[0.229s] -- Found rmw_implementation_cmake: 6.1.2 (/opt/ros/humble/share/rmw_implementation_cmake/cmake)
[0.229s] -- Found rmw_fastrtps_cpp: 6.2.6 (/opt/ros/humble/share/rmw_fastrtps_cpp/cmake)
[0.300s] -- Using RMW implementation 'rmw_fastrtps_cpp' as default
[0.400s] -- Found rclpy: 3.3.13 (/opt/ros/humble/share/rclpy/cmake)
[0.511s] -- Configuring done
[0.518s] -- Generating done
[0.519s] -- Build files have been written to: /home/farao/ros2_ws/src/build/lecture2
[0.542s] [35m[1mConsolidate compiler generated dependencies of target cpp_node_test[0m
[0.553s] [100%] Built target cpp_node_test
[0.554s] [100%] Built target ament_cmake_python_copy_lecture2
[0.689s] running egg_info
[0.689s] writing lecture2.egg-info/PKG-INFO
[0.689s] writing dependency_links to lecture2.egg-info/dependency_links.txt
[0.690s] writing top-level names to lecture2.egg-info/top_level.txt
[0.691s] reading manifest file 'lecture2.egg-info/SOURCES.txt'
[0.691s] writing manifest file 'lecture2.egg-info/SOURCES.txt'
[0.709s] [100%] Built target ament_cmake_python_build_lecture2_egg
[0.718s] Invoked command in '/home/farao/ros2_ws/src/build/lecture2' returned '0': CMAKE_PREFIX_PATH=${CMAKE_PREFIX_PATH}:/opt/ros/humble /usr/bin/cmake --build /home/farao/ros2_ws/src/build/lecture2 -- -j20 -l20
[0.741s] Invoking command in '/home/farao/ros2_ws/src/build/lecture2': CMAKE_PREFIX_PATH=${CMAKE_PREFIX_PATH}:/opt/ros/humble /usr/bin/cmake --install /home/farao/ros2_ws/src/build/lecture2
[0.747s] -- Install configuration: ""
[0.747s] -- Up-to-date: /home/farao/ros2_ws/src/install/lecture2/share/lecture2/environment/pythonpath.sh
[0.747s] -- Installing: /home/farao/ros2_ws/src/install/lecture2/share/lecture2/environment/pythonpath.dsv
[0.747s] -- Up-to-date: /home/farao/ros2_ws/src/install/lecture2/local/lib/python3.10/dist-packages/lecture2-0.0.0-py3.10.egg-info
[0.747s] -- Installing: /home/farao/ros2_ws/src/install/lecture2/local/lib/python3.10/dist-packages/lecture2-0.0.0-py3.10.egg-info/dependency_links.txt
[0.748s] -- Installing: /home/farao/ros2_ws/src/install/lecture2/local/lib/python3.10/dist-packages/lecture2-0.0.0-py3.10.egg-info/PKG-INFO
[0.748s] -- Installing: /home/farao/ros2_ws/src/install/lecture2/local/lib/python3.10/dist-packages/lecture2-0.0.0-py3.10.egg-info/top_level.txt
[0.748s] -- Installing: /home/farao/ros2_ws/src/install/lecture2/local/lib/python3.10/dist-packages/lecture2-0.0.0-py3.10.egg-info/SOURCES.txt
[0.748s] -- Up-to-date: /home/farao/ros2_ws/src/install/lecture2/local/lib/python3.10/dist-packages/lecture2
[0.748s] -- Up-to-date: /home/farao/ros2_ws/src/install/lecture2/local/lib/python3.10/dist-packages/lecture2/__init__.py
[0.748s] -- Installing: /home/farao/ros2_ws/src/install/lecture2/local/lib/python3.10/dist-packages/lecture2/dummy_module.py
[0.775s] Listing '/home/farao/ros2_ws/src/install/lecture2/local/lib/python3.10/dist-packages/lecture2'...
[0.775s] Compiling '/home/farao/ros2_ws/src/install/lecture2/local/lib/python3.10/dist-packages/lecture2/dummy_module.py'...
[0.778s] -- Installing: /home/farao/ros2_ws/src/install/lecture2/lib/lecture2/dummy_script.py
[0.779s] -- Up-to-date: /home/farao/ros2_ws/src/install/lecture2/lib/lecture2/cpp_node_test
[0.779s] -- Up-to-date: /home/farao/ros2_ws/src/install/lecture2/share/lecture2
[0.779s] -- Up-to-date: /home/farao/ros2_ws/src/install/lecture2/share/ament_index/resource_index/package_run_dependencies/lecture2
[0.779s] -- Installing: /home/farao/ros2_ws/src/install/lecture2/share/ament_index/resource_index/parent_prefix_path/lecture2
[0.779s] -- Up-to-date: /home/farao/ros2_ws/src/install/lecture2/share/lecture2/environment/ament_prefix_path.sh
[0.779s] -- Installing: /home/farao/ros2_ws/src/install/lecture2/share/lecture2/environment/ament_prefix_path.dsv
[0.780s] -- Up-to-date: /home/farao/ros2_ws/src/install/lecture2/share/lecture2/environment/path.sh
[0.780s] -- Installing: /home/farao/ros2_ws/src/install/lecture2/share/lecture2/environment/path.dsv
[0.780s] -- Up-to-date: /home/farao/ros2_ws/src/install/lecture2/share/lecture2/local_setup.bash
[0.780s] -- Up-to-date: /home/farao/ros2_ws/src/install/lecture2/share/lecture2/local_setup.sh
[0.780s] -- Up-to-date: /home/farao/ros2_ws/src/install/lecture2/share/lecture2/local_setup.zsh
[0.780s] -- Installing: /home/farao/ros2_ws/src/install/lecture2/share/lecture2/local_setup.dsv
[0.780s] -- Installing: /home/farao/ros2_ws/src/install/lecture2/share/lecture2/package.dsv
[0.780s] -- Up-to-date: /home/farao/ros2_ws/src/install/lecture2/share/ament_index/resource_index/packages/lecture2
[0.780s] -- Up-to-date: /home/farao/ros2_ws/src/install/lecture2/share/lecture2/cmake/lecture2Config.cmake
[0.780s] -- Up-to-date: /home/farao/ros2_ws/src/install/lecture2/share/lecture2/cmake/lecture2Config-version.cmake
[0.781s] -- Up-to-date: /home/farao/ros2_ws/src/install/lecture2/share/lecture2/package.xml
[0.782s] Invoked command in '/home/farao/ros2_ws/src/build/lecture2' returned '0': CMAKE_PREFIX_PATH=${CMAKE_PREFIX_PATH}:/opt/ros/humble /usr/bin/cmake --install /home/farao/ros2_ws/src/build/lecture2
